{"/Users/stephenboyett/Desktop/Github/cannasol-technologies/steves-mom/frontend/src/App.tsx": {"path":"/Users/stephenboyett/Desktop/Github/cannasol-technologies/steves-mom/frontend/src/App.tsx","statementMap":{"0":{"start":{"line":11,"column":2},"end":{"line":25,"column":4}}},"fnMap":{"0":{"name":"App","decl":{"start":{"line":10,"column":9},"end":{"line":10,"column":12}},"loc":{"start":{"line":10,"column":15},"end":{"line":26,"column":1}},"line":10}},"branchMap":{},"s":{"0":5},"f":{"0":5},"b":{},"_coverageSchema":"1a1c01bbd47fc00a2c39e90264f33305004495a9","hash":"53b70632fbadda89305c148dd7527e4607685df8"}
,"/Users/stephenboyett/Desktop/Github/cannasol-technologies/steves-mom/frontend/src/index.tsx": {"path":"/Users/stephenboyett/Desktop/Github/cannasol-technologies/steves-mom/frontend/src/index.tsx","statementMap":{"0":{"start":{"line":6,"column":13},"end":{"line":8,"column":1}},"1":{"start":{"line":10,"column":0},"end":{"line":14,"column":2}}},"fnMap":{},"branchMap":{},"s":{"0":0,"1":0},"f":{},"b":{}}
,"/Users/stephenboyett/Desktop/Github/cannasol-technologies/steves-mom/frontend/src/test-utils.tsx": {"path":"/Users/stephenboyett/Desktop/Github/cannasol-technologies/steves-mom/frontend/src/test-utils.tsx","statementMap":{"0":{"start":{"line":4,"column":25},"end":{"line":6,"column":1}},"1":{"start":{"line":5,"column":2},"end":{"line":5,"column":37}}},"fnMap":{"0":{"name":"(anonymous_0)","decl":{"start":{"line":4,"column":25},"end":{"line":4,"column":26}},"loc":{"start":{"line":5,"column":2},"end":{"line":5,"column":37}},"line":5}},"branchMap":{},"s":{"0":1,"1":5},"f":{"0":5},"b":{},"_coverageSchema":"1a1c01bbd47fc00a2c39e90264f33305004495a9","hash":"68151ca8187d4ef7f1eea787f92c66862a8ca4ae"}
,"/Users/stephenboyett/Desktop/Github/cannasol-technologies/steves-mom/frontend/src/components/AgentTasksPanel.tsx": {"path":"/Users/stephenboyett/Desktop/Github/cannasol-technologies/steves-mom/frontend/src/components/AgentTasksPanel.tsx","statementMap":{"0":{"start":{"line":14,"column":56},"end":{"line":55,"column":1}},"1":{"start":{"line":15,"column":2},"end":{"line":17,"column":3}},"2":{"start":{"line":16,"column":4},"end":{"line":16,"column":16}},"3":{"start":{"line":19,"column":2},"end":{"line":54,"column":4}},"4":{"start":{"line":29,"column":14},"end":{"line":46,"column":19}},"5":{"start":{"line":41,"column":45},"end":{"line":41,"column":67}},"6":{"start":{"line":42,"column":45},"end":{"line":42,"column":66}}},"fnMap":{"0":{"name":"(anonymous_0)","decl":{"start":{"line":14,"column":56},"end":{"line":14,"column":57}},"loc":{"start":{"line":14,"column":109},"end":{"line":55,"column":1}},"line":14},"1":{"name":"(anonymous_1)","decl":{"start":{"line":28,"column":22},"end":{"line":28,"column":23}},"loc":{"start":{"line":29,"column":14},"end":{"line":46,"column":19}},"line":29},"2":{"name":"(anonymous_2)","decl":{"start":{"line":41,"column":39},"end":{"line":41,"column":40}},"loc":{"start":{"line":41,"column":45},"end":{"line":41,"column":67}},"line":41},"3":{"name":"(anonymous_3)","decl":{"start":{"line":42,"column":39},"end":{"line":42,"column":40}},"loc":{"start":{"line":42,"column":45},"end":{"line":42,"column":66}},"line":42}},"branchMap":{"0":{"loc":{"start":{"line":15,"column":2},"end":{"line":17,"column":3}},"type":"if","locations":[{"start":{"line":15,"column":2},"end":{"line":17,"column":3}},{"start":{},"end":{}}],"line":15},"1":{"loc":{"start":{"line":27,"column":11},"end":{"line":50,"column":11}},"type":"cond-expr","locations":[{"start":{"line":28,"column":12},"end":{"line":47,"column":14}},{"start":{"line":49,"column":12},"end":{"line":49,"column":102}}],"line":27},"2":{"loc":{"start":{"line":39,"column":19},"end":{"line":44,"column":19}},"type":"binary-expr","locations":[{"start":{"line":39,"column":19},"end":{"line":39,"column":66}},{"start":{"line":40,"column":20},"end":{"line":43,"column":26}}],"line":39}},"s":{"0":6,"1":37,"2":35,"3":2,"4":1,"5":0,"6":0},"f":{"0":37,"1":1,"2":0,"3":0},"b":{"0":[35,2],"1":[1,1],"2":[1,1]},"_coverageSchema":"1a1c01bbd47fc00a2c39e90264f33305004495a9","hash":"8e4bf00fec9688128dd68f5911fbf42341e4b866"}
,"/Users/stephenboyett/Desktop/Github/cannasol-technologies/steves-mom/frontend/src/components/Layout.tsx": {"path":"/Users/stephenboyett/Desktop/Github/cannasol-technologies/steves-mom/frontend/src/components/Layout.tsx","statementMap":{"0":{"start":{"line":9,"column":38},"end":{"line":149,"column":1}},"1":{"start":{"line":10,"column":19},"end":{"line":10,"column":32}},"2":{"start":{"line":11,"column":30},"end":{"line":11,"column":45}},"3":{"start":{"line":13,"column":19},"end":{"line":15,"column":3}},"4":{"start":{"line":14,"column":4},"end":{"line":14,"column":89}},"5":{"start":{"line":17,"column":2},"end":{"line":148,"column":4}},"6":{"start":{"line":27,"column":32},"end":{"line":27,"column":93}},"7":{"start":{"line":43,"column":29},"end":{"line":43,"column":47}},"8":{"start":{"line":98,"column":31},"end":{"line":98,"column":47}},"9":{"start":{"line":109,"column":31},"end":{"line":109,"column":47}},"10":{"start":{"line":120,"column":31},"end":{"line":120,"column":47}}},"fnMap":{"0":{"name":"(anonymous_0)","decl":{"start":{"line":9,"column":38},"end":{"line":9,"column":39}},"loc":{"start":{"line":9,"column":56},"end":{"line":149,"column":1}},"line":9},"1":{"name":"(anonymous_1)","decl":{"start":{"line":13,"column":19},"end":{"line":13,"column":20}},"loc":{"start":{"line":13,"column":37},"end":{"line":15,"column":3}},"line":13},"2":{"name":"(anonymous_2)","decl":{"start":{"line":27,"column":23},"end":{"line":27,"column":24}},"loc":{"start":{"line":27,"column":30},"end":{"line":27,"column":95}},"line":27},"3":{"name":"(anonymous_3)","decl":{"start":{"line":43,"column":23},"end":{"line":43,"column":24}},"loc":{"start":{"line":43,"column":29},"end":{"line":43,"column":47}},"line":43},"4":{"name":"(anonymous_4)","decl":{"start":{"line":98,"column":25},"end":{"line":98,"column":26}},"loc":{"start":{"line":98,"column":31},"end":{"line":98,"column":47}},"line":98},"5":{"name":"(anonymous_5)","decl":{"start":{"line":109,"column":25},"end":{"line":109,"column":26}},"loc":{"start":{"line":109,"column":31},"end":{"line":109,"column":47}},"line":109},"6":{"name":"(anonymous_6)","decl":{"start":{"line":120,"column":25},"end":{"line":120,"column":26}},"loc":{"start":{"line":120,"column":31},"end":{"line":120,"column":47}},"line":120}},"branchMap":{"0":{"loc":{"start":{"line":14,"column":11},"end":{"line":14,"column":88}},"type":"binary-expr","locations":[{"start":{"line":14,"column":11},"end":{"line":14,"column":37}},{"start":{"line":14,"column":42},"end":{"line":14,"column":58}},{"start":{"line":14,"column":62},"end":{"line":14,"column":87}}],"line":14},"1":{"loc":{"start":{"line":62,"column":16},"end":{"line":64,"column":142}},"type":"cond-expr","locations":[{"start":{"line":63,"column":20},"end":{"line":63,"column":98}},{"start":{"line":64,"column":20},"end":{"line":64,"column":142}}],"line":62},"2":{"loc":{"start":{"line":62,"column":16},"end":{"line":62,"column":50}},"type":"binary-expr","locations":[{"start":{"line":62,"column":16},"end":{"line":62,"column":29}},{"start":{"line":62,"column":33},"end":{"line":62,"column":50}}],"line":62},"3":{"loc":{"start":{"line":72,"column":16},"end":{"line":74,"column":142}},"type":"cond-expr","locations":[{"start":{"line":73,"column":20},"end":{"line":73,"column":98}},{"start":{"line":74,"column":20},"end":{"line":74,"column":142}}],"line":72},"4":{"loc":{"start":{"line":82,"column":16},"end":{"line":84,"column":142}},"type":"cond-expr","locations":[{"start":{"line":83,"column":20},"end":{"line":83,"column":98}},{"start":{"line":84,"column":20},"end":{"line":84,"column":142}}],"line":82},"5":{"loc":{"start":{"line":93,"column":9},"end":{"line":131,"column":9}},"type":"binary-expr","locations":[{"start":{"line":93,"column":9},"end":{"line":93,"column":15}},{"start":{"line":94,"column":10},"end":{"line":130,"column":18}}],"line":93},"6":{"loc":{"start":{"line":100,"column":18},"end":{"line":102,"column":144}},"type":"cond-expr","locations":[{"start":{"line":101,"column":22},"end":{"line":101,"column":100}},{"start":{"line":102,"column":22},"end":{"line":102,"column":144}}],"line":100},"7":{"loc":{"start":{"line":100,"column":18},"end":{"line":100,"column":52}},"type":"binary-expr","locations":[{"start":{"line":100,"column":18},"end":{"line":100,"column":31}},{"start":{"line":100,"column":35},"end":{"line":100,"column":52}}],"line":100},"8":{"loc":{"start":{"line":111,"column":18},"end":{"line":113,"column":144}},"type":"cond-expr","locations":[{"start":{"line":112,"column":22},"end":{"line":112,"column":100}},{"start":{"line":113,"column":22},"end":{"line":113,"column":144}}],"line":111},"9":{"loc":{"start":{"line":122,"column":18},"end":{"line":124,"column":144}},"type":"cond-expr","locations":[{"start":{"line":123,"column":22},"end":{"line":123,"column":100}},{"start":{"line":124,"column":22},"end":{"line":124,"column":144}}],"line":122}},"s":{"0":3,"1":16,"2":16,"3":16,"4":52,"5":16,"6":0,"7":2,"8":0,"9":0,"10":0},"f":{"0":16,"1":52,"2":0,"3":2,"4":0,"5":0,"6":0},"b":{"0":[52,35,1],"1":[15,1],"2":[16,1],"3":[1,15],"4":[0,16],"5":[16,1],"6":[1,0],"7":[1,0],"8":[0,1],"9":[0,1]},"_coverageSchema":"1a1c01bbd47fc00a2c39e90264f33305004495a9","hash":"ba978cf0cfd77c111296d270f8bfbb5181b8bdd4"}
,"/Users/stephenboyett/Desktop/Github/cannasol-technologies/steves-mom/frontend/src/components/ThemeToggle.tsx": {"path":"/Users/stephenboyett/Desktop/Github/cannasol-technologies/steves-mom/frontend/src/components/ThemeToggle.tsx","statementMap":{"0":{"start":{"line":4,"column":30},"end":{"line":24,"column":1}},"1":{"start":{"line":5,"column":33},"end":{"line":5,"column":43}},"2":{"start":{"line":7,"column":2},"end":{"line":23,"column":4}}},"fnMap":{"0":{"name":"(anonymous_0)","decl":{"start":{"line":4,"column":30},"end":{"line":4,"column":31}},"loc":{"start":{"line":4,"column":36},"end":{"line":24,"column":1}},"line":4}},"branchMap":{"0":{"loc":{"start":{"line":13,"column":7},"end":{"line":21,"column":7}},"type":"cond-expr","locations":[{"start":{"line":14,"column":8},"end":{"line":16,"column":14}},{"start":{"line":18,"column":8},"end":{"line":20,"column":14}}],"line":13}},"s":{"0":4,"1":37,"2":37},"f":{"0":37},"b":{"0":[2,35]},"_coverageSchema":"1a1c01bbd47fc00a2c39e90264f33305004495a9","hash":"25f27539605317dc6e9a3872914fa99322c32243"}
,"/Users/stephenboyett/Desktop/Github/cannasol-technologies/steves-mom/frontend/src/components/Character/StevesMomCharacter.tsx": {"path":"/Users/stephenboyett/Desktop/Github/cannasol-technologies/steves-mom/frontend/src/components/Character/StevesMomCharacter.tsx","statementMap":{"0":{"start":{"line":29,"column":37},"end":{"line":29,"column":90}},"1":{"start":{"line":30,"column":35},"end":{"line":30,"column":54}},"2":{"start":{"line":31,"column":13},"end":{"line":31,"column":51}},"3":{"start":{"line":33,"column":56},"end":{"line":45,"column":1}},"4":{"start":{"line":35,"column":4},"end":{"line":35,"column":17}},"5":{"start":{"line":37,"column":4},"end":{"line":37,"column":21}},"6":{"start":{"line":38,"column":4},"end":{"line":38,"column":33}},"7":{"start":{"line":38,"column":17},"end":{"line":38,"column":32}},"8":{"start":{"line":41,"column":4},"end":{"line":41,"column":69}},"9":{"start":{"line":42,"column":4},"end":{"line":42,"column":43}},"10":{"start":{"line":42,"column":25},"end":{"line":42,"column":41}},"11":{"start":{"line":44,"column":13},"end":{"line":44,"column":25}},"12":{"start":{"line":51,"column":44},"end":{"line":146,"column":1}},"13":{"start":{"line":52,"column":28},"end":{"line":52,"column":79}},"14":{"start":{"line":53,"column":38},"end":{"line":53,"column":53}},"15":{"start":{"line":54,"column":20},"end":{"line":54,"column":40}},"16":{"start":{"line":55,"column":25},"end":{"line":55,"column":34}},"17":{"start":{"line":57,"column":2},"end":{"line":57,"column":63}},"18":{"start":{"line":57,"column":18},"end":{"line":57,"column":57}},"19":{"start":{"line":59,"column":2},"end":{"line":62,"column":19}},"20":{"start":{"line":61,"column":4},"end":{"line":61,"column":42}},"21":{"start":{"line":64,"column":2},"end":{"line":78,"column":21}},"22":{"start":{"line":65,"column":4},"end":{"line":65,"column":37}},"23":{"start":{"line":67,"column":4},"end":{"line":67,"column":32}},"24":{"start":{"line":68,"column":22},"end":{"line":68,"column":44}},"25":{"start":{"line":69,"column":4},"end":{"line":77,"column":5}},"26":{"start":{"line":71,"column":16},"end":{"line":75,"column":14}},"27":{"start":{"line":72,"column":8},"end":{"line":74,"column":9}},"28":{"start":{"line":73,"column":10},"end":{"line":73,"column":54}},"29":{"start":{"line":76,"column":6},"end":{"line":76,"column":35}},"30":{"start":{"line":76,"column":19},"end":{"line":76,"column":34}},"31":{"start":{"line":80,"column":27},"end":{"line":83,"column":18}},"32":{"start":{"line":81,"column":24},"end":{"line":81,"column":97}},"33":{"start":{"line":82,"column":4},"end":{"line":82,"column":83}},"34":{"start":{"line":85,"column":25},"end":{"line":85,"column":95}},"35":{"start":{"line":87,"column":22},"end":{"line":109,"column":6}},"36":{"start":{"line":88,"column":4},"end":{"line":108,"column":5}},"37":{"start":{"line":90,"column":8},"end":{"line":90,"column":28}},"38":{"start":{"line":92,"column":8},"end":{"line":92,"column":27}},"39":{"start":{"line":94,"column":8},"end":{"line":94,"column":27}},"40":{"start":{"line":96,"column":8},"end":{"line":96,"column":29}},"41":{"start":{"line":98,"column":8},"end":{"line":98,"column":28}},"42":{"start":{"line":100,"column":8},"end":{"line":100,"column":29}},"43":{"start":{"line":102,"column":8},"end":{"line":102,"column":33}},"44":{"start":{"line":104,"column":8},"end":{"line":104,"column":34}},"45":{"start":{"line":107,"column":8},"end":{"line":107,"column":27}},"46":{"start":{"line":111,"column":2},"end":{"line":145,"column":4}}},"fnMap":{"0":{"name":"(anonymous_0)","decl":{"start":{"line":34,"column":13},"end":{"line":34,"column":14}},"loc":{"start":{"line":34,"column":21},"end":{"line":39,"column":3}},"line":34},"1":{"name":"(anonymous_1)","decl":{"start":{"line":38,"column":11},"end":{"line":38,"column":12}},"loc":{"start":{"line":38,"column":17},"end":{"line":38,"column":32}},"line":38},"2":{"name":"(anonymous_2)","decl":{"start":{"line":40,"column":7},"end":{"line":40,"column":8}},"loc":{"start":{"line":40,"column":20},"end":{"line":43,"column":3}},"line":40},"3":{"name":"(anonymous_3)","decl":{"start":{"line":42,"column":17},"end":{"line":42,"column":18}},"loc":{"start":{"line":42,"column":25},"end":{"line":42,"column":41}},"line":42},"4":{"name":"(anonymous_4)","decl":{"start":{"line":44,"column":7},"end":{"line":44,"column":8}},"loc":{"start":{"line":44,"column":13},"end":{"line":44,"column":25}},"line":44},"5":{"name":"(anonymous_5)","decl":{"start":{"line":51,"column":44},"end":{"line":51,"column":45}},"loc":{"start":{"line":51,"column":64},"end":{"line":146,"column":1}},"line":51},"6":{"name":"(anonymous_6)","decl":{"start":{"line":57,"column":12},"end":{"line":57,"column":13}},"loc":{"start":{"line":57,"column":18},"end":{"line":57,"column":57}},"line":57},"7":{"name":"(anonymous_7)","decl":{"start":{"line":59,"column":12},"end":{"line":59,"column":13}},"loc":{"start":{"line":59,"column":18},"end":{"line":62,"column":3}},"line":59},"8":{"name":"(anonymous_8)","decl":{"start":{"line":64,"column":12},"end":{"line":64,"column":13}},"loc":{"start":{"line":64,"column":18},"end":{"line":78,"column":3}},"line":64},"9":{"name":"(anonymous_9)","decl":{"start":{"line":71,"column":27},"end":{"line":71,"column":28}},"loc":{"start":{"line":71,"column":33},"end":{"line":75,"column":7}},"line":71},"10":{"name":"(anonymous_10)","decl":{"start":{"line":76,"column":13},"end":{"line":76,"column":14}},"loc":{"start":{"line":76,"column":19},"end":{"line":76,"column":34}},"line":76},"11":{"name":"(anonymous_11)","decl":{"start":{"line":80,"column":35},"end":{"line":80,"column":36}},"loc":{"start":{"line":80,"column":41},"end":{"line":83,"column":3}},"line":80},"12":{"name":"(anonymous_12)","decl":{"start":{"line":87,"column":23},"end":{"line":87,"column":24}},"loc":{"start":{"line":87,"column":29},"end":{"line":109,"column":3}},"line":87}},"branchMap":{"0":{"loc":{"start":{"line":51,"column":47},"end":{"line":51,"column":57}},"type":"default-arg","locations":[{"start":{"line":51,"column":54},"end":{"line":51,"column":57}}],"line":51},"1":{"loc":{"start":{"line":69,"column":4},"end":{"line":77,"column":5}},"type":"if","locations":[{"start":{"line":69,"column":4},"end":{"line":77,"column":5}},{"start":{},"end":{}}],"line":69},"2":{"loc":{"start":{"line":72,"column":8},"end":{"line":74,"column":9}},"type":"if","locations":[{"start":{"line":72,"column":8},"end":{"line":74,"column":9}},{"start":{},"end":{}}],"line":72},"3":{"loc":{"start":{"line":81,"column":24},"end":{"line":81,"column":97}},"type":"cond-expr","locations":[{"start":{"line":81,"column":48},"end":{"line":81,"column":71}},{"start":{"line":81,"column":74},"end":{"line":81,"column":97}}],"line":81},"4":{"loc":{"start":{"line":85,"column":25},"end":{"line":85,"column":95}},"type":"cond-expr","locations":[{"start":{"line":85,"column":54},"end":{"line":85,"column":57}},{"start":{"line":85,"column":60},"end":{"line":85,"column":95}}],"line":85},"5":{"loc":{"start":{"line":85,"column":60},"end":{"line":85,"column":95}},"type":"cond-expr","locations":[{"start":{"line":85,"column":88},"end":{"line":85,"column":91}},{"start":{"line":85,"column":94},"end":{"line":85,"column":95}}],"line":85},"6":{"loc":{"start":{"line":88,"column":4},"end":{"line":108,"column":5}},"type":"switch","locations":[{"start":{"line":89,"column":6},"end":{"line":90,"column":28}},{"start":{"line":91,"column":6},"end":{"line":92,"column":27}},{"start":{"line":93,"column":6},"end":{"line":94,"column":27}},{"start":{"line":95,"column":6},"end":{"line":96,"column":29}},{"start":{"line":97,"column":6},"end":{"line":98,"column":28}},{"start":{"line":99,"column":6},"end":{"line":100,"column":29}},{"start":{"line":101,"column":6},"end":{"line":102,"column":33}},{"start":{"line":103,"column":6},"end":{"line":104,"column":34}},{"start":{"line":105,"column":6},"end":{"line":105,"column":18}},{"start":{"line":106,"column":6},"end":{"line":107,"column":27}}],"line":88},"7":{"loc":{"start":{"line":117,"column":49},"end":{"line":117,"column":79}},"type":"cond-expr","locations":[{"start":{"line":117,"column":62},"end":{"line":117,"column":74}},{"start":{"line":117,"column":77},"end":{"line":117,"column":79}}],"line":117}},"s":{"0":8,"1":8,"2":8,"3":8,"4":18,"5":18,"6":18,"7":18,"8":0,"9":0,"10":0,"11":45,"12":8,"13":45,"14":45,"15":45,"16":45,"17":45,"18":18,"19":45,"20":18,"21":45,"22":18,"23":18,"24":18,"25":18,"26":0,"27":0,"28":0,"29":0,"30":0,"31":45,"32":18,"33":18,"34":45,"35":45,"36":45,"37":0,"38":0,"39":0,"40":0,"41":0,"42":0,"43":0,"44":0,"45":45,"46":45},"f":{"0":18,"1":18,"2":0,"3":0,"4":45,"5":45,"6":18,"7":18,"8":18,"9":0,"10":0,"11":18,"12":45},"b":{"0":[0],"1":[0,18],"2":[0,0],"3":[18,0],"4":[0,45],"5":[0,45],"6":[0,0,0,0,0,0,0,0,45,45],"7":[0,45]},"_coverageSchema":"1a1c01bbd47fc00a2c39e90264f33305004495a9","hash":"fdd01d8aa34555c7edddba06f5d5bf87e8a4af7b"}
,"/Users/stephenboyett/Desktop/Github/cannasol-technologies/steves-mom/frontend/src/components/Chat/ChatInterface.tsx": {"path":"/Users/stephenboyett/Desktop/Github/cannasol-technologies/steves-mom/frontend/src/components/Chat/ChatInterface.tsx","statementMap":{"0":{"start":{"line":29,"column":52},"end":{"line":156,"column":1}},"1":{"start":{"line":48,"column":2},"end":{"line":155,"column":4}},"2":{"start":{"line":62,"column":38},"end":{"line":62,"column":99}}},"fnMap":{"0":{"name":"(anonymous_0)","decl":{"start":{"line":29,"column":52},"end":{"line":29,"column":53}},"loc":{"start":{"line":47,"column":6},"end":{"line":156,"column":1}},"line":47},"1":{"name":"(anonymous_1)","decl":{"start":{"line":62,"column":29},"end":{"line":62,"column":30}},"loc":{"start":{"line":62,"column":36},"end":{"line":62,"column":101}},"line":62},"2":{"name":"(anonymous_2)","decl":{"start":{"line":111,"column":47},"end":{"line":111,"column":48}},"loc":{"start":{"line":111,"column":53},"end":{"line":111,"column":55}},"line":111},"3":{"name":"(anonymous_3)","decl":{"start":{"line":112,"column":49},"end":{"line":112,"column":50}},"loc":{"start":{"line":112,"column":55},"end":{"line":112,"column":57}},"line":112}},"branchMap":{"0":{"loc":{"start":{"line":82,"column":11},"end":{"line":91,"column":11}},"type":"binary-expr","locations":[{"start":{"line":82,"column":11},"end":{"line":82,"column":23}},{"start":{"line":83,"column":23},"end":{"line":90,"column":18}}],"line":82},"1":{"loc":{"start":{"line":99,"column":11},"end":{"line":99,"column":100}},"type":"cond-expr","locations":[{"start":{"line":99,"column":42},"end":{"line":99,"column":78}},{"start":{"line":99,"column":81},"end":{"line":99,"column":100}}],"line":99},"2":{"loc":{"start":{"line":99,"column":11},"end":{"line":99,"column":39}},"type":"binary-expr","locations":[{"start":{"line":99,"column":11},"end":{"line":99,"column":20}},{"start":{"line":99,"column":24},"end":{"line":99,"column":39}}],"line":99},"3":{"loc":{"start":{"line":104,"column":11},"end":{"line":117,"column":11}},"type":"binary-expr","locations":[{"start":{"line":104,"column":12},"end":{"line":104,"column":27}},{"start":{"line":104,"column":32},"end":{"line":104,"column":68}},{"start":{"line":104,"column":72},"end":{"line":104,"column":99}},{"start":{"line":105,"column":12},"end":{"line":116,"column":18}}],"line":104},"4":{"loc":{"start":{"line":109,"column":29},"end":{"line":109,"column":51}},"type":"binary-expr","locations":[{"start":{"line":109,"column":29},"end":{"line":109,"column":45}},{"start":{"line":109,"column":49},"end":{"line":109,"column":51}}],"line":109},"5":{"loc":{"start":{"line":111,"column":29},"end":{"line":111,"column":56}},"type":"binary-expr","locations":[{"start":{"line":111,"column":29},"end":{"line":111,"column":42}},{"start":{"line":111,"column":47},"end":{"line":111,"column":55}}],"line":111},"6":{"loc":{"start":{"line":112,"column":30},"end":{"line":112,"column":58}},"type":"binary-expr","locations":[{"start":{"line":112,"column":30},"end":{"line":112,"column":44}},{"start":{"line":112,"column":49},"end":{"line":112,"column":57}}],"line":112}},"s":{"0":7,"1":40,"2":0},"f":{"0":40,"1":0,"2":0,"3":0},"b":{"0":[40,4],"1":[12,28],"2":[40,28],"3":[40,30,25,12],"4":[12,6],"5":[12,0],"6":[12,0]},"_coverageSchema":"1a1c01bbd47fc00a2c39e90264f33305004495a9","hash":"6abf1d67324d059333ec8e735c5208a175658999"}
,"/Users/stephenboyett/Desktop/Github/cannasol-technologies/steves-mom/frontend/src/components/Chat/InputArea.tsx": {"path":"/Users/stephenboyett/Desktop/Github/cannasol-technologies/steves-mom/frontend/src/components/Chat/InputArea.tsx","statementMap":{"0":{"start":{"line":13,"column":18},"end":{"line":13,"column":22}},"1":{"start":{"line":15,"column":44},"end":{"line":113,"column":1}},"2":{"start":{"line":17,"column":22},"end":{"line":17,"column":68}},"3":{"start":{"line":18,"column":18},"end":{"line":25,"column":19}},"4":{"start":{"line":19,"column":4},"end":{"line":19,"column":31}},"5":{"start":{"line":20,"column":4},"end":{"line":24,"column":5}},"6":{"start":{"line":21,"column":6},"end":{"line":21,"column":24}},"7":{"start":{"line":22,"column":11},"end":{"line":24,"column":5}},"8":{"start":{"line":23,"column":6},"end":{"line":23,"column":42}},"9":{"start":{"line":27,"column":19},"end":{"line":35,"column":8}},"10":{"start":{"line":28,"column":15},"end":{"line":28,"column":34}},"11":{"start":{"line":29,"column":4},"end":{"line":29,"column":20}},"12":{"start":{"line":29,"column":13},"end":{"line":29,"column":20}},"13":{"start":{"line":31,"column":4},"end":{"line":31,"column":29}},"14":{"start":{"line":32,"column":18},"end":{"line":32,"column":21}},"15":{"start":{"line":33,"column":17},"end":{"line":33,"column":49}},"16":{"start":{"line":34,"column":4},"end":{"line":34,"column":34}},"17":{"start":{"line":37,"column":2},"end":{"line":37,"column":60}},"18":{"start":{"line":37,"column":26},"end":{"line":37,"column":37}},"19":{"start":{"line":39,"column":17},"end":{"line":39,"column":29}},"20":{"start":{"line":40,"column":20},"end":{"line":40,"column":38}},"21":{"start":{"line":41,"column":20},"end":{"line":41,"column":38}},"22":{"start":{"line":42,"column":20},"end":{"line":42,"column":54}},"23":{"start":{"line":44,"column":23},"end":{"line":48,"column":3}},"24":{"start":{"line":45,"column":4},"end":{"line":45,"column":16}},"25":{"start":{"line":47,"column":4},"end":{"line":47,"column":36}},"26":{"start":{"line":50,"column":2},"end":{"line":112,"column":4}},"27":{"start":{"line":51,"column":29},"end":{"line":51,"column":48}},"28":{"start":{"line":51,"column":49},"end":{"line":51,"column":76}},"29":{"start":{"line":51,"column":65},"end":{"line":51,"column":76}},"30":{"start":{"line":57,"column":29},"end":{"line":57,"column":57}}},"fnMap":{"0":{"name":"(anonymous_0)","decl":{"start":{"line":15,"column":44},"end":{"line":15,"column":45}},"loc":{"start":{"line":15,"column":122},"end":{"line":113,"column":1}},"line":15},"1":{"name":"(anonymous_1)","decl":{"start":{"line":18,"column":36},"end":{"line":18,"column":37}},"loc":{"start":{"line":18,"column":74},"end":{"line":25,"column":3}},"line":18},"2":{"name":"(anonymous_2)","decl":{"start":{"line":27,"column":37},"end":{"line":27,"column":38}},"loc":{"start":{"line":27,"column":43},"end":{"line":35,"column":3}},"line":27},"3":{"name":"(anonymous_3)","decl":{"start":{"line":37,"column":18},"end":{"line":37,"column":19}},"loc":{"start":{"line":37,"column":24},"end":{"line":37,"column":39}},"line":37},"4":{"name":"(anonymous_4)","decl":{"start":{"line":44,"column":23},"end":{"line":44,"column":24}},"loc":{"start":{"line":44,"column":38},"end":{"line":48,"column":3}},"line":44},"5":{"name":"(anonymous_5)","decl":{"start":{"line":51,"column":20},"end":{"line":51,"column":21}},"loc":{"start":{"line":51,"column":27},"end":{"line":51,"column":78}},"line":51},"6":{"name":"(anonymous_6)","decl":{"start":{"line":57,"column":22},"end":{"line":57,"column":23}},"loc":{"start":{"line":57,"column":29},"end":{"line":57,"column":57}},"line":57}},"branchMap":{"0":{"loc":{"start":{"line":20,"column":4},"end":{"line":24,"column":5}},"type":"if","locations":[{"start":{"line":20,"column":4},"end":{"line":24,"column":5}},{"start":{"line":22,"column":11},"end":{"line":24,"column":5}}],"line":20},"1":{"loc":{"start":{"line":22,"column":11},"end":{"line":24,"column":5}},"type":"if","locations":[{"start":{"line":22,"column":11},"end":{"line":24,"column":5}},{"start":{},"end":{}}],"line":22},"2":{"loc":{"start":{"line":22,"column":15},"end":{"line":22,"column":70}},"type":"binary-expr","locations":[{"start":{"line":22,"column":15},"end":{"line":22,"column":26}},{"start":{"line":22,"column":30},"end":{"line":22,"column":70}}],"line":22},"3":{"loc":{"start":{"line":29,"column":4},"end":{"line":29,"column":20}},"type":"if","locations":[{"start":{"line":29,"column":4},"end":{"line":29,"column":20}},{"start":{},"end":{}}],"line":29},"4":{"loc":{"start":{"line":42,"column":20},"end":{"line":42,"column":54}},"type":"binary-expr","locations":[{"start":{"line":42,"column":20},"end":{"line":42,"column":36}},{"start":{"line":42,"column":40},"end":{"line":42,"column":54}}],"line":42},"5":{"loc":{"start":{"line":51,"column":49},"end":{"line":51,"column":76}},"type":"if","locations":[{"start":{"line":51,"column":49},"end":{"line":51,"column":76}},{"start":{},"end":{}}],"line":51},"6":{"loc":{"start":{"line":53,"column":61},"end":{"line":53,"column":155}},"type":"cond-expr","locations":[{"start":{"line":53,"column":73},"end":{"line":53,"column":109}},{"start":{"line":53,"column":112},"end":{"line":53,"column":155}}],"line":53},"7":{"loc":{"start":{"line":53,"column":220},"end":{"line":53,"column":358}},"type":"cond-expr","locations":[{"start":{"line":53,"column":232},"end":{"line":53,"column":290}},{"start":{"line":53,"column":293},"end":{"line":53,"column":358}}],"line":53},"8":{"loc":{"start":{"line":63,"column":26},"end":{"line":63,"column":56}},"type":"cond-expr","locations":[{"start":{"line":63,"column":38},"end":{"line":63,"column":44}},{"start":{"line":63,"column":47},"end":{"line":63,"column":56}}],"line":63},"9":{"loc":{"start":{"line":69,"column":24},"end":{"line":69,"column":75}},"type":"binary-expr","locations":[{"start":{"line":69,"column":24},"end":{"line":69,"column":37}},{"start":{"line":69,"column":41},"end":{"line":69,"column":49}},{"start":{"line":69,"column":53},"end":{"line":69,"column":62}},{"start":{"line":69,"column":66},"end":{"line":69,"column":75}}],"line":69},"10":{"loc":{"start":{"line":72,"column":21},"end":{"line":72,"column":105}},"type":"cond-expr","locations":[{"start":{"line":72,"column":33},"end":{"line":72,"column":88}},{"start":{"line":72,"column":91},"end":{"line":72,"column":105}}],"line":72},"11":{"loc":{"start":{"line":75,"column":15},"end":{"line":90,"column":15}},"type":"cond-expr","locations":[{"start":{"line":76,"column":16},"end":{"line":82,"column":19}},{"start":{"line":84,"column":16},"end":{"line":89,"column":19}}],"line":75},"12":{"loc":{"start":{"line":100,"column":13},"end":{"line":100,"column":125}},"type":"cond-expr","locations":[{"start":{"line":100,"column":25},"end":{"line":100,"column":85}},{"start":{"line":100,"column":88},"end":{"line":100,"column":125}}],"line":100},"13":{"loc":{"start":{"line":102,"column":29},"end":{"line":102,"column":161}},"type":"cond-expr","locations":[{"start":{"line":102,"column":41},"end":{"line":102,"column":73}},{"start":{"line":102,"column":76},"end":{"line":102,"column":161}}],"line":102},"14":{"loc":{"start":{"line":102,"column":76},"end":{"line":102,"column":161}},"type":"cond-expr","locations":[{"start":{"line":102,"column":88},"end":{"line":102,"column":124}},{"start":{"line":102,"column":127},"end":{"line":102,"column":161}}],"line":102},"15":{"loc":{"start":{"line":103,"column":13},"end":{"line":107,"column":13}},"type":"cond-expr","locations":[{"start":{"line":104,"column":14},"end":{"line":104,"column":93}},{"start":{"line":106,"column":14},"end":{"line":106,"column":123}}],"line":103}},"s":{"0":8,"1":8,"2":50,"3":50,"4":50,"5":50,"6":0,"7":50,"8":24,"9":50,"10":49,"11":49,"12":6,"13":43,"14":43,"15":43,"16":43,"17":50,"18":38,"19":50,"20":50,"21":50,"22":50,"23":50,"24":11,"25":11,"26":50,"27":6,"28":6,"29":6,"30":11},"f":{"0":50,"1":50,"2":49,"3":38,"4":11,"5":6,"6":11},"b":{"0":[0,50],"1":[24,26],"2":[50,24],"3":[6,43],"4":[50,1],"5":[6,0],"6":[1,49],"7":[1,49],"8":[1,49],"9":[50,11,10,9],"10":[1,49],"11":[13,37],"12":[1,49],"13":[1,49],"14":[0,49],"15":[1,49]},"_coverageSchema":"1a1c01bbd47fc00a2c39e90264f33305004495a9","hash":"fb14e65919b6dcff651bdeb9a39a0fd973e84175"}
,"/Users/stephenboyett/Desktop/Github/cannasol-technologies/steves-mom/frontend/src/components/Chat/MessageList.tsx": {"path":"/Users/stephenboyett/Desktop/Github/cannasol-technologies/steves-mom/frontend/src/components/Chat/MessageList.tsx","statementMap":{"0":{"start":{"line":27,"column":48},"end":{"line":345,"column":1}},"1":{"start":{"line":28,"column":20},"end":{"line":28,"column":54}},"2":{"start":{"line":29,"column":38},"end":{"line":29,"column":58}},"3":{"start":{"line":31,"column":23},"end":{"line":37,"column":8}},"4":{"start":{"line":32,"column":15},"end":{"line":32,"column":32}},"5":{"start":{"line":33,"column":4},"end":{"line":33,"column":20}},"6":{"start":{"line":33,"column":13},"end":{"line":33,"column":20}},"7":{"start":{"line":34,"column":22},"end":{"line":34,"column":24}},"8":{"start":{"line":35,"column":31},"end":{"line":35,"column":79}},"9":{"start":{"line":36,"column":4},"end":{"line":36,"column":51}},"10":{"start":{"line":40,"column":2},"end":{"line":51,"column":36}},"11":{"start":{"line":41,"column":15},"end":{"line":41,"column":32}},"12":{"start":{"line":42,"column":4},"end":{"line":42,"column":20}},"13":{"start":{"line":42,"column":13},"end":{"line":42,"column":20}},"14":{"start":{"line":43,"column":4},"end":{"line":43,"column":28}},"15":{"start":{"line":43,"column":21},"end":{"line":43,"column":28}},"16":{"start":{"line":45,"column":27},"end":{"line":45,"column":88}},"17":{"start":{"line":46,"column":4},"end":{"line":50,"column":5}},"18":{"start":{"line":47,"column":6},"end":{"line":47,"column":37}},"19":{"start":{"line":49,"column":6},"end":{"line":49,"column":64}},"20":{"start":{"line":54,"column":2},"end":{"line":60,"column":21}},"21":{"start":{"line":55,"column":15},"end":{"line":55,"column":32}},"22":{"start":{"line":56,"column":4},"end":{"line":56,"column":20}},"23":{"start":{"line":56,"column":13},"end":{"line":56,"column":20}},"24":{"start":{"line":57,"column":4},"end":{"line":57,"column":19}},"25":{"start":{"line":58,"column":4},"end":{"line":58,"column":67}},"26":{"start":{"line":59,"column":4},"end":{"line":59,"column":81}},"27":{"start":{"line":59,"column":17},"end":{"line":59,"column":80}},"28":{"start":{"line":62,"column":21},"end":{"line":68,"column":3}},"29":{"start":{"line":63,"column":4},"end":{"line":67,"column":5}},"30":{"start":{"line":64,"column":6},"end":{"line":64,"column":48}},"31":{"start":{"line":70,"column":25},"end":{"line":79,"column":3}},"32":{"start":{"line":71,"column":15},"end":{"line":71,"column":32}},"33":{"start":{"line":72,"column":4},"end":{"line":72,"column":20}},"34":{"start":{"line":72,"column":13},"end":{"line":72,"column":20}},"35":{"start":{"line":73,"column":27},"end":{"line":73,"column":88}},"36":{"start":{"line":74,"column":4},"end":{"line":78,"column":5}},"37":{"start":{"line":75,"column":6},"end":{"line":75,"column":37}},"38":{"start":{"line":77,"column":6},"end":{"line":77,"column":64}},"39":{"start":{"line":81,"column":2},"end":{"line":344,"column":4}},"40":{"start":{"line":85,"column":27},"end":{"line":85,"column":44}},"41":{"start":{"line":86,"column":10},"end":{"line":245,"column":12}},"42":{"start":{"line":159,"column":41},"end":{"line":159,"column":68}},"43":{"start":{"line":160,"column":28},"end":{"line":160,"column":85}},"44":{"start":{"line":202,"column":41},"end":{"line":202,"column":65}},"45":{"start":{"line":211,"column":41},"end":{"line":211,"column":64}},"46":{"start":{"line":226,"column":37},"end":{"line":226,"column":58}}},"fnMap":{"0":{"name":"(anonymous_0)","decl":{"start":{"line":27,"column":48},"end":{"line":27,"column":49}},"loc":{"start":{"line":27,"column":131},"end":{"line":345,"column":1}},"line":27},"1":{"name":"(anonymous_1)","decl":{"start":{"line":31,"column":41},"end":{"line":31,"column":42}},"loc":{"start":{"line":31,"column":47},"end":{"line":37,"column":3}},"line":31},"2":{"name":"(anonymous_2)","decl":{"start":{"line":40,"column":18},"end":{"line":40,"column":19}},"loc":{"start":{"line":40,"column":24},"end":{"line":51,"column":3}},"line":40},"3":{"name":"(anonymous_3)","decl":{"start":{"line":54,"column":18},"end":{"line":54,"column":19}},"loc":{"start":{"line":54,"column":24},"end":{"line":60,"column":3}},"line":54},"4":{"name":"(anonymous_4)","decl":{"start":{"line":59,"column":11},"end":{"line":59,"column":12}},"loc":{"start":{"line":59,"column":17},"end":{"line":59,"column":80}},"line":59},"5":{"name":"(anonymous_5)","decl":{"start":{"line":62,"column":21},"end":{"line":62,"column":22}},"loc":{"start":{"line":62,"column":45},"end":{"line":68,"column":3}},"line":62},"6":{"name":"(anonymous_6)","decl":{"start":{"line":70,"column":25},"end":{"line":70,"column":26}},"loc":{"start":{"line":70,"column":31},"end":{"line":79,"column":3}},"line":70},"7":{"name":"(anonymous_7)","decl":{"start":{"line":84,"column":22},"end":{"line":84,"column":23}},"loc":{"start":{"line":84,"column":36},"end":{"line":246,"column":9}},"line":84},"8":{"name":"(anonymous_8)","decl":{"start":{"line":158,"column":28},"end":{"line":158,"column":29}},"loc":{"start":{"line":158,"column":34},"end":{"line":161,"column":27}},"line":158},"9":{"name":"(anonymous_9)","decl":{"start":{"line":202,"column":35},"end":{"line":202,"column":36}},"loc":{"start":{"line":202,"column":41},"end":{"line":202,"column":65}},"line":202},"10":{"name":"(anonymous_10)","decl":{"start":{"line":211,"column":35},"end":{"line":211,"column":36}},"loc":{"start":{"line":211,"column":41},"end":{"line":211,"column":64}},"line":211},"11":{"name":"(anonymous_11)","decl":{"start":{"line":226,"column":31},"end":{"line":226,"column":32}},"loc":{"start":{"line":226,"column":37},"end":{"line":226,"column":58}},"line":226}},"branchMap":{"0":{"loc":{"start":{"line":33,"column":4},"end":{"line":33,"column":20}},"type":"if","locations":[{"start":{"line":33,"column":4},"end":{"line":33,"column":20}},{"start":{},"end":{}}],"line":33},"1":{"loc":{"start":{"line":42,"column":4},"end":{"line":42,"column":20}},"type":"if","locations":[{"start":{"line":42,"column":4},"end":{"line":42,"column":20}},{"start":{},"end":{}}],"line":42},"2":{"loc":{"start":{"line":43,"column":4},"end":{"line":43,"column":28}},"type":"if","locations":[{"start":{"line":43,"column":4},"end":{"line":43,"column":28}},{"start":{},"end":{}}],"line":43},"3":{"loc":{"start":{"line":46,"column":4},"end":{"line":50,"column":5}},"type":"if","locations":[{"start":{"line":46,"column":4},"end":{"line":50,"column":5}},{"start":{"line":48,"column":11},"end":{"line":50,"column":5}}],"line":46},"4":{"loc":{"start":{"line":56,"column":4},"end":{"line":56,"column":20}},"type":"if","locations":[{"start":{"line":56,"column":4},"end":{"line":56,"column":20}},{"start":{},"end":{}}],"line":56},"5":{"loc":{"start":{"line":72,"column":4},"end":{"line":72,"column":20}},"type":"if","locations":[{"start":{"line":72,"column":4},"end":{"line":72,"column":20}},{"start":{},"end":{}}],"line":72},"6":{"loc":{"start":{"line":74,"column":4},"end":{"line":78,"column":5}},"type":"if","locations":[{"start":{"line":74,"column":4},"end":{"line":78,"column":5}},{"start":{"line":76,"column":11},"end":{"line":78,"column":5}}],"line":74},"7":{"loc":{"start":{"line":90,"column":16},"end":{"line":90,"column":58}},"type":"cond-expr","locations":[{"start":{"line":90,"column":27},"end":{"line":90,"column":40}},{"start":{"line":90,"column":43},"end":{"line":90,"column":58}}],"line":90},"8":{"loc":{"start":{"line":94,"column":15},"end":{"line":105,"column":15}},"type":"binary-expr","locations":[{"start":{"line":94,"column":15},"end":{"line":94,"column":24}},{"start":{"line":95,"column":16},"end":{"line":104,"column":22}}],"line":94},"9":{"loc":{"start":{"line":107,"column":75},"end":{"line":107,"column":104}},"type":"cond-expr","locations":[{"start":{"line":107,"column":86},"end":{"line":107,"column":99}},{"start":{"line":107,"column":102},"end":{"line":107,"column":104}}],"line":107},"10":{"loc":{"start":{"line":111,"column":20},"end":{"line":113,"column":249}},"type":"cond-expr","locations":[{"start":{"line":112,"column":24},"end":{"line":112,"column":102}},{"start":{"line":113,"column":24},"end":{"line":113,"column":249}}],"line":111},"11":{"loc":{"start":{"line":117,"column":19},"end":{"line":119,"column":19}},"type":"binary-expr","locations":[{"start":{"line":117,"column":19},"end":{"line":117,"column":28}},{"start":{"line":118,"column":20},"end":{"line":118,"column":205}}],"line":117},"12":{"loc":{"start":{"line":123,"column":22},"end":{"line":123,"column":85}},"type":"cond-expr","locations":[{"start":{"line":123,"column":33},"end":{"line":123,"column":48}},{"start":{"line":123,"column":51},"end":{"line":123,"column":85}}],"line":123},"13":{"loc":{"start":{"line":126,"column":25},"end":{"line":126,"column":60}},"type":"cond-expr","locations":[{"start":{"line":126,"column":36},"end":{"line":126,"column":41}},{"start":{"line":126,"column":44},"end":{"line":126,"column":60}}],"line":126},"14":{"loc":{"start":{"line":132,"column":23},"end":{"line":134,"column":23}},"type":"binary-expr","locations":[{"start":{"line":132,"column":23},"end":{"line":132,"column":42}},{"start":{"line":133,"column":24},"end":{"line":133,"column":211}}],"line":132},"15":{"loc":{"start":{"line":135,"column":23},"end":{"line":137,"column":23}},"type":"binary-expr","locations":[{"start":{"line":135,"column":23},"end":{"line":135,"column":45}},{"start":{"line":136,"column":24},"end":{"line":136,"column":322}}],"line":135},"16":{"loc":{"start":{"line":138,"column":23},"end":{"line":140,"column":23}},"type":"binary-expr","locations":[{"start":{"line":138,"column":23},"end":{"line":138,"column":44}},{"start":{"line":139,"column":24},"end":{"line":139,"column":258}}],"line":138},"17":{"loc":{"start":{"line":141,"column":23},"end":{"line":149,"column":23}},"type":"binary-expr","locations":[{"start":{"line":141,"column":23},"end":{"line":141,"column":32}},{"start":{"line":142,"column":24},"end":{"line":148,"column":27}}],"line":141},"18":{"loc":{"start":{"line":153,"column":22},"end":{"line":153,"column":82}},"type":"cond-expr","locations":[{"start":{"line":153,"column":33},"end":{"line":153,"column":45}},{"start":{"line":153,"column":48},"end":{"line":153,"column":82}}],"line":153},"19":{"loc":{"start":{"line":156,"column":23},"end":{"line":164,"column":23}},"type":"binary-expr","locations":[{"start":{"line":156,"column":23},"end":{"line":156,"column":35}},{"start":{"line":157,"column":48},"end":{"line":163,"column":30}}],"line":156},"20":{"loc":{"start":{"line":160,"column":35},"end":{"line":160,"column":84}},"type":"cond-expr","locations":[{"start":{"line":160,"column":42},"end":{"line":160,"column":77}},{"start":{"line":160,"column":80},"end":{"line":160,"column":84}}],"line":160},"21":{"loc":{"start":{"line":168,"column":21},"end":{"line":190,"column":21}},"type":"binary-expr","locations":[{"start":{"line":168,"column":21},"end":{"line":168,"column":30}},{"start":{"line":168,"column":34},"end":{"line":168,"column":45}},{"start":{"line":169,"column":22},"end":{"line":189,"column":28}}],"line":168},"22":{"loc":{"start":{"line":196,"column":18},"end":{"line":196,"column":53}},"type":"cond-expr","locations":[{"start":{"line":196,"column":29},"end":{"line":196,"column":39}},{"start":{"line":196,"column":42},"end":{"line":196,"column":53}}],"line":196},"23":{"loc":{"start":{"line":199,"column":21},"end":{"line":220,"column":21}},"type":"binary-expr","locations":[{"start":{"line":199,"column":21},"end":{"line":199,"column":30}},{"start":{"line":199,"column":34},"end":{"line":199,"column":42}},{"start":{"line":199,"column":46},"end":{"line":199,"column":90}},{"start":{"line":200,"column":22},"end":{"line":219,"column":25}}],"line":199},"24":{"loc":{"start":{"line":237,"column":15},"end":{"line":243,"column":15}},"type":"binary-expr","locations":[{"start":{"line":237,"column":15},"end":{"line":237,"column":23}},{"start":{"line":238,"column":16},"end":{"line":242,"column":22}}],"line":237},"25":{"loc":{"start":{"line":248,"column":9},"end":{"line":303,"column":9}},"type":"binary-expr","locations":[{"start":{"line":248,"column":9},"end":{"line":248,"column":18}},{"start":{"line":249,"column":10},"end":{"line":302,"column":16}}],"line":248},"26":{"loc":{"start":{"line":284,"column":19},"end":{"line":298,"column":19}},"type":"binary-expr","locations":[{"start":{"line":284,"column":19},"end":{"line":284,"column":32}},{"start":{"line":285,"column":20},"end":{"line":297,"column":26}}],"line":284},"27":{"loc":{"start":{"line":305,"column":9},"end":{"line":324,"column":9}},"type":"binary-expr","locations":[{"start":{"line":305,"column":9},"end":{"line":305,"column":17}},{"start":{"line":306,"column":10},"end":{"line":323,"column":16}}],"line":305},"28":{"loc":{"start":{"line":327,"column":7},"end":{"line":342,"column":7}},"type":"binary-expr","locations":[{"start":{"line":327,"column":7},"end":{"line":327,"column":18}},{"start":{"line":328,"column":8},"end":{"line":341,"column":14}}],"line":327}},"s":{"0":7,"1":46,"2":46,"3":46,"4":19,"5":19,"6":0,"7":19,"8":19,"9":19,"10":46,"11":27,"12":27,"13":0,"14":27,"15":0,"16":27,"17":27,"18":0,"19":27,"20":46,"21":19,"22":19,"23":0,"24":19,"25":19,"26":19,"27":19,"28":46,"29":0,"30":0,"31":46,"32":0,"33":0,"34":0,"35":0,"36":0,"37":0,"38":0,"39":46,"40":59,"41":59,"42":0,"43":0,"44":0,"45":0,"46":0},"f":{"0":46,"1":19,"2":27,"3":19,"4":19,"5":0,"6":0,"7":59,"8":0,"9":0,"10":0,"11":0},"b":{"0":[0,19],"1":[0,27],"2":[0,27],"3":[0,27],"4":[0,19],"5":[0,0],"6":[0,0],"7":[17,42],"8":[59,42],"9":[17,42],"10":[17,42],"11":[59,42],"12":[17,42],"13":[17,42],"14":[59,8],"15":[59,8],"16":[59,1],"17":[59,42],"18":[17,42],"19":[59,0],"20":[0,0],"21":[59,42,0],"22":[17,42],"23":[59,42,0,0],"24":[59,17],"25":[46,13],"26":[13,10],"27":[46,0],"28":[46,0]},"_coverageSchema":"1a1c01bbd47fc00a2c39e90264f33305004495a9","hash":"abda44f7078c57ca0f256dd43a0fcb0da18fb81c"}
,"/Users/stephenboyett/Desktop/Github/cannasol-technologies/steves-mom/frontend/src/components/Chat/ModelSelector.tsx": {"path":"/Users/stephenboyett/Desktop/Github/cannasol-technologies/steves-mom/frontend/src/components/Chat/ModelSelector.tsx","statementMap":{"0":{"start":{"line":9,"column":24},"end":{"line":9,"column":92}},"1":{"start":{"line":11,"column":52},"end":{"line":56,"column":1}},"2":{"start":{"line":12,"column":19},"end":{"line":12,"column":35}},"3":{"start":{"line":14,"column":2},"end":{"line":55,"column":4}},"4":{"start":{"line":32,"column":27},"end":{"line":32,"column":51}},"5":{"start":{"line":35,"column":12},"end":{"line":37,"column":21}}},"fnMap":{"0":{"name":"(anonymous_0)","decl":{"start":{"line":11,"column":52},"end":{"line":11,"column":53}},"loc":{"start":{"line":11,"column":104},"end":{"line":56,"column":1}},"line":11},"1":{"name":"(anonymous_1)","decl":{"start":{"line":32,"column":20},"end":{"line":32,"column":21}},"loc":{"start":{"line":32,"column":27},"end":{"line":32,"column":51}},"line":32},"2":{"name":"(anonymous_2)","decl":{"start":{"line":34,"column":23},"end":{"line":34,"column":24}},"loc":{"start":{"line":35,"column":12},"end":{"line":37,"column":21}},"line":35}},"branchMap":{"0":{"loc":{"start":{"line":11,"column":72},"end":{"line":11,"column":97}},"type":"default-arg","locations":[{"start":{"line":11,"column":82},"end":{"line":11,"column":97}}],"line":11}},"s":{"0":7,"1":7,"2":40,"3":40,"4":0,"5":120},"f":{"0":40,"1":0,"2":120},"b":{"0":[40]},"_coverageSchema":"1a1c01bbd47fc00a2c39e90264f33305004495a9","hash":"b2780aff31de6d3393c360efe325447a80b586c3"}
,"/Users/stephenboyett/Desktop/Github/cannasol-technologies/steves-mom/frontend/src/components/Chat/StreamRenderer.tsx": {"path":"/Users/stephenboyett/Desktop/Github/cannasol-technologies/steves-mom/frontend/src/components/Chat/StreamRenderer.tsx","statementMap":{"0":{"start":{"line":18,"column":54},"end":{"line":67,"column":1}},"1":{"start":{"line":19,"column":2},"end":{"line":66,"column":4}}},"fnMap":{"0":{"name":"(anonymous_0)","decl":{"start":{"line":18,"column":54},"end":{"line":18,"column":55}},"loc":{"start":{"line":18,"column":103},"end":{"line":67,"column":1}},"line":18}},"branchMap":{"0":{"loc":{"start":{"line":27,"column":24},"end":{"line":27,"column":64}},"type":"cond-expr","locations":[{"start":{"line":27,"column":38},"end":{"line":27,"column":52}},{"start":{"line":27,"column":55},"end":{"line":27,"column":64}}],"line":27},"1":{"loc":{"start":{"line":32,"column":9},"end":{"line":32,"column":84}},"type":"cond-expr","locations":[{"start":{"line":32,"column":23},"end":{"line":32,"column":51}},{"start":{"line":32,"column":54},"end":{"line":32,"column":84}}],"line":32}},"s":{"0":8,"1":20},"f":{"0":20},"b":{"0":[14,6],"1":[14,6]},"_coverageSchema":"1a1c01bbd47fc00a2c39e90264f33305004495a9","hash":"4687bdd488db6e7a06ae5c617d41b3d5514af19c"}
,"/Users/stephenboyett/Desktop/Github/cannasol-technologies/steves-mom/frontend/src/components/Common/ErrorBoundary.tsx": {"path":"/Users/stephenboyett/Desktop/Github/cannasol-technologies/steves-mom/frontend/src/components/Common/ErrorBoundary.tsx","statementMap":{"0":{"start":{"line":9,"column":4},"end":{"line":9,"column":17}},"1":{"start":{"line":10,"column":4},"end":{"line":10,"column":37}},"2":{"start":{"line":14,"column":4},"end":{"line":14,"column":30}},"3":{"start":{"line":23,"column":4},"end":{"line":30,"column":5}},"4":{"start":{"line":24,"column":6},"end":{"line":29,"column":8}},"5":{"start":{"line":31,"column":4},"end":{"line":31,"column":31}}},"fnMap":{"0":{"name":"(anonymous_0)","decl":{"start":{"line":8,"column":2},"end":{"line":8,"column":3}},"loc":{"start":{"line":8,"column":26},"end":{"line":11,"column":3}},"line":8},"1":{"name":"(anonymous_1)","decl":{"start":{"line":13,"column":2},"end":{"line":13,"column":3}},"loc":{"start":{"line":13,"column":36},"end":{"line":15,"column":3}},"line":13},"2":{"name":"(anonymous_2)","decl":{"start":{"line":17,"column":2},"end":{"line":17,"column":3}},"loc":{"start":{"line":17,"column":43},"end":{"line":20,"column":3}},"line":17},"3":{"name":"(anonymous_3)","decl":{"start":{"line":22,"column":2},"end":{"line":22,"column":3}},"loc":{"start":{"line":22,"column":11},"end":{"line":32,"column":3}},"line":22}},"branchMap":{"0":{"loc":{"start":{"line":23,"column":4},"end":{"line":30,"column":5}},"type":"if","locations":[{"start":{"line":23,"column":4},"end":{"line":30,"column":5}},{"start":{},"end":{}}],"line":23}},"s":{"0":0,"1":0,"2":0,"3":0,"4":0,"5":0},"f":{"0":0,"1":0,"2":0,"3":0},"b":{"0":[0,0]}}
,"/Users/stephenboyett/Desktop/Github/cannasol-technologies/steves-mom/frontend/src/context/ThemeContext.tsx": {"path":"/Users/stephenboyett/Desktop/Github/cannasol-technologies/steves-mom/frontend/src/context/ThemeContext.tsx","statementMap":{"0":{"start":{"line":10,"column":21},"end":{"line":10,"column":75}},"1":{"start":{"line":12,"column":64},"end":{"line":40,"column":1}},"2":{"start":{"line":13,"column":28},"end":{"line":22,"column":4}},"3":{"start":{"line":14,"column":4},"end":{"line":21,"column":5}},"4":{"start":{"line":15,"column":26},"end":{"line":15,"column":71}},"5":{"start":{"line":16,"column":6},"end":{"line":16,"column":80}},"6":{"start":{"line":16,"column":61},"end":{"line":16,"column":80}},"7":{"start":{"line":18,"column":6},"end":{"line":18,"column":20}},"8":{"start":{"line":20,"column":6},"end":{"line":20,"column":20}},"9":{"start":{"line":24,"column":2},"end":{"line":29,"column":14}},"10":{"start":{"line":25,"column":17},"end":{"line":25,"column":48}},"11":{"start":{"line":26,"column":4},"end":{"line":26,"column":43}},"12":{"start":{"line":27,"column":4},"end":{"line":27,"column":30}},"13":{"start":{"line":28,"column":4},"end":{"line":28,"column":58}},"14":{"start":{"line":28,"column":10},"end":{"line":28,"column":47}},"15":{"start":{"line":31,"column":22},"end":{"line":33,"column":3}},"16":{"start":{"line":32,"column":4},"end":{"line":32,"column":72}},"17":{"start":{"line":32,"column":29},"end":{"line":32,"column":69}},"18":{"start":{"line":35,"column":2},"end":{"line":39,"column":4}},"19":{"start":{"line":42,"column":24},"end":{"line":48,"column":1}},"20":{"start":{"line":43,"column":18},"end":{"line":43,"column":42}},"21":{"start":{"line":44,"column":2},"end":{"line":46,"column":3}},"22":{"start":{"line":45,"column":4},"end":{"line":45,"column":68}},"23":{"start":{"line":47,"column":2},"end":{"line":47,"column":17}}},"fnMap":{"0":{"name":"(anonymous_0)","decl":{"start":{"line":12,"column":64},"end":{"line":12,"column":65}},"loc":{"start":{"line":12,"column":82},"end":{"line":40,"column":1}},"line":12},"1":{"name":"(anonymous_1)","decl":{"start":{"line":13,"column":44},"end":{"line":13,"column":45}},"loc":{"start":{"line":13,"column":50},"end":{"line":22,"column":3}},"line":13},"2":{"name":"(anonymous_2)","decl":{"start":{"line":24,"column":12},"end":{"line":24,"column":13}},"loc":{"start":{"line":24,"column":18},"end":{"line":29,"column":3}},"line":24},"3":{"name":"(anonymous_3)","decl":{"start":{"line":31,"column":22},"end":{"line":31,"column":23}},"loc":{"start":{"line":31,"column":28},"end":{"line":33,"column":3}},"line":31},"4":{"name":"(anonymous_4)","decl":{"start":{"line":32,"column":13},"end":{"line":32,"column":14}},"loc":{"start":{"line":32,"column":29},"end":{"line":32,"column":69}},"line":32},"5":{"name":"(anonymous_5)","decl":{"start":{"line":42,"column":24},"end":{"line":42,"column":25}},"loc":{"start":{"line":42,"column":30},"end":{"line":48,"column":1}},"line":42}},"branchMap":{"0":{"loc":{"start":{"line":16,"column":6},"end":{"line":16,"column":80}},"type":"if","locations":[{"start":{"line":16,"column":6},"end":{"line":16,"column":80}},{"start":{},"end":{}}],"line":16},"1":{"loc":{"start":{"line":16,"column":10},"end":{"line":16,"column":59}},"type":"binary-expr","locations":[{"start":{"line":16,"column":10},"end":{"line":16,"column":33}},{"start":{"line":16,"column":37},"end":{"line":16,"column":59}}],"line":16},"2":{"loc":{"start":{"line":32,"column":29},"end":{"line":32,"column":69}},"type":"cond-expr","locations":[{"start":{"line":32,"column":53},"end":{"line":32,"column":59}},{"start":{"line":32,"column":62},"end":{"line":32,"column":69}}],"line":32},"3":{"loc":{"start":{"line":44,"column":2},"end":{"line":46,"column":3}},"type":"if","locations":[{"start":{"line":44,"column":2},"end":{"line":46,"column":3}},{"start":{},"end":{}}],"line":44}},"s":{"0":4,"1":4,"2":19,"3":16,"4":16,"5":16,"6":12,"7":4,"8":0,"9":19,"10":18,"11":18,"12":18,"13":18,"14":18,"15":19,"16":2,"17":2,"18":19,"19":4,"20":37,"21":37,"22":0,"23":37},"f":{"0":19,"1":16,"2":18,"3":2,"4":2,"5":37},"b":{"0":[12,4],"1":[16,15],"2":[1,1],"3":[0,37]},"_coverageSchema":"1a1c01bbd47fc00a2c39e90264f33305004495a9","hash":"4ef704dc932914637beefc071c46e31be08ea942"}
,"/Users/stephenboyett/Desktop/Github/cannasol-technologies/steves-mom/frontend/src/pages/AdminPage.tsx": {"path":"/Users/stephenboyett/Desktop/Github/cannasol-technologies/steves-mom/frontend/src/pages/AdminPage.tsx","statementMap":{"0":{"start":{"line":9,"column":28},"end":{"line":163,"column":1}},"1":{"start":{"line":10,"column":34},"end":{"line":14,"column":4}},"2":{"start":{"line":16,"column":23},"end":{"line":21,"column":3}},"3":{"start":{"line":17,"column":4},"end":{"line":20,"column":8}},"4":{"start":{"line":17,"column":25},"end":{"line":20,"column":5}},"5":{"start":{"line":23,"column":2},"end":{"line":162,"column":4}},"6":{"start":{"line":46,"column":34},"end":{"line":46,"column":55}},"7":{"start":{"line":64,"column":34},"end":{"line":64,"column":55}},"8":{"start":{"line":82,"column":34},"end":{"line":82,"column":59}}},"fnMap":{"0":{"name":"(anonymous_0)","decl":{"start":{"line":9,"column":28},"end":{"line":9,"column":29}},"loc":{"start":{"line":9,"column":34},"end":{"line":163,"column":1}},"line":9},"1":{"name":"(anonymous_1)","decl":{"start":{"line":16,"column":23},"end":{"line":16,"column":24}},"loc":{"start":{"line":16,"column":58},"end":{"line":21,"column":3}},"line":16},"2":{"name":"(anonymous_2)","decl":{"start":{"line":17,"column":16},"end":{"line":17,"column":17}},"loc":{"start":{"line":17,"column":25},"end":{"line":20,"column":5}},"line":17},"3":{"name":"(anonymous_3)","decl":{"start":{"line":46,"column":28},"end":{"line":46,"column":29}},"loc":{"start":{"line":46,"column":34},"end":{"line":46,"column":55}},"line":46},"4":{"name":"(anonymous_4)","decl":{"start":{"line":64,"column":28},"end":{"line":64,"column":29}},"loc":{"start":{"line":64,"column":34},"end":{"line":64,"column":55}},"line":64},"5":{"name":"(anonymous_5)","decl":{"start":{"line":82,"column":28},"end":{"line":82,"column":29}},"loc":{"start":{"line":82,"column":34},"end":{"line":82,"column":59}},"line":82}},"branchMap":{},"s":{"0":2,"1":8,"2":8,"3":3,"4":3,"5":8,"6":2,"7":1,"8":0},"f":{"0":8,"1":3,"2":3,"3":2,"4":1,"5":0},"b":{},"_coverageSchema":"1a1c01bbd47fc00a2c39e90264f33305004495a9","hash":"9b506f727d576f8bc3973cbd629ce1990a61b18f"}
,"/Users/stephenboyett/Desktop/Github/cannasol-technologies/steves-mom/frontend/src/pages/ChatPage.tsx": {"path":"/Users/stephenboyett/Desktop/Github/cannasol-technologies/steves-mom/frontend/src/pages/ChatPage.tsx","statementMap":{"0":{"start":{"line":12,"column":27},"end":{"line":341,"column":1}},"1":{"start":{"line":13,"column":34},"end":{"line":20,"column":4}},"2":{"start":{"line":21,"column":38},"end":{"line":21,"column":50}},"3":{"start":{"line":22,"column":36},"end":{"line":22,"column":51}},"4":{"start":{"line":23,"column":28},"end":{"line":23,"column":67}},"5":{"start":{"line":24,"column":44},"end":{"line":24,"column":83}},"6":{"start":{"line":25,"column":50},"end":{"line":25,"column":70}},"7":{"start":{"line":26,"column":48},"end":{"line":26,"column":72}},"8":{"start":{"line":27,"column":42},"end":{"line":27,"column":71}},"9":{"start":{"line":28,"column":20},"end":{"line":28,"column":53}},"10":{"start":{"line":29,"column":24},"end":{"line":29,"column":51}},"11":{"start":{"line":30,"column":25},"end":{"line":30,"column":60}},"12":{"start":{"line":31,"column":22},"end":{"line":31,"column":63}},"13":{"start":{"line":32,"column":22},"end":{"line":32,"column":62}},"14":{"start":{"line":33,"column":40},"end":{"line":33,"column":55}},"15":{"start":{"line":35,"column":28},"end":{"line":37,"column":3}},"16":{"start":{"line":36,"column":4},"end":{"line":36,"column":47}},"17":{"start":{"line":39,"column":27},"end":{"line":41,"column":3}},"18":{"start":{"line":40,"column":4},"end":{"line":40,"column":47}},"19":{"start":{"line":43,"column":27},"end":{"line":71,"column":3}},"20":{"start":{"line":44,"column":4},"end":{"line":69,"column":5}},"21":{"start":{"line":45,"column":25},"end":{"line":45,"column":65}},"22":{"start":{"line":46,"column":23},"end":{"line":52,"column":8}},"23":{"start":{"line":54,"column":6},"end":{"line":57,"column":7}},"24":{"start":{"line":55,"column":26},"end":{"line":55,"column":47}},"25":{"start":{"line":56,"column":8},"end":{"line":56,"column":72}},"26":{"start":{"line":59,"column":62},"end":{"line":59,"column":83}},"27":{"start":{"line":61,"column":6},"end":{"line":65,"column":8}},"28":{"start":{"line":62,"column":8},"end":{"line":64,"column":9}},"29":{"start":{"line":63,"column":10},"end":{"line":63,"column":82}},"30":{"start":{"line":66,"column":6},"end":{"line":66,"column":54}},"31":{"start":{"line":68,"column":6},"end":{"line":68,"column":49}},"32":{"start":{"line":70,"column":4},"end":{"line":70,"column":50}},"33":{"start":{"line":70,"column":21},"end":{"line":70,"column":42}},"34":{"start":{"line":73,"column":2},"end":{"line":75,"column":28}},"35":{"start":{"line":74,"column":4},"end":{"line":74,"column":67}},"36":{"start":{"line":78,"column":2},"end":{"line":119,"column":9}},"37":{"start":{"line":79,"column":17},"end":{"line":113,"column":6}},"38":{"start":{"line":81,"column":8},"end":{"line":85,"column":10}},"39":{"start":{"line":82,"column":10},"end":{"line":84,"column":11}},"40":{"start":{"line":83,"column":12},"end":{"line":83,"column":92}},"41":{"start":{"line":88,"column":8},"end":{"line":94,"column":18}},"42":{"start":{"line":89,"column":22},"end":{"line":89,"column":50}},"43":{"start":{"line":90,"column":10},"end":{"line":93,"column":11}},"44":{"start":{"line":91,"column":12},"end":{"line":91,"column":34}},"45":{"start":{"line":92,"column":12},"end":{"line":92,"column":19}},"46":{"start":{"line":95,"column":8},"end":{"line":103,"column":11}},"47":{"start":{"line":95,"column":28},"end":{"line":103,"column":9}},"48":{"start":{"line":107,"column":8},"end":{"line":107,"column":57}},"49":{"start":{"line":108,"column":8},"end":{"line":108,"column":84}},"50":{"start":{"line":108,"column":25},"end":{"line":108,"column":78}},"51":{"start":{"line":114,"column":4},"end":{"line":114,"column":31}},"52":{"start":{"line":115,"column":4},"end":{"line":118,"column":6}},"53":{"start":{"line":116,"column":6},"end":{"line":116,"column":41}},"54":{"start":{"line":116,"column":12},"end":{"line":116,"column":30}},"55":{"start":{"line":117,"column":6},"end":{"line":117,"column":33}},"56":{"start":{"line":121,"column":28},"end":{"line":248,"column":3}},"57":{"start":{"line":122,"column":4},"end":{"line":122,"column":30}},"58":{"start":{"line":122,"column":11},"end":{"line":122,"column":30}},"59":{"start":{"line":123,"column":19},"end":{"line":123,"column":56}},"60":{"start":{"line":124,"column":4},"end":{"line":124,"column":37}},"61":{"start":{"line":124,"column":30},"end":{"line":124,"column":37}},"62":{"start":{"line":126,"column":33},"end":{"line":132,"column":5}},"63":{"start":{"line":134,"column":4},"end":{"line":134,"column":48}},"64":{"start":{"line":134,"column":24},"end":{"line":134,"column":46}},"65":{"start":{"line":135,"column":4},"end":{"line":135,"column":22}},"66":{"start":{"line":137,"column":4},"end":{"line":137,"column":54}},"67":{"start":{"line":137,"column":21},"end":{"line":137,"column":49}},"68":{"start":{"line":138,"column":4},"end":{"line":138,"column":23}},"69":{"start":{"line":139,"column":4},"end":{"line":139,"column":48}},"70":{"start":{"line":140,"column":4},"end":{"line":140,"column":28}},"71":{"start":{"line":141,"column":4},"end":{"line":141,"column":29}},"72":{"start":{"line":143,"column":4},"end":{"line":145,"column":6}},"73":{"start":{"line":148,"column":29},"end":{"line":152,"column":88}},"74":{"start":{"line":154,"column":20},"end":{"line":158,"column":5}},"75":{"start":{"line":156,"column":38},"end":{"line":156,"column":81}},"76":{"start":{"line":159,"column":24},"end":{"line":159,"column":29}},"77":{"start":{"line":160,"column":19},"end":{"line":246,"column":6}},"78":{"start":{"line":166,"column":8},"end":{"line":183,"column":9}},"79":{"start":{"line":167,"column":10},"end":{"line":181,"column":13}},"80":{"start":{"line":168,"column":32},"end":{"line":168,"column":41}},"81":{"start":{"line":169,"column":39},"end":{"line":169,"column":41}},"82":{"start":{"line":170,"column":12},"end":{"line":175,"column":13}},"83":{"start":{"line":170,"column":25},"end":{"line":170,"column":47}},"84":{"start":{"line":171,"column":14},"end":{"line":174,"column":15}},"85":{"start":{"line":172,"column":16},"end":{"line":172,"column":41}},"86":{"start":{"line":173,"column":16},"end":{"line":173,"column":22}},"87":{"start":{"line":176,"column":12},"end":{"line":179,"column":13}},"88":{"start":{"line":177,"column":37},"end":{"line":177,"column":102}},"89":{"start":{"line":178,"column":14},"end":{"line":178,"column":65}},"90":{"start":{"line":180,"column":12},"end":{"line":180,"column":31}},"91":{"start":{"line":182,"column":10},"end":{"line":182,"column":31}},"92":{"start":{"line":185,"column":8},"end":{"line":188,"column":18}},"93":{"start":{"line":186,"column":22},"end":{"line":186,"column":47}},"94":{"start":{"line":187,"column":10},"end":{"line":187,"column":41}},"95":{"start":{"line":187,"column":19},"end":{"line":187,"column":41}},"96":{"start":{"line":189,"column":8},"end":{"line":189,"column":46}},"97":{"start":{"line":189,"column":36},"end":{"line":189,"column":44}},"98":{"start":{"line":192,"column":24},"end":{"line":192,"column":51}},"99":{"start":{"line":193,"column":8},"end":{"line":209,"column":9}},"100":{"start":{"line":194,"column":28},"end":{"line":194,"column":48}},"101":{"start":{"line":195,"column":10},"end":{"line":208,"column":13}},"102":{"start":{"line":195,"column":30},"end":{"line":208,"column":11}},"103":{"start":{"line":210,"column":8},"end":{"line":210,"column":24}},"104":{"start":{"line":214,"column":24},"end":{"line":214,"column":51}},"105":{"start":{"line":215,"column":8},"end":{"line":226,"column":11}},"106":{"start":{"line":216,"column":23},"end":{"line":216,"column":32}},"107":{"start":{"line":217,"column":10},"end":{"line":224,"column":11}},"108":{"start":{"line":218,"column":12},"end":{"line":223,"column":15}},"109":{"start":{"line":225,"column":10},"end":{"line":225,"column":22}},"110":{"start":{"line":228,"column":8},"end":{"line":242,"column":11}},"111":{"start":{"line":229,"column":30},"end":{"line":229,"column":39}},"112":{"start":{"line":230,"column":37},"end":{"line":230,"column":39}},"113":{"start":{"line":231,"column":10},"end":{"line":236,"column":11}},"114":{"start":{"line":231,"column":23},"end":{"line":231,"column":45}},"115":{"start":{"line":232,"column":12},"end":{"line":235,"column":13}},"116":{"start":{"line":233,"column":14},"end":{"line":233,"column":39}},"117":{"start":{"line":234,"column":14},"end":{"line":234,"column":20}},"118":{"start":{"line":237,"column":10},"end":{"line":240,"column":11}},"119":{"start":{"line":238,"column":35},"end":{"line":238,"column":102}},"120":{"start":{"line":239,"column":12},"end":{"line":239,"column":63}},"121":{"start":{"line":241,"column":10},"end":{"line":241,"column":29}},"122":{"start":{"line":243,"column":8},"end":{"line":243,"column":57}},"123":{"start":{"line":244,"column":8},"end":{"line":244,"column":24}},"124":{"start":{"line":247,"column":4},"end":{"line":247,"column":31}},"125":{"start":{"line":251,"column":30},"end":{"line":251,"column":48}},"126":{"start":{"line":252,"column":2},"end":{"line":252,"column":91}},"127":{"start":{"line":252,"column":20},"end":{"line":252,"column":67}},"128":{"start":{"line":254,"column":24},"end":{"line":261,"column":3}},"129":{"start":{"line":255,"column":4},"end":{"line":255,"column":24}},"130":{"start":{"line":256,"column":4},"end":{"line":256,"column":30}},"131":{"start":{"line":257,"column":4},"end":{"line":257,"column":32}},"132":{"start":{"line":258,"column":4},"end":{"line":258,"column":29}},"133":{"start":{"line":260,"column":4},"end":{"line":260,"column":54}},"134":{"start":{"line":260,"column":21},"end":{"line":260,"column":49}},"135":{"start":{"line":263,"column":23},"end":{"line":268,"column":3}},"136":{"start":{"line":264,"column":4},"end":{"line":266,"column":5}},"137":{"start":{"line":265,"column":6},"end":{"line":265,"column":33}},"138":{"start":{"line":267,"column":4},"end":{"line":267,"column":20}},"139":{"start":{"line":270,"column":22},"end":{"line":274,"column":3}},"140":{"start":{"line":271,"column":4},"end":{"line":271,"column":39}},"141":{"start":{"line":271,"column":32},"end":{"line":271,"column":39}},"142":{"start":{"line":273,"column":4},"end":{"line":273,"column":56}},"143":{"start":{"line":276,"column":73},"end":{"line":300,"column":3}},"144":{"start":{"line":278,"column":4},"end":{"line":283,"column":5}},"145":{"start":{"line":279,"column":6},"end":{"line":279,"column":25}},"146":{"start":{"line":280,"column":19},"end":{"line":280,"column":78}},"147":{"start":{"line":281,"column":6},"end":{"line":281,"column":84}},"148":{"start":{"line":282,"column":6},"end":{"line":282,"column":13}},"149":{"start":{"line":285,"column":4},"end":{"line":291,"column":5}},"150":{"start":{"line":286,"column":6},"end":{"line":286,"column":25}},"151":{"start":{"line":288,"column":19},"end":{"line":288,"column":78}},"152":{"start":{"line":289,"column":6},"end":{"line":289,"column":84}},"153":{"start":{"line":290,"column":6},"end":{"line":290,"column":13}},"154":{"start":{"line":293,"column":4},"end":{"line":299,"column":5}},"155":{"start":{"line":294,"column":6},"end":{"line":298,"column":7}},"156":{"start":{"line":295,"column":8},"end":{"line":295,"column":27}},"157":{"start":{"line":296,"column":8},"end":{"line":296,"column":23}},"158":{"start":{"line":297,"column":8},"end":{"line":297,"column":58}},"159":{"start":{"line":297,"column":25},"end":{"line":297,"column":53}},"160":{"start":{"line":302,"column":18},"end":{"line":302,"column":64}},"161":{"start":{"line":302,"column":39},"end":{"line":302,"column":63}},"162":{"start":{"line":304,"column":2},"end":{"line":340,"column":4}},"163":{"start":{"line":313,"column":22},"end":{"line":313,"column":41}},"164":{"start":{"line":326,"column":23},"end":{"line":326,"column":43}},"165":{"start":{"line":334,"column":23},"end":{"line":334,"column":44}}},"fnMap":{"0":{"name":"(anonymous_0)","decl":{"start":{"line":12,"column":27},"end":{"line":12,"column":28}},"loc":{"start":{"line":12,"column":33},"end":{"line":341,"column":1}},"line":12},"1":{"name":"(anonymous_1)","decl":{"start":{"line":35,"column":28},"end":{"line":35,"column":29}},"loc":{"start":{"line":35,"column":54},"end":{"line":37,"column":3}},"line":35},"2":{"name":"(anonymous_2)","decl":{"start":{"line":39,"column":27},"end":{"line":39,"column":28}},"loc":{"start":{"line":39,"column":53},"end":{"line":41,"column":3}},"line":39},"3":{"name":"(anonymous_3)","decl":{"start":{"line":43,"column":27},"end":{"line":43,"column":28}},"loc":{"start":{"line":43,"column":86},"end":{"line":71,"column":3}},"line":43},"4":{"name":"(anonymous_4)","decl":{"start":{"line":61,"column":18},"end":{"line":61,"column":19}},"loc":{"start":{"line":62,"column":8},"end":{"line":64,"column":9}},"line":62},"5":{"name":"(anonymous_5)","decl":{"start":{"line":62,"column":25},"end":{"line":62,"column":26}},"loc":{"start":{"line":63,"column":10},"end":{"line":63,"column":82}},"line":63},"6":{"name":"(anonymous_6)","decl":{"start":{"line":70,"column":15},"end":{"line":70,"column":16}},"loc":{"start":{"line":70,"column":21},"end":{"line":70,"column":42}},"line":70},"7":{"name":"(anonymous_7)","decl":{"start":{"line":73,"column":12},"end":{"line":73,"column":13}},"loc":{"start":{"line":73,"column":18},"end":{"line":75,"column":3}},"line":73},"8":{"name":"(anonymous_8)","decl":{"start":{"line":78,"column":12},"end":{"line":78,"column":13}},"loc":{"start":{"line":78,"column":18},"end":{"line":119,"column":3}},"line":78},"9":{"name":"(anonymous_9)","decl":{"start":{"line":80,"column":20},"end":{"line":80,"column":21}},"loc":{"start":{"line":80,"column":43},"end":{"line":86,"column":7}},"line":80},"10":{"name":"(anonymous_10)","decl":{"start":{"line":81,"column":20},"end":{"line":81,"column":21}},"loc":{"start":{"line":82,"column":10},"end":{"line":84,"column":11}},"line":82},"11":{"name":"(anonymous_11)","decl":{"start":{"line":82,"column":27},"end":{"line":82,"column":28}},"loc":{"start":{"line":83,"column":12},"end":{"line":83,"column":92}},"line":83},"12":{"name":"(anonymous_12)","decl":{"start":{"line":87,"column":17},"end":{"line":87,"column":18}},"loc":{"start":{"line":87,"column":27},"end":{"line":104,"column":7}},"line":87},"13":{"name":"(anonymous_13)","decl":{"start":{"line":95,"column":20},"end":{"line":95,"column":21}},"loc":{"start":{"line":95,"column":28},"end":{"line":103,"column":9}},"line":95},"14":{"name":"(anonymous_14)","decl":{"start":{"line":105,"column":15},"end":{"line":105,"column":16}},"loc":{"start":{"line":105,"column":24},"end":{"line":109,"column":7}},"line":105},"15":{"name":"(anonymous_15)","decl":{"start":{"line":108,"column":19},"end":{"line":108,"column":20}},"loc":{"start":{"line":108,"column":25},"end":{"line":108,"column":78}},"line":108},"16":{"name":"(anonymous_16)","decl":{"start":{"line":110,"column":15},"end":{"line":110,"column":16}},"loc":{"start":{"line":110,"column":21},"end":{"line":112,"column":7}},"line":110},"17":{"name":"(anonymous_17)","decl":{"start":{"line":115,"column":11},"end":{"line":115,"column":12}},"loc":{"start":{"line":115,"column":17},"end":{"line":118,"column":5}},"line":115},"18":{"name":"(anonymous_18)","decl":{"start":{"line":121,"column":28},"end":{"line":121,"column":29}},"loc":{"start":{"line":121,"column":84},"end":{"line":248,"column":3}},"line":121},"19":{"name":"(anonymous_19)","decl":{"start":{"line":134,"column":16},"end":{"line":134,"column":17}},"loc":{"start":{"line":134,"column":24},"end":{"line":134,"column":46}},"line":134},"20":{"name":"(anonymous_20)","decl":{"start":{"line":137,"column":15},"end":{"line":137,"column":16}},"loc":{"start":{"line":137,"column":21},"end":{"line":137,"column":49}},"line":137},"21":{"name":"(anonymous_21)","decl":{"start":{"line":156,"column":32},"end":{"line":156,"column":33}},"loc":{"start":{"line":156,"column":38},"end":{"line":156,"column":81}},"line":156},"22":{"name":"(anonymous_22)","decl":{"start":{"line":165,"column":15},"end":{"line":165,"column":16}},"loc":{"start":{"line":165,"column":22},"end":{"line":190,"column":7}},"line":165},"23":{"name":"(anonymous_23)","decl":{"start":{"line":167,"column":22},"end":{"line":167,"column":23}},"loc":{"start":{"line":167,"column":30},"end":{"line":181,"column":11}},"line":167},"24":{"name":"(anonymous_24)","decl":{"start":{"line":189,"column":28},"end":{"line":189,"column":29}},"loc":{"start":{"line":189,"column":36},"end":{"line":189,"column":44}},"line":189},"25":{"name":"(anonymous_25)","decl":{"start":{"line":191,"column":14},"end":{"line":191,"column":15}},"loc":{"start":{"line":191,"column":38},"end":{"line":211,"column":7}},"line":191},"26":{"name":"(anonymous_26)","decl":{"start":{"line":195,"column":22},"end":{"line":195,"column":23}},"loc":{"start":{"line":195,"column":30},"end":{"line":208,"column":11}},"line":195},"27":{"name":"(anonymous_27)","decl":{"start":{"line":212,"column":15},"end":{"line":212,"column":16}},"loc":{"start":{"line":212,"column":24},"end":{"line":245,"column":7}},"line":212},"28":{"name":"(anonymous_28)","decl":{"start":{"line":215,"column":20},"end":{"line":215,"column":21}},"loc":{"start":{"line":215,"column":28},"end":{"line":226,"column":9}},"line":215},"29":{"name":"(anonymous_29)","decl":{"start":{"line":228,"column":20},"end":{"line":228,"column":21}},"loc":{"start":{"line":228,"column":28},"end":{"line":242,"column":9}},"line":228},"30":{"name":"(anonymous_30)","decl":{"start":{"line":252,"column":12},"end":{"line":252,"column":13}},"loc":{"start":{"line":252,"column":18},"end":{"line":252,"column":69}},"line":252},"31":{"name":"(anonymous_31)","decl":{"start":{"line":254,"column":24},"end":{"line":254,"column":25}},"loc":{"start":{"line":254,"column":30},"end":{"line":261,"column":3}},"line":254},"32":{"name":"(anonymous_32)","decl":{"start":{"line":260,"column":15},"end":{"line":260,"column":16}},"loc":{"start":{"line":260,"column":21},"end":{"line":260,"column":49}},"line":260},"33":{"name":"(anonymous_33)","decl":{"start":{"line":263,"column":23},"end":{"line":263,"column":24}},"loc":{"start":{"line":263,"column":29},"end":{"line":268,"column":3}},"line":263},"34":{"name":"(anonymous_34)","decl":{"start":{"line":270,"column":22},"end":{"line":270,"column":23}},"loc":{"start":{"line":270,"column":28},"end":{"line":274,"column":3}},"line":270},"35":{"name":"(anonymous_35)","decl":{"start":{"line":276,"column":73},"end":{"line":276,"column":74}},"loc":{"start":{"line":276,"column":80},"end":{"line":300,"column":3}},"line":276},"36":{"name":"(anonymous_36)","decl":{"start":{"line":297,"column":19},"end":{"line":297,"column":20}},"loc":{"start":{"line":297,"column":25},"end":{"line":297,"column":53}},"line":297},"37":{"name":"(anonymous_37)","decl":{"start":{"line":302,"column":34},"end":{"line":302,"column":35}},"loc":{"start":{"line":302,"column":39},"end":{"line":302,"column":63}},"line":302},"38":{"name":"(anonymous_38)","decl":{"start":{"line":313,"column":16},"end":{"line":313,"column":17}},"loc":{"start":{"line":313,"column":22},"end":{"line":313,"column":41}},"line":313},"39":{"name":"(anonymous_39)","decl":{"start":{"line":326,"column":17},"end":{"line":326,"column":18}},"loc":{"start":{"line":326,"column":23},"end":{"line":326,"column":43}},"line":326},"40":{"name":"(anonymous_40)","decl":{"start":{"line":334,"column":17},"end":{"line":334,"column":18}},"loc":{"start":{"line":334,"column":23},"end":{"line":334,"column":44}},"line":334}},"branchMap":{"0":{"loc":{"start":{"line":45,"column":25},"end":{"line":45,"column":65}},"type":"binary-expr","locations":[{"start":{"line":45,"column":25},"end":{"line":45,"column":59}},{"start":{"line":45,"column":63},"end":{"line":45,"column":65}}],"line":45},"1":{"loc":{"start":{"line":54,"column":6},"end":{"line":57,"column":7}},"type":"if","locations":[{"start":{"line":54,"column":6},"end":{"line":57,"column":7}},{"start":{},"end":{}}],"line":54},"2":{"loc":{"start":{"line":56,"column":24},"end":{"line":56,"column":70}},"type":"binary-expr","locations":[{"start":{"line":56,"column":24},"end":{"line":56,"column":40}},{"start":{"line":56,"column":44},"end":{"line":56,"column":70}}],"line":56},"3":{"loc":{"start":{"line":63,"column":10},"end":{"line":63,"column":82}},"type":"cond-expr","locations":[{"start":{"line":63,"column":34},"end":{"line":63,"column":76}},{"start":{"line":63,"column":79},"end":{"line":63,"column":82}}],"line":63},"4":{"loc":{"start":{"line":83,"column":12},"end":{"line":83,"column":92}},"type":"cond-expr","locations":[{"start":{"line":83,"column":44},"end":{"line":83,"column":86}},{"start":{"line":83,"column":89},"end":{"line":83,"column":92}}],"line":83},"5":{"loc":{"start":{"line":90,"column":10},"end":{"line":93,"column":11}},"type":"if","locations":[{"start":{"line":90,"column":10},"end":{"line":93,"column":11}},{"start":{},"end":{}}],"line":90},"6":{"loc":{"start":{"line":122,"column":4},"end":{"line":122,"column":30}},"type":"if","locations":[{"start":{"line":122,"column":4},"end":{"line":122,"column":30}},{"start":{},"end":{}}],"line":122},"7":{"loc":{"start":{"line":123,"column":20},"end":{"line":123,"column":48}},"type":"binary-expr","locations":[{"start":{"line":123,"column":20},"end":{"line":123,"column":34}},{"start":{"line":123,"column":38},"end":{"line":123,"column":48}}],"line":123},"8":{"loc":{"start":{"line":124,"column":4},"end":{"line":124,"column":37}},"type":"if","locations":[{"start":{"line":124,"column":4},"end":{"line":124,"column":37}},{"start":{},"end":{}}],"line":124},"9":{"loc":{"start":{"line":124,"column":8},"end":{"line":124,"column":28}},"type":"binary-expr","locations":[{"start":{"line":124,"column":8},"end":{"line":124,"column":15}},{"start":{"line":124,"column":19},"end":{"line":124,"column":28}}],"line":124},"10":{"loc":{"start":{"line":162,"column":13},"end":{"line":162,"column":63}},"type":"cond-expr","locations":[{"start":{"line":162,"column":38},"end":{"line":162,"column":51}},{"start":{"line":162,"column":54},"end":{"line":162,"column":63}}],"line":162},"11":{"loc":{"start":{"line":166,"column":8},"end":{"line":183,"column":9}},"type":"if","locations":[{"start":{"line":166,"column":8},"end":{"line":183,"column":9}},{"start":{},"end":{}}],"line":166},"12":{"loc":{"start":{"line":171,"column":14},"end":{"line":174,"column":15}},"type":"if","locations":[{"start":{"line":171,"column":14},"end":{"line":174,"column":15}},{"start":{},"end":{}}],"line":171},"13":{"loc":{"start":{"line":176,"column":12},"end":{"line":179,"column":13}},"type":"if","locations":[{"start":{"line":176,"column":12},"end":{"line":179,"column":13}},{"start":{},"end":{}}],"line":176},"14":{"loc":{"start":{"line":187,"column":10},"end":{"line":187,"column":41}},"type":"if","locations":[{"start":{"line":187,"column":10},"end":{"line":187,"column":41}},{"start":{},"end":{}}],"line":187},"15":{"loc":{"start":{"line":193,"column":8},"end":{"line":209,"column":9}},"type":"if","locations":[{"start":{"line":193,"column":8},"end":{"line":209,"column":9}},{"start":{},"end":{}}],"line":193},"16":{"loc":{"start":{"line":193,"column":12},"end":{"line":193,"column":74}},"type":"binary-expr","locations":[{"start":{"line":193,"column":12},"end":{"line":193,"column":19}},{"start":{"line":193,"column":23},"end":{"line":193,"column":37}},{"start":{"line":193,"column":41},"end":{"line":193,"column":74}}],"line":193},"17":{"loc":{"start":{"line":206,"column":25},"end":{"line":206,"column":47}},"type":"binary-expr","locations":[{"start":{"line":206,"column":25},"end":{"line":206,"column":34}},{"start":{"line":206,"column":38},"end":{"line":206,"column":47}}],"line":206},"18":{"loc":{"start":{"line":217,"column":10},"end":{"line":224,"column":11}},"type":"if","locations":[{"start":{"line":217,"column":10},"end":{"line":224,"column":11}},{"start":{},"end":{}}],"line":217},"19":{"loc":{"start":{"line":217,"column":14},"end":{"line":217,"column":50}},"type":"binary-expr","locations":[{"start":{"line":217,"column":14},"end":{"line":217,"column":21}},{"start":{"line":217,"column":25},"end":{"line":217,"column":50}}],"line":217},"20":{"loc":{"start":{"line":232,"column":12},"end":{"line":235,"column":13}},"type":"if","locations":[{"start":{"line":232,"column":12},"end":{"line":235,"column":13}},{"start":{},"end":{}}],"line":232},"21":{"loc":{"start":{"line":232,"column":16},"end":{"line
[...]
ap":{"0":{"start":{"line":17,"column":21},"end":{"line":17,"column":42}},"1":{"start":{"line":18,"column":18},"end":{"line":18,"column":80}},"2":{"start":{"line":19,"column":18},"end":{"line":19,"column":63}},"3":{"start":{"line":21,"column":2},"end":{"line":62,"column":7}},"4":{"start":{"line":22,"column":4},"end":{"line":61,"column":5}},"5":{"start":{"line":23,"column":23},"end":{"line":33,"column":8}},"6":{"start":{"line":35,"column":6},"end":{"line":38,"column":7}},"7":{"start":{"line":36,"column":20},"end":{"line":36,"column":57}},"8":{"start":{"line":36,"column":54},"end":{"line":36,"column":56}},"9":{"start":{"line":37,"column":8},"end":{"line":37,"column":58}},"10":{"start":{"line":40,"column":6},"end":{"line":42,"column":7}},"11":{"start":{"line":41,"column":8},"end":{"line":41,"column":50}},"12":{"start":{"line":44,"column":21},"end":{"line":44,"column":46}},"13":{"start":{"line":45,"column":22},"end":{"line":45,"column":39}},"14":{"start":{"line":47,"column":6},"end":{"line":54,"column":7}},"15":{"start":{"line":48,"column":32},"end":{"line":48,"column":51}},"16":{"start":{"line":49,"column":8},"end":{"line":51,"column":9}},"17":{"start":{"line":50,"column":10},"end":{"line":50,"column":16}},"18":{"start":{"line":52,"column":22},"end":{"line":52,"column":61}},"19":{"start":{"line":53,"column":8},"end":{"line":53,"column":30}},"20":{"start":{"line":56,"column":6},"end":{"line":56,"column":22}},"21":{"start":{"line":59,"column":6},"end":{"line":59,"column":44}},"22":{"start":{"line":59,"column":37},"end":{"line":59,"column":44}},"23":{"start":{"line":60,"column":6},"end":{"line":60,"column":68}},"24":{"start":{"line":64,"column":2},"end":{"line":66,"column":4}},"25":{"start":{"line":65,"column":18},"end":{"line":65,"column":36}}},"fnMap":{"0":{"name":"startStream","decl":{"start":{"line":16,"column":16},"end":{"line":16,"column":27}},"loc":{"start":{"line":16,"column":69},"end":{"line":67,"column":1}},"line":16},"1":{"name":"(anonymous_1)","decl":{"start":{"line":21,"column":3},"end":{"line":21,"column":4}},"loc":{"start":{"line":21,"column":15},"end":{"line":62,"column":3}},"line":21},"2":{"name":"(anonymous_2)","decl":{"start":{"line":36,"column":48},"end":{"line":36,"column":49}},"loc":{"start":{"line":36,"column":54},"end":{"line":36,"column":56}},"line":36},"3":{"name":"(anonymous_3)","decl":{"start":{"line":65,"column":12},"end":{"line":65,"column":13}},"loc":{"start":{"line":65,"column":18},"end":{"line":65,"column":36}},"line":65}},"branchMap":{"0":{"loc":{"start":{"line":19,"column":18},"end":{"line":19,"column":63}},"type":"cond-expr","locations":[{"start":{"line":19,"column":28},"end":{"line":19,"column":49}},{"start":{"line":19,"column":52},"end":{"line":19,"column":63}}],"line":19},"1":{"loc":{"start":{"line":29,"column":23},"end":{"line":29,"column":48}},"type":"binary-expr","locations":[{"start":{"line":29,"column":23},"end":{"line":29,"column":41}},{"start":{"line":29,"column":45},"end":{"line":29,"column":48}}],"line":29},"2":{"loc":{"start":{"line":30,"column":22},"end":{"line":30,"column":46}},"type":"binary-expr","locations":[{"start":{"line":30,"column":22},"end":{"line":30,"column":39}},{"start":{"line":30,"column":43},"end":{"line":30,"column":46}}],"line":30},"3":{"loc":{"start":{"line":35,"column":6},"end":{"line":38,"column":7}},"type":"if","locations":[{"start":{"line":35,"column":6},"end":{"line":38,"column":7}},{"start":{},"end":{}}],"line":35},"4":{"loc":{"start":{"line":40,"column":6},"end":{"line":42,"column":7}},"type":"if","locations":[{"start":{"line":40,"column":6},"end":{"line":42,"column":7}},{"start":{},"end":{}}],"line":40},"5":{"loc":{"start":{"line":49,"column":8},"end":{"line":51,"column":9}},"type":"if","locations":[{"start":{"line":49,"column":8},"end":{"line":51,"column":9}},{"start":{},"end":{}}],"line":49},"6":{"loc":{"start":{"line":59,"column":6},"end":{"line":59,"column":44}},"type":"if","locations":[{"start":{"line":59,"column":6},"end":{"line":59,"column":44}},{"start":{},"end":{}}],"line":59},"7":{"loc":{"start":{"line":60,"column":21},"end":{"line":60,"column":66}},"type":"cond-expr","locations":[{"start":{"line":60,"column":42},"end":{"line":60,"column":43}},{"start":{"line":60,"column":46},"end":{"line":60,"column":66}}],"line":60}},"s":{"0":0,"1":0,"2":0,"3":0,"4":0,"5":0,"6":0,"7":0,"8":0,"9":0,"10":0,"11":0,"12":0,"13":0,"14":0,"15":0,"16":0,"17":0,"18":0,"19":0,"20":0,"21":0,"22":0,"23":0,"24":0,"25":0},"f":{"0":0,"1":0,"2":0,"3":0},"b":{"0":[0,0],"1":[0,0],"2":[0,0],"3":[0,0],"4":[0,0],"5":[0,0],"6":[0,0],"7":[0,0]},"_coverageSchema":"1a1c01bbd47fc00a2c39e90264f33305004495a9","hash":"fad556f43d4ab5a3b517bac99cc7df1b94a859dd"}
,"/Users/stephenboyett/Desktop/Github/cannasol-technologies/steves-mom/frontend/src/services/socketClient.ts": {"path":"/Users/stephenboyett/Desktop/Github/cannasol-technologies/steves-mom/frontend/src/services/socketClient.ts","statementMap":{"0":{"start":{"line":15,"column":21},"end":{"line":15,"column":75}},"1":{"start":{"line":16,"column":16},"end":{"line":16,"column":59}},"2":{"start":{"line":18,"column":33},"end":{"line":18,"column":53}},"3":{"start":{"line":20,"column":2},"end":{"line":22,"column":4}},"4":{"start":{"line":21,"column":4},"end":{"line":21,"column":52}},"5":{"start":{"line":24,"column":2},"end":{"line":35,"column":4}},"6":{"start":{"line":25,"column":4},"end":{"line":34,"column":5}},"7":{"start":{"line":26,"column":19},"end":{"line":26,"column":41}},"8":{"start":{"line":27,"column":6},"end":{"line":31,"column":7}},"9":{"start":{"line":28,"column":8},"end":{"line":28,"column":44}},"10":{"start":{"line":30,"column":8},"end":{"line":30,"column":39}},"11":{"start":{"line":33,"column":6},"end":{"line":33,"column":37}},"12":{"start":{"line":37,"column":2},"end":{"line":40,"column":4}},"13":{"start":{"line":38,"column":4},"end":{"line":38,"column":45}},"14":{"start":{"line":39,"column":4},"end":{"line":39,"column":51}},"15":{"start":{"line":42,"column":2},"end":{"line":46,"column":4}},"16":{"start":{"line":43,"column":4},"end":{"line":43,"column":47}},"17":{"start":{"line":44,"column":4},"end":{"line":44,"column":23}},"18":{"start":{"line":45,"column":4},"end":{"line":45,"column":18}},"19":{"start":{"line":48,"column":2},"end":{"line":54,"column":4}},"20":{"start":{"line":50,"column":6},"end":{"line":52,"column":7}},"21":{"start":{"line":51,"column":8},"end":{"line":51,"column":23}},"22":{"start":{"line":58,"column":27},"end":{"line":60,"column":1}}},"fnMap":{"0":{"name":"connectLiveUpdates","decl":{"start":{"line":14,"column":16},"end":{"line":14,"column":34}},"loc":{"start":{"line":14,"column":87},"end":{"line":55,"column":1}},"line":14},"1":{"name":"(anonymous_1)","decl":{"start":{"line":20,"column":18},"end":{"line":20,"column":19}},"loc":{"start":{"line":20,"column":24},"end":{"line":22,"column":3}},"line":20},"2":{"name":"(anonymous_2)","decl":{"start":{"line":24,"column":21},"end":{"line":24,"column":22}},"loc":{"start":{"line":24,"column":32},"end":{"line":35,"column":3}},"line":24},"3":{"name":"(anonymous_3)","decl":{"start":{"line":37,"column":19},"end":{"line":37,"column":20}},"loc":{"start":{"line":37,"column":30},"end":{"line":40,"column":3}},"line":37},"4":{"name":"(anonymous_4)","decl":{"start":{"line":42,"column":19},"end":{"line":42,"column":20}},"loc":{"start":{"line":42,"column":25},"end":{"line":46,"column":3}},"line":42},"5":{"name":"(anonymous_5)","decl":{"start":{"line":49,"column":16},"end":{"line":49,"column":17}},"loc":{"start":{"line":49,"column":22},"end":{"line":53,"column":5}},"line":49}},"branchMap":{"0":{"loc":{"start":{"line":15,"column":21},"end":{"line":15,"column":75}},"type":"cond-expr","locations":[{"start":{"line":15,"column":61},"end":{"line":15,"column":67}},{"start":{"line":15,"column":70},"end":{"line":15,"column":75}}],"line":15},"1":{"loc":{"start":{"line":27,"column":6},"end":{"line":31,"column":7}},"type":"if","locations":[{"start":{"line":27,"column":6},"end":{"line":31,"column":7}},{"start":{"line":29,"column":13},"end":{"line":31,"column":7}}],"line":27},"2":{"loc":{"start":{"line":27,"column":10},"end":{"line":27,"column":32}},"type":"binary-expr","locations":[{"start":{"line":27,"column":10},"end":{"line":27,"column":17}},{"start":{"line":27,"column":21},"end":{"line":27,"column":32}}],"line":27},"3":{"loc":{"start":{"line":50,"column":6},"end":{"line":52,"column":7}},"type":"if","locations":[{"start":{"line":50,"column":6},"end":{"line":52,"column":7}},{"start":{},"end":{}}],"line":50}},"s":{"0":10,"1":10,"2":10,"3":10,"4":5,"5":10,"6":0,"7":0,"8":0,"9":0,"10":0,"11":0,"12":10,"13":0,"14":0,"15":10,"16":10,"17":10,"18":10,"19":10,"20":10,"21":10,"22":4},"f":{"0":10,"1":5,"2":0,"3":0,"4":10,"5":10},"b":{"0":[0,10],"1":[0,0],"2":[0,0],"3":[10,0]},"_coverageSchema":"1a1c01bbd47fc00a2c39e90264f33305004495a9","hash":"0727d636a8b81a023c88aa0fce0c098cccbf2c7e"}
,"/Users/stephenboyett/Desktop/Github/cannasol-technologies/steves-mom/frontend/src/types/index.ts": {"path":"/Users/stephenboyett/Desktop/Github/cannasol-technologies/steves-mom/frontend/src/types/index.ts","statementMap":{},"fnMap":{},"branchMap":{},"s":{},"f":{},"b":{}}
,"/Users/stephenboyett/Desktop/Github/cannasol-technologies/steves-mom/frontend/src/types/tasks.ts": {"path":"/Users/stephenboyett/Desktop/Github/cannasol-technologies/steves-mom/frontend/src/types/tasks.ts","statementMap":{},"fnMap":{},"branchMap":{},"s":{},"f":{},"b":{},"_coverageSchema":"1a1c01bbd47fc00a2c39e90264f33305004495a9","hash":"95adcd84055f8538e4ad6b5f486654eeb54202c3"}
,"/Users/stephenboyett/Desktop/Github/cannasol-technologies/steves-mom/frontend/src/utils/animationCommands.ts": {"path":"/Users/stephenboyett/Desktop/Github/cannasol-technologies/steves-mom/frontend/src/utils/animationCommands.ts","statementMap":{"0":{"start":{"line":13,"column":2},"end":{"line":21,"column":12}},"1":{"start":{"line":15,"column":25},"end":{"line":15,"column":57}},"2":{"start":{"line":16,"column":4},"end":{"line":20,"column":5}},"3":{"start":{"line":17,"column":22},"end":{"line":17,"column":60}},"4":{"start":{"line":18,"column":18},"end":{"line":18,"column":37}},"5":{"start":{"line":19,"column":6},"end":{"line":19,"column":64}},"6":{"start":{"line":19,"column":42},"end":{"line":19,"column":64}},"7":{"start":{"line":23,"column":2},"end":{"line":30,"column":12}},"8":{"start":{"line":25,"column":22},"end":{"line":25,"column":68}},"9":{"start":{"line":26,"column":4},"end":{"line":29,"column":5}},"10":{"start":{"line":27,"column":18},"end":{"line":27,"column":42}},"11":{"start":{"line":28,"column":6},"end":{"line":28,"column":28}},"12":{"start":{"line":33,"column":14},"end":{"line":33,"column":48}},"13":{"start":{"line":34,"column":2},"end":{"line":42,"column":3}},"14":{"start":{"line":35,"column":19},"end":{"line":40,"column":5}},"15":{"start":{"line":38,"column":19},"end":{"line":38,"column":32}},"16":{"start":{"line":39,"column":25},"end":{"line":39,"column":46}},"17":{"start":{"line":41,"column":4},"end":{"line":41,"column":36}},"18":{"start":{"line":44,"column":2},"end":{"line":44,"column":14}},"19":{"start":{"line":48,"column":2},"end":{"line":48,"column":19}},"20":{"start":{"line":48,"column":12},"end":{"line":48,"column":19}},"21":{"start":{"line":49,"column":2},"end":{"line":49,"column":60}},"22":{"start":{"line":49,"column":16},"end":{"line":49,"column":60}},"23":{"start":{"line":50,"column":2},"end":{"line":50,"column":75}},"24":{"start":{"line":50,"column":21},"end":{"line":50,"column":75}},"25":{"start":{"line":51,"column":2},"end":{"line":51,"column":66}},"26":{"start":{"line":51,"column":18},"end":{"line":51,"column":66}},"27":{"start":{"line":55,"column":32},"end":{"line":55,"column":34}},"28":{"start":{"line":56,"column":2},"end":{"line":56,"column":69}},"29":{"start":{"line":56,"column":18},"end":{"line":56,"column":69}},"30":{"start":{"line":57,"column":2},"end":{"line":60,"column":3}},"31":{"start":{"line":58,"column":17},"end":{"line":58,"column":47}},"32":{"start":{"line":59,"column":4},"end":{"line":59,"column":88}},"33":{"start":{"line":61,"column":2},"end":{"line":61,"column":66}},"34":{"start":{"line":61,"column":21},"end":{"line":61,"column":66}},"35":{"start":{"line":62,"column":2},"end":{"line":62,"column":13}}},"fnMap":{"0":{"name":"parseAnimationFromText","decl":{"start":{"line":12,"column":16},"end":{"line":12,"column":38}},"loc":{"start":{"line":12,"column":78},"end":{"line":45,"column":1}},"line":12},"1":{"name":"(anonymous_1)","decl":{"start":{"line":38,"column":13},"end":{"line":38,"column":14}},"loc":{"start":{"line":38,"column":19},"end":{"line":38,"column":32}},"line":38},"2":{"name":"(anonymous_2)","decl":{"start":{"line":39,"column":13},"end":{"line":39,"column":14}},"loc":{"start":{"line":39,"column":25},"end":{"line":39,"column":46}},"line":39},"3":{"name":"executeAnimation","decl":{"start":{"line":47,"column":16},"end":{"line":47,"column":32}},"loc":{"start":{"line":47,"column":62},"end":{"line":52,"column":1}},"line":47},"4":{"name":"normalize","decl":{"start":{"line":54,"column":9},"end":{"line":54,"column":18}},"loc":{"start":{"line":54,"column":47},"end":{"line":63,"column":1}},"line":54}},"branchMap":{"0":{"loc":{"start":{"line":16,"column":4},"end":{"line":20,"column":5}},"type":"if","locations":[{"start":{"line":16,"column":4},"end":{"line":20,"column":5}},{"start":{},"end":{}}],"line":16},"1":{"loc":{"start":{"line":19,"column":6},"end":{"line":19,"column":64}},"type":"if","locations":[{"start":{"line":19,"column":6},"end":{"line":19,"column":64}},{"start":{},"end":{}}],"line":19},"2":{"loc":{"start":{"line":19,"column":10},"end":{"line":19,"column":40}},"type":"binary-expr","locations":[{"start":{"line":19,"column":10},"end":{"line":19,"column":13}},{"start":{"line":19,"column":17},"end":{"line":19,"column":40}}],"line":19},"3":{"loc":{"start":{"line":26,"column":4},"end":{"line":29,"column":5}},"type":"if","locations":[{"start":{"line":26,"column":4},"end":{"line":29,"column":5}},{"start":{},"end":{}}],"line":26},"4":{"loc":{"start":{"line":34,"column":2},"end":{"line":42,"column":3}},"type":"if","locations":[{"start":{"line":34,"column":2},"end":{"line":42,"column":3}},{"start":{},"end":{}}],"line":34},"5":{"loc":{"start":{"line":48,"column":2},"end":{"line":48,"column":19}},"type":"if","locations":[{"start":{"line":48,"column":2},"end":{"line":48,"column":19}},{"start":{},"end":{}}],"line":48},"6":{"loc":{"start":{"line":49,"column":2},"end":{"line":49,"column":60}},"type":"if","locations":[{"start":{"line":49,"column":2},"end":{"line":49,"column":60}},{"start":{},"end":{}}],"line":49},"7":{"loc":{"start":{"line":50,"column":2},"end":{"line":50,"column":75}},"type":"if","locations":[{"start":{"line":50,"column":2},"end":{"line":50,"column":75}},{"start":{},"end":{}}],"line":50},"8":{"loc":{"start":{"line":51,"column":2},"end":{"line":51,"column":66}},"type":"if","locations":[{"start":{"line":51,"column":2},"end":{"line":51,"column":66}},{"start":{},"end":{}}],"line":51},"9":{"loc":{"start":{"line":56,"column":2},"end":{"line":56,"column":69}},"type":"if","locations":[{"start":{"line":56,"column":2},"end":{"line":56,"column":69}},{"start":{},"end":{}}],"line":56},"10":{"loc":{"start":{"line":57,"column":2},"end":{"line":60,"column":3}},"type":"if","locations":[{"start":{"line":57,"column":2},"end":{"line":60,"column":3}},{"start":{},"end":{}}],"line":57},"11":{"loc":{"start":{"line":59,"column":15},"end":{"line":59,"column":87}},"type":"cond-expr","locations":[{"start":{"line":59,"column":56},"end":{"line":59,"column":77}},{"start":{"line":59,"column":81},"end":{"line":59,"column":87}}],"line":59},"12":{"loc":{"start":{"line":59,"column":16},"end":{"line":59,"column":51}},"type":"binary-expr","locations":[{"start":{"line":59,"column":16},"end":{"line":59,"column":31}},{"start":{"line":59,"column":35},"end":{"line":59,"column":51}}],"line":59},"13":{"loc":{"start":{"line":61,"column":2},"end":{"line":61,"column":66}},"type":"if","locations":[{"start":{"line":61,"column":2},"end":{"line":61,"column":66}},{"start":{},"end":{}}],"line":61}},"s":{"0":9,"1":9,"2":9,"3":1,"4":1,"5":1,"6":1,"7":8,"8":8,"9":8,"10":1,"11":1,"12":7,"13":7,"14":1,"15":3,"16":3,"17":1,"18":6,"19":0,"20":0,"21":0,"22":0,"23":0,"24":0,"25":0,"26":0,"27":3,"28":3,"29":3,"30":3,"31":3,"32":3,"33":3,"34":2,"35":3},"f":{"0":9,"1":3,"2":3,"3":0,"4":3},"b":{"0":[1,8],"1":[1,0],"2":[1,1],"3":[1,7],"4":[1,6],"5":[0,0],"6":[0,0],"7":[0,0],"8":[0,0],"9":[3,0],"10":[3,0],"11":[3,0],"12":[3,1],"13":[2,1]},"_coverageSchema":"1a1c01bbd47fc00a2c39e90264f33305004495a9","hash":"4a48457734761c6a04a751d20578c2d810f5fbc3"}
,"/Users/stephenboyett/Desktop/Github/cannasol-technologies/steves-mom/frontend/src/utils/taskUtils.tsx": {"path":"/Users/stephenboyett/Desktop/Github/cannasol-technologies/steves-mom/frontend/src/utils/taskUtils.tsx","statementMap":{"0":{"start":{"line":5,"column":72},"end":{"line":9,"column":1}},"1":{"start":{"line":6,"column":2},"end":{"line":8,"column":8}},"2":{"start":{"line":10,"column":68},"end":{"line":14,"column":1}},"3":{"start":{"line":11,"column":2},"end":{"line":13,"column":8}},"4":{"start":{"line":15,"column":66},"end":{"line":19,"column":1}},"5":{"start":{"line":16,"column":2},"end":{"line":18,"column":8}},"6":{"start":{"line":21,"column":29},"end":{"line":32,"column":1}},"7":{"start":{"line":22,"column":2},"end":{"line":31,"column":3}},"8":{"start":{"line":24,"column":6},"end":{"line":24,"column":29}},"9":{"start":{"line":26,"column":6},"end":{"line":26,"column":25}},"10":{"start":{"line":28,"column":6},"end":{"line":28,"column":23}},"11":{"start":{"line":30,"column":6},"end":{"line":30,"column":18}},"12":{"start":{"line":34,"column":30},"end":{"line":45,"column":1}},"13":{"start":{"line":35,"column":2},"end":{"line":44,"column":3}},"14":{"start":{"line":37,"column":6},"end":{"line":37,"column":81}},"15":{"start":{"line":39,"column":6},"end":{"line":39,"column":73}},"16":{"start":{"line":41,"column":6},"end":{"line":41,"column":85}},"17":{"start":{"line":43,"column":6},"end":{"line":43,"column":77}}},"fnMap":{"0":{"name":"(anonymous_0)","decl":{"start":{"line":5,"column":72},"end":{"line":5,"column":73}},"loc":{"start":{"line":6,"column":2},"end":{"line":8,"column":8}},"line":6},"1":{"name":"(anonymous_1)","decl":{"start":{"line":10,"column":68},"end":{"line":10,"column":69}},"loc":{"start":{"line":11,"column":2},"end":{"line":13,"column":8}},"line":11},"2":{"name":"(anonymous_2)","decl":{"start":{"line":15,"column":66},"end":{"line":15,"column":67}},"loc":{"start":{"line":16,"column":2},"end":{"line":18,"column":8}},"line":16},"3":{"name":"(anonymous_3)","decl":{"start":{"line":21,"column":29},"end":{"line":21,"column":30}},"loc":{"start":{"line":21,"column":53},"end":{"line":32,"column":1}},"line":21},"4":{"name":"(anonymous_4)","decl":{"start":{"line":34,"column":30},"end":{"line":34,"column":31}},"loc":{"start":{"line":34,"column":54},"end":{"line":45,"column":1}},"line":34}},"branchMap":{"0":{"loc":{"start":{"line":22,"column":2},"end":{"line":31,"column":3}},"type":"switch","locations":[{"start":{"line":23,"column":4},"end":{"line":24,"column":29}},{"start":{"line":25,"column":4},"end":{"line":26,"column":25}},{"start":{"line":27,"column":4},"end":{"line":28,"column":23}},{"start":{"line":29,"column":4},"end":{"line":30,"column":18}}],"line":22},"1":{"loc":{"start":{"line":35,"column":2},"end":{"line":44,"column":3}},"type":"switch","locations":[{"start":{"line":36,"column":4},"end":{"line":37,"column":81}},{"start":{"line":38,"column":4},"end":{"line":39,"column":73}},{"start":{"line":40,"column":4},"end":{"line":41,"column":85}},{"start":{"line":42,"column":4},"end":{"line":43,"column":77}}],"line":35}},"s":{"0":7,"1":0,"2":7,"3":0,"4":7,"5":0,"6":7,"7":0,"8":0,"9":0,"10":0,"11":0,"12":7,"13":0,"14":0,"15":0,"16":0,"17":0},"f":{"0":0,"1":0,"2":0,"3":0,"4":0},"b":{"0":[0,0,0,0],"1":[0,0,0,0]},"_coverageSchema":"1a1c01bbd47fc00a2c39e90264f33305004495a9","hash":"01ac800bfaa63150a1d1a7dba4eb02f515addc20"}
}
