{"/Users/stephenboyett/Desktop/Github/cannasol-technologies/steves-mom/frontend/src/App.tsx": {"path":"/Users/stephenboyett/Desktop/Github/cannasol-technologies/steves-mom/frontend/src/App.tsx","statementMap":{"0":{"start":{"line":12,"column":2},"end":{"line":27,"column":4}}},"fnMap":{"0":{"name":"App","decl":{"start":{"line":11,"column":9},"end":{"line":11,"column":12}},"loc":{"start":{"line":11,"column":15},"end":{"line":28,"column":1}},"line":11}},"branchMap":{},"s":{"0":5},"f":{"0":5},"b":{},"_coverageSchema":"1a1c01bbd47fc00a2c39e90264f33305004495a9","hash":"c1e8b373f254181f580e4249f9c6afe4e7205652"}
,"/Users/stephenboyett/Desktop/Github/cannasol-technologies/steves-mom/frontend/src/index.tsx": {"path":"/Users/stephenboyett/Desktop/Github/cannasol-technologies/steves-mom/frontend/src/index.tsx","statementMap":{"0":{"start":{"line":6,"column":13},"end":{"line":8,"column":1}},"1":{"start":{"line":10,"column":0},"end":{"line":14,"column":2}}},"fnMap":{},"branchMap":{},"s":{"0":0,"1":0},"f":{},"b":{}}
,"/Users/stephenboyett/Desktop/Github/cannasol-technologies/steves-mom/frontend/src/test-utils.tsx": {"path":"/Users/stephenboyett/Desktop/Github/cannasol-technologies/steves-mom/frontend/src/test-utils.tsx","statementMap":{"0":{"start":{"line":4,"column":25},"end":{"line":6,"column":1}},"1":{"start":{"line":5,"column":2},"end":{"line":5,"column":37}}},"fnMap":{"0":{"name":"(anonymous_0)","decl":{"start":{"line":4,"column":25},"end":{"line":4,"column":26}},"loc":{"start":{"line":5,"column":2},"end":{"line":5,"column":37}},"line":5}},"branchMap":{},"s":{"0":1,"1":5},"f":{"0":5},"b":{},"_coverageSchema":"1a1c01bbd47fc00a2c39e90264f33305004495a9","hash":"68151ca8187d4ef7f1eea787f92c66862a8ca4ae"}
,"/Users/stephenboyett/Desktop/Github/cannasol-technologies/steves-mom/frontend/src/components/Layout.tsx": {"path":"/Users/stephenboyett/Desktop/Github/cannasol-technologies/steves-mom/frontend/src/components/Layout.tsx","statementMap":{"0":{"start":{"line":9,"column":38},"end":{"line":149,"column":1}},"1":{"start":{"line":10,"column":19},"end":{"line":10,"column":32}},"2":{"start":{"line":11,"column":30},"end":{"line":11,"column":45}},"3":{"start":{"line":13,"column":19},"end":{"line":15,"column":3}},"4":{"start":{"line":14,"column":4},"end":{"line":14,"column":89}},"5":{"start":{"line":17,"column":2},"end":{"line":148,"column":4}},"6":{"start":{"line":27,"column":32},"end":{"line":27,"column":93}},"7":{"start":{"line":43,"column":29},"end":{"line":43,"column":47}},"8":{"start":{"line":98,"column":31},"end":{"line":98,"column":47}},"9":{"start":{"line":109,"column":31},"end":{"line":109,"column":47}},"10":{"start":{"line":120,"column":31},"end":{"line":120,"column":47}}},"fnMap":{"0":{"name":"(anonymous_0)","decl":{"start":{"line":9,"column":38},"end":{"line":9,"column":39}},"loc":{"start":{"line":9,"column":56},"end":{"line":149,"column":1}},"line":9},"1":{"name":"(anonymous_1)","decl":{"start":{"line":13,"column":19},"end":{"line":13,"column":20}},"loc":{"start":{"line":13,"column":37},"end":{"line":15,"column":3}},"line":13},"2":{"name":"(anonymous_2)","decl":{"start":{"line":27,"column":23},"end":{"line":27,"column":24}},"loc":{"start":{"line":27,"column":30},"end":{"line":27,"column":95}},"line":27},"3":{"name":"(anonymous_3)","decl":{"start":{"line":43,"column":23},"end":{"line":43,"column":24}},"loc":{"start":{"line":43,"column":29},"end":{"line":43,"column":47}},"line":43},"4":{"name":"(anonymous_4)","decl":{"start":{"line":98,"column":25},"end":{"line":98,"column":26}},"loc":{"start":{"line":98,"column":31},"end":{"line":98,"column":47}},"line":98},"5":{"name":"(anonymous_5)","decl":{"start":{"line":109,"column":25},"end":{"line":109,"column":26}},"loc":{"start":{"line":109,"column":31},"end":{"line":109,"column":47}},"line":109},"6":{"name":"(anonymous_6)","decl":{"start":{"line":120,"column":25},"end":{"line":120,"column":26}},"loc":{"start":{"line":120,"column":31},"end":{"line":120,"column":47}},"line":120}},"branchMap":{"0":{"loc":{"start":{"line":14,"column":11},"end":{"line":14,"column":88}},"type":"binary-expr","locations":[{"start":{"line":14,"column":11},"end":{"line":14,"column":37}},{"start":{"line":14,"column":42},"end":{"line":14,"column":58}},{"start":{"line":14,"column":62},"end":{"line":14,"column":87}}],"line":14},"1":{"loc":{"start":{"line":62,"column":16},"end":{"line":64,"column":142}},"type":"cond-expr","locations":[{"start":{"line":63,"column":20},"end":{"line":63,"column":98}},{"start":{"line":64,"column":20},"end":{"line":64,"column":142}}],"line":62},"2":{"loc":{"start":{"line":62,"column":16},"end":{"line":62,"column":50}},"type":"binary-expr","locations":[{"start":{"line":62,"column":16},"end":{"line":62,"column":29}},{"start":{"line":62,"column":33},"end":{"line":62,"column":50}}],"line":62},"3":{"loc":{"start":{"line":72,"column":16},"end":{"line":74,"column":142}},"type":"cond-expr","locations":[{"start":{"line":73,"column":20},"end":{"line":73,"column":98}},{"start":{"line":74,"column":20},"end":{"line":74,"column":142}}],"line":72},"4":{"loc":{"start":{"line":82,"column":16},"end":{"line":84,"column":142}},"type":"cond-expr","locations":[{"start":{"line":83,"column":20},"end":{"line":83,"column":98}},{"start":{"line":84,"column":20},"end":{"line":84,"column":142}}],"line":82},"5":{"loc":{"start":{"line":93,"column":9},"end":{"line":131,"column":9}},"type":"binary-expr","locations":[{"start":{"line":93,"column":9},"end":{"line":93,"column":15}},{"start":{"line":94,"column":10},"end":{"line":130,"column":18}}],"line":93},"6":{"loc":{"start":{"line":100,"column":18},"end":{"line":102,"column":144}},"type":"cond-expr","locations":[{"start":{"line":101,"column":22},"end":{"line":101,"column":100}},{"start":{"line":102,"column":22},"end":{"line":102,"column":144}}],"line":100},"7":{"loc":{"start":{"line":100,"column":18},"end":{"line":100,"column":52}},"type":"binary-expr","locations":[{"start":{"line":100,"column":18},"end":{"line":100,"column":31}},{"start":{"line":100,"column":35},"end":{"line":100,"column":52}}],"line":100},"8":{"loc":{"start":{"line":111,"column":18},"end":{"line":113,"column":144}},"type":"cond-expr","locations":[{"start":{"line":112,"column":22},"end":{"line":112,"column":100}},{"start":{"line":113,"column":22},"end":{"line":113,"column":144}}],"line":111},"9":{"loc":{"start":{"line":122,"column":18},"end":{"line":124,"column":144}},"type":"cond-expr","locations":[{"start":{"line":123,"column":22},"end":{"line":123,"column":100}},{"start":{"line":124,"column":22},"end":{"line":124,"column":144}}],"line":122}},"s":{"0":3,"1":16,"2":16,"3":16,"4":52,"5":16,"6":0,"7":2,"8":0,"9":0,"10":0},"f":{"0":16,"1":52,"2":0,"3":2,"4":0,"5":0,"6":0},"b":{"0":[52,35,1],"1":[15,1],"2":[16,1],"3":[1,15],"4":[0,16],"5":[16,1],"6":[1,0],"7":[1,0],"8":[0,1],"9":[0,1]},"_coverageSchema":"1a1c01bbd47fc00a2c39e90264f33305004495a9","hash":"ba978cf0cfd77c111296d270f8bfbb5181b8bdd4"}
,"/Users/stephenboyett/Desktop/Github/cannasol-technologies/steves-mom/frontend/src/components/ThemeToggle.tsx": {"path":"/Users/stephenboyett/Desktop/Github/cannasol-technologies/steves-mom/frontend/src/components/ThemeToggle.tsx","statementMap":{"0":{"start":{"line":4,"column":30},"end":{"line":24,"column":1}},"1":{"start":{"line":5,"column":33},"end":{"line":5,"column":43}},"2":{"start":{"line":7,"column":2},"end":{"line":23,"column":4}}},"fnMap":{"0":{"name":"(anonymous_0)","decl":{"start":{"line":4,"column":30},"end":{"line":4,"column":31}},"loc":{"start":{"line":4,"column":36},"end":{"line":24,"column":1}},"line":4}},"branchMap":{"0":{"loc":{"start":{"line":13,"column":7},"end":{"line":21,"column":7}},"type":"cond-expr","locations":[{"start":{"line":14,"column":8},"end":{"line":16,"column":14}},{"start":{"line":18,"column":8},"end":{"line":20,"column":14}}],"line":13}},"s":{"0":4,"1":37,"2":37},"f":{"0":37},"b":{"0":[34,3]},"_coverageSchema":"1a1c01bbd47fc00a2c39e90264f33305004495a9","hash":"25f27539605317dc6e9a3872914fa99322c32243"}
,"/Users/stephenboyett/Desktop/Github/cannasol-technologies/steves-mom/frontend/src/components/Character/StevesMomCharacter.tsx": {"path":"/Users/stephenboyett/Desktop/Github/cannasol-technologies/steves-mom/frontend/src/components/Character/StevesMomCharacter.tsx","statementMap":{"0":{"start":{"line":29,"column":37},"end":{"line":29,"column":90}},"1":{"start":{"line":30,"column":35},"end":{"line":30,"column":54}},"2":{"start":{"line":31,"column":13},"end":{"line":31,"column":51}},"3":{"start":{"line":33,"column":56},"end":{"line":45,"column":1}},"4":{"start":{"line":35,"column":4},"end":{"line":35,"column":17}},"5":{"start":{"line":37,"column":4},"end":{"line":37,"column":21}},"6":{"start":{"line":38,"column":4},"end":{"line":38,"column":33}},"7":{"start":{"line":38,"column":17},"end":{"line":38,"column":32}},"8":{"start":{"line":41,"column":4},"end":{"line":41,"column":69}},"9":{"start":{"line":42,"column":4},"end":{"line":42,"column":43}},"10":{"start":{"line":42,"column":25},"end":{"line":42,"column":41}},"11":{"start":{"line":44,"column":13},"end":{"line":44,"column":25}},"12":{"start":{"line":51,"column":44},"end":{"line":146,"column":1}},"13":{"start":{"line":52,"column":28},"end":{"line":52,"column":79}},"14":{"start":{"line":53,"column":38},"end":{"line":53,"column":53}},"15":{"start":{"line":54,"column":20},"end":{"line":54,"column":40}},"16":{"start":{"line":55,"column":25},"end":{"line":55,"column":34}},"17":{"start":{"line":57,"column":2},"end":{"line":57,"column":63}},"18":{"start":{"line":57,"column":18},"end":{"line":57,"column":57}},"19":{"start":{"line":59,"column":2},"end":{"line":62,"column":19}},"20":{"start":{"line":61,"column":4},"end":{"line":61,"column":42}},"21":{"start":{"line":64,"column":2},"end":{"line":78,"column":21}},"22":{"start":{"line":65,"column":4},"end":{"line":65,"column":37}},"23":{"start":{"line":67,"column":4},"end":{"line":67,"column":32}},"24":{"start":{"line":68,"column":22},"end":{"line":68,"column":44}},"25":{"start":{"line":69,"column":4},"end":{"line":77,"column":5}},"26":{"start":{"line":71,"column":16},"end":{"line":75,"column":14}},"27":{"start":{"line":72,"column":8},"end":{"line":74,"column":9}},"28":{"start":{"line":73,"column":10},"end":{"line":73,"column":54}},"29":{"start":{"line":76,"column":6},"end":{"line":76,"column":35}},"30":{"start":{"line":76,"column":19},"end":{"line":76,"column":34}},"31":{"start":{"line":80,"column":27},"end":{"line":83,"column":18}},"32":{"start":{"line":81,"column":24},"end":{"line":81,"column":97}},"33":{"start":{"line":82,"column":4},"end":{"line":82,"column":83}},"34":{"start":{"line":85,"column":25},"end":{"line":85,"column":95}},"35":{"start":{"line":87,"column":22},"end":{"line":109,"column":6}},"36":{"start":{"line":88,"column":4},"end":{"line":108,"column":5}},"37":{"start":{"line":90,"column":8},"end":{"line":90,"column":28}},"38":{"start":{"line":92,"column":8},"end":{"line":92,"column":27}},"39":{"start":{"line":94,"column":8},"end":{"line":94,"column":27}},"40":{"start":{"line":96,"column":8},"end":{"line":96,"column":29}},"41":{"start":{"line":98,"column":8},"end":{"line":98,"column":28}},"42":{"start":{"line":100,"column":8},"end":{"line":100,"column":29}},"43":{"start":{"line":102,"column":8},"end":{"line":102,"column":33}},"44":{"start":{"line":104,"column":8},"end":{"line":104,"column":34}},"45":{"start":{"line":107,"column":8},"end":{"line":107,"column":27}},"46":{"start":{"line":111,"column":2},"end":{"line":145,"column":4}}},"fnMap":{"0":{"name":"(anonymous_0)","decl":{"start":{"line":34,"column":13},"end":{"line":34,"column":14}},"loc":{"start":{"line":34,"column":21},"end":{"line":39,"column":3}},"line":34},"1":{"name":"(anonymous_1)","decl":{"start":{"line":38,"column":11},"end":{"line":38,"column":12}},"loc":{"start":{"line":38,"column":17},"end":{"line":38,"column":32}},"line":38},"2":{"name":"(anonymous_2)","decl":{"start":{"line":40,"column":7},"end":{"line":40,"column":8}},"loc":{"start":{"line":40,"column":20},"end":{"line":43,"column":3}},"line":40},"3":{"name":"(anonymous_3)","decl":{"start":{"line":42,"column":17},"end":{"line":42,"column":18}},"loc":{"start":{"line":42,"column":25},"end":{"line":42,"column":41}},"line":42},"4":{"name":"(anonymous_4)","decl":{"start":{"line":44,"column":7},"end":{"line":44,"column":8}},"loc":{"start":{"line":44,"column":13},"end":{"line":44,"column":25}},"line":44},"5":{"name":"(anonymous_5)","decl":{"start":{"line":51,"column":44},"end":{"line":51,"column":45}},"loc":{"start":{"line":51,"column":64},"end":{"line":146,"column":1}},"line":51},"6":{"name":"(anonymous_6)","decl":{"start":{"line":57,"column":12},"end":{"line":57,"column":13}},"loc":{"start":{"line":57,"column":18},"end":{"line":57,"column":57}},"line":57},"7":{"name":"(anonymous_7)","decl":{"start":{"line":59,"column":12},"end":{"line":59,"column":13}},"loc":{"start":{"line":59,"column":18},"end":{"line":62,"column":3}},"line":59},"8":{"name":"(anonymous_8)","decl":{"start":{"line":64,"column":12},"end":{"line":64,"column":13}},"loc":{"start":{"line":64,"column":18},"end":{"line":78,"column":3}},"line":64},"9":{"name":"(anonymous_9)","decl":{"start":{"line":71,"column":27},"end":{"line":71,"column":28}},"loc":{"start":{"line":71,"column":33},"end":{"line":75,"column":7}},"line":71},"10":{"name":"(anonymous_10)","decl":{"start":{"line":76,"column":13},"end":{"line":76,"column":14}},"loc":{"start":{"line":76,"column":19},"end":{"line":76,"column":34}},"line":76},"11":{"name":"(anonymous_11)","decl":{"start":{"line":80,"column":35},"end":{"line":80,"column":36}},"loc":{"start":{"line":80,"column":41},"end":{"line":83,"column":3}},"line":80},"12":{"name":"(anonymous_12)","decl":{"start":{"line":87,"column":23},"end":{"line":87,"column":24}},"loc":{"start":{"line":87,"column":29},"end":{"line":109,"column":3}},"line":87}},"branchMap":{"0":{"loc":{"start":{"line":51,"column":47},"end":{"line":51,"column":57}},"type":"default-arg","locations":[{"start":{"line":51,"column":54},"end":{"line":51,"column":57}}],"line":51},"1":{"loc":{"start":{"line":69,"column":4},"end":{"line":77,"column":5}},"type":"if","locations":[{"start":{"line":69,"column":4},"end":{"line":77,"column":5}},{"start":{},"end":{}}],"line":69},"2":{"loc":{"start":{"line":72,"column":8},"end":{"line":74,"column":9}},"type":"if","locations":[{"start":{"line":72,"column":8},"end":{"line":74,"column":9}},{"start":{},"end":{}}],"line":72},"3":{"loc":{"start":{"line":81,"column":24},"end":{"line":81,"column":97}},"type":"cond-expr","locations":[{"start":{"line":81,"column":48},"end":{"line":81,"column":71}},{"start":{"line":81,"column":74},"end":{"line":81,"column":97}}],"line":81},"4":{"loc":{"start":{"line":85,"column":25},"end":{"line":85,"column":95}},"type":"cond-expr","locations":[{"start":{"line":85,"column":54},"end":{"line":85,"column":57}},{"start":{"line":85,"column":60},"end":{"line":85,"column":95}}],"line":85},"5":{"loc":{"start":{"line":85,"column":60},"end":{"line":85,"column":95}},"type":"cond-expr","locations":[{"start":{"line":85,"column":88},"end":{"line":85,"column":91}},{"start":{"line":85,"column":94},"end":{"line":85,"column":95}}],"line":85},"6":{"loc":{"start":{"line":88,"column":4},"end":{"line":108,"column":5}},"type":"switch","locations":[{"start":{"line":89,"column":6},"end":{"line":90,"column":28}},{"start":{"line":91,"column":6},"end":{"line":92,"column":27}},{"start":{"line":93,"column":6},"end":{"line":94,"column":27}},{"start":{"line":95,"column":6},"end":{"line":96,"column":29}},{"start":{"line":97,"column":6},"end":{"line":98,"column":28}},{"start":{"line":99,"column":6},"end":{"line":100,"column":29}},{"start":{"line":101,"column":6},"end":{"line":102,"column":33}},{"start":{"line":103,"column":6},"end":{"line":104,"column":34}},{"start":{"line":105,"column":6},"end":{"line":105,"column":18}},{"start":{"line":106,"column":6},"end":{"line":107,"column":27}}],"line":88},"7":{"loc":{"start":{"line":117,"column":49},"end":{"line":117,"column":79}},"type":"cond-expr","locations":[{"start":{"line":117,"column":62},"end":{"line":117,"column":74}},{"start":{"line":117,"column":77},"end":{"line":117,"column":79}}],"line":117}},"s":{"0":7,"1":7,"2":7,"3":7,"4":13,"5":13,"6":13,"7":13,"8":0,"9":0,"10":0,"11":41,"12":7,"13":41,"14":41,"15":41,"16":41,"17":41,"18":13,"19":41,"20":13,"21":41,"22":13,"23":13,"24":13,"25":13,"26":0,"27":0,"28":0,"29":0,"30":0,"31":41,"32":13,"33":13,"34":41,"35":41,"36":41,"37":0,"38":0,"39":0,"40":0,"41":0,"42":0,"43":0,"44":0,"45":41,"46":41},"f":{"0":13,"1":13,"2":0,"3":0,"4":41,"5":41,"6":13,"7":13,"8":13,"9":0,"10":0,"11":13,"12":41},"b":{"0":[0],"1":[0,13],"2":[0,0],"3":[13,0],"4":[0,41],"5":[0,41],"6":[0,0,0,0,0,0,0,0,41,41],"7":[0,41]},"_coverageSchema":"1a1c01bbd47fc00a2c39e90264f33305004495a9","hash":"fdd01d8aa34555c7edddba06f5d5bf87e8a4af7b"}
,"/Users/stephenboyett/Desktop/Github/cannasol-technologies/steves-mom/frontend/src/components/Chat/ChatInterface.tsx": {"path":"/Users/stephenboyett/Desktop/Github/cannasol-technologies/steves-mom/frontend/src/components/Chat/ChatInterface.tsx","statementMap":{"0":{"start":{"line":29,"column":52},"end":{"line":156,"column":1}},"1":{"start":{"line":48,"column":2},"end":{"line":155,"column":4}},"2":{"start":{"line":62,"column":38},"end":{"line":62,"column":99}}},"fnMap":{"0":{"name":"(anonymous_0)","decl":{"start":{"line":29,"column":52},"end":{"line":29,"column":53}},"loc":{"start":{"line":47,"column":6},"end":{"line":156,"column":1}},"line":47},"1":{"name":"(anonymous_1)","decl":{"start":{"line":62,"column":29},"end":{"line":62,"column":30}},"loc":{"start":{"line":62,"column":36},"end":{"line":62,"column":101}},"line":62},"2":{"name":"(anonymous_2)","decl":{"start":{"line":111,"column":47},"end":{"line":111,"column":48}},"loc":{"start":{"line":111,"column":53},"end":{"line":111,"column":55}},"line":111},"3":{"name":"(anonymous_3)","decl":{"start":{"line":112,"column":49},"end":{"line":112,"column":50}},"loc":{"start":{"line":112,"column":55},"end":{"line":112,"column":57}},"line":112}},"branchMap":{"0":{"loc":{"start":{"line":82,"column":11},"end":{"line":91,"column":11}},"type":"binary-expr","locations":[{"start":{"line":82,"column":11},"end":{"line":82,"column":23}},{"start":{"line":83,"column":23},"end":{"line":90,"column":18}}],"line":82},"1":{"loc":{"start":{"line":99,"column":11},"end":{"line":99,"column":100}},"type":"cond-expr","locations":[{"start":{"line":99,"column":42},"end":{"line":99,"column":78}},{"start":{"line":99,"column":81},"end":{"line":99,"column":100}}],"line":99},"2":{"loc":{"start":{"line":99,"column":11},"end":{"line":99,"column":39}},"type":"binary-expr","locations":[{"start":{"line":99,"column":11},"end":{"line":99,"column":20}},{"start":{"line":99,"column":24},"end":{"line":99,"column":39}}],"line":99},"3":{"loc":{"start":{"line":104,"column":11},"end":{"line":117,"column":11}},"type":"binary-expr","locations":[{"start":{"line":104,"column":12},"end":{"line":104,"column":27}},{"start":{"line":104,"column":32},"end":{"line":104,"column":68}},{"start":{"line":104,"column":72},"end":{"line":104,"column":99}},{"start":{"line":105,"column":12},"end":{"line":116,"column":18}}],"line":104},"4":{"loc":{"start":{"line":109,"column":29},"end":{"line":109,"column":51}},"type":"binary-expr","locations":[{"start":{"line":109,"column":29},"end":{"line":109,"column":45}},{"start":{"line":109,"column":49},"end":{"line":109,"column":51}}],"line":109},"5":{"loc":{"start":{"line":111,"column":29},"end":{"line":111,"column":56}},"type":"binary-expr","locations":[{"start":{"line":111,"column":29},"end":{"line":111,"column":42}},{"start":{"line":111,"column":47},"end":{"line":111,"column":55}}],"line":111},"6":{"loc":{"start":{"line":112,"column":30},"end":{"line":112,"column":58}},"type":"binary-expr","locations":[{"start":{"line":112,"column":30},"end":{"line":112,"column":44}},{"start":{"line":112,"column":49},"end":{"line":112,"column":57}}],"line":112}},"s":{"0":6,"1":36,"2":0},"f":{"0":36,"1":0,"2":0,"3":0},"b":{"0":[36,5],"1":[12,24],"2":[36,24],"3":[36,25,25,13],"4":[13,7],"5":[13,0],"6":[13,0]},"_coverageSchema":"1a1c01bbd47fc00a2c39e90264f33305004495a9","hash":"6abf1d67324d059333ec8e735c5208a175658999"}
,"/Users/stephenboyett/Desktop/Github/cannasol-technologies/steves-mom/frontend/src/components/Chat/InputArea.tsx": {"path":"/Users/stephenboyett/Desktop/Github/cannasol-technologies/steves-mom/frontend/src/components/Chat/InputArea.tsx","statementMap":{"0":{"start":{"line":13,"column":18},"end":{"line":13,"column":22}},"1":{"start":{"line":15,"column":44},"end":{"line":113,"column":1}},"2":{"start":{"line":17,"column":22},"end":{"line":17,"column":68}},"3":{"start":{"line":18,"column":18},"end":{"line":25,"column":19}},"4":{"start":{"line":19,"column":4},"end":{"line":19,"column":31}},"5":{"start":{"line":20,"column":4},"end":{"line":24,"column":5}},"6":{"start":{"line":21,"column":6},"end":{"line":21,"column":24}},"7":{"start":{"line":22,"column":11},"end":{"line":24,"column":5}},"8":{"start":{"line":23,"column":6},"end":{"line":23,"column":42}},"9":{"start":{"line":27,"column":19},"end":{"line":35,"column":8}},"10":{"start":{"line":28,"column":15},"end":{"line":28,"column":34}},"11":{"start":{"line":29,"column":4},"end":{"line":29,"column":20}},"12":{"start":{"line":29,"column":13},"end":{"line":29,"column":20}},"13":{"start":{"line":31,"column":4},"end":{"line":31,"column":29}},"14":{"start":{"line":32,"column":18},"end":{"line":32,"column":21}},"15":{"start":{"line":33,"column":17},"end":{"line":33,"column":49}},"16":{"start":{"line":34,"column":4},"end":{"line":34,"column":34}},"17":{"start":{"line":37,"column":2},"end":{"line":37,"column":60}},"18":{"start":{"line":37,"column":26},"end":{"line":37,"column":37}},"19":{"start":{"line":39,"column":17},"end":{"line":39,"column":29}},"20":{"start":{"line":40,"column":20},"end":{"line":40,"column":38}},"21":{"start":{"line":41,"column":20},"end":{"line":41,"column":38}},"22":{"start":{"line":42,"column":20},"end":{"line":42,"column":54}},"23":{"start":{"line":44,"column":23},"end":{"line":48,"column":3}},"24":{"start":{"line":45,"column":4},"end":{"line":45,"column":16}},"25":{"start":{"line":47,"column":4},"end":{"line":47,"column":36}},"26":{"start":{"line":50,"column":2},"end":{"line":112,"column":4}},"27":{"start":{"line":51,"column":29},"end":{"line":51,"column":48}},"28":{"start":{"line":51,"column":49},"end":{"line":51,"column":76}},"29":{"start":{"line":51,"column":65},"end":{"line":51,"column":76}},"30":{"start":{"line":57,"column":29},"end":{"line":57,"column":57}}},"fnMap":{"0":{"name":"(anonymous_0)","decl":{"start":{"line":15,"column":44},"end":{"line":15,"column":45}},"loc":{"start":{"line":15,"column":122},"end":{"line":113,"column":1}},"line":15},"1":{"name":"(anonymous_1)","decl":{"start":{"line":18,"column":36},"end":{"line":18,"column":37}},"loc":{"start":{"line":18,"column":74},"end":{"line":25,"column":3}},"line":18},"2":{"name":"(anonymous_2)","decl":{"start":{"line":27,"column":37},"end":{"line":27,"column":38}},"loc":{"start":{"line":27,"column":43},"end":{"line":35,"column":3}},"line":27},"3":{"name":"(anonymous_3)","decl":{"start":{"line":37,"column":18},"end":{"line":37,"column":19}},"loc":{"start":{"line":37,"column":24},"end":{"line":37,"column":39}},"line":37},"4":{"name":"(anonymous_4)","decl":{"start":{"line":44,"column":23},"end":{"line":44,"column":24}},"loc":{"start":{"line":44,"column":38},"end":{"line":48,"column":3}},"line":44},"5":{"name":"(anonymous_5)","decl":{"start":{"line":51,"column":20},"end":{"line":51,"column":21}},"loc":{"start":{"line":51,"column":27},"end":{"line":51,"column":78}},"line":51},"6":{"name":"(anonymous_6)","decl":{"start":{"line":57,"column":22},"end":{"line":57,"column":23}},"loc":{"start":{"line":57,"column":29},"end":{"line":57,"column":57}},"line":57}},"branchMap":{"0":{"loc":{"start":{"line":20,"column":4},"end":{"line":24,"column":5}},"type":"if","locations":[{"start":{"line":20,"column":4},"end":{"line":24,"column":5}},{"start":{"line":22,"column":11},"end":{"line":24,"column":5}}],"line":20},"1":{"loc":{"start":{"line":22,"column":11},"end":{"line":24,"column":5}},"type":"if","locations":[{"start":{"line":22,"column":11},"end":{"line":24,"column":5}},{"start":{},"end":{}}],"line":22},"2":{"loc":{"start":{"line":22,"column":15},"end":{"line":22,"column":70}},"type":"binary-expr","locations":[{"start":{"line":22,"column":15},"end":{"line":22,"column":26}},{"start":{"line":22,"column":30},"end":{"line":22,"column":70}}],"line":22},"3":{"loc":{"start":{"line":29,"column":4},"end":{"line":29,"column":20}},"type":"if","locations":[{"start":{"line":29,"column":4},"end":{"line":29,"column":20}},{"start":{},"end":{}}],"line":29},"4":{"loc":{"start":{"line":42,"column":20},"end":{"line":42,"column":54}},"type":"binary-expr","locations":[{"start":{"line":42,"column":20},"end":{"line":42,"column":36}},{"start":{"line":42,"column":40},"end":{"line":42,"column":54}}],"line":42},"5":{"loc":{"start":{"line":51,"column":49},"end":{"line":51,"column":76}},"type":"if","locations":[{"start":{"line":51,"column":49},"end":{"line":51,"column":76}},{"start":{},"end":{}}],"line":51},"6":{"loc":{"start":{"line":53,"column":61},"end":{"line":53,"column":155}},"type":"cond-expr","locations":[{"start":{"line":53,"column":73},"end":{"line":53,"column":109}},{"start":{"line":53,"column":112},"end":{"line":53,"column":155}}],"line":53},"7":{"loc":{"start":{"line":53,"column":220},"end":{"line":53,"column":358}},"type":"cond-expr","locations":[{"start":{"line":53,"column":232},"end":{"line":53,"column":290}},{"start":{"line":53,"column":293},"end":{"line":53,"column":358}}],"line":53},"8":{"loc":{"start":{"line":63,"column":26},"end":{"line":63,"column":56}},"type":"cond-expr","locations":[{"start":{"line":63,"column":38},"end":{"line":63,"column":44}},{"start":{"line":63,"column":47},"end":{"line":63,"column":56}}],"line":63},"9":{"loc":{"start":{"line":69,"column":24},"end":{"line":69,"column":75}},"type":"binary-expr","locations":[{"start":{"line":69,"column":24},"end":{"line":69,"column":37}},{"start":{"line":69,"column":41},"end":{"line":69,"column":49}},{"start":{"line":69,"column":53},"end":{"line":69,"column":62}},{"start":{"line":69,"column":66},"end":{"line":69,"column":75}}],"line":69},"10":{"loc":{"start":{"line":72,"column":21},"end":{"line":72,"column":105}},"type":"cond-expr","locations":[{"start":{"line":72,"column":33},"end":{"line":72,"column":88}},{"start":{"line":72,"column":91},"end":{"line":72,"column":105}}],"line":72},"11":{"loc":{"start":{"line":75,"column":15},"end":{"line":90,"column":15}},"type":"cond-expr","locations":[{"start":{"line":76,"column":16},"end":{"line":82,"column":19}},{"start":{"line":84,"column":16},"end":{"line":89,"column":19}}],"line":75},"12":{"loc":{"start":{"line":100,"column":13},"end":{"line":100,"column":125}},"type":"cond-expr","locations":[{"start":{"line":100,"column":25},"end":{"line":100,"column":85}},{"start":{"line":100,"column":88},"end":{"line":100,"column":125}}],"line":100},"13":{"loc":{"start":{"line":102,"column":29},"end":{"line":102,"column":161}},"type":"cond-expr","locations":[{"start":{"line":102,"column":41},"end":{"line":102,"column":73}},{"start":{"line":102,"column":76},"end":{"line":102,"column":161}}],"line":102},"14":{"loc":{"start":{"line":102,"column":76},"end":{"line":102,"column":161}},"type":"cond-expr","locations":[{"start":{"line":102,"column":88},"end":{"line":102,"column":124}},{"start":{"line":102,"column":127},"end":{"line":102,"column":161}}],"line":102},"15":{"loc":{"start":{"line":103,"column":13},"end":{"line":107,"column":13}},"type":"cond-expr","locations":[{"start":{"line":104,"column":14},"end":{"line":104,"column":93}},{"start":{"line":106,"column":14},"end":{"line":106,"column":123}}],"line":103}},"s":{"0":7,"1":7,"2":46,"3":46,"4":40,"5":40,"6":0,"7":40,"8":24,"9":46,"10":44,"11":44,"12":6,"13":38,"14":38,"15":38,"16":38,"17":46,"18":33,"19":46,"20":46,"21":46,"22":46,"23":46,"24":11,"25":11,"26":46,"27":6,"28":6,"29":6,"30":11},"f":{"0":46,"1":40,"2":44,"3":33,"4":11,"5":6,"6":11},"b":{"0":[0,40],"1":[24,16],"2":[40,24],"3":[6,38],"4":[46,1],"5":[6,0],"6":[1,45],"7":[1,45],"8":[1,45],"9":[46,10,10,9],"10":[1,45],"11":[13,33],"12":[1,45],"13":[1,45],"14":[0,45],"15":[1,45]},"_coverageSchema":"1a1c01bbd47fc00a2c39e90264f33305004495a9","hash":"fb14e65919b6dcff651bdeb9a39a0fd973e84175"}
,"/Users/stephenboyett/Desktop/Github/cannasol-technologies/steves-mom/frontend/src/components/Chat/MessageList.tsx": {"path":"/Users/stephenboyett/Desktop/Github/cannasol-technologies/steves-mom/frontend/src/components/Chat/MessageList.tsx","statementMap":{"0":{"start":{"line":27,"column":48},"end":{"line":345,"column":1}},"1":{"start":{"line":28,"column":20},"end":{"line":28,"column":54}},"2":{"start":{"line":29,"column":38},"end":{"line":29,"column":58}},"3":{"start":{"line":31,"column":23},"end":{"line":37,"column":8}},"4":{"start":{"line":32,"column":15},"end":{"line":32,"column":32}},"5":{"start":{"line":33,"column":4},"end":{"line":33,"column":20}},"6":{"start":{"line":33,"column":13},"end":{"line":33,"column":20}},"7":{"start":{"line":34,"column":22},"end":{"line":34,"column":24}},"8":{"start":{"line":35,"column":31},"end":{"line":35,"column":79}},"9":{"start":{"line":36,"column":4},"end":{"line":36,"column":51}},"10":{"start":{"line":40,"column":2},"end":{"line":51,"column":36}},"11":{"start":{"line":41,"column":15},"end":{"line":41,"column":32}},"12":{"start":{"line":42,"column":4},"end":{"line":42,"column":20}},"13":{"start":{"line":42,"column":13},"end":{"line":42,"column":20}},"14":{"start":{"line":43,"column":4},"end":{"line":43,"column":28}},"15":{"start":{"line":43,"column":21},"end":{"line":43,"column":28}},"16":{"start":{"line":45,"column":27},"end":{"line":45,"column":88}},"17":{"start":{"line":46,"column":4},"end":{"line":50,"column":5}},"18":{"start":{"line":47,"column":6},"end":{"line":47,"column":37}},"19":{"start":{"line":49,"column":6},"end":{"line":49,"column":64}},"20":{"start":{"line":54,"column":2},"end":{"line":60,"column":21}},"21":{"start":{"line":55,"column":15},"end":{"line":55,"column":32}},"22":{"start":{"line":56,"column":4},"end":{"line":56,"column":20}},"23":{"start":{"line":56,"column":13},"end":{"line":56,"column":20}},"24":{"start":{"line":57,"column":4},"end":{"line":57,"column":19}},"25":{"start":{"line":58,"column":4},"end":{"line":58,"column":67}},"26":{"start":{"line":59,"column":4},"end":{"line":59,"column":81}},"27":{"start":{"line":59,"column":17},"end":{"line":59,"column":80}},"28":{"start":{"line":62,"column":21},"end":{"line":68,"column":3}},"29":{"start":{"line":63,"column":4},"end":{"line":67,"column":5}},"30":{"start":{"line":64,"column":6},"end":{"line":64,"column":48}},"31":{"start":{"line":70,"column":25},"end":{"line":79,"column":3}},"32":{"start":{"line":71,"column":15},"end":{"line":71,"column":32}},"33":{"start":{"line":72,"column":4},"end":{"line":72,"column":20}},"34":{"start":{"line":72,"column":13},"end":{"line":72,"column":20}},"35":{"start":{"line":73,"column":27},"end":{"line":73,"column":88}},"36":{"start":{"line":74,"column":4},"end":{"line":78,"column":5}},"37":{"start":{"line":75,"column":6},"end":{"line":75,"column":37}},"38":{"start":{"line":77,"column":6},"end":{"line":77,"column":64}},"39":{"start":{"line":81,"column":2},"end":{"line":344,"column":4}},"40":{"start":{"line":85,"column":27},"end":{"line":85,"column":44}},"41":{"start":{"line":86,"column":10},"end":{"line":245,"column":12}},"42":{"start":{"line":159,"column":41},"end":{"line":159,"column":68}},"43":{"start":{"line":160,"column":28},"end":{"line":160,"column":85}},"44":{"start":{"line":202,"column":41},"end":{"line":202,"column":65}},"45":{"start":{"line":211,"column":41},"end":{"line":211,"column":64}},"46":{"start":{"line":226,"column":37},"end":{"line":226,"column":58}}},"fnMap":{"0":{"name":"(anonymous_0)","decl":{"start":{"line":27,"column":48},"end":{"line":27,"column":49}},"loc":{"start":{"line":27,"column":131},"end":{"line":345,"column":1}},"line":27},"1":{"name":"(anonymous_1)","decl":{"start":{"line":31,"column":41},"end":{"line":31,"column":42}},"loc":{"start":{"line":31,"column":47},"end":{"line":37,"column":3}},"line":31},"2":{"name":"(anonymous_2)","decl":{"start":{"line":40,"column":18},"end":{"line":40,"column":19}},"loc":{"start":{"line":40,"column":24},"end":{"line":51,"column":3}},"line":40},"3":{"name":"(anonymous_3)","decl":{"start":{"line":54,"column":18},"end":{"line":54,"column":19}},"loc":{"start":{"line":54,"column":24},"end":{"line":60,"column":3}},"line":54},"4":{"name":"(anonymous_4)","decl":{"start":{"line":59,"column":11},"end":{"line":59,"column":12}},"loc":{"start":{"line":59,"column":17},"end":{"line":59,"column":80}},"line":59},"5":{"name":"(anonymous_5)","decl":{"start":{"line":62,"column":21},"end":{"line":62,"column":22}},"loc":{"start":{"line":62,"column":45},"end":{"line":68,"column":3}},"line":62},"6":{"name":"(anonymous_6)","decl":{"start":{"line":70,"column":25},"end":{"line":70,"column":26}},"loc":{"start":{"line":70,"column":31},"end":{"line":79,"column":3}},"line":70},"7":{"name":"(anonymous_7)","decl":{"start":{"line":84,"column":22},"end":{"line":84,"column":23}},"loc":{"start":{"line":84,"column":36},"end":{"line":246,"column":9}},"line":84},"8":{"name":"(anonymous_8)","decl":{"start":{"line":158,"column":28},"end":{"line":158,"column":29}},"loc":{"start":{"line":158,"column":34},"end":{"line":161,"column":27}},"line":158},"9":{"name":"(anonymous_9)","decl":{"start":{"line":202,"column":35},"end":{"line":202,"column":36}},"loc":{"start":{"line":202,"column":41},"end":{"line":202,"column":65}},"line":202},"10":{"name":"(anonymous_10)","decl":{"start":{"line":211,"column":35},"end":{"line":211,"column":36}},"loc":{"start":{"line":211,"column":41},"end":{"line":211,"column":64}},"line":211},"11":{"name":"(anonymous_11)","decl":{"start":{"line":226,"column":31},"end":{"line":226,"column":32}},"loc":{"start":{"line":226,"column":37},"end":{"line":226,"column":58}},"line":226}},"branchMap":{"0":{"loc":{"start":{"line":33,"column":4},"end":{"line":33,"column":20}},"type":"if","locations":[{"start":{"line":33,"column":4},"end":{"line":33,"column":20}},{"start":{},"end":{}}],"line":33},"1":{"loc":{"start":{"line":42,"column":4},"end":{"line":42,"column":20}},"type":"if","locations":[{"start":{"line":42,"column":4},"end":{"line":42,"column":20}},{"start":{},"end":{}}],"line":42},"2":{"loc":{"start":{"line":43,"column":4},"end":{"line":43,"column":28}},"type":"if","locations":[{"start":{"line":43,"column":4},"end":{"line":43,"column":28}},{"start":{},"end":{}}],"line":43},"3":{"loc":{"start":{"line":46,"column":4},"end":{"line":50,"column":5}},"type":"if","locations":[{"start":{"line":46,"column":4},"end":{"line":50,"column":5}},{"start":{"line":48,"column":11},"end":{"line":50,"column":5}}],"line":46},"4":{"loc":{"start":{"line":56,"column":4},"end":{"line":56,"column":20}},"type":"if","locations":[{"start":{"line":56,"column":4},"end":{"line":56,"column":20}},{"start":{},"end":{}}],"line":56},"5":{"loc":{"start":{"line":72,"column":4},"end":{"line":72,"column":20}},"type":"if","locations":[{"start":{"line":72,"column":4},"end":{"line":72,"column":20}},{"start":{},"end":{}}],"line":72},"6":{"loc":{"start":{"line":74,"column":4},"end":{"line":78,"column":5}},"type":"if","locations":[{"start":{"line":74,"column":4},"end":{"line":78,"column":5}},{"start":{"line":76,"column":11},"end":{"line":78,"column":5}}],"line":74},"7":{"loc":{"start":{"line":90,"column":16},"end":{"line":90,"column":58}},"type":"cond-expr","locations":[{"start":{"line":90,"column":27},"end":{"line":90,"column":40}},{"start":{"line":90,"column":43},"end":{"line":90,"column":58}}],"line":90},"8":{"loc":{"start":{"line":94,"column":15},"end":{"line":105,"column":15}},"type":"binary-expr","locations":[{"start":{"line":94,"column":15},"end":{"line":94,"column":24}},{"start":{"line":95,"column":16},"end":{"line":104,"column":22}}],"line":94},"9":{"loc":{"start":{"line":107,"column":75},"end":{"line":107,"column":104}},"type":"cond-expr","locations":[{"start":{"line":107,"column":86},"end":{"line":107,"column":99}},{"start":{"line":107,"column":102},"end":{"line":107,"column":104}}],"line":107},"10":{"loc":{"start":{"line":111,"column":20},"end":{"line":113,"column":249}},"type":"cond-expr","locations":[{"start":{"line":112,"column":24},"end":{"line":112,"column":102}},{"start":{"line":113,"column":24},"end":{"line":113,"column":249}}],"line":111},"11":{"loc":{"start":{"line":117,"column":19},"end":{"line":119,"column":19}},"type":"binary-expr","locations":[{"start":{"line":117,"column":19},"end":{"line":117,"column":28}},{"start":{"line":118,"column":20},"end":{"line":118,"column":205}}],"line":117},"12":{"loc":{"start":{"line":123,"column":22},"end":{"line":123,"column":85}},"type":"cond-expr","locations":[{"start":{"line":123,"column":33},"end":{"line":123,"column":48}},{"start":{"line":123,"column":51},"end":{"line":123,"column":85}}],"line":123},"13":{"loc":{"start":{"line":126,"column":25},"end":{"line":126,"column":60}},"type":"cond-expr","locations":[{"start":{"line":126,"column":36},"end":{"line":126,"column":41}},{"start":{"line":126,"column":44},"end":{"line":126,"column":60}}],"line":126},"14":{"loc":{"start":{"line":132,"column":23},"end":{"line":134,"column":23}},"type":"binary-expr","locations":[{"start":{"line":132,"column":23},"end":{"line":132,"column":42}},{"start":{"line":133,"column":24},"end":{"line":133,"column":211}}],"line":132},"15":{"loc":{"start":{"line":135,"column":23},"end":{"line":137,"column":23}},"type":"binary-expr","locations":[{"start":{"line":135,"column":23},"end":{"line":135,"column":45}},{"start":{"line":136,"column":24},"end":{"line":136,"column":322}}],"line":135},"16":{"loc":{"start":{"line":138,"column":23},"end":{"line":140,"column":23}},"type":"binary-expr","locations":[{"start":{"line":138,"column":23},"end":{"line":138,"column":44}},{"start":{"line":139,"column":24},"end":{"line":139,"column":258}}],"line":138},"17":{"loc":{"start":{"line":141,"column":23},"end":{"line":149,"column":23}},"type":"binary-expr","locations":[{"start":{"line":141,"column":23},"end":{"line":141,"column":32}},{"start":{"line":142,"column":24},"end":{"line":148,"column":27}}],"line":141},"18":{"loc":{"start":{"line":153,"column":22},"end":{"line":153,"column":82}},"type":"cond-expr","locations":[{"start":{"line":153,"column":33},"end":{"line":153,"column":45}},{"start":{"line":153,"column":48},"end":{"line":153,"column":82}}],"line":153},"19":{"loc":{"start":{"line":156,"column":23},"end":{"line":164,"column":23}},"type":"binary-expr","locations":[{"start":{"line":156,"column":23},"end":{"line":156,"column":35}},{"start":{"line":157,"column":48},"end":{"line":163,"column":30}}],"line":156},"20":{"loc":{"start":{"line":160,"column":35},"end":{"line":160,"column":84}},"type":"cond-expr","locations":[{"start":{"line":160,"column":42},"end":{"line":160,"column":77}},{"start":{"line":160,"column":80},"end":{"line":160,"column":84}}],"line":160},"21":{"loc":{"start":{"line":168,"column":21},"end":{"line":190,"column":21}},"type":"binary-expr","locations":[{"start":{"line":168,"column":21},"end":{"line":168,"column":30}},{"start":{"line":168,"column":34},"end":{"line":168,"column":45}},{"start":{"line":169,"column":22},"end":{"line":189,"column":28}}],"line":168},"22":{"loc":{"start":{"line":196,"column":18},"end":{"line":196,"column":53}},"type":"cond-expr","locations":[{"start":{"line":196,"column":29},"end":{"line":196,"column":39}},{"start":{"line":196,"column":42},"end":{"line":196,"column":53}}],"line":196},"23":{"loc":{"start":{"line":199,"column":21},"end":{"line":220,"column":21}},"type":"binary-expr","locations":[{"start":{"line":199,"column":21},"end":{"line":199,"column":30}},{"start":{"line":199,"column":34},"end":{"line":199,"column":42}},{"start":{"line":199,"column":46},"end":{"line":199,"column":90}},{"start":{"line":200,"column":22},"end":{"line":219,"column":25}}],"line":199},"24":{"loc":{"start":{"line":237,"column":15},"end":{"line":243,"column":15}},"type":"binary-expr","locations":[{"start":{"line":237,"column":15},"end":{"line":237,"column":23}},{"start":{"line":238,"column":16},"end":{"line":242,"column":22}}],"line":237},"25":{"loc":{"start":{"line":248,"column":9},"end":{"line":303,"column":9}},"type":"binary-expr","locations":[{"start":{"line":248,"column":9},"end":{"line":248,"column":18}},{"start":{"line":249,"column":10},"end":{"line":302,"column":16}}],"line":248},"26":{"loc":{"start":{"line":284,"column":19},"end":{"line":298,"column":19}},"type":"binary-expr","locations":[{"start":{"line":284,"column":19},"end":{"line":284,"column":32}},{"start":{"line":285,"column":20},"end":{"line":297,"column":26}}],"line":284},"27":{"loc":{"start":{"line":305,"column":9},"end":{"line":324,"column":9}},"type":"binary-expr","locations":[{"start":{"line":305,"column":9},"end":{"line":305,"column":17}},{"start":{"line":306,"column":10},"end":{"line":323,"column":16}}],"line":305},"28":{"loc":{"start":{"line":327,"column":7},"end":{"line":342,"column":7}},"type":"binary-expr","locations":[{"start":{"line":327,"column":7},"end":{"line":327,"column":18}},{"start":{"line":328,"column":8},"end":{"line":341,"column":14}}],"line":327}},"s":{"0":6,"1":42,"2":42,"3":42,"4":14,"5":14,"6":0,"7":14,"8":14,"9":14,"10":42,"11":22,"12":22,"13":0,"14":22,"15":0,"16":22,"17":22,"18":0,"19":22,"20":42,"21":14,"22":14,"23":0,"24":14,"25":14,"26":14,"27":14,"28":42,"29":0,"30":0,"31":42,"32":0,"33":0,"34":0,"35":0,"36":0,"37":0,"38":0,"39":42,"40":62,"41":62,"42":0,"43":0,"44":0,"45":0,"46":0},"f":{"0":42,"1":14,"2":22,"3":14,"4":14,"5":0,"6":0,"7":62,"8":0,"9":0,"10":0,"11":0},"b":{"0":[0,14],"1":[0,22],"2":[0,22],"3":[0,22],"4":[0,14],"5":[0,0],"6":[0,0],"7":[19,43],"8":[62,43],"9":[19,43],"10":[19,43],"11":[62,43],"12":[19,43],"13":[19,43],"14":[62,9],"15":[62,9],"16":[62,1],"17":[62,43],"18":[19,43],"19":[62,0],"20":[0,0],"21":[62,43,0],"22":[19,43],"23":[62,43,0,0],"24":[62,19],"25":[42,13],"26":[13,11],"27":[42,0],"28":[42,0]},"_coverageSchema":"1a1c01bbd47fc00a2c39e90264f33305004495a9","hash":"abda44f7078c57ca0f256dd43a0fcb0da18fb81c"}
,"/Users/stephenboyett/Desktop/Github/cannasol-technologies/steves-mom/frontend/src/components/Chat/ModelSelector.tsx": {"path":"/Users/stephenboyett/Desktop/Github/cannasol-technologies/steves-mom/frontend/src/components/Chat/ModelSelector.tsx","statementMap":{"0":{"start":{"line":9,"column":24},"end":{"line":9,"column":92}},"1":{"start":{"line":11,"column":52},"end":{"line":28,"column":1}},"2":{"start":{"line":12,"column":2},"end":{"line":27,"column":4}},"3":{"start":{"line":19,"column":25},"end":{"line":19,"column":49}},"4":{"start":{"line":22,"column":10},"end":{"line":22,"column":54}}},"fnMap":{"0":{"name":"(anonymous_0)","decl":{"start":{"line":11,"column":52},"end":{"line":11,"column":53}},"loc":{"start":{"line":11,"column":104},"end":{"line":28,"column":1}},"line":11},"1":{"name":"(anonymous_1)","decl":{"start":{"line":19,"column":18},"end":{"line":19,"column":19}},"loc":{"start":{"line":19,"column":25},"end":{"line":19,"column":49}},"line":19},"2":{"name":"(anonymous_2)","decl":{"start":{"line":21,"column":21},"end":{"line":21,"column":22}},"loc":{"start":{"line":22,"column":10},"end":{"line":22,"column":54}},"line":22}},"branchMap":{"0":{"loc":{"start":{"line":11,"column":72},"end":{"line":11,"column":97}},"type":"default-arg","locations":[{"start":{"line":11,"column":82},"end":{"line":11,"column":97}}],"line":11}},"s":{"0":6,"1":6,"2":36,"3":0,"4":108},"f":{"0":36,"1":0,"2":108},"b":{"0":[36]},"_coverageSchema":"1a1c01bbd47fc00a2c39e90264f33305004495a9","hash":"df06d7e6217c098ff7258b5e11d685bc3951f25a"}
,"/Users/stephenboyett/Desktop/Github/cannasol-technologies/steves-mom/frontend/src/components/Chat/StreamRenderer.tsx": {"path":"/Users/stephenboyett/Desktop/Github/cannasol-technologies/steves-mom/frontend/src/components/Chat/StreamRenderer.tsx","statementMap":{"0":{"start":{"line":18,"column":54},"end":{"line":67,"column":1}},"1":{"start":{"line":19,"column":2},"end":{"line":66,"column":4}}},"fnMap":{"0":{"name":"(anonymous_0)","decl":{"start":{"line":18,"column":54},"end":{"line":18,"column":55}},"loc":{"start":{"line":18,"column":103},"end":{"line":67,"column":1}},"line":18}},"branchMap":{"0":{"loc":{"start":{"line":27,"column":24},"end":{"line":27,"column":64}},"type":"cond-expr","locations":[{"start":{"line":27,"column":38},"end":{"line":27,"column":52}},{"start":{"line":27,"column":55},"end":{"line":27,"column":64}}],"line":27},"1":{"loc":{"start":{"line":32,"column":9},"end":{"line":32,"column":84}},"type":"cond-expr","locations":[{"start":{"line":32,"column":23},"end":{"line":32,"column":51}},{"start":{"line":32,"column":54},"end":{"line":32,"column":84}}],"line":32}},"s":{"0":7,"1":21},"f":{"0":21},"b":{"0":[15,6],"1":[15,6]},"_coverageSchema":"1a1c01bbd47fc00a2c39e90264f33305004495a9","hash":"4687bdd488db6e7a06ae5c617d41b3d5514af19c"}
,"/Users/stephenboyett/Desktop/Github/cannasol-technologies/steves-mom/frontend/src/components/Common/ErrorBoundary.tsx": {"path":"/Users/stephenboyett/Desktop/Github/cannasol-technologies/steves-mom/frontend/src/components/Common/ErrorBoundary.tsx","statementMap":{"0":{"start":{"line":9,"column":4},"end":{"line":9,"column":17}},"1":{"start":{"line":10,"column":4},"end":{"line":10,"column":37}},"2":{"start":{"line":14,"column":4},"end":{"line":14,"column":30}},"3":{"start":{"line":23,"column":4},"end":{"line":30,"column":5}},"4":{"start":{"line":24,"column":6},"end":{"line":29,"column":8}},"5":{"start":{"line":31,"column":4},"end":{"line":31,"column":31}}},"fnMap":{"0":{"name":"(anonymous_0)","decl":{"start":{"line":8,"column":2},"end":{"line":8,"column":3}},"loc":{"start":{"line":8,"column":26},"end":{"line":11,"column":3}},"line":8},"1":{"name":"(anonymous_1)","decl":{"start":{"line":13,"column":2},"end":{"line":13,"column":3}},"loc":{"start":{"line":13,"column":36},"end":{"line":15,"column":3}},"line":13},"2":{"name":"(anonymous_2)","decl":{"start":{"line":17,"column":2},"end":{"line":17,"column":3}},"loc":{"start":{"line":17,"column":43},"end":{"line":20,"column":3}},"line":17},"3":{"name":"(anonymous_3)","decl":{"start":{"line":22,"column":2},"end":{"line":22,"column":3}},"loc":{"start":{"line":22,"column":11},"end":{"line":32,"column":3}},"line":22}},"branchMap":{"0":{"loc":{"start":{"line":23,"column":4},"end":{"line":30,"column":5}},"type":"if","locations":[{"start":{"line":23,"column":4},"end":{"line":30,"column":5}},{"start":{},"end":{}}],"line":23}},"s":{"0":0,"1":0,"2":0,"3":0,"4":0,"5":0},"f":{"0":0,"1":0,"2":0,"3":0},"b":{"0":[0,0]}}
,"/Users/stephenboyett/Desktop/Github/cannasol-technologies/steves-mom/frontend/src/context/ThemeContext.tsx": {"path":"/Users/stephenboyett/Desktop/Github/cannasol-technologies/steves-mom/frontend/src/context/ThemeContext.tsx","statementMap":{"0":{"start":{"line":10,"column":21},"end":{"line":10,"column":75}},"1":{"start":{"line":12,"column":64},"end":{"line":41,"column":1}},"2":{"start":{"line":13,"column":28},"end":{"line":23,"column":4}},"3":{"start":{"line":14,"column":4},"end":{"line":22,"column":5}},"4":{"start":{"line":15,"column":26},"end":{"line":15,"column":71}},"5":{"start":{"line":16,"column":6},"end":{"line":16,"column":80}},"6":{"start":{"line":16,"column":61},"end":{"line":16,"column":80}},"7":{"start":{"line":18,"column":26},"end":{"line":18,"column":104}},"8":{"start":{"line":19,"column":6},"end":{"line":19,"column":44}},"9":{"start":{"line":21,"column":6},"end":{"line":21,"column":21}},"10":{"start":{"line":25,"column":2},"end":{"line":30,"column":14}},"11":{"start":{"line":26,"column":17},"end":{"line":26,"column":48}},"12":{"start":{"line":27,"column":4},"end":{"line":27,"column":43}},"13":{"start":{"line":28,"column":4},"end":{"line":28,"column":30}},"14":{"start":{"line":29,"column":4},"end":{"line":29,"column":58}},"15":{"start":{"line":29,"column":10},"end":{"line":29,"column":47}},"16":{"start":{"line":32,"column":22},"end":{"line":34,"column":3}},"17":{"start":{"line":33,"column":4},"end":{"line":33,"column":72}},"18":{"start":{"line":33,"column":29},"end":{"line":33,"column":69}},"19":{"start":{"line":36,"column":2},"end":{"line":40,"column":4}},"20":{"start":{"line":43,"column":24},"end":{"line":49,"column":1}},"21":{"start":{"line":44,"column":18},"end":{"line":44,"column":42}},"22":{"start":{"line":45,"column":2},"end":{"line":47,"column":3}},"23":{"start":{"line":46,"column":4},"end":{"line":46,"column":68}},"24":{"start":{"line":48,"column":2},"end":{"line":48,"column":17}}},"fnMap":{"0":{"name":"(anonymous_0)","decl":{"start":{"line":12,"column":64},"end":{"line":12,"column":65}},"loc":{"start":{"line":12,"column":82},"end":{"line":41,"column":1}},"line":12},"1":{"name":"(anonymous_1)","decl":{"start":{"line":13,"column":44},"end":{"line":13,"column":45}},"loc":{"start":{"line":13,"column":50},"end":{"line":23,"column":3}},"line":13},"2":{"name":"(anonymous_2)","decl":{"start":{"line":25,"column":12},"end":{"line":25,"column":13}},"loc":{"start":{"line":25,"column":18},"end":{"line":30,"column":3}},"line":25},"3":{"name":"(anonymous_3)","decl":{"start":{"line":32,"column":22},"end":{"line":32,"column":23}},"loc":{"start":{"line":32,"column":28},"end":{"line":34,"column":3}},"line":32},"4":{"name":"(anonymous_4)","decl":{"start":{"line":33,"column":13},"end":{"line":33,"column":14}},"loc":{"start":{"line":33,"column":29},"end":{"line":33,"column":69}},"line":33},"5":{"name":"(anonymous_5)","decl":{"start":{"line":43,"column":24},"end":{"line":43,"column":25}},"loc":{"start":{"line":43,"column":30},"end":{"line":49,"column":1}},"line":43}},"branchMap":{"0":{"loc":{"start":{"line":16,"column":6},"end":{"line":16,"column":80}},"type":"if","locations":[{"start":{"line":16,"column":6},"end":{"line":16,"column":80}},{"start":{},"end":{}}],"line":16},"1":{"loc":{"start":{"line":16,"column":10},"end":{"line":16,"column":59}},"type":"binary-expr","locations":[{"start":{"line":16,"column":10},"end":{"line":16,"column":33}},{"start":{"line":16,"column":37},"end":{"line":16,"column":59}}],"line":16},"2":{"loc":{"start":{"line":18,"column":26},"end":{"line":18,"column":104}},"type":"binary-expr","locations":[{"start":{"line":18,"column":26},"end":{"line":18,"column":43}},{"start":{"line":18,"column":47},"end":{"line":18,"column":104}}],"line":18},"3":{"loc":{"start":{"line":19,"column":13},"end":{"line":19,"column":43}},"type":"cond-expr","locations":[{"start":{"line":19,"column":27},"end":{"line":19,"column":33}},{"start":{"line":19,"column":36},"end":{"line":19,"column":43}}],"line":19},"4":{"loc":{"start":{"line":33,"column":29},"end":{"line":33,"column":69}},"type":"cond-expr","locations":[{"start":{"line":33,"column":53},"end":{"line":33,"column":59}},{"start":{"line":33,"column":62},"end":{"line":33,"column":69}}],"line":33},"5":{"loc":{"start":{"line":45,"column":2},"end":{"line":47,"column":3}},"type":"if","locations":[{"start":{"line":45,"column":2},"end":{"line":47,"column":3}},{"start":{},"end":{}}],"line":45}},"s":{"0":4,"1":4,"2":19,"3":16,"4":16,"5":16,"6":12,"7":4,"8":4,"9":0,"10":19,"11":18,"12":18,"13":18,"14":18,"15":18,"16":19,"17":2,"18":2,"19":19,"20":4,"21":37,"22":37,"23":0,"24":37},"f":{"0":19,"1":16,"2":18,"3":2,"4":2,"5":37},"b":{"0":[12,4],"1":[16,5],"2":[4,4],"3":[1,3],"4":[1,1],"5":[0,37]},"_coverageSchema":"1a1c01bbd47fc00a2c39e90264f33305004495a9","hash":"f97a0ada4ca66da4432a799b43c6f3b9aad8b7ee"}
,"/Users/stephenboyett/Desktop/Github/cannasol-technologies/steves-mom/frontend/src/pages/AdminPage.tsx": {"path":"/Users/stephenboyett/Desktop/Github/cannasol-technologies/steves-mom/frontend/src/pages/AdminPage.tsx","statementMap":{"0":{"start":{"line":9,"column":28},"end":{"line":163,"column":1}},"1":{"start":{"line":10,"column":34},"end":{"line":14,"column":4}},"2":{"start":{"line":16,"column":23},"end":{"line":21,"column":3}},"3":{"start":{"line":17,"column":4},"end":{"line":20,"column":8}},"4":{"start":{"line":17,"column":25},"end":{"line":20,"column":5}},"5":{"start":{"line":23,"column":2},"end":{"line":162,"column":4}},"6":{"start":{"line":46,"column":34},"end":{"line":46,"column":55}},"7":{"start":{"line":64,"column":34},"end":{"line":64,"column":55}},"8":{"start":{"line":82,"column":34},"end":{"line":82,"column":59}}},"fnMap":{"0":{"name":"(anonymous_0)","decl":{"start":{"line":9,"column":28},"end":{"line":9,"column":29}},"loc":{"start":{"line":9,"column":34},"end":{"line":163,"column":1}},"line":9},"1":{"name":"(anonymous_1)","decl":{"start":{"line":16,"column":23},"end":{"line":16,"column":24}},"loc":{"start":{"line":16,"column":58},"end":{"line":21,"column":3}},"line":16},"2":{"name":"(anonymous_2)","decl":{"start":{"line":17,"column":16},"end":{"line":17,"column":17}},"loc":{"start":{"line":17,"column":25},"end":{"line":20,"column":5}},"line":17},"3":{"name":"(anonymous_3)","decl":{"start":{"line":46,"column":28},"end":{"line":46,"column":29}},"loc":{"start":{"line":46,"column":34},"end":{"line":46,"column":55}},"line":46},"4":{"name":"(anonymous_4)","decl":{"start":{"line":64,"column":28},"end":{"line":64,"column":29}},"loc":{"start":{"line":64,"column":34},"end":{"line":64,"column":55}},"line":64},"5":{"name":"(anonymous_5)","decl":{"start":{"line":82,"column":28},"end":{"line":82,"column":29}},"loc":{"start":{"line":82,"column":34},"end":{"line":82,"column":59}},"line":82}},"branchMap":{},"s":{"0":2,"1":8,"2":8,"3":3,"4":3,"5":8,"6":2,"7":1,"8":0},"f":{"0":8,"1":3,"2":3,"3":2,"4":1,"5":0},"b":{},"_coverageSchema":"1a1c01bbd47fc00a2c39e90264f33305004495a9","hash":"9b506f727d576f8bc3973cbd629ce1990a61b18f"}
,"/Users/stephenboyett/Desktop/Github/cannasol-technologies/steves-mom/frontend/src/pages/ChatPage.tsx": {"path":"/Users/stephenboyett/Desktop/Github/cannasol-technologies/steves-mom/frontend/src/pages/ChatPage.tsx","statementMap":{"0":{"start":{"line":10,"column":27},"end":{"line":320,"column":1}},"1":{"start":{"line":11,"column":34},"end":{"line":18,"column":4}},"2":{"start":{"line":19,"column":38},"end":{"line":19,"column":50}},"3":{"start":{"line":20,"column":36},"end":{"line":20,"column":51}},"4":{"start":{"line":21,"column":28},"end":{"line":21,"column":67}},"5":{"start":{"line":22,"column":44},"end":{"line":22,"column":83}},"6":{"start":{"line":23,"column":50},"end":{"line":23,"column":70}},"7":{"start":{"line":24,"column":48},"end":{"line":24,"column":72}},"8":{"start":{"line":25,"column":42},"end":{"line":25,"column":71}},"9":{"start":{"line":26,"column":20},"end":{"line":26,"column":53}},"10":{"start":{"line":27,"column":24},"end":{"line":27,"column":51}},"11":{"start":{"line":28,"column":25},"end":{"line":28,"column":60}},"12":{"start":{"line":29,"column":22},"end":{"line":29,"column":63}},"13":{"start":{"line":30,"column":22},"end":{"line":30,"column":62}},"14":{"start":{"line":32,"column":28},"end":{"line":34,"column":3}},"15":{"start":{"line":33,"column":4},"end":{"line":33,"column":47}},"16":{"start":{"line":36,"column":27},"end":{"line":38,"column":3}},"17":{"start":{"line":37,"column":4},"end":{"line":37,"column":47}},"18":{"start":{"line":40,"column":27},"end":{"line":68,"column":3}},"19":{"start":{"line":41,"column":4},"end":{"line":66,"column":5}},"20":{"start":{"line":42,"column":25},"end":{"line":42,"column":65}},"21":{"start":{"line":43,"column":23},"end":{"line":49,"column":8}},"22":{"start":{"line":51,"column":6},"end":{"line":54,"column":7}},"23":{"start":{"line":52,"column":26},"end":{"line":52,"column":47}},"24":{"start":{"line":53,"column":8},"end":{"line":53,"column":72}},"25":{"start":{"line":56,"column":62},"end":{"line":56,"column":83}},"26":{"start":{"line":58,"column":6},"end":{"line":62,"column":8}},"27":{"start":{"line":59,"column":8},"end":{"line":61,"column":9}},"28":{"start":{"line":60,"column":10},"end":{"line":60,"column":82}},"29":{"start":{"line":63,"column":6},"end":{"line":63,"column":54}},"30":{"start":{"line":65,"column":6},"end":{"line":65,"column":49}},"31":{"start":{"line":67,"column":4},"end":{"line":67,"column":50}},"32":{"start":{"line":67,"column":21},"end":{"line":67,"column":42}},"33":{"start":{"line":70,"column":2},"end":{"line":72,"column":28}},"34":{"start":{"line":71,"column":4},"end":{"line":71,"column":67}},"35":{"start":{"line":75,"column":2},"end":{"line":116,"column":9}},"36":{"start":{"line":76,"column":17},"end":{"line":110,"column":6}},"37":{"start":{"line":78,"column":8},"end":{"line":82,"column":10}},"38":{"start":{"line":79,"column":10},"end":{"line":81,"column":11}},"39":{"start":{"line":80,"column":12},"end":{"line":80,"column":92}},"40":{"start":{"line":85,"column":8},"end":{"line":91,"column":18}},"41":{"start":{"line":86,"column":22},"end":{"line":86,"column":50}},"42":{"start":{"line":87,"column":10},"end":{"line":90,"column":11}},"43":{"start":{"line":88,"column":12},"end":{"line":88,"column":34}},"44":{"start":{"line":89,"column":12},"end":{"line":89,"column":19}},"45":{"start":{"line":92,"column":8},"end":{"line":100,"column":11}},"46":{"start":{"line":92,"column":28},"end":{"line":100,"column":9}},"47":{"start":{"line":104,"column":8},"end":{"line":104,"column":57}},"48":{"start":{"line":105,"column":8},"end":{"line":105,"column":84}},"49":{"start":{"line":105,"column":25},"end":{"line":105,"column":78}},"50":{"start":{"line":111,"column":4},"end":{"line":111,"column":31}},"51":{"start":{"line":112,"column":4},"end":{"line":115,"column":6}},"52":{"start":{"line":113,"column":6},"end":{"line":113,"column":41}},"53":{"start":{"line":113,"column":12},"end":{"line":113,"column":30}},"54":{"start":{"line":114,"column":6},"end":{"line":114,"column":33}},"55":{"start":{"line":118,"column":28},"end":{"line":245,"column":3}},"56":{"start":{"line":119,"column":4},"end":{"line":119,"column":30}},"57":{"start":{"line":119,"column":11},"end":{"line":119,"column":30}},"58":{"start":{"line":120,"column":19},"end":{"line":120,"column":56}},"59":{"start":{"line":121,"column":4},"end":{"line":121,"column":37}},"60":{"start":{"line":121,"column":30},"end":{"line":121,"column":37}},"61":{"start":{"line":123,"column":33},"end":{"line":129,"column":5}},"62":{"start":{"line":131,"column":4},"end":{"line":131,"column":48}},"63":{"start":{"line":131,"column":24},"end":{"line":131,"column":46}},"64":{"start":{"line":132,"column":4},"end":{"line":132,"column":22}},"65":{"start":{"line":134,"column":4},"end":{"line":134,"column":54}},"66":{"start":{"line":134,"column":21},"end":{"line":134,"column":49}},"67":{"start":{"line":135,"column":4},"end":{"line":135,"column":23}},"68":{"start":{"line":136,"column":4},"end":{"line":136,"column":48}},"69":{"start":{"line":137,"column":4},"end":{"line":137,"column":28}},"70":{"start":{"line":138,"column":4},"end":{"line":138,"column":29}},"71":{"start":{"line":140,"column":4},"end":{"line":142,"column":6}},"72":{"start":{"line":145,"column":29},"end":{"line":149,"column":88}},"73":{"start":{"line":151,"column":20},"end":{"line":155,"column":5}},"74":{"start":{"line":153,"column":38},"end":{"line":153,"column":81}},"75":{"start":{"line":156,"column":24},"end":{"line":156,"column":29}},"76":{"start":{"line":157,"column":19},"end":{"line":243,"column":6}},"77":{"start":{"line":163,"column":8},"end":{"line":180,"column":9}},"78":{"start":{"line":164,"column":10},"end":{"line":178,"column":13}},"79":{"start":{"line":165,"column":32},"end":{"line":165,"column":41}},"80":{"start":{"line":166,"column":39},"end":{"line":166,"column":41}},"81":{"start":{"line":167,"column":12},"end":{"line":172,"column":13}},"82":{"start":{"line":167,"column":25},"end":{"line":167,"column":47}},"83":{"start":{"line":168,"column":14},"end":{"line":171,"column":15}},"84":{"start":{"line":169,"column":16},"end":{"line":169,"column":41}},"85":{"start":{"line":170,"column":16},"end":{"line":170,"column":22}},"86":{"start":{"line":173,"column":12},"end":{"line":176,"column":13}},"87":{"start":{"line":174,"column":37},"end":{"line":174,"column":102}},"88":{"start":{"line":175,"column":14},"end":{"line":175,"column":65}},"89":{"start":{"line":177,"column":12},"end":{"line":177,"column":31}},"90":{"start":{"line":179,"column":10},"end":{"line":179,"column":31}},"91":{"start":{"line":182,"column":8},"end":{"line":185,"column":18}},"92":{"start":{"line":183,"column":22},"end":{"line":183,"column":47}},"93":{"start":{"line":184,"column":10},"end":{"line":184,"column":41}},"94":{"start":{"line":184,"column":19},"end":{"line":184,"column":41}},"95":{"start":{"line":186,"column":8},"end":{"line":186,"column":46}},"96":{"start":{"line":186,"column":36},"end":{"line":186,"column":44}},"97":{"start":{"line":189,"column":24},"end":{"line":189,"column":51}},"98":{"start":{"line":190,"column":8},"end":{"line":206,"column":9}},"99":{"start":{"line":191,"column":28},"end":{"line":191,"column":48}},"100":{"start":{"line":192,"column":10},"end":{"line":205,"column":13}},"101":{"start":{"line":192,"column":30},"end":{"line":205,"column":11}},"102":{"start":{"line":207,"column":8},"end":{"line":207,"column":24}},"103":{"start":{"line":211,"column":24},"end":{"line":211,"column":51}},"104":{"start":{"line":212,"column":8},"end":{"line":223,"column":11}},"105":{"start":{"line":213,"column":23},"end":{"line":213,"column":32}},"106":{"start":{"line":214,"column":10},"end":{"line":221,"column":11}},"107":{"start":{"line":215,"column":12},"end":{"line":220,"column":15}},"108":{"start":{"line":222,"column":10},"end":{"line":222,"column":22}},"109":{"start":{"line":225,"column":8},"end":{"line":239,"column":11}},"110":{"start":{"line":226,"column":30},"end":{"line":226,"column":39}},"111":{"start":{"line":227,"column":37},"end":{"line":227,"column":39}},"112":{"start":{"line":228,"column":10},"end":{"line":233,"column":11}},"113":{"start":{"line":228,"column":23},"end":{"line":228,"column":45}},"114":{"start":{"line":229,"column":12},"end":{"line":232,"column":13}},"115":{"start":{"line":230,"column":14},"end":{"line":230,"column":39}},"116":{"start":{"line":231,"column":14},"end":{"line":231,"column":20}},"117":{"start":{"line":234,"column":10},"end":{"line":237,"column":11}},"118":{"start":{"line":235,"column":35},"end":{"line":235,"column":102}},"119":{"start":{"line":236,"column":12},"end":{"line":236,"column":63}},"120":{"start":{"line":238,"column":10},"end":{"line":238,"column":29}},"121":{"start":{"line":240,"column":8},"end":{"line":240,"column":57}},"122":{"start":{"line":241,"column":8},"end":{"line":241,"column":24}},"123":{"start":{"line":244,"column":4},"end":{"line":244,"column":31}},"124":{"start":{"line":248,"column":30},"end":{"line":248,"column":48}},"125":{"start":{"line":249,"column":2},"end":{"line":249,"column":91}},"126":{"start":{"line":249,"column":20},"end":{"line":249,"column":67}},"127":{"start":{"line":251,"column":24},"end":{"line":258,"column":3}},"128":{"start":{"line":252,"column":4},"end":{"line":252,"column":24}},"129":{"start":{"line":253,"column":4},"end":{"line":253,"column":30}},"130":{"start":{"line":254,"column":4},"end":{"line":254,"column":32}},"131":{"start":{"line":255,"column":4},"end":{"line":255,"column":29}},"132":{"start":{"line":257,"column":4},"end":{"line":257,"column":54}},"133":{"start":{"line":257,"column":21},"end":{"line":257,"column":49}},"134":{"start":{"line":260,"column":23},"end":{"line":265,"column":3}},"135":{"start":{"line":261,"column":4},"end":{"line":263,"column":5}},"136":{"start":{"line":262,"column":6},"end":{"line":262,"column":33}},"137":{"start":{"line":264,"column":4},"end":{"line":264,"column":20}},"138":{"start":{"line":267,"column":22},"end":{"line":271,"column":3}},"139":{"start":{"line":268,"column":4},"end":{"line":268,"column":39}},"140":{"start":{"line":268,"column":32},"end":{"line":268,"column":39}},"141":{"start":{"line":270,"column":4},"end":{"line":270,"column":56}},"142":{"start":{"line":273,"column":73},"end":{"line":297,"column":3}},"143":{"start":{"line":275,"column":4},"end":{"line":280,"column":5}},"144":{"start":{"line":276,"column":6},"end":{"line":276,"column":25}},"145":{"start":{"line":277,"column":19},"end":{"line":277,"column":78}},"146":{"start":{"line":278,"column":6},"end":{"line":278,"column":84}},"147":{"start":{"line":279,"column":6},"end":{"line":279,"column":13}},"148":{"start":{"line":282,"column":4},"end":{"line":288,"column":5}},"149":{"start":{"line":283,"column":6},"end":{"line":283,"column":25}},"150":{"start":{"line":285,"column":19},"end":{"line":285,"column":78}},"151":{"start":{"line":286,"column":6},"end":{"line":286,"column":84}},"152":{"start":{"line":287,"column":6},"end":{"line":287,"column":13}},"153":{"start":{"line":290,"column":4},"end":{"line":296,"column":5}},"154":{"start":{"line":291,"column":6},"end":{"line":295,"column":7}},"155":{"start":{"line":292,"column":8},"end":{"line":292,"column":27}},"156":{"start":{"line":293,"column":8},"end":{"line":293,"column":23}},"157":{"start":{"line":294,"column":8},"end":{"line":294,"column":58}},"158":{"start":{"line":294,"column":25},"end":{"line":294,"column":53}},"159":{"start":{"line":299,"column":2},"end":{"line":319,"column":4}},"160":{"start":{"line":307,"column":22},"end":{"line":307,"column":41}}},"fnMap":{"0":{"name":"(anonymous_0)","decl":{"start":{"line":10,"column":27},"end":{"line":10,"column":28}},"loc":{"start":{"line":10,"column":33},"end":{"line":320,"column":1}},"line":10},"1":{"name":"(anonymous_1)","decl":{"start":{"line":32,"column":28},"end":{"line":32,"column":29}},"loc":{"start":{"line":32,"column":54},"end":{"line":34,"column":3}},"line":32},"2":{"name":"(anonymous_2)","decl":{"start":{"line":36,"column":27},"end":{"line":36,"column":28}},"loc":{"start":{"line":36,"column":53},"end":{"line":38,"column":3}},"line":36},"3":{"name":"(anonymous_3)","decl":{"start":{"line":40,"column":27},"end":{"line":40,"column":28}},"loc":{"start":{"line":40,"column":86},"end":{"line":68,"column":3}},"line":40},"4":{"name":"(anonymous_4)","decl":{"start":{"line":58,"column":18},"end":{"line":58,"column":19}},"loc":{"start":{"line":59,"column":8},"end":{"line":61,"column":9}},"line":59},"5":{"name":"(anonymous_5)","decl":{"start":{"line":59,"column":25},"end":{"line":59,"column":26}},"loc":{"start":{"line":60,"column":10},"end":{"line":60,"column":82}},"line":60},"6":{"name":"(anonymous_6)","decl":{"start":{"line":67,"column":15},"end":{"line":67,"column":16}},"loc":{"start":{"line":67,"column":21},"end":{"line":67,"column":42}},"line":67},"7":{"name":"(anonymous_7)","decl":{"start":{"line":70,"column":12},"end":{"line":70,"column":13}},"loc":{"start":{"line":70,"column":18},"end":{"line":72,"column":3}},"line":70},"8":{"name":"(anonymous_8)","decl":{"start":{"line":75,"column":12},"end":{"line":75,"column":13}},"loc":{"start":{"line":75,"column":18},"end":{"line":116,"column":3}},"line":75},"9":{"name":"(anonymous_9)","decl":{"start":{"line":77,"column":20},"end":{"line":77,"column":21}},"loc":{"start":{"line":77,"column":43},"end":{"line":83,"column":7}},"line":77},"10":{"name":"(anonymous_10)","decl":{"start":{"line":78,"column":20},"end":{"line":78,"column":21}},"loc":{"start":{"line":79,"column":10},"end":{"line":81,"column":11}},"line":79},"11":{"name":"(anonymous_11)","decl":{"start":{"line":79,"column":27},"end":{"line":79,"column":28}},"loc":{"start":{"line":80,"column":12},"end":{"line":80,"column":92}},"line":80},"12":{"name":"(anonymous_12)","decl":{"start":{"line":84,"column":17},"end":{"line":84,"column":18}},"loc":{"start":{"line":84,"column":27},"end":{"line":101,"column":7}},"line":84},"13":{"name":"(anonymous_13)","decl":{"start":{"line":92,"column":20},"end":{"line":92,"column":21}},"loc":{"start":{"line":92,"column":28},"end":{"line":100,"column":9}},"line":92},"14":{"name":"(anonymous_14)","decl":{"start":{"line":102,"column":15},"end":{"line":102,"column":16}},"loc":{"start":{"line":102,"column":24},"end":{"line":106,"column":7}},"line":102},"15":{"name":"(anonymous_15)","decl":{"start":{"line":105,"column":19},"end":{"line":105,"column":20}},"loc":{"start":{"line":105,"column":25},"end":{"line":105,"column":78}},"line":105},"16":{"name":"(anonymous_16)","decl":{"start":{"line":107,"column":15},"end":{"line":107,"column":16}},"loc":{"start":{"line":107,"column":21},"end":{"line":109,"column":7}},"line":107},"17":{"name":"(anonymous_17)","decl":{"start":{"line":112,"column":11},"end":{"line":112,"column":12}},"loc":{"start":{"line":112,"column":17},"end":{"line":115,"column":5}},"line":112},"18":{"name":"(anonymous_18)","decl":{"start":{"line":118,"column":28},"end":{"line":118,"column":29}},"loc":{"start":{"line":118,"column":84},"end":{"line":245,"column":3}},"line":118},"19":{"name":"(anonymous_19)","decl":{"start":{"line":131,"column":16},"end":{"line":131,"column":17}},"loc":{"start":{"line":131,"column":24},"end":{"line":131,"column":46}},"line":131},"20":{"name":"(anonymous_20)","decl":{"start":{"line":134,"column":15},"end":{"line":134,"column":16}},"loc":{"start":{"line":134,"column":21},"end":{"line":134,"column":49}},"line":134},"21":{"name":"(anonymous_21)","decl":{"start":{"line":153,"column":32},"end":{"line":153,"column":33}},"loc":{"start":{"line":153,"column":38},"end":{"line":153,"column":81}},"line":153},"22":{"name":"(anonymous_22)","decl":{"start":{"line":162,"column":15},"end":{"line":162,"column":16}},"loc":{"start":{"line":162,"column":22},"end":{"line":187,"column":7}},"line":162},"23":{"name":"(anonymous_23)","decl":{"start":{"line":164,"column":22},"end":{"line":164,"column":23}},"loc":{"start":{"line":164,"column":30},"end":{"line":178,"column":11}},"line":164},"24":{"name":"(anonymous_24)","decl":{"start":{"line":186,"column":28},"end":{"line":186,"column":29}},"loc":{"start":{"line":186,"column":36},"end":{"line":186,"column":44}},"line":186},"25":{"name":"(anonymous_25)","decl":{"start":{"line":188,"column":14},"end":{"line":188,"column":15}},"loc":{"start":{"line":188,"column":38},"end":{"line":208,"column":7}},"line":188},"26":{"name":"(anonymous_26)","decl":{"start":{"line":192,"column":22},"end":{"line":192,"column":23}},"loc":{"start":{"line":192,"column":30},"end":{"line":205,"column":11}},"line":192},"27":{"name":"(anonymous_27)","decl":{"start":{"line":209,"column":15},"end":{"line":209,"column":16}},"loc":{"start":{"line":209,"column":24},"end":{"line":242,"column":7}},"line":209},"28":{"name":"(anonymous_28)","decl":{"start":{"line":212,"column":20},"end":{"line":212,"column":21}},"loc":{"start":{"line":212,"column":28},"end":{"line":223,"column":9}},"line":212},"29":{"name":"(anonymous_29)","decl":{"start":{"line":225,"column":20},"end":{"line":225,"column":21}},"loc":{"start":{"line":225,"column":28},"end":{"line":239,"column":9}},"line":225},"30":{"name":"(anonymous_30)","decl":{"start":{"line":249,"column":12},"end":{"line":249,"column":13}},"loc":{"start":{"line":249,"column":18},"end":{"line":249,"column":69}},"line":249},"31":{"name":"(anonymous_31)","decl":{"start":{"line":251,"column":24},"end":{"line":251,"column":25}},"loc":{"start":{"line":251,"column":30},"end":{"line":258,"column":3}},"line":251},"32":{"name":"(anonymous_32)","decl":{"start":{"line":257,"column":15},"end":{"line":257,"column":16}},"loc":{"start":{"line":257,"column":21},"end":{"line":257,"column":49}},"line":257},"33":{"name":"(anonymous_33)","decl":{"start":{"line":260,"column":23},"end":{"line":260,"column":24}},"loc":{"start":{"line":260,"column":29},"end":{"line":265,"column":3}},"line":260},"34":{"name":"(anonymous_34)","decl":{"start":{"line":267,"column":22},"end":{"line":267,"column":23}},"loc":{"start":{"line":267,"column":28},"end":{"line":271,"column":3}},"line":267},"35":{"name":"(anonymous_35)","decl":{"start":{"line":273,"column":73},"end":{"line":273,"column":74}},"loc":{"start":{"line":273,"column":80},"end":{"line":297,"column":3}},"line":273},"36":{"name":"(anonymous_36)","decl":{"start":{"line":294,"column":19},"end":{"line":294,"column":20}},"loc":{"start":{"line":294,"column":25},"end":{"line":294,"column":53}},"line":294},"37":{"name":"(anonymous_37)","decl":{"start":{"line":307,"column":16},"end":{"line":307,"column":17}},"loc":{"start":{"line":307,"column":22},"end":{"line":307,"column":41}},"line":307}},"branchMap":{"0":{"loc":{"start":{"line":42,"column":25},"end":{"line":42,"column":65}},"type":"binary-expr","locations":[{"start":{"line":42,"column":25},"end":{"line":42,"column":59}},{"start":{"line":42,"column":63},"end":{"line":42,"column":65}}],"line":42},"1":{"loc":{"start":{"line":51,"column":6},"end":{"line":54,"column":7}},"type":"if","locations":[{"start":{"line":51,"column":6},"end":{"line":54,"column":7}},{"start":{},"end":{}}],"line":51},"2":{"loc":{"start":{"line":53,"column":24},"end":{"line":53,"column":70}},"type":"binary-expr","locations":[{"start":{"line":53,"column":24},"end":{"line":53,"column":40}},{"start":{"line":53,"column":44},"end":{"line":53,"column":70}}],"line":53},"3":{"loc":{"start":{"line":60,"column":10},"end":{"line":60,"column":82}},"type":"cond-expr","locations":[{"start":{"line":60,"column":34},"end":{"line":60,"column":76}},{"start":{"line":60,"column":79},"end":{"line":60,"column":82}}],"line":60},"4":{"loc":{"start":{"line":80,"column":12},"end":{"line":80,"column":92}},"type":"cond-expr","locations":[{"start":{"line":80,"column":44},"end":{"line":80,"column":86}},{"start":{"line":80,"column":89},"end":{"line":80,"column":92}}],"line":80},"5":{"loc":{"start":{"line":87,"column":10},"end":{"line":90,"column":11}},"type":"if","locations":[{"start":{"line":87,"column":10},"end":{"line":90,"column":11}},{"start":{},"end":{}}],"line":87},"6":{"loc":{"start":{"line":119,"column":4},"end":{"line":119,"column":30}},"type":"if","locations":[{"start":{"line":119,"column":4},"end":{"line":119,"column":30}},{"start":{},"end":{}}],"line":119},"7":{"loc":{"start":{"line":120,"column":20},"end":{"line":120,"column":48}},"type":"binary-expr","locations":[{"start":{"line":120,"column":20},"end":{"line":120,"column":34}},{"start":{"line":120,"column":38},"end":{"line":120,"column":48}}],"line":120},"8":{"loc":{"start":{"line":121,"column":4},"end":{"line":121,"column":37}},"type":"if","locations":[{"start":{"line":121,"column":4},"end":{"line":121,"column":37}},{"start":{},"end":{}}],"line":121},"9":{"loc":{"start":{"line":121,"column":8},"end":{"line":121,"column":28}},"type":"binary-expr","locations":[{"start":{"line":121,"column":8},"end":{"line":121,"column":15}},{"start":{"line":121,"column":19},"end":{"line":121,"column":28}}],"line":121},"10":{"loc":{"start":{"line":159,"column":13},"end":{"line":159,"column":63}},"type":"cond-expr","locations":[{"start":{"line":159,"column":38},"end":{"line":159,"column":51}},{"start":{"line":159,"column":54},"end":{"line":159,"column":63}}],"line":159},"11":{"loc":{"start":{"line":163,"column":8},"end":{"line":180,"column":9}},"type":"if","locations":[{"start":{"line":163,"column":8},"end":{"line":180,"column":9}},{"start":{},"end":{}}],"line":163},"12":{"loc":{"start":{"line":168,"column":14},"end":{"line":171,"column":15}},"type":"if","locations":[{"start":{"line":168,"column":14},"end":{"line":171,"column":15}},{"start":{},"end":{}}],"line":168},"13":{"loc":{"start":{"line":173,"column":12},"end":{"line":176,"column":13}},"type":"if","locations":[{"start":{"line":173,"column":12},"end":{"line":176,"column":13}},{"start":{},"end":{}}],"line":173},"14":{"loc":{"start":{"line":184,"column":10},"end":{"line":184,"column":41}},"type":"if","locations":[{"start":{"line":184,"column":10},"end":{"line":184,"column":41}},{"start":{},"end":{}}],"line":184},"15":{"loc":{"start":{"line":190,"column":8},"end":{"line":206,"column":9}},"type":"if","locations":[{"start":{"line":190,"column":8},"end":{"line":206,"column":9}},{"start":{},"end":{}}],"line":190},"16":{"loc":{"start":{"line":190,"column":12},"end":{"line":190,"column":74}},"type":"binary-expr","locations":[{"start":{"line":190,"column":12},"end":{"line":190,"column":19}},{"start":{"line":190,"column":23},"end":{"line":190,"column":37}},{"start":{"line":190,"column":41},"end":{"line":190,"column":74}}],"line":190},"17":{"loc":{"start":{"line":203,"column":25},"end":{"line":203,"column":47}},"type":"binary-expr","locations":[{"start":{"line":203,"column":25},"end":{"line":203,"column":34}},{"start":{"line":203,"column":38},"end":{"line":203,"column":47}}],"line":203},"18":{"loc":{"start":{"line":214,"column":10},"end":{"line":221,"column":11}},"type":"if","locations":[{"start":{"line":214,"column":10},"end":{"line":221,"column":11}},{"start":{},"end":{}}],"line":214},"19":{"loc":{"start":{"line":214,"column":14},"end":{"line":214,"column":50}},"type":"binary-expr","locations":[{"start":{"line":214,"column":14},"end":{"line":214,"column":21}},{"start":{"line":214,"column":25},"end":{"line":214,"column":50}}],"line":214},"20":{"loc":{"start":{"line":229,"column":12},"end":{"line":232,"column":13}},"type":"if","locations":[{"start":{"line":229,"column":12},"end":{"line":232,"column":13}},{"start":{},"end":{}}],"line":229},"21":{"loc":{"start":{"line":229,"column":16},"end":{"line":229,"column":85}},"type":"binary-expr","locations":[{"start":{"line":229,"column":16},"end":{"line":229,"column":46}},{"start":{"line":229,"column":50},"end":{"line":229,"column":85}}],"line":229},"22":{"loc":{"start":{"line":234,"column":10},"end":{"line":237,"column":11}},"type":"if","locations":[{"start":{"line":234,"column":10},"end":{"line":237,"column":11}},{"start":{},"end":{}}],"line":234},"23":{"loc":{"start":{"line":261,"column":4},"end":{"line":263,"column":5}},"type":"if","locations":[{"start":{"line":261,"column":4},"end":{"line":263,"column":5}},{"start":{},"end":{}}],"line":261},"24":{"loc":{"start":{"line":268,"column":4},"end":{"line":268,"column":39}},"type":"if","locations":[{"start":{"line":268,"column":4},"end":{"line":268,"column":39}},{"start":{},"end":{}}],"line":268},"25":{"loc":{"start":{"line":275,"column":4},"end":{"line":280,"column":5}},"type":"if","locations":[{"start":{"line":275,"column":4},"end":{"line":280,"column":5}},{"start":{},"end":{}}],"line":275},"26":{"loc":{"start":{"line":275,"column":8},"end":{"line":275,"column":53}},"type":"binary-expr","locations":[{"start":{"line":275,"column":8},"end":{"line":275,"column":25}},{"start":{"line":275,"column":30},"end":{"line":275,"column":39}},{"start":{"line":275,"column":43},"end":{"line":275,"column":52}}],"line":275},"27":{"loc":{"start":{"line":282,"column":4},"end":{"line":288,"column":5}},"type":"if","locations":[{"start":{"line":282,"column":4},"end":{"line":288,"column":5}},{"start":{},"end":{}}],"line":282},"28":{"loc":{"start":{"line":282,"column":8},"end":{"line":282,"column":40}},"type":"binary-expr","locations":[{"start":{"line":282,"column":8},"end":{"line":282,"column":25}},{"start":{"line":282,"column":29},"end":{"line":282,"column":40}}],"line":282},"29":{"loc":{"start":{"line":290,"column":4},"end":{"line":296,"column":5}},"type":"if","locations":[{"start":{"line":290,"column":4},"end":{"line":296,"column":5}},{"start":{},"end":{}}],"line":290},"30":{"loc":{"start":{"line":291,"column":6},"end":{"line":295,"column":7}},"type":"if","locations":[{"start":{"line":291,"column":6},"end":{"line":295,"column":7}},{"start":{},"end":{}}],"line":291},"31":{"loc":{"start":{"line":315,"column":20},"end":{"line":315,"column":45}},"type":"binary-expr","locations":[{"start":{"line":315,"column":20},"end":{"line":315,"column":32}},{"start":{"line":315,"column":36},"end":{"line":315,"column":45}}],"line":315}},"s":{"0":5,"1":35,"2":35,"3":35,"4":35,"5":35,"6":35,"7":35,"8":35,"9":35,"10":35,"11":35,"12":35,"13":35,"14":35,"15":0,"16":35,"17":0,"18":35,"19":0,"20":0,"21":0,"22":0,"23":0,"24":0,"25":0,"26":0,"27":0,"28":0,"29":0,"30":0,"31":0,"32":0,"33":35,"34":27,"35":35,"36":12,"37":0,"38":0,"39":0,"40":1,"41":1,"42":1,"43":0,"44":0,"45":1,"46":1,"47":6,"4
[...]
column":63}},"3":{"start":{"line":21,"column":2},"end":{"line":57,"column":7}},"4":{"start":{"line":22,"column":4},"end":{"line":56,"column":5}},"5":{"start":{"line":23,"column":18},"end":{"line":33,"column":8}},"6":{"start":{"line":35,"column":6},"end":{"line":38,"column":7}},"7":{"start":{"line":36,"column":20},"end":{"line":36,"column":52}},"8":{"start":{"line":36,"column":49},"end":{"line":36,"column":51}},"9":{"start":{"line":37,"column":8},"end":{"line":37,"column":53}},"10":{"start":{"line":41,"column":19},"end":{"line":41,"column":35}},"11":{"start":{"line":44,"column":29},"end":{"line":44,"column":56}},"12":{"start":{"line":45,"column":31},"end":{"line":45,"column":59}},"13":{"start":{"line":48,"column":6},"end":{"line":50,"column":7}},"14":{"start":{"line":49,"column":8},"end":{"line":49,"column":39}},"15":{"start":{"line":52,"column":6},"end":{"line":52,"column":38}},"16":{"start":{"line":54,"column":6},"end":{"line":54,"column":44}},"17":{"start":{"line":54,"column":37},"end":{"line":54,"column":44}},"18":{"start":{"line":55,"column":6},"end":{"line":55,"column":68}},"19":{"start":{"line":59,"column":2},"end":{"line":61,"column":4}},"20":{"start":{"line":60,"column":18},"end":{"line":60,"column":36}}},"fnMap":{"0":{"name":"startStream","decl":{"start":{"line":16,"column":16},"end":{"line":16,"column":27}},"loc":{"start":{"line":16,"column":69},"end":{"line":62,"column":1}},"line":16},"1":{"name":"(anonymous_1)","decl":{"start":{"line":21,"column":3},"end":{"line":21,"column":4}},"loc":{"start":{"line":21,"column":15},"end":{"line":57,"column":3}},"line":21},"2":{"name":"(anonymous_2)","decl":{"start":{"line":36,"column":43},"end":{"line":36,"column":44}},"loc":{"start":{"line":36,"column":49},"end":{"line":36,"column":51}},"line":36},"3":{"name":"(anonymous_3)","decl":{"start":{"line":60,"column":12},"end":{"line":60,"column":13}},"loc":{"start":{"line":60,"column":18},"end":{"line":60,"column":36}},"line":60}},"branchMap":{"0":{"loc":{"start":{"line":19,"column":18},"end":{"line":19,"column":63}},"type":"cond-expr","locations":[{"start":{"line":19,"column":28},"end":{"line":19,"column":49}},{"start":{"line":19,"column":52},"end":{"line":19,"column":63}}],"line":19},"1":{"loc":{"start":{"line":29,"column":23},"end":{"line":29,"column":48}},"type":"binary-expr","locations":[{"start":{"line":29,"column":23},"end":{"line":29,"column":41}},{"start":{"line":29,"column":45},"end":{"line":29,"column":48}}],"line":29},"2":{"loc":{"start":{"line":30,"column":22},"end":{"line":30,"column":46}},"type":"binary-expr","locations":[{"start":{"line":30,"column":22},"end":{"line":30,"column":39}},{"start":{"line":30,"column":43},"end":{"line":30,"column":46}}],"line":30},"3":{"loc":{"start":{"line":35,"column":6},"end":{"line":38,"column":7}},"type":"if","locations":[{"start":{"line":35,"column":6},"end":{"line":38,"column":7}},{"start":{},"end":{}}],"line":35},"4":{"loc":{"start":{"line":44,"column":29},"end":{"line":44,"column":56}},"type":"binary-expr","locations":[{"start":{"line":44,"column":29},"end":{"line":44,"column":50}},{"start":{"line":44,"column":54},"end":{"line":44,"column":56}}],"line":44},"5":{"loc":{"start":{"line":45,"column":31},"end":{"line":45,"column":59}},"type":"binary-expr","locations":[{"start":{"line":45,"column":31},"end":{"line":45,"column":53}},{"start":{"line":45,"column":57},"end":{"line":45,"column":59}}],"line":45},"6":{"loc":{"start":{"line":48,"column":6},"end":{"line":50,"column":7}},"type":"if","locations":[{"start":{"line":48,"column":6},"end":{"line":50,"column":7}},{"start":{},"end":{}}],"line":48},"7":{"loc":{"start":{"line":48,"column":10},"end":{"line":48,"column":68}},"type":"binary-expr","locations":[{"start":{"line":48,"column":10},"end":{"line":48,"column":24}},{"start":{"line":48,"column":28},"end":{"line":48,"column":68}}],"line":48},"8":{"loc":{"start":{"line":54,"column":6},"end":{"line":54,"column":44}},"type":"if","locations":[{"start":{"line":54,"column":6},"end":{"line":54,"column":44}},{"start":{},"end":{}}],"line":54},"9":{"loc":{"start":{"line":55,"column":21},"end":{"line":55,"column":66}},"type":"cond-expr","locations":[{"start":{"line":55,"column":42},"end":{"line":55,"column":43}},{"start":{"line":55,"column":46},"end":{"line":55,"column":66}}],"line":55}},"s":{"0":0,"1":0,"2":0,"3":0,"4":0,"5":0,"6":0,"7":0,"8":0,"9":0,"10":0,"11":0,"12":0,"13":0,"14":0,"15":0,"16":0,"17":0,"18":0,"19":0,"20":0},"f":{"0":0,"1":0,"2":0,"3":0},"b":{"0":[0,0],"1":[0,0],"2":[0,0],"3":[0,0],"4":[0,0],"5":[0,0],"6":[0,0],"7":[0,0],"8":[0,0],"9":[0,0]},"_coverageSchema":"1a1c01bbd47fc00a2c39e90264f33305004495a9","hash":"ebe6ebe6f7f786532d8571561b839ea3257e26f9"}
,"/Users/stephenboyett/Desktop/Github/cannasol-technologies/steves-mom/frontend/src/services/socketClient.ts": {"path":"/Users/stephenboyett/Desktop/Github/cannasol-technologies/steves-mom/frontend/src/services/socketClient.ts","statementMap":{"0":{"start":{"line":15,"column":21},"end":{"line":15,"column":75}},"1":{"start":{"line":16,"column":16},"end":{"line":16,"column":59}},"2":{"start":{"line":18,"column":33},"end":{"line":18,"column":53}},"3":{"start":{"line":20,"column":2},"end":{"line":22,"column":4}},"4":{"start":{"line":21,"column":4},"end":{"line":21,"column":52}},"5":{"start":{"line":24,"column":2},"end":{"line":35,"column":4}},"6":{"start":{"line":25,"column":4},"end":{"line":34,"column":5}},"7":{"start":{"line":26,"column":19},"end":{"line":26,"column":41}},"8":{"start":{"line":27,"column":6},"end":{"line":31,"column":7}},"9":{"start":{"line":28,"column":8},"end":{"line":28,"column":44}},"10":{"start":{"line":30,"column":8},"end":{"line":30,"column":39}},"11":{"start":{"line":33,"column":6},"end":{"line":33,"column":37}},"12":{"start":{"line":37,"column":2},"end":{"line":40,"column":4}},"13":{"start":{"line":38,"column":4},"end":{"line":38,"column":45}},"14":{"start":{"line":39,"column":4},"end":{"line":39,"column":51}},"15":{"start":{"line":42,"column":2},"end":{"line":46,"column":4}},"16":{"start":{"line":43,"column":4},"end":{"line":43,"column":47}},"17":{"start":{"line":44,"column":4},"end":{"line":44,"column":23}},"18":{"start":{"line":45,"column":4},"end":{"line":45,"column":18}},"19":{"start":{"line":48,"column":2},"end":{"line":54,"column":4}},"20":{"start":{"line":50,"column":6},"end":{"line":52,"column":7}},"21":{"start":{"line":51,"column":8},"end":{"line":51,"column":23}},"22":{"start":{"line":58,"column":27},"end":{"line":60,"column":1}}},"fnMap":{"0":{"name":"connectLiveUpdates","decl":{"start":{"line":14,"column":16},"end":{"line":14,"column":34}},"loc":{"start":{"line":14,"column":87},"end":{"line":55,"column":1}},"line":14},"1":{"name":"(anonymous_1)","decl":{"start":{"line":20,"column":18},"end":{"line":20,"column":19}},"loc":{"start":{"line":20,"column":24},"end":{"line":22,"column":3}},"line":20},"2":{"name":"(anonymous_2)","decl":{"start":{"line":24,"column":21},"end":{"line":24,"column":22}},"loc":{"start":{"line":24,"column":32},"end":{"line":35,"column":3}},"line":24},"3":{"name":"(anonymous_3)","decl":{"start":{"line":37,"column":19},"end":{"line":37,"column":20}},"loc":{"start":{"line":37,"column":30},"end":{"line":40,"column":3}},"line":37},"4":{"name":"(anonymous_4)","decl":{"start":{"line":42,"column":19},"end":{"line":42,"column":20}},"loc":{"start":{"line":42,"column":25},"end":{"line":46,"column":3}},"line":42},"5":{"name":"(anonymous_5)","decl":{"start":{"line":49,"column":16},"end":{"line":49,"column":17}},"loc":{"start":{"line":49,"column":22},"end":{"line":53,"column":5}},"line":49}},"branchMap":{"0":{"loc":{"start":{"line":15,"column":21},"end":{"line":15,"column":75}},"type":"cond-expr","locations":[{"start":{"line":15,"column":61},"end":{"line":15,"column":67}},{"start":{"line":15,"column":70},"end":{"line":15,"column":75}}],"line":15},"1":{"loc":{"start":{"line":27,"column":6},"end":{"line":31,"column":7}},"type":"if","locations":[{"start":{"line":27,"column":6},"end":{"line":31,"column":7}},{"start":{"line":29,"column":13},"end":{"line":31,"column":7}}],"line":27},"2":{"loc":{"start":{"line":27,"column":10},"end":{"line":27,"column":32}},"type":"binary-expr","locations":[{"start":{"line":27,"column":10},"end":{"line":27,"column":17}},{"start":{"line":27,"column":21},"end":{"line":27,"column":32}}],"line":27},"3":{"loc":{"start":{"line":50,"column":6},"end":{"line":52,"column":7}},"type":"if","locations":[{"start":{"line":50,"column":6},"end":{"line":52,"column":7}},{"start":{},"end":{}}],"line":50}},"s":{"0":14,"1":14,"2":14,"3":14,"4":0,"5":14,"6":0,"7":0,"8":0,"9":0,"10":0,"11":0,"12":14,"13":9,"14":9,"15":14,"16":9,"17":9,"18":9,"19":14,"20":14,"21":9,"22":5},"f":{"0":14,"1":0,"2":0,"3":9,"4":9,"5":14},"b":{"0":[0,14],"1":[0,0],"2":[0,0],"3":[9,5]},"_coverageSchema":"1a1c01bbd47fc00a2c39e90264f33305004495a9","hash":"0727d636a8b81a023c88aa0fce0c098cccbf2c7e"}
,"/Users/stephenboyett/Desktop/Github/cannasol-technologies/steves-mom/frontend/src/types/index.ts": {"path":"/Users/stephenboyett/Desktop/Github/cannasol-technologies/steves-mom/frontend/src/types/index.ts","statementMap":{},"fnMap":{},"branchMap":{},"s":{},"f":{},"b":{}}
,"/Users/stephenboyett/Desktop/Github/cannasol-technologies/steves-mom/frontend/src/types/tasks.ts": {"path":"/Users/stephenboyett/Desktop/Github/cannasol-technologies/steves-mom/frontend/src/types/tasks.ts","statementMap":{},"fnMap":{},"branchMap":{},"s":{},"f":{},"b":{},"_coverageSchema":"1a1c01bbd47fc00a2c39e90264f33305004495a9","hash":"95adcd84055f8538e4ad6b5f486654eeb54202c3"}
,"/Users/stephenboyett/Desktop/Github/cannasol-technologies/steves-mom/frontend/src/utils/animationCommands.ts": {"path":"/Users/stephenboyett/Desktop/Github/cannasol-technologies/steves-mom/frontend/src/utils/animationCommands.ts","statementMap":{"0":{"start":{"line":13,"column":2},"end":{"line":21,"column":12}},"1":{"start":{"line":15,"column":25},"end":{"line":15,"column":57}},"2":{"start":{"line":16,"column":4},"end":{"line":20,"column":5}},"3":{"start":{"line":17,"column":22},"end":{"line":17,"column":60}},"4":{"start":{"line":18,"column":18},"end":{"line":18,"column":37}},"5":{"start":{"line":19,"column":6},"end":{"line":19,"column":64}},"6":{"start":{"line":19,"column":42},"end":{"line":19,"column":64}},"7":{"start":{"line":23,"column":2},"end":{"line":30,"column":12}},"8":{"start":{"line":25,"column":22},"end":{"line":25,"column":68}},"9":{"start":{"line":26,"column":4},"end":{"line":29,"column":5}},"10":{"start":{"line":27,"column":18},"end":{"line":27,"column":42}},"11":{"start":{"line":28,"column":6},"end":{"line":28,"column":28}},"12":{"start":{"line":33,"column":14},"end":{"line":33,"column":48}},"13":{"start":{"line":34,"column":2},"end":{"line":42,"column":3}},"14":{"start":{"line":35,"column":19},"end":{"line":40,"column":5}},"15":{"start":{"line":38,"column":19},"end":{"line":38,"column":32}},"16":{"start":{"line":39,"column":25},"end":{"line":39,"column":46}},"17":{"start":{"line":41,"column":4},"end":{"line":41,"column":36}},"18":{"start":{"line":44,"column":2},"end":{"line":44,"column":14}},"19":{"start":{"line":48,"column":2},"end":{"line":48,"column":19}},"20":{"start":{"line":48,"column":12},"end":{"line":48,"column":19}},"21":{"start":{"line":49,"column":2},"end":{"line":49,"column":60}},"22":{"start":{"line":49,"column":16},"end":{"line":49,"column":60}},"23":{"start":{"line":50,"column":2},"end":{"line":50,"column":75}},"24":{"start":{"line":50,"column":21},"end":{"line":50,"column":75}},"25":{"start":{"line":51,"column":2},"end":{"line":51,"column":66}},"26":{"start":{"line":51,"column":18},"end":{"line":51,"column":66}},"27":{"start":{"line":55,"column":32},"end":{"line":55,"column":34}},"28":{"start":{"line":56,"column":2},"end":{"line":56,"column":69}},"29":{"start":{"line":56,"column":18},"end":{"line":56,"column":69}},"30":{"start":{"line":57,"column":2},"end":{"line":60,"column":3}},"31":{"start":{"line":58,"column":17},"end":{"line":58,"column":47}},"32":{"start":{"line":59,"column":4},"end":{"line":59,"column":88}},"33":{"start":{"line":61,"column":2},"end":{"line":61,"column":66}},"34":{"start":{"line":61,"column":21},"end":{"line":61,"column":66}},"35":{"start":{"line":62,"column":2},"end":{"line":62,"column":13}}},"fnMap":{"0":{"name":"parseAnimationFromText","decl":{"start":{"line":12,"column":16},"end":{"line":12,"column":38}},"loc":{"start":{"line":12,"column":78},"end":{"line":45,"column":1}},"line":12},"1":{"name":"(anonymous_1)","decl":{"start":{"line":38,"column":13},"end":{"line":38,"column":14}},"loc":{"start":{"line":38,"column":19},"end":{"line":38,"column":32}},"line":38},"2":{"name":"(anonymous_2)","decl":{"start":{"line":39,"column":13},"end":{"line":39,"column":14}},"loc":{"start":{"line":39,"column":25},"end":{"line":39,"column":46}},"line":39},"3":{"name":"executeAnimation","decl":{"start":{"line":47,"column":16},"end":{"line":47,"column":32}},"loc":{"start":{"line":47,"column":62},"end":{"line":52,"column":1}},"line":47},"4":{"name":"normalize","decl":{"start":{"line":54,"column":9},"end":{"line":54,"column":18}},"loc":{"start":{"line":54,"column":47},"end":{"line":63,"column":1}},"line":54}},"branchMap":{"0":{"loc":{"start":{"line":16,"column":4},"end":{"line":20,"column":5}},"type":"if","locations":[{"start":{"line":16,"column":4},"end":{"line":20,"column":5}},{"start":{},"end":{}}],"line":16},"1":{"loc":{"start":{"line":19,"column":6},"end":{"line":19,"column":64}},"type":"if","locations":[{"start":{"line":19,"column":6},"end":{"line":19,"column":64}},{"start":{},"end":{}}],"line":19},"2":{"loc":{"start":{"line":19,"column":10},"end":{"line":19,"column":40}},"type":"binary-expr","locations":[{"start":{"line":19,"column":10},"end":{"line":19,"column":13}},{"start":{"line":19,"column":17},"end":{"line":19,"column":40}}],"line":19},"3":{"loc":{"start":{"line":26,"column":4},"end":{"line":29,"column":5}},"type":"if","locations":[{"start":{"line":26,"column":4},"end":{"line":29,"column":5}},{"start":{},"end":{}}],"line":26},"4":{"loc":{"start":{"line":34,"column":2},"end":{"line":42,"column":3}},"type":"if","locations":[{"start":{"line":34,"column":2},"end":{"line":42,"column":3}},{"start":{},"end":{}}],"line":34},"5":{"loc":{"start":{"line":48,"column":2},"end":{"line":48,"column":19}},"type":"if","locations":[{"start":{"line":48,"column":2},"end":{"line":48,"column":19}},{"start":{},"end":{}}],"line":48},"6":{"loc":{"start":{"line":49,"column":2},"end":{"line":49,"column":60}},"type":"if","locations":[{"start":{"line":49,"column":2},"end":{"line":49,"column":60}},{"start":{},"end":{}}],"line":49},"7":{"loc":{"start":{"line":50,"column":2},"end":{"line":50,"column":75}},"type":"if","locations":[{"start":{"line":50,"column":2},"end":{"line":50,"column":75}},{"start":{},"end":{}}],"line":50},"8":{"loc":{"start":{"line":51,"column":2},"end":{"line":51,"column":66}},"type":"if","locations":[{"start":{"line":51,"column":2},"end":{"line":51,"column":66}},{"start":{},"end":{}}],"line":51},"9":{"loc":{"start":{"line":56,"column":2},"end":{"line":56,"column":69}},"type":"if","locations":[{"start":{"line":56,"column":2},"end":{"line":56,"column":69}},{"start":{},"end":{}}],"line":56},"10":{"loc":{"start":{"line":57,"column":2},"end":{"line":60,"column":3}},"type":"if","locations":[{"start":{"line":57,"column":2},"end":{"line":60,"column":3}},{"start":{},"end":{}}],"line":57},"11":{"loc":{"start":{"line":59,"column":15},"end":{"line":59,"column":87}},"type":"cond-expr","locations":[{"start":{"line":59,"column":56},"end":{"line":59,"column":77}},{"start":{"line":59,"column":81},"end":{"line":59,"column":87}}],"line":59},"12":{"loc":{"start":{"line":59,"column":16},"end":{"line":59,"column":51}},"type":"binary-expr","locations":[{"start":{"line":59,"column":16},"end":{"line":59,"column":31}},{"start":{"line":59,"column":35},"end":{"line":59,"column":51}}],"line":59},"13":{"loc":{"start":{"line":61,"column":2},"end":{"line":61,"column":66}},"type":"if","locations":[{"start":{"line":61,"column":2},"end":{"line":61,"column":66}},{"start":{},"end":{}}],"line":61}},"s":{"0":9,"1":9,"2":9,"3":1,"4":1,"5":1,"6":1,"7":8,"8":8,"9":8,"10":1,"11":1,"12":7,"13":7,"14":1,"15":3,"16":3,"17":1,"18":6,"19":0,"20":0,"21":0,"22":0,"23":0,"24":0,"25":0,"26":0,"27":3,"28":3,"29":3,"30":3,"31":3,"32":3,"33":3,"34":2,"35":3},"f":{"0":9,"1":3,"2":3,"3":0,"4":3},"b":{"0":[1,8],"1":[1,0],"2":[1,1],"3":[1,7],"4":[1,6],"5":[0,0],"6":[0,0],"7":[0,0],"8":[0,0],"9":[3,0],"10":[3,0],"11":[3,0],"12":[3,1],"13":[2,1]},"_coverageSchema":"1a1c01bbd47fc00a2c39e90264f33305004495a9","hash":"4a48457734761c6a04a751d20578c2d810f5fbc3"}
,"/Users/stephenboyett/Desktop/Github/cannasol-technologies/steves-mom/frontend/src/utils/taskUtils.tsx": {"path":"/Users/stephenboyett/Desktop/Github/cannasol-technologies/steves-mom/frontend/src/utils/taskUtils.tsx","statementMap":{"0":{"start":{"line":5,"column":72},"end":{"line":9,"column":1}},"1":{"start":{"line":6,"column":2},"end":{"line":8,"column":8}},"2":{"start":{"line":10,"column":68},"end":{"line":14,"column":1}},"3":{"start":{"line":11,"column":2},"end":{"line":13,"column":8}},"4":{"start":{"line":15,"column":66},"end":{"line":19,"column":1}},"5":{"start":{"line":16,"column":2},"end":{"line":18,"column":8}},"6":{"start":{"line":21,"column":29},"end":{"line":32,"column":1}},"7":{"start":{"line":22,"column":2},"end":{"line":31,"column":3}},"8":{"start":{"line":24,"column":6},"end":{"line":24,"column":29}},"9":{"start":{"line":26,"column":6},"end":{"line":26,"column":25}},"10":{"start":{"line":28,"column":6},"end":{"line":28,"column":23}},"11":{"start":{"line":30,"column":6},"end":{"line":30,"column":18}},"12":{"start":{"line":34,"column":30},"end":{"line":45,"column":1}},"13":{"start":{"line":35,"column":2},"end":{"line":44,"column":3}},"14":{"start":{"line":37,"column":6},"end":{"line":37,"column":81}},"15":{"start":{"line":39,"column":6},"end":{"line":39,"column":73}},"16":{"start":{"line":41,"column":6},"end":{"line":41,"column":85}},"17":{"start":{"line":43,"column":6},"end":{"line":43,"column":77}}},"fnMap":{"0":{"name":"(anonymous_0)","decl":{"start":{"line":5,"column":72},"end":{"line":5,"column":73}},"loc":{"start":{"line":6,"column":2},"end":{"line":8,"column":8}},"line":6},"1":{"name":"(anonymous_1)","decl":{"start":{"line":10,"column":68},"end":{"line":10,"column":69}},"loc":{"start":{"line":11,"column":2},"end":{"line":13,"column":8}},"line":11},"2":{"name":"(anonymous_2)","decl":{"start":{"line":15,"column":66},"end":{"line":15,"column":67}},"loc":{"start":{"line":16,"column":2},"end":{"line":18,"column":8}},"line":16},"3":{"name":"(anonymous_3)","decl":{"start":{"line":21,"column":29},"end":{"line":21,"column":30}},"loc":{"start":{"line":21,"column":53},"end":{"line":32,"column":1}},"line":21},"4":{"name":"(anonymous_4)","decl":{"start":{"line":34,"column":30},"end":{"line":34,"column":31}},"loc":{"start":{"line":34,"column":54},"end":{"line":45,"column":1}},"line":34}},"branchMap":{"0":{"loc":{"start":{"line":22,"column":2},"end":{"line":31,"column":3}},"type":"switch","locations":[{"start":{"line":23,"column":4},"end":{"line":24,"column":29}},{"start":{"line":25,"column":4},"end":{"line":26,"column":25}},{"start":{"line":27,"column":4},"end":{"line":28,"column":23}},{"start":{"line":29,"column":4},"end":{"line":30,"column":18}}],"line":22},"1":{"loc":{"start":{"line":35,"column":2},"end":{"line":44,"column":3}},"type":"switch","locations":[{"start":{"line":36,"column":4},"end":{"line":37,"column":81}},{"start":{"line":38,"column":4},"end":{"line":39,"column":73}},{"start":{"line":40,"column":4},"end":{"line":41,"column":85}},{"start":{"line":42,"column":4},"end":{"line":43,"column":77}}],"line":35}},"s":{"0":9,"1":5,"2":9,"3":0,"4":9,"5":3,"6":9,"7":10,"8":5,"9":0,"10":3,"11":2,"12":9,"13":10,"14":5,"15":0,"16":3,"17":2},"f":{"0":5,"1":0,"2":3,"3":10,"4":10},"b":{"0":[5,0,3,2],"1":[5,0,3,2]},"_coverageSchema":"1a1c01bbd47fc00a2c39e90264f33305004495a9","hash":"01ac800bfaa63150a1d1a7dba4eb02f515addc20"}
}
