TN:
SF:src/App.tsx
FN:11,App
FNF:1
FNH:1
FNDA:5,App
DA:12,5
LF:1
LH:1
BRF:0
BRH:0
end_of_record
TN:
SF:src/index.tsx
FNF:0
FNH:0
DA:6,0
DA:10,0
LF:2
LH:0
BRF:0
BRH:0
end_of_record
TN:
SF:src/test-utils.tsx
FN:4,(anonymous_0)
FNF:1
FNH:1
FNDA:5,(anonymous_0)
DA:4,1
DA:5,5
LF:2
LH:2
BRF:0
BRH:0
end_of_record
TN:
SF:src/components/Layout.tsx
FN:9,(anonymous_0)
FN:13,(anonymous_1)
FN:27,(anonymous_2)
FN:43,(anonymous_3)
FN:98,(anonymous_4)
FN:109,(anonymous_5)
FN:120,(anonymous_6)
FNF:7
FNH:3
FNDA:16,(anonymous_0)
FNDA:52,(anonymous_1)
FNDA:0,(anonymous_2)
FNDA:2,(anonymous_3)
FNDA:0,(anonymous_4)
FNDA:0,(anonymous_5)
FNDA:0,(anonymous_6)
DA:9,3
DA:10,16
DA:11,16
DA:13,16
DA:14,52
DA:17,16
DA:27,0
DA:43,2
DA:98,0
DA:109,0
DA:120,0
LF:11
LH:7
BRDA:14,0,0,52
BRDA:14,0,1,35
BRDA:14,0,2,1
BRDA:62,1,0,15
BRDA:62,1,1,1
BRDA:62,2,0,16
BRDA:62,2,1,1
BRDA:72,3,0,1
BRDA:72,3,1,15
BRDA:82,4,0,0
BRDA:82,4,1,16
BRDA:93,5,0,16
BRDA:93,5,1,1
BRDA:100,6,0,1
BRDA:100,6,1,0
BRDA:100,7,0,1
BRDA:100,7,1,0
BRDA:111,8,0,0
BRDA:111,8,1,1
BRDA:122,9,0,0
BRDA:122,9,1,1
BRF:21
BRH:16
end_of_record
TN:
SF:src/components/ThemeToggle.tsx
FN:4,(anonymous_0)
FNF:1
FNH:1
FNDA:37,(anonymous_0)
DA:4,4
DA:5,37
DA:7,37
LF:3
LH:3
BRDA:13,0,0,34
BRDA:13,0,1,3
BRF:2
BRH:2
end_of_record
TN:
SF:src/components/Character/StevesMomCharacter.tsx
FN:34,(anonymous_0)
FN:38,(anonymous_1)
FN:40,(anonymous_2)
FN:42,(anonymous_3)
FN:44,(anonymous_4)
FN:51,(anonymous_5)
FN:57,(anonymous_6)
FN:59,(anonymous_7)
FN:64,(anonymous_8)
FN:71,(anonymous_9)
FN:76,(anonymous_10)
FN:80,(anonymous_11)
FN:87,(anonymous_12)
FNF:13
FNH:9
FNDA:13,(anonymous_0)
FNDA:13,(anonymous_1)
FNDA:0,(anonymous_2)
FNDA:0,(anonymous_3)
FNDA:41,(anonymous_4)
FNDA:41,(anonymous_5)
FNDA:13,(anonymous_6)
FNDA:13,(anonymous_7)
FNDA:13,(anonymous_8)
FNDA:0,(anonymous_9)
FNDA:0,(anonymous_10)
FNDA:13,(anonymous_11)
FNDA:41,(anonymous_12)
DA:29,7
DA:30,7
DA:31,7
DA:33,7
DA:35,13
DA:37,13
DA:38,13
DA:41,0
DA:42,0
DA:44,41
DA:51,7
DA:52,41
DA:53,41
DA:54,41
DA:55,41
DA:57,41
DA:59,41
DA:61,13
DA:64,41
DA:65,13
DA:67,13
DA:68,13
DA:69,13
DA:71,0
DA:72,0
DA:73,0
DA:76,0
DA:80,41
DA:81,13
DA:82,13
DA:85,41
DA:87,41
DA:88,41
DA:90,0
DA:92,0
DA:94,0
DA:96,0
DA:98,0
DA:100,0
DA:102,0
DA:104,0
DA:107,41
DA:111,41
LF:43
LH:29
BRDA:51,0,0,0
BRDA:69,1,0,0
BRDA:69,1,1,13
BRDA:72,2,0,0
BRDA:72,2,1,0
BRDA:81,3,0,13
BRDA:81,3,1,0
BRDA:85,4,0,0
BRDA:85,4,1,41
BRDA:85,5,0,0
BRDA:85,5,1,41
BRDA:88,6,0,0
BRDA:88,6,1,0
BRDA:88,6,2,0
BRDA:88,6,3,0
BRDA:88,6,4,0
BRDA:88,6,5,0
BRDA:88,6,6,0
BRDA:88,6,7,0
BRDA:88,6,8,41
BRDA:88,6,9,41
BRDA:117,7,0,0
BRDA:117,7,1,41
BRF:23
BRH:7
end_of_record
TN:
SF:src/components/Chat/ChatInterface.tsx
FN:29,(anonymous_0)
FN:62,(anonymous_1)
FN:111,(anonymous_2)
FN:112,(anonymous_3)
FNF:4
FNH:1
FNDA:36,(anonymous_0)
FNDA:0,(anonymous_1)
FNDA:0,(anonymous_2)
FNDA:0,(anonymous_3)
DA:29,6
DA:48,36
DA:62,0
LF:3
LH:2
BRDA:82,0,0,36
BRDA:82,0,1,5
BRDA:99,1,0,12
BRDA:99,1,1,24
BRDA:99,2,0,36
BRDA:99,2,1,24
BRDA:104,3,0,36
BRDA:104,3,1,25
BRDA:104,3,2,25
BRDA:104,3,3,13
BRDA:109,4,0,13
BRDA:109,4,1,7
BRDA:111,5,0,13
BRDA:111,5,1,0
BRDA:112,6,0,13
BRDA:112,6,1,0
BRF:16
BRH:14
end_of_record
TN:
SF:src/components/Chat/InputArea.tsx
FN:15,(anonymous_0)
FN:18,(anonymous_1)
FN:27,(anonymous_2)
FN:37,(anonymous_3)
FN:44,(anonymous_4)
FN:51,(anonymous_5)
FN:57,(anonymous_6)
FNF:7
FNH:7
FNDA:46,(anonymous_0)
FNDA:40,(anonymous_1)
FNDA:44,(anonymous_2)
FNDA:33,(anonymous_3)
FNDA:11,(anonymous_4)
FNDA:6,(anonymous_5)
FNDA:11,(anonymous_6)
DA:13,7
DA:15,7
DA:17,46
DA:18,46
DA:19,40
DA:20,40
DA:21,0
DA:22,40
DA:23,24
DA:27,46
DA:28,44
DA:29,44
DA:31,38
DA:32,38
DA:33,38
DA:34,38
DA:37,46
DA:39,46
DA:40,46
DA:41,46
DA:42,46
DA:44,46
DA:45,11
DA:47,11
DA:50,46
DA:51,6
DA:57,11
LF:27
LH:26
BRDA:20,0,0,0
BRDA:20,0,1,40
BRDA:22,1,0,24
BRDA:22,1,1,16
BRDA:22,2,0,40
BRDA:22,2,1,24
BRDA:29,3,0,6
BRDA:29,3,1,38
BRDA:42,4,0,46
BRDA:42,4,1,1
BRDA:51,5,0,6
BRDA:51,5,1,0
BRDA:53,6,0,1
BRDA:53,6,1,45
BRDA:53,7,0,1
BRDA:53,7,1,45
BRDA:63,8,0,1
BRDA:63,8,1,45
BRDA:69,9,0,46
BRDA:69,9,1,10
BRDA:69,9,2,10
BRDA:69,9,3,9
BRDA:72,10,0,1
BRDA:72,10,1,45
BRDA:75,11,0,13
BRDA:75,11,1,33
BRDA:100,12,0,1
BRDA:100,12,1,45
BRDA:102,13,0,1
BRDA:102,13,1,45
BRDA:102,14,0,0
BRDA:102,14,1,45
BRDA:103,15,0,1
BRDA:103,15,1,45
BRF:34
BRH:31
end_of_record
TN:
SF:src/components/Chat/MessageList.tsx
FN:27,(anonymous_0)
FN:31,(anonymous_1)
FN:40,(anonymous_2)
FN:54,(anonymous_3)
FN:59,(anonymous_4)
FN:62,(anonymous_5)
FN:70,(anonymous_6)
FN:84,(anonymous_7)
FN:158,(anonymous_8)
FN:202,(anonymous_9)
FN:211,(anonymous_10)
FN:226,(anonymous_11)
FNF:12
FNH:6
FNDA:42,(anonymous_0)
FNDA:14,(anonymous_1)
FNDA:22,(anonymous_2)
FNDA:14,(anonymous_3)
FNDA:14,(anonymous_4)
FNDA:0,(anonymous_5)
FNDA:0,(anonymous_6)
FNDA:62,(anonymous_7)
FNDA:0,(anonymous_8)
FNDA:0,(anonymous_9)
FNDA:0,(anonymous_10)
FNDA:0,(anonymous_11)
DA:27,6
DA:28,42
DA:29,42
DA:31,42
DA:32,14
DA:33,14
DA:34,14
DA:35,14
DA:36,14
DA:40,42
DA:41,22
DA:42,22
DA:43,22
DA:45,22
DA:46,22
DA:47,0
DA:49,22
DA:54,42
DA:55,14
DA:56,14
DA:57,14
DA:58,14
DA:59,14
DA:62,42
DA:63,0
DA:64,0
DA:70,42
DA:71,0
DA:72,0
DA:73,0
DA:74,0
DA:75,0
DA:77,0
DA:81,42
DA:85,62
DA:86,62
DA:159,0
DA:160,0
DA:202,0
DA:211,0
DA:226,0
LF:41
LH:27
BRDA:33,0,0,0
BRDA:33,0,1,14
BRDA:42,1,0,0
BRDA:42,1,1,22
BRDA:43,2,0,0
BRDA:43,2,1,22
BRDA:46,3,0,0
BRDA:46,3,1,22
BRDA:56,4,0,0
BRDA:56,4,1,14
BRDA:72,5,0,0
BRDA:72,5,1,0
BRDA:74,6,0,0
BRDA:74,6,1,0
BRDA:90,7,0,19
BRDA:90,7,1,43
BRDA:94,8,0,62
BRDA:94,8,1,43
BRDA:107,9,0,19
BRDA:107,9,1,43
BRDA:111,10,0,19
BRDA:111,10,1,43
BRDA:117,11,0,62
BRDA:117,11,1,43
BRDA:123,12,0,19
BRDA:123,12,1,43
BRDA:126,13,0,19
BRDA:126,13,1,43
BRDA:132,14,0,62
BRDA:132,14,1,9
BRDA:135,15,0,62
BRDA:135,15,1,9
BRDA:138,16,0,62
BRDA:138,16,1,1
BRDA:141,17,0,62
BRDA:141,17,1,43
BRDA:153,18,0,19
BRDA:153,18,1,43
BRDA:156,19,0,62
BRDA:156,19,1,0
BRDA:160,20,0,0
BRDA:160,20,1,0
BRDA:168,21,0,62
BRDA:168,21,1,43
BRDA:168,21,2,0
BRDA:196,22,0,19
BRDA:196,22,1,43
BRDA:199,23,0,62
BRDA:199,23,1,43
BRDA:199,23,2,0
BRDA:199,23,3,0
BRDA:237,24,0,62
BRDA:237,24,1,19
BRDA:248,25,0,42
BRDA:248,25,1,13
BRDA:284,26,0,13
BRDA:284,26,1,11
BRDA:305,27,0,42
BRDA:305,27,1,0
BRDA:327,28,0,42
BRDA:327,28,1,0
BRF:61
BRH:44
end_of_record
TN:
SF:src/components/Chat/ModelSelector.tsx
FN:11,(anonymous_0)
FN:19,(anonymous_1)
FN:21,(anonymous_2)
FNF:3
FNH:2
FNDA:36,(anonymous_0)
FNDA:0,(anonymous_1)
FNDA:108,(anonymous_2)
DA:9,6
DA:11,6
DA:12,36
DA:19,0
DA:22,108
LF:5
LH:4
BRDA:11,0,0,36
BRF:1
BRH:1
end_of_record
TN:
SF:src/components/Chat/StreamRenderer.tsx
FN:18,(anonymous_0)
FNF:1
FNH:1
FNDA:21,(anonymous_0)
DA:18,7
DA:19,21
LF:2
LH:2
BRDA:27,0,0,15
BRDA:27,0,1,6
BRDA:32,1,0,15
BRDA:32,1,1,6
BRF:4
BRH:4
end_of_record
TN:
SF:src/components/Common/ErrorBoundary.tsx
FN:8,(anonymous_0)
FN:13,(anonymous_1)
FN:17,(anonymous_2)
FN:22,(anonymous_3)
FNF:4
FNH:0
FNDA:0,(anonymous_0)
FNDA:0,(anonymous_1)
FNDA:0,(anonymous_2)
FNDA:0,(anonymous_3)
DA:9,0
DA:10,0
DA:14,0
DA:23,0
DA:24,0
DA:31,0
LF:6
LH:0
BRDA:23,0,0,0
BRDA:23,0,1,0
BRF:2
BRH:0
end_of_record
TN:
SF:src/context/ThemeContext.tsx
FN:12,(anonymous_0)
FN:13,(anonymous_1)
FN:25,(anonymous_2)
FN:32,(anonymous_3)
FN:33,(anonymous_4)
FN:43,(anonymous_5)
FNF:6
FNH:6
FNDA:19,(anonymous_0)
FNDA:16,(anonymous_1)
FNDA:18,(anonymous_2)
FNDA:2,(anonymous_3)
FNDA:2,(anonymous_4)
FNDA:37,(anonymous_5)
DA:10,4
DA:12,4
DA:13,19
DA:14,16
DA:15,16
DA:16,16
DA:18,4
DA:19,4
DA:21,0
DA:25,19
DA:26,18
DA:27,18
DA:28,18
DA:29,18
DA:32,19
DA:33,2
DA:36,19
DA:43,4
DA:44,37
DA:45,37
DA:46,0
DA:48,37
LF:22
LH:20
BRDA:16,0,0,12
BRDA:16,0,1,4
BRDA:16,1,0,16
BRDA:16,1,1,5
BRDA:18,2,0,4
BRDA:18,2,1,4
BRDA:19,3,0,1
BRDA:19,3,1,3
BRDA:33,4,0,1
BRDA:33,4,1,1
BRDA:45,5,0,0
BRDA:45,5,1,37
BRF:12
BRH:11
end_of_record
TN:
SF:src/pages/AdminPage.tsx
FN:9,(anonymous_0)
FN:16,(anonymous_1)
FN:17,(anonymous_2)
FN:46,(anonymous_3)
FN:64,(anonymous_4)
FN:82,(anonymous_5)
FNF:6
FNH:5
FNDA:8,(anonymous_0)
FNDA:3,(anonymous_1)
FNDA:3,(anonymous_2)
FNDA:2,(anonymous_3)
FNDA:1,(anonymous_4)
FNDA:0,(anonymous_5)
DA:9,2
DA:10,8
DA:16,8
DA:17,3
DA:23,8
DA:46,2
DA:64,1
DA:82,0
LF:8
LH:7
BRF:0
BRH:0
end_of_record
TN:
SF:src/pages/ChatPage.tsx
FN:10,(anonymous_0)
FN:32,(anonymous_1)
FN:36,(anonymous_2)
FN:40,(anonymous_3)
FN:58,(anonymous_4)
FN:59,(anonymous_5)
FN:67,(anonymous_6)
FN:70,(anonymous_7)
FN:75,(anonymous_8)
FN:77,(anonymous_9)
FN:78,(anonymous_10)
FN:79,(anonymous_11)
FN:84,(anonymous_12)
FN:92,(anonymous_13)
FN:102,(anonymous_14)
FN:105,(anonymous_15)
FN:107,(anonymous_16)
FN:112,(anonymous_17)
FN:118,(anonymous_18)
FN:131,(anonymous_19)
FN:134,(anonymous_20)
FN:153,(anonymous_21)
FN:162,(anonymous_22)
FN:164,(anonymous_23)
FN:186,(anonymous_24)
FN:188,(anonymous_25)
FN:192,(anonymous_26)
FN:209,(anonymous_27)
FN:212,(anonymous_28)
FN:225,(anonymous_29)
FN:249,(anonymous_30)
FN:251,(anonymous_31)
FN:257,(anonymous_32)
FN:260,(anonymous_33)
FN:267,(anonymous_34)
FN:273,(anonymous_35)
FN:294,(anonymous_36)
FN:307,(anonymous_37)
FNF:38
FNH:26
FNDA:35,(anonymous_0)
FNDA:0,(anonymous_1)
FNDA:0,(anonymous_2)
FNDA:0,(anonymous_3)
FNDA:0,(anonymous_4)
FNDA:0,(anonymous_5)
FNDA:0,(anonymous_6)
FNDA:27,(anonymous_7)
FNDA:12,(anonymous_8)
FNDA:0,(anonymous_9)
FNDA:0,(anonymous_10)
FNDA:0,(anonymous_11)
FNDA:1,(anonymous_12)
FNDA:1,(anonymous_13)
FNDA:6,(anonymous_14)
FNDA:3,(anonymous_15)
FNDA:7,(anonymous_16)
FNDA:12,(anonymous_17)
FNDA:6,(anonymous_18)
FNDA:6,(anonymous_19)
FNDA:6,(anonymous_20)
FNDA:7,(anonymous_21)
FNDA:4,(anonymous_22)
FNDA:3,(anonymous_23)
FNDA:4,(anonymous_24)
FNDA:1,(anonymous_25)
FNDA:0,(anonymous_26)
FNDA:2,(anonymous_27)
FNDA:2,(anonymous_28)
FNDA:2,(anonymous_29)
FNDA:17,(anonymous_30)
FNDA:5,(anonymous_31)
FNDA:5,(anonymous_32)
FNDA:2,(anonymous_33)
FNDA:1,(anonymous_34)
FNDA:0,(anonymous_35)
FNDA:0,(anonymous_36)
FNDA:5,(anonymous_37)
DA:10,5
DA:11,35
DA:19,35
DA:20,35
DA:21,35
DA:22,35
DA:23,35
DA:24,35
DA:25,35
DA:26,35
DA:27,35
DA:28,35
DA:29,35
DA:30,35
DA:32,35
DA:33,0
DA:36,35
DA:37,0
DA:40,35
DA:41,0
DA:42,0
DA:43,0
DA:51,0
DA:52,0
DA:53,0
DA:56,0
DA:58,0
DA:59,0
DA:60,0
DA:63,0
DA:65,0
DA:67,0
DA:70,35
DA:71,27
DA:75,35
DA:76,12
DA:78,0
DA:79,0
DA:80,0
DA:85,1
DA:86,1
DA:87,1
DA:88,0
DA:89,0
DA:92,1
DA:104,6
DA:105,6
DA:111,12
DA:112,12
DA:113,12
DA:114,12
DA:118,35
DA:119,6
DA:120,6
DA:121,6
DA:123,6
DA:131,6
DA:132,6
DA:134,6
DA:135,6
DA:136,6
DA:137,6
DA:138,6
DA:140,6
DA:145,6
DA:151,6
DA:153,7
DA:156,6
DA:157,6
DA:163,4
DA:164,3
DA:165,3
DA:166,3
DA:167,3
DA:168,3
DA:169,3
DA:170,3
DA:173,3
DA:174,3
DA:175,3
DA:177,3
DA:179,3
DA:182,4
DA:183,4
DA:184,4
DA:186,4
DA:189,1
DA:190,1
DA:191,0
DA:192,0
DA:207,1
DA:211,2
DA:212,2
DA:213,2
DA:214,2
DA:215,1
DA:222,2
DA:225,2
DA:226,2
DA:227,2
DA:228,2
DA:229,4
DA:230,1
DA:231,1
DA:234,2
DA:235,1
DA:236,1
DA:238,2
DA:240,2
DA:241,2
DA:244,6
DA:248,35
DA:249,35
DA:251,35
DA:252,5
DA:253,5
DA:254,5
DA:255,5
DA:257,5
DA:260,35
DA:261,2
DA:262,2
DA:264,2
DA:267,35
DA:268,1
DA:270,1
DA:273,35
DA:275,0
DA:276,0
DA:277,0
DA:278,0
DA:279,0
DA:282,0
DA:283,0
DA:285,0
DA:286,0
DA:287,0
DA:290,0
DA:291,0
DA:292,0
DA:293,0
DA:294,0
DA:299,35
DA:307,5
LF:144
LH:107
BRDA:42,0,0,0
BRDA:42,0,1,0
BRDA:51,1,0,0
BRDA:51,1,1,0
BRDA:53,2,0,0
BRDA:53,2,1,0
BRDA:60,3,0,0
BRDA:60,3,1,0
BRDA:80,4,0,0
BRDA:80,4,1,0
BRDA:87,5,0,0
BRDA:87,5,1,1
BRDA:119,6,0,0
BRDA:119,6,1,6
BRDA:120,7,0,6
BRDA:120,7,1,5
BRDA:121,8,0,0
BRDA:121,8,1,6
BRDA:121,9,0,6
BRDA:121,9,1,6
BRDA:159,10,0,6
BRDA:159,10,1,0
BRDA:163,11,0,3
BRDA:163,11,1,1
BRDA:168,12,0,3
BRDA:168,12,1,0
BRDA:173,13,0,3
BRDA:173,13,1,0
BRDA:184,14,0,0
BRDA:184,14,1,4
BRDA:190,15,0,0
BRDA:190,15,1,1
BRDA:190,16,0,1
BRDA:190,16,1,0
BRDA:190,16,2,0
BRDA:203,17,0,0
BRDA:203,17,1,0
BRDA:214,18,0,1
BRDA:214,18,1,1
BRDA:214,19,0,2
BRDA:214,19,1,1
BRDA:229,20,0,1
BRDA:229,20,1,3
BRDA:229,21,0,4
BRDA:229,21,1,2
BRDA:234,22,0,1
BRDA:234,22,1,1
BRDA:261,23,0,2
BRDA:261,23,1,0
BRDA:268,24,0,0
BRDA:268,24,1,1
BRDA:275,25,0,0
BRDA:275,25,1,0
BRDA:275,26,0,0
BRDA:275,26,1,0
BRDA:275,26,2,0
BRDA:282,27,0,0
BRDA:282,27,1,0
BRDA:282,28,0,0
BRDA:282,28,1,0
BRDA:290,29,0,0
BRDA:290,29,1,0
BRDA:291,30,0,0
BRDA:291,30,1,0
BRDA:315,31,0,35
BRDA:315,31,1,30
BRF:66
BRH:29
end_of_record
TN:
SF:src/pages/NotFoundPage.tsx
FN:4,(anonymous_0)
FNF:1
FNH:0
FNDA:0,(anonymous_0)
DA:4,1
DA:5,0
LF:2
LH:1
BRF:0
BRH:0
end_of_record
TN:
SF:src/pages/TaskDetailPage.tsx
FN:7,(anonymous_0)
FN:13,(anonymous_1)
FN:14,(anonymous_2)
FN:48,(anonymous_3)
FN:52,(anonymous_4)
FN:53,(anonymous_5)
FN:58,(anonymous_6)
FN:59,(anonymous_7)
FN:62,(anonymous_8)
FN:70,(anonymous_9)
FN:79,(anonymous_10)
FN:107,(anonymous_11)
FN:157,(anonymous_12)
FN:160,(anonymous_13)
FNF:14
FNH:12
FNDA:11,(anonymous_0)
FNDA:5,(anonymous_1)
FNDA:5,(anonymous_2)
FNDA:8,(anonymous_3)
FNDA:0,(anonymous_4)
FNDA:1,(anonymous_5)
FNDA:4,(anonymous_6)
FNDA:4,(anonymous_7)
FNDA:8,(anonymous_8)
FNDA:1,(anonymous_9)
FNDA:0,(anonymous_10)
FNDA:5,(anonymous_11)
FNDA:3,(anonymous_12)
FNDA:3,(anonymous_13)
DA:7,3
DA:8,11
DA:9,11
DA:10,11
DA:11,11
DA:13,11
DA:14,5
DA:15,5
DA:16,5
DA:17,5
DA:18,5
DA:19,1
DA:21,1
DA:22,1
DA:23,1
DA:27,0
DA:28,0
DA:29,0
DA:31,0
DA:33,4
DA:34,3
DA:36,0
DA:38,4
DA:42,5
DA:43,5
DA:48,11
DA:49,8
DA:50,8
DA:51,8
DA:54,1
DA:55,1
DA:62,8
DA:63,8
DA:68,11
DA:70,11
DA:71,1
DA:72,1
DA:73,1
DA:74,1
DA:75,1
DA:79,11
DA:80,0
DA:81,0
DA:82,0
DA:83,0
DA:84,0
DA:88,11
DA:89,5
DA:92,6
DA:93,0
DA:96,6
DA:97,1
DA:100,5
DA:108,5
DA:109,5
DA:158,3
DA:161,3
DA:162,3
LF:58
LH:47
BRDA:16,0,0,5
BRDA:16,0,1,5
BRDA:18,1,0,1
BRDA:18,1,1,4
BRDA:19,2,0,1
BRDA:19,2,1,0
BRDA:31,3,0,0
BRDA:31,3,1,0
BRDA:42,4,0,5
BRDA:42,4,1,0
BRDA:54,5,0,1
BRDA:54,5,1,0
BRDA:54,6,0,1
BRDA:54,6,1,1
BRDA:54,6,2,1
BRDA:63,7,0,8
BRDA:63,7,1,0
BRDA:68,8,0,11
BRDA:68,8,1,11
BRDA:71,9,0,0
BRDA:71,9,1,1
BRDA:73,10,0,1
BRDA:73,10,1,0
BRDA:80,11,0,0
BRDA:80,11,1,0
BRDA:82,12,0,0
BRDA:82,12,1,0
BRDA:88,13,0,5
BRDA:88,13,1,6
BRDA:92,14,0,0
BRDA:92,14,1,6
BRDA:96,15,0,1
BRDA:96,15,1,5
BRDA:109,16,0,5
BRDA:109,16,1,0
BRDA:132,17,0,5
BRDA:132,17,1,0
BRDA:155,18,0,2
BRDA:155,18,1,3
BRDA:155,19,0,5
BRDA:155,19,1,5
BRDA:162,20,0,3
BRDA:162,20,1,0
BRF:43
BRH:27
end_of_record
TN:
SF:src/pages/TaskPage.tsx
FN:6,(anonymous_0)
FN:11,(anonymous_1)
FN:12,(anonymous_2)
FN:45,(anonymous_3)
FN:52,(anonymous_4)
FNF:5
FNH:5
FNDA:4,(anonymous_0)
FNDA:2,(anonymous_1)
FNDA:2,(anonymous_2)
FNDA:2,(anonymous_3)
FNDA:2,(anonymous_4)
DA:6,2
DA:7,4
DA:8,4
DA:9,4
DA:11,4
DA:12,2
DA:13,2
DA:14,2
DA:15,2
DA:16,2
DA:17,1
DA:19,1
DA:21,1
DA:23,1
DA:25,2
DA:29,2
DA:32,4
DA:33,2
DA:36,2
DA:37,1
DA:40,1
DA:46,2
DA:53,2
DA:54,2
LF:24
LH:24
BRDA:14,0,0,2
BRDA:14,0,1,2
BRDA:16,1,0,1
BRDA:16,1,1,1
BRDA:32,2,0,2
BRDA:32,2,1,2
BRDA:36,3,0,1
BRDA:36,3,1,1
BRDA:54,4,0,0
BRDA:54,4,1,2
BRDA:63,5,0,2
BRDA:63,5,1,1
BRF:12
BRH:11
end_of_record
TN:
SF:src/services/authService.ts
FN:25,(anonymous_0)
FN:35,(anonymous_1)
FN:74,(anonymous_2)
FN:82,(anonymous_3)
FN:86,(anonymous_4)
FN:92,(anonymous_5)
FN:96,(anonymous_6)
FN:102,(anonymous_7)
FN:114,(anonymous_8)
FN:126,(anonymous_9)
FN:142,(anonymous_10)
FN:160,(anonymous_11)
FNF:12
FNH:0
FNDA:0,(anonymous_0)
FNDA:0,(anonymous_1)
FNDA:0,(anonymous_2)
FNDA:0,(anonymous_3)
FNDA:0,(anonymous_4)
FNDA:0,(anonymous_5)
FNDA:0,(anonymous_6)
FNDA:0,(anonymous_7)
FNDA:0,(anonymous_8)
FNDA:0,(anonymous_9)
FNDA:0,(anonymous_10)
FNDA:0,(anonymous_11)
DA:22,0
DA:23,0
DA:26,0
DA:27,0
DA:29,0
DA:36,0
DA:37,0
DA:40,0
DA:41,0
DA:42,0
DA:44,0
DA:45,0
DA:48,0
DA:50,0
DA:51,0
DA:58,0
DA:61,0
DA:63,0
DA:64,0
DA:65,0
DA:67,0
DA:75,0
DA:76,0
DA:83,0
DA:84,0
DA:86,0
DA:93,0
DA:94,0
DA:96,0
DA:103,0
DA:104,0
DA:108,0
DA:115,0
DA:116,0
DA:120,0
DA:127,0
DA:128,0
DA:129,0
DA:132,0
DA:143,0
DA:145,0
DA:154,0
DA:161,0
LF:43
LH:0
BRDA:26,0,0,0
BRDA:26,0,1,0
BRDA:36,1,0,0
BRDA:36,1,1,0
BRDA:44,2,0,0
BRDA:44,2,1,0
BRDA:50,3,0,0
BRDA:50,3,1,0
BRDA:54,4,0,0
BRDA:54,4,1,0
BRDA:84,5,0,0
BRDA:84,5,1,0
BRDA:94,6,0,0
BRDA:94,6,1,0
BRDA:104,7,0,0
BRDA:104,7,1,0
BRDA:116,8,0,0
BRDA:116,8,1,0
BRDA:128,9,0,0
BRDA:128,9,1,0
BRDA:142,10,0,0
BRF:21
BRH:0
end_of_record
TN:
SF:src/services/chatStream.ts
FN:16,startStream
FN:21,(anonymous_1)
FN:36,(anonymous_2)
FN:60,(anonymous_3)
FNF:4
FNH:0
FNDA:0,startStream
FNDA:0,(anonymous_1)
FNDA:0,(anonymous_2)
FNDA:0,(anonymous_3)
DA:17,0
DA:18,0
DA:19,0
DA:21,0
DA:22,0
DA:23,0
DA:35,0
DA:36,0
DA:37,0
DA:41,0
DA:44,0
DA:45,0
DA:48,0
DA:49,0
DA:52,0
DA:54,0
DA:55,0
DA:59,0
DA:60,0
LF:19
LH:0
BRDA:19,0,0,0
BRDA:19,0,1,0
BRDA:29,1,0,0
BRDA:29,1,1,0
BRDA:30,2,0,0
BRDA:30,2,1,0
BRDA:35,3,0,0
BRDA:35,3,1,0
BRDA:44,4,0,0
BRDA:44,4,1,0
BRDA:45,5,0,0
BRDA:45,5,1,0
BRDA:48,6,0,0
BRDA:48,6,1,0
BRDA:48,7,0,0
BRDA:48,7,1,0
BRDA:54,8,0,0
BRDA:54,8,1,0
BRDA:55,9,0,0
BRDA:55,9,1,0
BRF:20
BRH:0
end_of_record
TN:
SF:src/services/socketClient.ts
FN:14,connectLiveUpdates
FN:20,(anonymous_1)
FN:24,(anonymous_2)
FN:37,(anonymous_3)
FN:42,(anonymous_4)
FN:49,(anonymous_5)
FNF:6
FNH:4
FNDA:14,connectLiveUpdates
FNDA:0,(anonymous_1)
FNDA:0,(anonymous_2)
FNDA:9,(anonymous_3)
FNDA:9,(anonymous_4)
FNDA:14,(anonymous_5)
DA:15,14
DA:16,14
DA:18,14
DA:20,14
DA:21,0
DA:24,14
DA:25,0
DA:26,0
DA:27,0
DA:28,0
DA:30,0
DA:33,0
DA:37,14
DA:38,9
DA:39,9
DA:42,14
DA:43,9
DA:44,9
DA:45,9
DA:48,14
DA:50,14
DA:51,9
DA:58,5
LF:23
LH:16
BRDA:15,0,0,0
BRDA:15,0,1,14
BRDA:27,1,0,0
BRDA:27,1,1,0
BRDA:27,2,0,0
BRDA:27,2,1,0
BRDA:50,3,0,9
BRDA:50,3,1,5
BRF:8
BRH:3
end_of_record
TN:
SF:src/types/index.ts
FNF:0
FNH:0
LF:0
LH:0
BRF:0
BRH:0
end_of_record
TN:
SF:src/types/tasks.ts
FNF:0
FNH:0
LF:0
LH:0
BRF:0
BRH:0
end_of_record
TN:
SF:src/utils/animationCommands.ts
FN:12,parseAnimationFromText
FN:38,(anonymous_1)
FN:39,(anonymous_2)
FN:47,executeAnimation
FN:54,normalize
FNF:5
FNH:4
FNDA:9,parseAnimationFromText
FNDA:3,(anonymous_1)
FNDA:3,(anonymous_2)
FNDA:0,executeAnimation
FNDA:3,normalize
DA:13,9
DA:15,9
DA:16,9
DA:17,1
DA:18,1
DA:19,1
DA:23,8
DA:25,8
DA:26,8
DA:27,1
DA:28,1
DA:33,7
DA:34,7
DA:35,1
DA:38,3
DA:39,3
DA:41,1
DA:44,6
DA:48,0
DA:49,0
DA:50,0
DA:51,0
DA:55,3
DA:56,3
DA:57,3
DA:58,3
DA:59,3
DA:61,3
DA:62,3
LF:29
LH:25
BRDA:16,0,0,1
BRDA:16,0,1,8
BRDA:19,1,0,1
BRDA:19,1,1,0
BRDA:19,2,0,1
BRDA:19,2,1,1
BRDA:26,3,0,1
BRDA:26,3,1,7
BRDA:34,4,0,1
BRDA:34,4,1,6
BRDA:48,5,0,0
BRDA:48,5,1,0
BRDA:49,6,0,0
BRDA:49,6,1,0
BRDA:50,7,0,0
BRDA:50,7,1,0
BRDA:51,8,0,0
BRDA:51,8,1,0
BRDA:56,9,0,3
BRDA:56,9,1,0
BRDA:57,10,0,3
BRDA:57,10,1,0
BRDA:59,11,0,3
BRDA:59,11,1,0
BRDA:59,12,0,3
BRDA:59,12,1,1
BRDA:61,13,0,2
BRDA:61,13,1,1
BRF:28
BRH:16
end_of_record
TN:
SF:src/utils/taskUtils.tsx
FN:5,(anonymous_0)
FN:10,(anonymous_1)
FN:15,(anonymous_2)
FN:21,(anonymous_3)
FN:34,(anonymous_4)
FNF:5
FNH:4
FNDA:5,(anonymous_0)
FNDA:0,(anonymous_1)
FNDA:3,(anonymous_2)
FNDA:10,(anonymous_3)
FNDA:10,(anonymous_4)
DA:5,9
DA:6,5
DA:10,9
DA:11,0
DA:15,9
DA:16,3
DA:21,9
DA:22,10
DA:24,5
DA:26,0
DA:28,3
DA:30,2
DA:34,9
DA:35,10
DA:37,5
DA:39,0
DA:41,3
DA:43,2
LF:18
LH:15
BRDA:22,0,0,5
BRDA:22,0,1,0
BRDA:22,0,2,3
BRDA:22,0,3,2
BRDA:35,1,0,5
BRDA:35,1,1,0
BRDA:35,1,2,3
BRDA:35,1,3,2
BRF:8
BRH:6
end_of_record
