TN:
SF:src/App.tsx
FN:10,App
FNF:1
FNH:1
FNDA:5,App
DA:11,5
LF:1
LH:1
BRF:0
BRH:0
end_of_record
TN:
SF:src/index.tsx
FNF:0
FNH:0
DA:6,0
DA:10,0
LF:2
LH:0
BRF:0
BRH:0
end_of_record
TN:
SF:src/test-utils.tsx
FN:4,(anonymous_0)
FNF:1
FNH:1
FNDA:5,(anonymous_0)
DA:4,1
DA:5,5
LF:2
LH:2
BRF:0
BRH:0
end_of_record
TN:
SF:src/components/AgentTasksPanel.tsx
FN:14,(anonymous_0)
FN:28,(anonymous_1)
FN:41,(anonymous_2)
FN:42,(anonymous_3)
FNF:4
FNH:2
FNDA:37,(anonymous_0)
FNDA:1,(anonymous_1)
FNDA:0,(anonymous_2)
FNDA:0,(anonymous_3)
DA:14,6
DA:15,37
DA:16,35
DA:19,2
DA:29,1
DA:41,0
DA:42,0
LF:7
LH:5
BRDA:15,0,0,35
BRDA:15,0,1,2
BRDA:27,1,0,1
BRDA:27,1,1,1
BRDA:39,2,0,1
BRDA:39,2,1,1
BRF:6
BRH:6
end_of_record
TN:
SF:src/components/Layout.tsx
FN:9,(anonymous_0)
FN:13,(anonymous_1)
FN:27,(anonymous_2)
FN:43,(anonymous_3)
FN:98,(anonymous_4)
FN:109,(anonymous_5)
FN:120,(anonymous_6)
FNF:7
FNH:3
FNDA:16,(anonymous_0)
FNDA:52,(anonymous_1)
FNDA:0,(anonymous_2)
FNDA:2,(anonymous_3)
FNDA:0,(anonymous_4)
FNDA:0,(anonymous_5)
FNDA:0,(anonymous_6)
DA:9,3
DA:10,16
DA:11,16
DA:13,16
DA:14,52
DA:17,16
DA:27,0
DA:43,2
DA:98,0
DA:109,0
DA:120,0
LF:11
LH:7
BRDA:14,0,0,52
BRDA:14,0,1,35
BRDA:14,0,2,1
BRDA:62,1,0,15
BRDA:62,1,1,1
BRDA:62,2,0,16
BRDA:62,2,1,1
BRDA:72,3,0,1
BRDA:72,3,1,15
BRDA:82,4,0,0
BRDA:82,4,1,16
BRDA:93,5,0,16
BRDA:93,5,1,1
BRDA:100,6,0,1
BRDA:100,6,1,0
BRDA:100,7,0,1
BRDA:100,7,1,0
BRDA:111,8,0,0
BRDA:111,8,1,1
BRDA:122,9,0,0
BRDA:122,9,1,1
BRF:21
BRH:16
end_of_record
TN:
SF:src/components/ThemeToggle.tsx
FN:4,(anonymous_0)
FNF:1
FNH:1
FNDA:37,(anonymous_0)
DA:4,4
DA:5,37
DA:7,37
LF:3
LH:3
BRDA:13,0,0,2
BRDA:13,0,1,35
BRF:2
BRH:2
end_of_record
TN:
SF:src/components/Character/StevesMomCharacter.tsx
FN:34,(anonymous_0)
FN:38,(anonymous_1)
FN:40,(anonymous_2)
FN:42,(anonymous_3)
FN:44,(anonymous_4)
FN:51,(anonymous_5)
FN:57,(anonymous_6)
FN:59,(anonymous_7)
FN:64,(anonymous_8)
FN:71,(anonymous_9)
FN:76,(anonymous_10)
FN:80,(anonymous_11)
FN:87,(anonymous_12)
FNF:13
FNH:9
FNDA:18,(anonymous_0)
FNDA:18,(anonymous_1)
FNDA:0,(anonymous_2)
FNDA:0,(anonymous_3)
FNDA:45,(anonymous_4)
FNDA:45,(anonymous_5)
FNDA:18,(anonymous_6)
FNDA:18,(anonymous_7)
FNDA:18,(anonymous_8)
FNDA:0,(anonymous_9)
FNDA:0,(anonymous_10)
FNDA:18,(anonymous_11)
FNDA:45,(anonymous_12)
DA:29,8
DA:30,8
DA:31,8
DA:33,8
DA:35,18
DA:37,18
DA:38,18
DA:41,0
DA:42,0
DA:44,45
DA:51,8
DA:52,45
DA:53,45
DA:54,45
DA:55,45
DA:57,45
DA:59,45
DA:61,18
DA:64,45
DA:65,18
DA:67,18
DA:68,18
DA:69,18
DA:71,0
DA:72,0
DA:73,0
DA:76,0
DA:80,45
DA:81,18
DA:82,18
DA:85,45
DA:87,45
DA:88,45
DA:90,0
DA:92,0
DA:94,0
DA:96,0
DA:98,0
DA:100,0
DA:102,0
DA:104,0
DA:107,45
DA:111,45
LF:43
LH:29
BRDA:51,0,0,0
BRDA:69,1,0,0
BRDA:69,1,1,18
BRDA:72,2,0,0
BRDA:72,2,1,0
BRDA:81,3,0,18
BRDA:81,3,1,0
BRDA:85,4,0,0
BRDA:85,4,1,45
BRDA:85,5,0,0
BRDA:85,5,1,45
BRDA:88,6,0,0
BRDA:88,6,1,0
BRDA:88,6,2,0
BRDA:88,6,3,0
BRDA:88,6,4,0
BRDA:88,6,5,0
BRDA:88,6,6,0
BRDA:88,6,7,0
BRDA:88,6,8,45
BRDA:88,6,9,45
BRDA:117,7,0,0
BRDA:117,7,1,45
BRF:23
BRH:7
end_of_record
TN:
SF:src/components/Chat/ChatInterface.tsx
FN:29,(anonymous_0)
FN:62,(anonymous_1)
FN:111,(anonymous_2)
FN:112,(anonymous_3)
FNF:4
FNH:1
FNDA:40,(anonymous_0)
FNDA:0,(anonymous_1)
FNDA:0,(anonymous_2)
FNDA:0,(anonymous_3)
DA:29,7
DA:48,40
DA:62,0
LF:3
LH:2
BRDA:82,0,0,40
BRDA:82,0,1,4
BRDA:99,1,0,12
BRDA:99,1,1,28
BRDA:99,2,0,40
BRDA:99,2,1,28
BRDA:104,3,0,40
BRDA:104,3,1,30
BRDA:104,3,2,25
BRDA:104,3,3,12
BRDA:109,4,0,12
BRDA:109,4,1,6
BRDA:111,5,0,12
BRDA:111,5,1,0
BRDA:112,6,0,12
BRDA:112,6,1,0
BRF:16
BRH:14
end_of_record
TN:
SF:src/components/Chat/InputArea.tsx
FN:15,(anonymous_0)
FN:18,(anonymous_1)
FN:27,(anonymous_2)
FN:37,(anonymous_3)
FN:44,(anonymous_4)
FN:51,(anonymous_5)
FN:57,(anonymous_6)
FNF:7
FNH:7
FNDA:50,(anonymous_0)
FNDA:50,(anonymous_1)
FNDA:49,(anonymous_2)
FNDA:38,(anonymous_3)
FNDA:11,(anonymous_4)
FNDA:6,(anonymous_5)
FNDA:11,(anonymous_6)
DA:13,8
DA:15,8
DA:17,50
DA:18,50
DA:19,50
DA:20,50
DA:21,0
DA:22,50
DA:23,24
DA:27,50
DA:28,49
DA:29,49
DA:31,43
DA:32,43
DA:33,43
DA:34,43
DA:37,50
DA:39,50
DA:40,50
DA:41,50
DA:42,50
DA:44,50
DA:45,11
DA:47,11
DA:50,50
DA:51,6
DA:57,11
LF:27
LH:26
BRDA:20,0,0,0
BRDA:20,0,1,50
BRDA:22,1,0,24
BRDA:22,1,1,26
BRDA:22,2,0,50
BRDA:22,2,1,24
BRDA:29,3,0,6
BRDA:29,3,1,43
BRDA:42,4,0,50
BRDA:42,4,1,1
BRDA:51,5,0,6
BRDA:51,5,1,0
BRDA:53,6,0,1
BRDA:53,6,1,49
BRDA:53,7,0,1
BRDA:53,7,1,49
BRDA:63,8,0,1
BRDA:63,8,1,49
BRDA:69,9,0,50
BRDA:69,9,1,11
BRDA:69,9,2,10
BRDA:69,9,3,9
BRDA:72,10,0,1
BRDA:72,10,1,49
BRDA:75,11,0,13
BRDA:75,11,1,37
BRDA:100,12,0,1
BRDA:100,12,1,49
BRDA:102,13,0,1
BRDA:102,13,1,49
BRDA:102,14,0,0
BRDA:102,14,1,49
BRDA:103,15,0,1
BRDA:103,15,1,49
BRF:34
BRH:31
end_of_record
TN:
SF:src/components/Chat/MessageList.tsx
FN:27,(anonymous_0)
FN:31,(anonymous_1)
FN:40,(anonymous_2)
FN:54,(anonymous_3)
FN:59,(anonymous_4)
FN:62,(anonymous_5)
FN:70,(anonymous_6)
FN:84,(anonymous_7)
FN:158,(anonymous_8)
FN:202,(anonymous_9)
FN:211,(anonymous_10)
FN:226,(anonymous_11)
FNF:12
FNH:6
FNDA:46,(anonymous_0)
FNDA:19,(anonymous_1)
FNDA:27,(anonymous_2)
FNDA:19,(anonymous_3)
FNDA:19,(anonymous_4)
FNDA:0,(anonymous_5)
FNDA:0,(anonymous_6)
FNDA:59,(anonymous_7)
FNDA:0,(anonymous_8)
FNDA:0,(anonymous_9)
FNDA:0,(anonymous_10)
FNDA:0,(anonymous_11)
DA:27,7
DA:28,46
DA:29,46
DA:31,46
DA:32,19
DA:33,19
DA:34,19
DA:35,19
DA:36,19
DA:40,46
DA:41,27
DA:42,27
DA:43,27
DA:45,27
DA:46,27
DA:47,0
DA:49,27
DA:54,46
DA:55,19
DA:56,19
DA:57,19
DA:58,19
DA:59,19
DA:62,46
DA:63,0
DA:64,0
DA:70,46
DA:71,0
DA:72,0
DA:73,0
DA:74,0
DA:75,0
DA:77,0
DA:81,46
DA:85,59
DA:86,59
DA:159,0
DA:160,0
DA:202,0
DA:211,0
DA:226,0
LF:41
LH:27
BRDA:33,0,0,0
BRDA:33,0,1,19
BRDA:42,1,0,0
BRDA:42,1,1,27
BRDA:43,2,0,0
BRDA:43,2,1,27
BRDA:46,3,0,0
BRDA:46,3,1,27
BRDA:56,4,0,0
BRDA:56,4,1,19
BRDA:72,5,0,0
BRDA:72,5,1,0
BRDA:74,6,0,0
BRDA:74,6,1,0
BRDA:90,7,0,17
BRDA:90,7,1,42
BRDA:94,8,0,59
BRDA:94,8,1,42
BRDA:107,9,0,17
BRDA:107,9,1,42
BRDA:111,10,0,17
BRDA:111,10,1,42
BRDA:117,11,0,59
BRDA:117,11,1,42
BRDA:123,12,0,17
BRDA:123,12,1,42
BRDA:126,13,0,17
BRDA:126,13,1,42
BRDA:132,14,0,59
BRDA:132,14,1,8
BRDA:135,15,0,59
BRDA:135,15,1,8
BRDA:138,16,0,59
BRDA:138,16,1,1
BRDA:141,17,0,59
BRDA:141,17,1,42
BRDA:153,18,0,17
BRDA:153,18,1,42
BRDA:156,19,0,59
BRDA:156,19,1,0
BRDA:160,20,0,0
BRDA:160,20,1,0
BRDA:168,21,0,59
BRDA:168,21,1,42
BRDA:168,21,2,0
BRDA:196,22,0,17
BRDA:196,22,1,42
BRDA:199,23,0,59
BRDA:199,23,1,42
BRDA:199,23,2,0
BRDA:199,23,3,0
BRDA:237,24,0,59
BRDA:237,24,1,17
BRDA:248,25,0,46
BRDA:248,25,1,13
BRDA:284,26,0,13
BRDA:284,26,1,10
BRDA:305,27,0,46
BRDA:305,27,1,0
BRDA:327,28,0,46
BRDA:327,28,1,0
BRF:61
BRH:44
end_of_record
TN:
SF:src/components/Chat/ModelSelector.tsx
FN:11,(anonymous_0)
FN:32,(anonymous_1)
FN:34,(anonymous_2)
FNF:3
FNH:2
FNDA:40,(anonymous_0)
FNDA:0,(anonymous_1)
FNDA:120,(anonymous_2)
DA:9,7
DA:11,7
DA:12,40
DA:14,40
DA:32,0
DA:35,120
LF:6
LH:5
BRDA:11,0,0,40
BRF:1
BRH:1
end_of_record
TN:
SF:src/components/Chat/StreamRenderer.tsx
FN:18,(anonymous_0)
FNF:1
FNH:1
FNDA:20,(anonymous_0)
DA:18,8
DA:19,20
LF:2
LH:2
BRDA:27,0,0,14
BRDA:27,0,1,6
BRDA:32,1,0,14
BRDA:32,1,1,6
BRF:4
BRH:4
end_of_record
TN:
SF:src/components/Common/ErrorBoundary.tsx
FN:8,(anonymous_0)
FN:13,(anonymous_1)
FN:17,(anonymous_2)
FN:22,(anonymous_3)
FNF:4
FNH:0
FNDA:0,(anonymous_0)
FNDA:0,(anonymous_1)
FNDA:0,(anonymous_2)
FNDA:0,(anonymous_3)
DA:9,0
DA:10,0
DA:14,0
DA:23,0
DA:24,0
DA:31,0
LF:6
LH:0
BRDA:23,0,0,0
BRDA:23,0,1,0
BRF:2
BRH:0
end_of_record
TN:
SF:src/context/ThemeContext.tsx
FN:12,(anonymous_0)
FN:13,(anonymous_1)
FN:24,(anonymous_2)
FN:31,(anonymous_3)
FN:32,(anonymous_4)
FN:42,(anonymous_5)
FNF:6
FNH:6
FNDA:19,(anonymous_0)
FNDA:16,(anonymous_1)
FNDA:18,(anonymous_2)
FNDA:2,(anonymous_3)
FNDA:2,(anonymous_4)
FNDA:37,(anonymous_5)
DA:10,4
DA:12,4
DA:13,19
DA:14,16
DA:15,16
DA:16,16
DA:18,4
DA:20,0
DA:24,19
DA:25,18
DA:26,18
DA:27,18
DA:28,18
DA:31,19
DA:32,2
DA:35,19
DA:42,4
DA:43,37
DA:44,37
DA:45,0
DA:47,37
LF:21
LH:19
BRDA:16,0,0,12
BRDA:16,0,1,4
BRDA:16,1,0,16
BRDA:16,1,1,15
BRDA:32,2,0,1
BRDA:32,2,1,1
BRDA:44,3,0,0
BRDA:44,3,1,37
BRF:8
BRH:7
end_of_record
TN:
SF:src/pages/AdminPage.tsx
FN:9,(anonymous_0)
FN:16,(anonymous_1)
FN:17,(anonymous_2)
FN:46,(anonymous_3)
FN:64,(anonymous_4)
FN:82,(anonymous_5)
FNF:6
FNH:5
FNDA:8,(anonymous_0)
FNDA:3,(anonymous_1)
FNDA:3,(anonymous_2)
FNDA:2,(anonymous_3)
FNDA:1,(anonymous_4)
FNDA:0,(anonymous_5)
DA:9,2
DA:10,8
DA:16,8
DA:17,3
DA:23,8
DA:46,2
DA:64,1
DA:82,0
LF:8
LH:7
BRF:0
BRH:0
end_of_record
TN:
SF:src/pages/ChatPage.tsx
FN:12,(anonymous_0)
FN:35,(anonymous_1)
FN:39,(anonymous_2)
FN:43,(anonymous_3)
FN:61,(anonymous_4)
FN:62,(anonymous_5)
FN:70,(anonymous_6)
FN:73,(anonymous_7)
FN:78,(anonymous_8)
FN:80,(anonymous_9)
FN:81,(anonymous_10)
FN:82,(anonymous_11)
FN:87,(anonymous_12)
FN:95,(anonymous_13)
FN:105,(anonymous_14)
FN:108,(anonymous_15)
FN:110,(anonymous_16)
FN:115,(anonymous_17)
FN:121,(anonymous_18)
FN:134,(anonymous_19)
FN:137,(anonymous_20)
FN:156,(anonymous_21)
FN:165,(anonymous_22)
FN:167,(anonymous_23)
FN:189,(anonymous_24)
FN:191,(anonymous_25)
FN:195,(anonymous_26)
FN:212,(anonymous_27)
FN:215,(anonymous_28)
FN:228,(anonymous_29)
FN:252,(anonymous_30)
FN:254,(anonymous_31)
FN:260,(anonymous_32)
FN:263,(anonymous_33)
FN:270,(anonymous_34)
FN:276,(anonymous_35)
FN:297,(anonymous_36)
FN:302,(anonymous_37)
FN:313,(anonymous_38)
FN:326,(anonymous_39)
FN:334,(anonymous_40)
FNF:41
FNH:27
FNDA:34,(anonymous_0)
FNDA:0,(anonymous_1)
FNDA:0,(anonymous_2)
FNDA:0,(anonymous_3)
FNDA:0,(anonymous_4)
FNDA:0,(anonymous_5)
FNDA:0,(anonymous_6)
FNDA:27,(anonymous_7)
FNDA:12,(anonymous_8)
FNDA:0,(anonymous_9)
FNDA:0,(anonymous_10)
FNDA:0,(anonymous_11)
FNDA:1,(anonymous_12)
FNDA:1,(anonymous_13)
FNDA:1,(anonymous_14)
FNDA:1,(anonymous_15)
FNDA:7,(anonymous_16)
FNDA:12,(anonymous_17)
FNDA:6,(anonymous_18)
FNDA:6,(anonymous_19)
FNDA:6,(anonymous_20)
FNDA:7,(anonymous_21)
FNDA:4,(anonymous_22)
FNDA:3,(anonymous_23)
FNDA:4,(anonymous_24)
FNDA:1,(anonymous_25)
FNDA:0,(anonymous_26)
FNDA:2,(anonymous_27)
FNDA:2,(anonymous_28)
FNDA:2,(anonymous_29)
FNDA:17,(anonymous_30)
FNDA:5,(anonymous_31)
FNDA:5,(anonymous_32)
FNDA:2,(anonymous_33)
FNDA:1,(anonymous_34)
FNDA:0,(anonymous_35)
FNDA:0,(anonymous_36)
FNDA:53,(anonymous_37)
FNDA:5,(anonymous_38)
FNDA:0,(anonymous_39)
FNDA:0,(anonymous_40)
DA:12,5
DA:13,34
DA:21,34
DA:22,34
DA:23,34
DA:24,34
DA:25,34
DA:26,34
DA:27,34
DA:28,34
DA:29,34
DA:30,34
DA:31,34
DA:32,34
DA:33,34
DA:35,34
DA:36,0
DA:39,34
DA:40,0
DA:43,34
DA:44,0
DA:45,0
DA:46,0
DA:54,0
DA:55,0
DA:56,0
DA:59,0
DA:61,0
DA:62,0
DA:63,0
DA:66,0
DA:68,0
DA:70,0
DA:73,34
DA:74,27
DA:78,34
DA:79,12
DA:81,0
DA:82,0
DA:83,0
DA:88,1
DA:89,1
DA:90,1
DA:91,0
DA:92,0
DA:95,1
DA:107,1
DA:108,1
DA:114,12
DA:115,12
DA:116,12
DA:117,12
DA:121,34
DA:122,6
DA:123,6
DA:124,6
DA:126,6
DA:134,6
DA:135,6
DA:137,6
DA:138,6
DA:139,6
DA:140,6
DA:141,6
DA:143,6
DA:148,6
DA:154,6
DA:156,7
DA:159,6
DA:160,6
DA:166,4
DA:167,3
DA:168,3
DA:169,3
DA:170,3
DA:171,3
DA:172,3
DA:173,3
DA:176,3
DA:177,3
DA:178,3
DA:180,3
DA:182,3
DA:185,4
DA:186,4
DA:187,4
DA:189,4
DA:192,1
DA:193,1
DA:194,0
DA:195,0
DA:210,1
DA:214,2
DA:215,2
DA:216,2
DA:217,2
DA:218,1
DA:225,2
DA:228,2
DA:229,2
DA:230,2
DA:231,2
DA:232,4
DA:233,1
DA:234,1
DA:237,2
DA:238,1
DA:239,1
DA:241,2
DA:243,2
DA:244,2
DA:247,6
DA:251,34
DA:252,34
DA:254,34
DA:255,5
DA:256,5
DA:257,5
DA:258,5
DA:260,5
DA:263,34
DA:264,2
DA:265,2
DA:267,2
DA:270,34
DA:271,1
DA:273,1
DA:276,34
DA:278,0
DA:279,0
DA:280,0
DA:281,0
DA:282,0
DA:285,0
DA:286,0
DA:288,0
DA:289,0
DA:290,0
DA:293,0
DA:294,0
DA:295,0
DA:296,0
DA:297,0
DA:302,53
DA:304,34
DA:313,5
DA:326,0
DA:334,0
LF:148
LH:109
BRDA:45,0,0,0
BRDA:45,0,1,0
BRDA:54,1,0,0
BRDA:54,1,1,0
BRDA:56,2,0,0
BRDA:56,2,1,0
BRDA:63,3,0,0
BRDA:63,3,1,0
BRDA:83,4,0,0
BRDA:83,4,1,0
BRDA:90,5,0,0
BRDA:90,5,1,1
BRDA:122,6,0,0
BRDA:122,6,1,6
BRDA:123,7,0,6
BRDA:123,7,1,5
BRDA:124,8,0,0
BRDA:124,8,1,6
BRDA:124,9,0,6
BRDA:124,9,1,6
BRDA:162,10,0,6
BRDA:162,10,1,0
BRDA:166,11,0,3
BRDA:166,11,1,1
BRDA:171,12,0,3
BRDA:171,12,1,0
BRDA:176,13,0,3
BRDA:176,13,1,0
BRDA:187,14,0,0
BRDA:187,14,1,4
BRDA:193,15,0,0
BRDA:193,15,1,1
BRDA:193,16,0,1
BRDA:193,16,1,0
BRDA:193,16,2,0
BRDA:206,17,0,0
BRDA:206,17,1,0
BRDA:217,18,0,1
BRDA:217,18,1,1
BRDA:217,19,0,2
BRDA:217,19,1,1
BRDA:232,20,0,1
BRDA:232,20,1,3
BRDA:232,21,0,4
BRDA:232,21,1,2
BRDA:237,22,0,1
BRDA:237,22,1,1
BRDA:264,23,0,2
BRDA:264,23,1,0
BRDA:271,24,0,0
BRDA:271,24,1,1
BRDA:278,25,0,0
BRDA:278,25,1,0
BRDA:278,26,0,0
BRDA:278,26,1,0
BRDA:278,26,2,0
BRDA:285,27,0,0
BRDA:285,27,1,0
BRDA:285,28,0,0
BRDA:285,28,1,0
BRDA:293,29,0,0
BRDA:293,29,1,0
BRDA:294,30,0,0
BRDA:294,30,1,0
BRDA:302,31,0,53
BRDA:302,31,1,0
BRDA:321,32,0,34
BRDA:321,32,1,31
BRF:68
BRH:30
end_of_record
TN:
SF:src/pages/NotFoundPage.tsx
FN:4,(anonymous_0)
FNF:1
FNH:0
FNDA:0,(anonymous_0)
DA:4,1
DA:5,0
LF:2
LH:1
BRF:0
BRH:0
end_of_record
TN:
SF:src/pages/TaskAnalyticsPage.tsx
FN:11,(anonymous_0)
FN:16,(anonymous_1)
FN:17,(anonymous_2)
FN:59,(anonymous_3)
FNF:4
FNH:4
FNDA:4,(anonymous_0)
FNDA:2,(anonymous_1)
FNDA:2,(anonymous_2)
FNDA:3,(anonymous_3)
DA:11,2
DA:12,4
DA:13,4
DA:14,4
DA:16,4
DA:17,2
DA:18,2
DA:19,2
DA:20,2
DA:21,2
DA:22,1
DA:24,1
DA:26,1
DA:28,1
DA:30,2
DA:34,2
DA:37,4
DA:38,2
DA:41,2
DA:42,1
DA:45,1
DA:46,1
DA:47,1
DA:49,1
DA:55,1
DA:60,3
LF:26
LH:26
BRDA:19,0,0,2
BRDA:19,0,1,2
BRDA:21,1,0,1
BRDA:21,1,1,1
BRDA:37,2,0,2
BRDA:37,2,1,2
BRDA:41,3,0,1
BRDA:41,3,1,1
BRDA:41,4,0,2
BRDA:41,4,1,1
BRDA:42,5,0,1
BRDA:42,5,1,0
BRDA:45,6,0,1
BRDA:45,6,1,0
BRDA:46,7,0,1
BRDA:46,7,1,0
BRDA:47,8,0,1
BRDA:47,8,1,0
BRF:18
BRH:14
end_of_record
TN:
SF:src/pages/TaskDetailPage.tsx
FN:7,(anonymous_0)
FN:8,(anonymous_1)
FN:10,(anonymous_2)
FN:17,(anonymous_3)
FN:19,load
FN:37,(anonymous_5)
FN:43,(anonymous_6)
FN:45,(anonymous_7)
FN:46,(anonymous_8)
FN:47,(anonymous_9)
FN:48,(anonymous_10)
FN:54,(anonymous_11)
FN:59,(anonymous_12)
FN:95,(anonymous_13)
FN:96,(anonymous_14)
FN:102,(anonymous_15)
FNF:16
FNH:13
FNDA:8,(anonymous_0)
FNDA:3,(anonymous_1)
FNDA:11,(anonymous_2)
FNDA:5,(anonymous_3)
FNDA:5,load
FNDA:5,(anonymous_5)
FNDA:5,(anonymous_6)
FNDA:0,(anonymous_7)
FNDA:0,(anonymous_8)
FNDA:3,(anonymous_9)
FNDA:1,(anonymous_10)
FNDA:5,(anonymous_11)
FNDA:1,(anonymous_12)
FNDA:1,(anonymous_13)
FNDA:0,(anonymous_14)
FNDA:3,(anonymous_15)
DA:7,8
DA:8,3
DA:10,2
DA:11,11
DA:12,11
DA:13,11
DA:14,11
DA:15,11
DA:17,11
DA:18,5
DA:20,5
DA:21,5
DA:22,5
DA:23,5
DA:24,5
DA:25,1
DA:26,1
DA:28,4
DA:29,3
DA:31,0
DA:33,4
DA:36,5
DA:37,5
DA:38,5
DA:43,11
DA:44,5
DA:49,1
DA:50,1
DA:54,5
DA:55,5
DA:59,11
DA:60,1
DA:61,1
DA:62,1
DA:65,1
DA:66,1
DA:67,1
DA:73,11
DA:74,5
DA:77,6
DA:78,1
DA:81,5
DA:82,0
DA:85,5
DA:95,1
DA:96,0
DA:103,3
LF:47
LH:44
BRDA:15,0,0,11
BRDA:15,0,1,11
BRDA:24,1,0,1
BRDA:24,1,1,4
BRDA:25,2,0,1
BRDA:25,2,1,0
BRDA:25,3,0,1
BRDA:25,3,1,0
BRDA:29,4,0,3
BRDA:29,4,1,0
BRDA:31,5,0,0
BRDA:31,5,1,0
BRDA:31,6,0,0
BRDA:31,6,1,0
BRDA:33,7,0,4
BRDA:33,7,1,0
BRDA:36,8,0,5
BRDA:36,8,1,0
BRDA:49,9,0,1
BRDA:49,9,1,0
BRDA:60,10,0,0
BRDA:60,10,1,1
BRDA:65,11,0,0
BRDA:65,11,1,1
BRDA:73,12,0,5
BRDA:73,12,1,6
BRDA:77,13,0,1
BRDA:77,13,1,5
BRDA:81,14,0,0
BRDA:81,14,1,5
BRDA:88,15,0,5
BRDA:88,15,1,5
BRDA:93,16,0,5
BRDA:93,16,1,2
BRF:34
BRH:21
end_of_record
TN:
SF:src/services/authService.ts
FN:25,(anonymous_0)
FN:35,(anonymous_1)
FN:74,(anonymous_2)
FN:82,(anonymous_3)
FN:86,(anonymous_4)
FN:92,(anonymous_5)
FN:96,(anonymous_6)
FN:102,(anonymous_7)
FN:114,(anonymous_8)
FN:126,(anonymous_9)
FN:142,(anonymous_10)
FN:160,(anonymous_11)
FNF:12
FNH:12
FNDA:10,(anonymous_0)
FNDA:12,(anonymous_1)
FNDA:2,(anonymous_2)
FNDA:2,(anonymous_3)
FNDA:4,(anonymous_4)
FNDA:2,(anonymous_5)
FNDA:4,(anonymous_6)
FNDA:2,(anonymous_7)
FNDA:2,(anonymous_8)
FNDA:3,(anonymous_9)
FNDA:1,(anonymous_10)
FNDA:1,(anonymous_11)
DA:22,10
DA:23,10
DA:26,10
DA:27,10
DA:29,10
DA:36,12
DA:37,0
DA:40,12
DA:41,12
DA:42,12
DA:44,12
DA:45,1
DA:48,11
DA:50,11
DA:51,8
DA:58,3
DA:61,11
DA:63,1
DA:64,1
DA:65,1
DA:67,12
DA:75,2
DA:76,2
DA:83,2
DA:84,2
DA:86,4
DA:93,2
DA:94,2
DA:96,4
DA:103,2
DA:104,2
DA:108,2
DA:115,2
DA:116,2
DA:120,2
DA:127,3
DA:128,3
DA:129,1
DA:132,2
DA:143,1
DA:145,1
DA:154,1
DA:161,1
LF:43
LH:42
BRDA:26,0,0,10
BRDA:26,0,1,0
BRDA:36,1,0,0
BRDA:36,1,1,12
BRDA:44,2,0,1
BRDA:44,2,1,11
BRDA:50,3,0,8
BRDA:50,3,1,3
BRDA:54,4,0,8
BRDA:54,4,1,0
BRDA:84,5,0,0
BRDA:84,5,1,2
BRDA:94,6,0,0
BRDA:94,6,1,2
BRDA:104,7,0,1
BRDA:104,7,1,1
BRDA:116,8,0,1
BRDA:116,8,1,1
BRDA:128,9,0,1
BRDA:128,9,1,2
BRDA:142,10,0,0
BRF:21
BRH:15
end_of_record
TN:
SF:src/services/chatStream.ts
FN:16,startStream
FN:21,(anonymous_1)
FN:36,(anonymous_2)
FN:65,(anonymous_3)
FNF:4
FNH:3
FNDA:5,startStream
FNDA:5,(anonymous_1)
FNDA:0,(anonymous_2)
FNDA:1,(anonymous_3)
DA:17,5
DA:18,5
DA:19,5
DA:21,5
DA:22,5
DA:23,5
DA:35,5
DA:36,1
DA:37,1
DA:40,4
DA:41,1
DA:44,3
DA:45,3
DA:47,3
DA:48,6
DA:49,5
DA:50,2
DA:52,3
DA:53,3
DA:56,2
DA:59,2
DA:60,2
DA:64,5
DA:65,1
LF:24
LH:24
BRDA:19,0,0,1
BRDA:19,0,1,4
BRDA:29,1,0,5
BRDA:29,1,1,5
BRDA:30,2,0,5
BRDA:30,2,1,5
BRDA:35,3,0,1
BRDA:35,3,1,4
BRDA:40,4,0,1
BRDA:40,4,1,3
BRDA:49,5,0,2
BRDA:49,5,1,3
BRDA:59,6,0,0
BRDA:59,6,1,2
BRDA:60,7,0,2
BRDA:60,7,1,0
BRF:16
BRH:14
end_of_record
TN:
SF:src/services/socketClient.ts
FN:14,connectLiveUpdates
FN:20,(anonymous_1)
FN:24,(anonymous_2)
FN:37,(anonymous_3)
FN:42,(anonymous_4)
FN:49,(anonymous_5)
FNF:6
FNH:4
FNDA:13,connectLiveUpdates
FNDA:8,(anonymous_1)
FNDA:0,(anonymous_2)
FNDA:0,(anonymous_3)
FNDA:8,(anonymous_4)
FNDA:13,(anonymous_5)
DA:15,13
DA:16,13
DA:18,13
DA:20,13
DA:21,8
DA:24,13
DA:25,0
DA:26,0
DA:27,0
DA:28,0
DA:30,0
DA:33,0
DA:37,13
DA:38,0
DA:39,0
DA:42,13
DA:43,8
DA:44,8
DA:45,8
DA:48,13
DA:50,13
DA:51,13
DA:58,5
LF:23
LH:15
BRDA:15,0,0,0
BRDA:15,0,1,13
BRDA:27,1,0,0
BRDA:27,1,1,0
BRDA:27,2,0,0
BRDA:27,2,1,0
BRDA:50,3,0,13
BRDA:50,3,1,0
BRF:8
BRH:2
end_of_record
TN:
SF:src/types/index.ts
FNF:0
FNH:0
LF:0
LH:0
BRF:0
BRH:0
end_of_record
TN:
SF:src/types/tasks.ts
FNF:0
FNH:0
LF:0
LH:0
BRF:0
BRH:0
end_of_record
TN:
SF:src/utils/animationCommands.ts
FN:12,parseAnimationFromText
FN:38,(anonymous_1)
FN:39,(anonymous_2)
FN:47,executeAnimation
FN:54,normalize
FNF:5
FNH:4
FNDA:9,parseAnimationFromText
FNDA:3,(anonymous_1)
FNDA:3,(anonymous_2)
FNDA:0,executeAnimation
FNDA:3,normalize
DA:13,9
DA:15,9
DA:16,9
DA:17,1
DA:18,1
DA:19,1
DA:23,8
DA:25,8
DA:26,8
DA:27,1
DA:28,1
DA:33,7
DA:34,7
DA:35,1
DA:38,3
DA:39,3
DA:41,1
DA:44,6
DA:48,0
DA:49,0
DA:50,0
DA:51,0
DA:55,3
DA:56,3
DA:57,3
DA:58,3
DA:59,3
DA:61,3
DA:62,3
LF:29
LH:25
BRDA:16,0,0,1
BRDA:16,0,1,8
BRDA:19,1,0,1
BRDA:19,1,1,0
BRDA:19,2,0,1
BRDA:19,2,1,1
BRDA:26,3,0,1
BRDA:26,3,1,7
BRDA:34,4,0,1
BRDA:34,4,1,6
BRDA:48,5,0,0
BRDA:48,5,1,0
BRDA:49,6,0,0
BRDA:49,6,1,0
BRDA:50,7,0,0
BRDA:50,7,1,0
BRDA:51,8,0,0
BRDA:51,8,1,0
BRDA:56,9,0,3
BRDA:56,9,1,0
BRDA:57,10,0,3
BRDA:57,10,1,0
BRDA:59,11,0,3
BRDA:59,11,1,0
BRDA:59,12,0,3
BRDA:59,12,1,1
BRDA:61,13,0,2
BRDA:61,13,1,1
BRF:28
BRH:16
end_of_record
TN:
SF:src/utils/taskUtils.tsx
FN:5,(anonymous_0)
FN:10,(anonymous_1)
FN:15,(anonymous_2)
FN:21,(anonymous_3)
FN:34,(anonymous_4)
FNF:5
FNH:0
FNDA:0,(anonymous_0)
FNDA:0,(anonymous_1)
FNDA:0,(anonymous_2)
FNDA:0,(anonymous_3)
FNDA:0,(anonymous_4)
DA:5,7
DA:6,0
DA:10,7
DA:11,0
DA:15,7
DA:16,0
DA:21,7
DA:22,0
DA:24,0
DA:26,0
DA:28,0
DA:30,0
DA:34,7
DA:35,0
DA:37,0
DA:39,0
DA:41,0
DA:43,0
LF:18
LH:5
BRDA:22,0,0,0
BRDA:22,0,1,0
BRDA:22,0,2,0
BRDA:22,0,3,0
BRDA:35,1,0,0
BRDA:35,1,1,0
BRDA:35,1,2,0
BRDA:35,1,3,0
BRF:8
BRH:0
end_of_record
