<testsuites id="" name="" tests="75" failures="26" skipped="0" errors="0" time="915.131196">
<testsuite name="accessibility.spec.ts" timestamp="2025-09-04T15:29:25.187Z" hostname="chromium" tests="13" failures="7" skipped="0" time="414.207" errors="0">
<testcase name="Accessibility › has proper heading structure" classname="accessibility.spec.ts" time="58.386">
<failure message="accessibility.spec.ts:8:7 has proper heading structure" type="FAILURE">
<![CDATA[  [chromium] › accessibility.spec.ts:8:7 › Accessibility › has proper heading structure ────────────

    Error: expect(locator).toBeVisible() failed

    Locator:  getByRole('heading', { name: /Task Analytics/i })
    Expected: visible
    Received: <element(s) not found>
    Timeout:  10000ms

    Call log:
      - Expect "toBeVisible" with timeout 10000ms
      - waiting for getByRole('heading', { name: /Task Analytics/i })


      19 |     await page.goto('/tasks');
      20 |     const tasksHeading = page.getByRole('heading', { name: /Task Analytics/i });
    > 21 |     await expect(tasksHeading).toBeVisible();
         |                                ^
      22 |   });
      23 |
      24 |   test('form elements have proper labels', async ({ page }) => {
        at /Users/stephenboyett/Desktop/Github/cannasol-technologies/steves-mom/tests/e2e/accessibility.spec.ts:21:32

    attachment #1: screenshot (image/png) ──────────────────────────────────────────────────────────
    ../test-results/accessibility-Accessibility-has-proper-heading-structure-chromium/test-failed-1.png
    ────────────────────────────────────────────────────────────────────────────────────────────────

    attachment #2: video (video/webm) ──────────────────────────────────────────────────────────────
    ../test-results/accessibility-Accessibility-has-proper-heading-structure-chromium/video.webm
    ────────────────────────────────────────────────────────────────────────────────────────────────

    Error Context: ../test-results/accessibility-Accessibility-has-proper-heading-structure-chromium/error-context.md

    attachment #4: trace (application/zip) ─────────────────────────────────────────────────────────
    ../test-results/accessibility-Accessibility-has-proper-heading-structure-chromium/trace.zip
    Usage:

        npx playwright show-trace ../test-results/accessibility-Accessibility-has-proper-heading-structure-chromium/trace.zip

    ────────────────────────────────────────────────────────────────────────────────────────────────

    Retry #1 ───────────────────────────────────────────────────────────────────────────────────────

    Error: expect(locator).toBeVisible() failed

    Locator:  getByRole('heading', { name: /Task Analytics/i })
    Expected: visible
    Received: <element(s) not found>
    Timeout:  10000ms

    Call log:
      - Expect "toBeVisible" with timeout 10000ms
      - waiting for getByRole('heading', { name: /Task Analytics/i })


      19 |     await page.goto('/tasks');
      20 |     const tasksHeading = page.getByRole('heading', { name: /Task Analytics/i });
    > 21 |     await expect(tasksHeading).toBeVisible();
         |                                ^
      22 |   });
      23 |
      24 |   test('form elements have proper labels', async ({ page }) => {
        at /Users/stephenboyett/Desktop/Github/cannasol-technologies/steves-mom/tests/e2e/accessibility.spec.ts:21:32

    attachment #1: screenshot (image/png) ──────────────────────────────────────────────────────────
    ../test-results/accessibility-Accessibility-has-proper-heading-structure-chromium-retry1/test-failed-1.png
    ────────────────────────────────────────────────────────────────────────────────────────────────

    attachment #2: video (video/webm) ──────────────────────────────────────────────────────────────
    ../test-results/accessibility-Accessibility-has-proper-heading-structure-chromium-retry1/video.webm
    ────────────────────────────────────────────────────────────────────────────────────────────────

    Error Context: ../test-results/accessibility-Accessibility-has-proper-heading-structure-chromium-retry1/error-context.md

    attachment #4: trace (application/zip) ─────────────────────────────────────────────────────────
    ../test-results/accessibility-Accessibility-has-proper-heading-structure-chromium-retry1/trace.zip
    Usage:

        npx playwright show-trace ../test-results/accessibility-Accessibility-has-proper-heading-structure-chromium-retry1/trace.zip

    ────────────────────────────────────────────────────────────────────────────────────────────────
]]>
</failure>
<system-out>
<![CDATA[
[[ATTACHMENT|accessibility-Accessibility-has-proper-heading-structure-chromium/test-failed-1.png]]

[[ATTACHMENT|accessibility-Accessibility-has-proper-heading-structure-chromium/video.webm]]

[[ATTACHMENT|accessibility-Accessibility-has-proper-heading-structure-chromium/error-context.md]]

[[ATTACHMENT|accessibility-Accessibility-has-proper-heading-structure-chromium/trace.zip]]

[[ATTACHMENT|accessibility-Accessibility-has-proper-heading-structure-chromium-retry1/test-failed-1.png]]

[[ATTACHMENT|accessibility-Accessibility-has-proper-heading-structure-chromium-retry1/video.webm]]

[[ATTACHMENT|accessibility-Accessibility-has-proper-heading-structure-chromium-retry1/error-context.md]]

[[ATTACHMENT|accessibility-Accessibility-has-proper-heading-structure-chromium-retry1/trace.zip]]
]]>
</system-out>
</testcase>
<testcase name="Accessibility › form elements have proper labels" classname="accessibility.spec.ts" time="44.354">
<system-out>
<![CDATA[
[[ATTACHMENT|accessibility-Accessibility-form-elements-have-proper-labels-chromium/test-finished-1.png]]

[[ATTACHMENT|accessibility-Accessibility-form-elements-have-proper-labels-chromium/video.webm]]

[[ATTACHMENT|accessibility-Accessibility-form-elements-have-proper-labels-chromium/trace.zip]]
]]>
</system-out>
</testcase>
<testcase name="Accessibility › navigation is keyboard accessible" classname="accessibility.spec.ts" time="44.816">
<system-out>
<![CDATA[
[[ATTACHMENT|accessibility-Accessibilit-ec5fa-tion-is-keyboard-accessible-chromium/test-finished-1.png]]

[[ATTACHMENT|accessibility-Accessibilit-ec5fa-tion-is-keyboard-accessible-chromium/video.webm]]

[[ATTACHMENT|accessibility-Accessibilit-ec5fa-tion-is-keyboard-accessible-chromium/trace.zip]]
]]>
</system-out>
</testcase>
<testcase name="Accessibility › chat interface is keyboard accessible" classname="accessibility.spec.ts" time="65.436">
<failure message="accessibility.spec.ts:52:7 chat interface is keyboard accessible" type="FAILURE">
<![CDATA[  [chromium] › accessibility.spec.ts:52:7 › Accessibility › chat interface is keyboard accessible ──

    Error: expect(locator).toBeFocused() failed

    Locator:  getByPlaceholder('Ask anything…')
    Expected: focused
    Received: inactive
    Timeout:  10000ms

    Call log:
      - Expect "toBeFocused" with timeout 10000ms
      - waiting for getByPlaceholder('Ask anything…')
        7 × locator resolved to <textarea aria-busy="false" aria-describedby="chat-input-hint" placeholder="Ask anything… (Shift+Enter newline • Cmd/Ctrl+Enter send • Esc cancel)" class="flex-1 p-3 sm:p-4 outline-none bg-transparent min-h-[44px] max-h-[20rem] resize-none text-gray-900 dark:text-gray-100 placeholder:text-gray-400 dark:placeholder:text-gray-500 transition-colors duration-150"></textarea>
          - unexpected value "inactive"


      59 |
      60 |     // Check if input is focused
    > 61 |     await expect(input).toBeFocused();
         |                         ^
      62 |     
      63 |     // Type message
      64 |     await page.keyboard.type('Test keyboard accessibility');
        at /Users/stephenboyett/Desktop/Github/cannasol-technologies/steves-mom/tests/e2e/accessibility.spec.ts:61:25

    attachment #1: screenshot (image/png) ──────────────────────────────────────────────────────────
    ../test-results/accessibility-Accessibilit-a0ecf-face-is-keyboard-accessible-chromium/test-failed-1.png
    ────────────────────────────────────────────────────────────────────────────────────────────────

    attachment #2: video (video/webm) ──────────────────────────────────────────────────────────────
    ../test-results/accessibility-Accessibilit-a0ecf-face-is-keyboard-accessible-chromium/video.webm
    ────────────────────────────────────────────────────────────────────────────────────────────────

    Error Context: ../test-results/accessibility-Accessibilit-a0ecf-face-is-keyboard-accessible-chromium/error-context.md

    attachment #4: trace (application/zip) ─────────────────────────────────────────────────────────
    ../test-results/accessibility-Accessibilit-a0ecf-face-is-keyboard-accessible-chromium/trace.zip
    Usage:

        npx playwright show-trace ../test-results/accessibility-Accessibilit-a0ecf-face-is-keyboard-accessible-chromium/trace.zip

    ────────────────────────────────────────────────────────────────────────────────────────────────

    Retry #1 ───────────────────────────────────────────────────────────────────────────────────────

    Error: expect(locator).toBeFocused() failed

    Locator:  getByPlaceholder('Ask anything…')
    Expected: focused
    Received: inactive
    Timeout:  10000ms

    Call log:
      - Expect "toBeFocused" with timeout 10000ms
      - waiting for getByPlaceholder('Ask anything…')
        13 × locator resolved to <textarea aria-busy="false" aria-describedby="chat-input-hint" placeholder="Ask anything… (Shift+Enter newline • Cmd/Ctrl+Enter send • Esc cancel)" class="flex-1 p-3 sm:p-4 outline-none bg-transparent min-h-[44px] max-h-[20rem] resize-none text-gray-900 dark:text-gray-100 placeholder:text-gray-400 dark:placeholder:text-gray-500 transition-colors duration-150"></textarea>
           - unexpected value "inactive"


      59 |
      60 |     // Check if input is focused
    > 61 |     await expect(input).toBeFocused();
         |                         ^
      62 |     
      63 |     // Type message
      64 |     await page.keyboard.type('Test keyboard accessibility');
        at /Users/stephenboyett/Desktop/Github/cannasol-technologies/steves-mom/tests/e2e/accessibility.spec.ts:61:25

    attachment #1: screenshot (image/png) ──────────────────────────────────────────────────────────
    ../test-results/accessibility-Accessibilit-a0ecf-face-is-keyboard-accessible-chromium-retry1/test-failed-1.png
    ────────────────────────────────────────────────────────────────────────────────────────────────

    attachment #2: video (video/webm) ──────────────────────────────────────────────────────────────
    ../test-results/accessibility-Accessibilit-a0ecf-face-is-keyboard-accessible-chromium-retry1/video.webm
    ────────────────────────────────────────────────────────────────────────────────────────────────

    Error Context: ../test-results/accessibility-Accessibilit-a0ecf-face-is-keyboard-accessible-chromium-retry1/error-context.md

    attachment #4: trace (application/zip) ─────────────────────────────────────────────────────────
    ../test-results/accessibility-Accessibilit-a0ecf-face-is-keyboard-accessible-chromium-retry1/trace.zip
    Usage:

        npx playwright show-trace ../test-results/accessibility-Accessibilit-a0ecf-face-is-keyboard-accessible-chromium-retry1/trace.zip

    ────────────────────────────────────────────────────────────────────────────────────────────────
]]>
</failure>
<system-out>
<![CDATA[
[[ATTACHMENT|accessibility-Accessibilit-a0ecf-face-is-keyboard-accessible-chromium/test-failed-1.png]]

[[ATTACHMENT|accessibility-Accessibilit-a0ecf-face-is-keyboard-accessible-chromium/video.webm]]

[[ATTACHMENT|accessibility-Accessibilit-a0ecf-face-is-keyboard-accessible-chromium/error-context.md]]

[[ATTACHMENT|accessibility-Accessibilit-a0ecf-face-is-keyboard-accessible-chromium/trace.zip]]

[[ATTACHMENT|accessibility-Accessibilit-a0ecf-face-is-keyboard-accessible-chromium-retry1/test-failed-1.png]]

[[ATTACHMENT|accessibility-Accessibilit-a0ecf-face-is-keyboard-accessible-chromium-retry1/video.webm]]

[[ATTACHMENT|accessibility-Accessibilit-a0ecf-face-is-keyboard-accessible-chromium-retry1/error-context.md]]

[[ATTACHMENT|accessibility-Accessibilit-a0ecf-face-is-keyboard-accessible-chromium-retry1/trace.zip]]
]]>
</system-out>
</testcase>
<testcase name="Accessibility › buttons have proper focus states" classname="accessibility.spec.ts" time="69.225">
<failure message="accessibility.spec.ts:73:7 buttons have proper focus states" type="FAILURE">
<![CDATA[  [chromium] › accessibility.spec.ts:73:7 › Accessibility › buttons have proper focus states ───────

    Error: expect(locator).toBeFocused() failed

    Locator:  getByRole('button', { name: /Send/i })
    Expected: focused
    Received: inactive
    Timeout:  10000ms

    Call log:
      - Expect "toBeFocused" with timeout 10000ms
      - waiting for getByRole('button', { name: /Send/i })
        6 × locator resolved to <button disabled type="submit" aria-busy="false" title="Send (Enter)" aria-label="Send message" class="inline-flex items-center justify-center gap-2 rounded-xl bg-gradient-to-br from-blue-500 to-emerald-500 dark:from-blue-600 dark:to-emerald-600 text-white font-medium shadow hover:opacity-95 disabled:opacity-50 disabled:cursor-not-allowed w-10 h-10 sm:w-auto sm:px-4 sm:py-2 sm:text-sm transition ease-out duration-150 active:scale-[0.98] motion-reduce:transition-none motion-reduce:transform-none focus-…>…</button>
          - unexpected value "inactive"


      76 |     // Focus the button
      77 |     await sendButton.focus();
    > 78 |     await expect(sendButton).toBeFocused();
         |                              ^
      79 |     
      80 |     // Check theme toggle button
      81 |     const themeToggle = page.getByRole('button', { name: /toggle theme/i });
        at /Users/stephenboyett/Desktop/Github/cannasol-technologies/steves-mom/tests/e2e/accessibility.spec.ts:78:30

    attachment #1: screenshot (image/png) ──────────────────────────────────────────────────────────
    ../test-results/accessibility-Accessibility-buttons-have-proper-focus-states-chromium/test-failed-1.png
    ────────────────────────────────────────────────────────────────────────────────────────────────

    attachment #2: video (video/webm) ──────────────────────────────────────────────────────────────
    ../test-results/accessibility-Accessibility-buttons-have-proper-focus-states-chromium/video.webm
    ────────────────────────────────────────────────────────────────────────────────────────────────

    Error Context: ../test-results/accessibility-Accessibility-buttons-have-proper-focus-states-chromium/error-context.md

    attachment #4: trace (application/zip) ─────────────────────────────────────────────────────────
    ../test-results/accessibility-Accessibility-buttons-have-proper-focus-states-chromium/trace.zip
    Usage:

        npx playwright show-trace ../test-results/accessibility-Accessibility-buttons-have-proper-focus-states-chromium/trace.zip

    ────────────────────────────────────────────────────────────────────────────────────────────────

    Retry #1 ───────────────────────────────────────────────────────────────────────────────────────

    Error: expect(locator).toBeFocused() failed

    Locator:  getByRole('button', { name: /Send/i })
    Expected: focused
    Received: inactive
    Timeout:  10000ms

    Call log:
      - Expect "toBeFocused" with timeout 10000ms
      - waiting for getByRole('button', { name: /Send/i })
        13 × locator resolved to <button disabled type="submit" aria-busy="false" title="Send (Enter)" aria-label="Send message" class="inline-flex items-center justify-center gap-2 rounded-xl bg-gradient-to-br from-blue-500 to-emerald-500 dark:from-blue-600 dark:to-emerald-600 text-white font-medium shadow hover:opacity-95 disabled:opacity-50 disabled:cursor-not-allowed w-10 h-10 sm:w-auto sm:px-4 sm:py-2 sm:text-sm transition ease-out duration-150 active:scale-[0.98] motion-reduce:transition-none motion-reduce:transform-none focus-…>…</button>
           - unexpected value "inactive"


      76 |     // Focus the button
      77 |     await sendButton.focus();
    > 78 |     await expect(sendButton).toBeFocused();
         |                              ^
      79 |     
      80 |     // Check theme toggle button
      81 |     const themeToggle = page.getByRole('button', { name: /toggle theme/i });
        at /Users/stephenboyett/Desktop/Github/cannasol-technologies/steves-mom/tests/e2e/accessibility.spec.ts:78:30

    attachment #1: screenshot (image/png) ──────────────────────────────────────────────────────────
    ../test-results/accessibility-Accessibility-buttons-have-proper-focus-states-chromium-retry1/test-failed-1.png
    ────────────────────────────────────────────────────────────────────────────────────────────────

    attachment #2: video (video/webm) ──────────────────────────────────────────────────────────────
    ../test-results/accessibility-Accessibility-buttons-have-proper-focus-states-chromium-retry1/video.webm
    ────────────────────────────────────────────────────────────────────────────────────────────────

    Error Context: ../test-results/accessibility-Accessibility-buttons-have-proper-focus-states-chromium-retry1/error-context.md

    attachment #4: trace (application/zip) ─────────────────────────────────────────────────────────
    ../test-results/accessibility-Accessibility-buttons-have-proper-focus-states-chromium-retry1/trace.zip
    Usage:

        npx playwright show-trace ../test-results/accessibility-Accessibility-buttons-have-proper-focus-states-chromium-retry1/trace.zip

    ────────────────────────────────────────────────────────────────────────────────────────────────
]]>
</failure>
<system-out>
<![CDATA[
[[ATTACHMENT|accessibility-Accessibility-buttons-have-proper-focus-states-chromium/test-failed-1.png]]

[[ATTACHMENT|accessibility-Accessibility-buttons-have-proper-focus-states-chromium/video.webm]]

[[ATTACHMENT|accessibility-Accessibility-buttons-have-proper-focus-states-chromium/error-context.md]]

[[ATTACHMENT|accessibility-Accessibility-buttons-have-proper-focus-states-chromium/trace.zip]]

[[ATTACHMENT|accessibility-Accessibility-buttons-have-proper-focus-states-chromium-retry1/test-failed-1.png]]

[[ATTACHMENT|accessibility-Accessibility-buttons-have-proper-focus-states-chromium-retry1/video.webm]]

[[ATTACHMENT|accessibility-Accessibility-buttons-have-proper-focus-states-chromium-retry1/error-context.md]]

[[ATTACHMENT|accessibility-Accessibility-buttons-have-proper-focus-states-chromium-retry1/trace.zip]]
]]>
</system-out>
</testcase>
<testcase name="Accessibility › has proper ARIA attributes" classname="accessibility.spec.ts" time="6.537">
<failure message="accessibility.spec.ts:86:7 has proper ARIA attributes" type="FAILURE">
<![CDATA[  [chromium] › accessibility.spec.ts:86:7 › Accessibility › has proper ARIA attributes ─────────────

    Error: expect.toBeAttached: Error: strict mode violation: locator('[role="status"][aria-live="polite"]') resolved to 2 elements:
        1) <p role="status" class="sr-only" aria-live="polite">Assistant is idle</p> aka getByText('Assistant is idle')
        2) <div role="status" class="sr-only" aria-live="polite">Characters remaining: 2000.</div> aka getByText('Characters remaining:')

    Call log:
      - Expect "toBeAttached" with timeout 10000ms
      - waiting for locator('[role="status"][aria-live="polite"]')


      87 |     // Check live region for streaming status
      88 |     const liveRegion = page.locator('[role="status"][aria-live="polite"]');
    > 89 |     await expect(liveRegion).toBeAttached();
         |                              ^
      90 |
      91 |     // Check model selector ARIA
      92 |     const modelSelector = page.locator('select').first();
        at /Users/stephenboyett/Desktop/Github/cannasol-technologies/steves-mom/tests/e2e/accessibility.spec.ts:89:30

    attachment #1: screenshot (image/png) ──────────────────────────────────────────────────────────
    ../test-results/accessibility-Accessibility-has-proper-ARIA-attributes-chromium/test-failed-1.png
    ────────────────────────────────────────────────────────────────────────────────────────────────

    attachment #2: video (video/webm) ──────────────────────────────────────────────────────────────
    ../test-results/accessibility-Accessibility-has-proper-ARIA-attributes-chromium/video.webm
    ────────────────────────────────────────────────────────────────────────────────────────────────

    Error Context: ../test-results/accessibility-Accessibility-has-proper-ARIA-attributes-chromium/error-context.md

    attachment #4: trace (application/zip) ─────────────────────────────────────────────────────────
    ../test-results/accessibility-Accessibility-has-proper-ARIA-attributes-chromium/trace.zip
    Usage:

        npx playwright show-trace ../test-results/accessibility-Accessibility-has-proper-ARIA-attributes-chromium/trace.zip

    ────────────────────────────────────────────────────────────────────────────────────────────────

    Retry #1 ───────────────────────────────────────────────────────────────────────────────────────

    Error: expect.toBeAttached: Error: strict mode violation: locator('[role="status"][aria-live="polite"]') resolved to 2 elements:
        1) <p role="status" class="sr-only" aria-live="polite">Assistant is idle</p> aka getByText('Assistant is idle')
        2) <div role="status" class="sr-only" aria-live="polite">Characters remaining: 2000.</div> aka getByText('Characters remaining:')

    Call log:
      - Expect "toBeAttached" with timeout 10000ms
      - waiting for locator('[role="status"][aria-live="polite"]')


      87 |     // Check live region for streaming status
      88 |     const liveRegion = page.locator('[role="status"][aria-live="polite"]');
    > 89 |     await expect(liveRegion).toBeAttached();
         |                              ^
      90 |
      91 |     // Check model selector ARIA
      92 |     const modelSelector = page.locator('select').first();
        at /Users/stephenboyett/Desktop/Github/cannasol-technologies/steves-mom/tests/e2e/accessibility.spec.ts:89:30

    attachment #1: screenshot (image/png) ──────────────────────────────────────────────────────────
    ../test-results/accessibility-Accessibility-has-proper-ARIA-attributes-chromium-retry1/test-failed-1.png
    ────────────────────────────────────────────────────────────────────────────────────────────────

    attachment #2: video (video/webm) ──────────────────────────────────────────────────────────────
    ../test-results/accessibility-Accessibility-has-proper-ARIA-attributes-chromium-retry1/video.webm
    ────────────────────────────────────────────────────────────────────────────────────────────────

    Error Context: ../test-results/accessibility-Accessibility-has-proper-ARIA-attributes-chromium-retry1/error-context.md

    attachment #4: trace (application/zip) ─────────────────────────────────────────────────────────
    ../test-results/accessibility-Accessibility-has-proper-ARIA-attributes-chromium-retry1/trace.zip
    Usage:

        npx playwright show-trace ../test-results/accessibility-Accessibility-has-proper-ARIA-attributes-chromium-retry1/trace.zip

    ────────────────────────────────────────────────────────────────────────────────────────────────
]]>
</failure>
<system-out>
<![CDATA[
[[ATTACHMENT|accessibility-Accessibility-has-proper-ARIA-attributes-chromium/test-failed-1.png]]

[[ATTACHMENT|accessibility-Accessibility-has-proper-ARIA-attributes-chromium/video.webm]]

[[ATTACHMENT|accessibility-Accessibility-has-proper-ARIA-attributes-chromium/error-context.md]]

[[ATTACHMENT|accessibility-Accessibility-has-proper-ARIA-attributes-chromium/trace.zip]]

[[ATTACHMENT|accessibility-Accessibility-has-proper-ARIA-attributes-chromium-retry1/test-failed-1.png]]

[[ATTACHMENT|accessibility-Accessibility-has-proper-ARIA-attributes-chromium-retry1/video.webm]]

[[ATTACHMENT|accessibility-Accessibility-has-proper-ARIA-attributes-chromium-retry1/error-context.md]]

[[ATTACHMENT|accessibility-Accessibility-has-proper-ARIA-attributes-chromium-retry1/trace.zip]]
]]>
</system-out>
</testcase>
<testcase name="Accessibility › admin page toggles are accessible" classname="accessibility.spec.ts" time="1.296">
<system-out>
<![CDATA[
[[ATTACHMENT|accessibility-Accessibilit-9c528-page-toggles-are-accessible-chromium/test-finished-1.png]]

[[ATTACHMENT|accessibility-Accessibilit-9c528-page-toggles-are-accessible-chromium/video.webm]]

[[ATTACHMENT|accessibility-Accessibilit-9c528-page-toggles-are-accessible-chromium/trace.zip]]
]]>
</system-out>
</testcase>
<testcase name="Accessibility › error messages are announced to screen readers" classname="accessibility.spec.ts" time="19.145">
<failure message="accessibility.spec.ts:120:7 error messages are announced to screen readers" type="FAILURE">
<![CDATA[  [chromium] › accessibility.spec.ts:120:7 › Accessibility › error messages are announced to screen readers 

    Error: expect.toBeVisible: Error: strict mode violation: getByText(/error/i) resolved to 3 elements:
        1) <span class="font-medium">Live updates error: WebSocket error</span> aka getByText('Live updates error: WebSocket')
        2) <div class="whitespace-pre-wrap leading-relaxed text-gray-800 dark:text-gray-200">{"type":"overlay","data":{"errors":true,"warnings…</div> aka getByText('{"type":"overlay","data":{"')
        3) <div class="whitespace-pre-wrap leading-relaxed text-white">Trigger error</div> aka getByText('Trigger error')

    Call log:
      - Expect "toBeVisible" with timeout 10000ms
      - waiting for getByText(/error/i)


      134 |     // Error should be visible and accessible
      135 |     const errorMessage = page.getByText(/error/i);
    > 136 |     await expect(errorMessage).toBeVisible({ timeout: 10000 });
          |                                ^
      137 |   });
      138 |
      139 |   test('loading states are announced', async ({ page }) => {
        at /Users/stephenboyett/Desktop/Github/cannasol-technologies/steves-mom/tests/e2e/accessibility.spec.ts:136:32

    attachment #1: screenshot (image/png) ──────────────────────────────────────────────────────────
    ../test-results/accessibility-Accessibilit-579a1-announced-to-screen-readers-chromium/test-failed-1.png
    ────────────────────────────────────────────────────────────────────────────────────────────────

    attachment #2: video (video/webm) ──────────────────────────────────────────────────────────────
    ../test-results/accessibility-Accessibilit-579a1-announced-to-screen-readers-chromium/video.webm
    ────────────────────────────────────────────────────────────────────────────────────────────────

    Error Context: ../test-results/accessibility-Accessibilit-579a1-announced-to-screen-readers-chromium/error-context.md

    attachment #4: trace (application/zip) ─────────────────────────────────────────────────────────
    ../test-results/accessibility-Accessibilit-579a1-announced-to-screen-readers-chromium/trace.zip
    Usage:

        npx playwright show-trace ../test-results/accessibility-Accessibilit-579a1-announced-to-screen-readers-chromium/trace.zip

    ────────────────────────────────────────────────────────────────────────────────────────────────

    Retry #1 ───────────────────────────────────────────────────────────────────────────────────────

    Error: expect.toBeVisible: Error: strict mode violation: getByText(/error/i) resolved to 3 elements:
        1) <span class="font-medium">Live updates error: WebSocket error</span> aka getByText('Live updates error: WebSocket')
        2) <div class="whitespace-pre-wrap leading-relaxed text-gray-800 dark:text-gray-200">{"type":"overlay","data":{"errors":true,"warnings…</div> aka getByText('{"type":"overlay","data":{"')
        3) <div class="whitespace-pre-wrap leading-relaxed text-white">Trigger error</div> aka getByText('Trigger error')

    Call log:
      - Expect "toBeVisible" with timeout 10000ms
      - waiting for getByText(/error/i)


      134 |     // Error should be visible and accessible
      135 |     const errorMessage = page.getByText(/error/i);
    > 136 |     await expect(errorMessage).toBeVisible({ timeout: 10000 });
          |                                ^
      137 |   });
      138 |
      139 |   test('loading states are announced', async ({ page }) => {
        at /Users/stephenboyett/Desktop/Github/cannasol-technologies/steves-mom/tests/e2e/accessibility.spec.ts:136:32

    attachment #1: screenshot (image/png) ──────────────────────────────────────────────────────────
    ../test-results/accessibility-Accessibilit-579a1-announced-to-screen-readers-chromium-retry1/test-failed-1.png
    ────────────────────────────────────────────────────────────────────────────────────────────────

    attachment #2: video (video/webm) ──────────────────────────────────────────────────────────────
    ../test-results/accessibility-Accessibilit-579a1-announced-to-screen-readers-chromium-retry1/video.webm
    ────────────────────────────────────────────────────────────────────────────────────────────────

    Error Context: ../test-results/accessibility-Accessibilit-579a1-announced-to-screen-readers-chromium-retry1/error-context.md

    attachment #4: trace (application/zip) ─────────────────────────────────────────────────────────
    ../test-results/accessibility-Accessibilit-579a1-announced-to-screen-readers-chromium-retry1/trace.zip
    Usage:

        npx playwright show-trace ../test-results/accessibility-Accessibilit-579a1-announced-to-screen-readers-chromium-retry1/trace.zip

    ────────────────────────────────────────────────────────────────────────────────────────────────
]]>
</failure>
<system-out>
<![CDATA[
[[ATTACHMENT|accessibility-Accessibilit-579a1-announced-to-screen-readers-chromium/test-failed-1.png]]

[[ATTACHMENT|accessibility-Accessibilit-579a1-announced-to-screen-readers-chromium/video.webm]]

[[ATTACHMENT|accessibility-Accessibilit-579a1-announced-to-screen-readers-chromium/error-context.md]]

[[ATTACHMENT|accessibility-Accessibilit-579a1-announced-to-screen-readers-chromium/trace.zip]]

[[ATTACHMENT|accessibility-Accessibilit-579a1-announced-to-screen-readers-chromium-retry1/test-failed-1.png]]

[[ATTACHMENT|accessibility-Accessibilit-579a1-announced-to-screen-readers-chromium-retry1/video.webm]]

[[ATTACHMENT|accessibility-Accessibilit-579a1-announced-to-screen-readers-chromium-retry1/error-context.md]]

[[ATTACHMENT|accessibility-Accessibilit-579a1-announced-to-screen-readers-chromium-retry1/trace.zip]]
]]>
</system-out>
</testcase>
<testcase name="Accessibility › loading states are announced" classname="accessibility.spec.ts" time="22.544">
<failure message="accessibility.spec.ts:139:7 loading states are announced" type="FAILURE">
<![CDATA[  [chromium] › accessibility.spec.ts:139:7 › Accessibility › loading states are announced ──────────

    Error: expect.toContainText: Error: strict mode violation: locator('[role="status"][aria-live="polite"]') resolved to 4 elements:
        1) <p role="status" class="sr-only" aria-live="polite">Assistant is generating a response</p> aka getByText('Assistant is generating a')
        2) <div role="status" aria-live="polite" class="flex items-start gap-3 animate-in slide-in-from-bottom-2 duration-500">…</div> aka getByText('AISteve\'s Mom AI•Thinking…')
        3) <div role="status" id="stream-status" aria-live="polite" class="text-xs text-gray-500 mb-2">Steve's Mom AI • Streaming…</div> aka getByText('Steve\'s Mom AI • Streaming…')
        4) <div role="status" class="sr-only" aria-live="polite">Characters remaining: 2000.</div> aka getByText('Characters remaining:')

    Call log:
      - Expect "toContainText" with timeout 10000ms
      - waiting for locator('[role="status"][aria-live="polite"]')


      144 |     // Live region should announce loading state
      145 |     const liveRegion = page.locator('[role="status"][aria-live="polite"]');
    > 146 |     await expect(liveRegion).toContainText(/generating/i, { timeout: 10000 });
          |                              ^
      147 |   });
      148 |
      149 |   test('color contrast is sufficient', async ({ page }) => {
        at /Users/stephenboyett/Desktop/Github/cannasol-technologies/steves-mom/tests/e2e/accessibility.spec.ts:146:30

    attachment #1: screenshot (image/png) ──────────────────────────────────────────────────────────
    ../test-results/accessibility-Accessibility-loading-states-are-announced-chromium/test-failed-1.png
    ────────────────────────────────────────────────────────────────────────────────────────────────

    attachment #2: video (video/webm) ──────────────────────────────────────────────────────────────
    ../test-results/accessibility-Accessibility-loading-states-are-announced-chromium/video.webm
    ────────────────────────────────────────────────────────────────────────────────────────────────

    Error Context: ../test-results/accessibility-Accessibility-loading-states-are-announced-chromium/error-context.md

    attachment #4: trace (application/zip) ─────────────────────────────────────────────────────────
    ../test-results/accessibility-Accessibility-loading-states-are-announced-chromium/trace.zip
    Usage:

        npx playwright show-trace ../test-results/accessibility-Accessibility-loading-states-are-announced-chromium/trace.zip

    ────────────────────────────────────────────────────────────────────────────────────────────────

    Retry #1 ───────────────────────────────────────────────────────────────────────────────────────

    Error: expect.toContainText: Error: strict mode violation: locator('[role="status"][aria-live="polite"]') resolved to 4 elements:
        1) <p role="status" class="sr-only" aria-live="polite">Assistant is generating a response</p> aka getByText('Assistant is generating a')
        2) <div role="status" aria-live="polite" class="flex items-start gap-3 animate-in slide-in-from-bottom-2 duration-500">…</div> aka getByText('AISteve\'s Mom AI•Thinking…')
        3) <div role="status" id="stream-status" aria-live="polite" class="text-xs text-gray-500 mb-2">Steve's Mom AI • Streaming…</div> aka getByText('Steve\'s Mom AI • Streaming…')
        4) <div role="status" class="sr-only" aria-live="polite">Characters remaining: 2000.</div> aka getByText('Characters remaining:')

    Call log:
      - Expect "toContainText" with timeout 10000ms
      - waiting for locator('[role="status"][aria-live="polite"]')


      144 |     // Live region should announce loading state
      145 |     const liveRegion = page.locator('[role="status"][aria-live="polite"]');
    > 146 |     await expect(liveRegion).toContainText(/generating/i, { timeout: 10000 });
          |                              ^
      147 |   });
      148 |
      149 |   test('color contrast is sufficient', async ({ page }) => {
        at /Users/stephenboyett/Desktop/Github/cannasol-technologies/steves-mom/tests/e2e/accessibility.spec.ts:146:30

    attachment #1: screenshot (image/png) ──────────────────────────────────────────────────────────
    ../test-results/accessibility-Accessibility-loading-states-are-announced-chromium-retry1/test-failed-1.png
    ────────────────────────────────────────────────────────────────────────────────────────────────

    attachment #2: video (video/webm) ──────────────────────────────────────────────────────────────
    ../test-results/accessibility-Accessibility-loading-states-are-announced-chromium-retry1/video.webm
    ────────────────────────────────────────────────────────────────────────────────────────────────

    Error Context: ../test-results/accessibility-Accessibility-loading-states-are-announced-chromium-retry1/error-context.md

    attachment #4: trace (application/zip) ─────────────────────────────────────────────────────────
    ../test-results/accessibility-Accessibility-loading-states-are-announced-chromium-retry1/trace.zip
    Usage:

        npx playwright show-trace ../test-results/accessibility-Accessibility-loading-states-are-announced-chromium-retry1/trace.zip

    ────────────────────────────────────────────────────────────────────────────────────────────────
]]>
</failure>
<system-out>
<![CDATA[
[[ATTACHMENT|accessibility-Accessibility-loading-states-are-announced-chromium/test-failed-1.png]]

[[ATTACHMENT|accessibility-Accessibility-loading-states-are-announced-chromium/video.webm]]

[[ATTACHMENT|accessibility-Accessibility-loading-states-are-announced-chromium/error-context.md]]

[[ATTACHMENT|accessibility-Accessibility-loading-states-are-announced-chromium/trace.zip]]

[[ATTACHMENT|accessibility-Accessibility-loading-states-are-announced-chromium-retry1/test-failed-1.png]]

[[ATTACHMENT|accessibility-Accessibility-loading-states-are-announced-chromium-retry1/video.webm]]

[[ATTACHMENT|accessibility-Accessibility-loading-states-are-announced-chromium-retry1/error-context.md]]

[[ATTACHMENT|accessibility-Accessibility-loading-states-are-announced-chromium-retry1/trace.zip]]
]]>
</system-out>
</testcase>
<testcase name="Accessibility › color contrast is sufficient" classname="accessibility.spec.ts" time="3.532">
<system-out>
<![CDATA[
[[ATTACHMENT|accessibility-Accessibility-color-contrast-is-sufficient-chromium/test-finished-1.png]]

[[ATTACHMENT|accessibility-Accessibility-color-contrast-is-sufficient-chromium/video.webm]]

[[ATTACHMENT|accessibility-Accessibility-color-contrast-is-sufficient-chromium/trace.zip]]
]]>
</system-out>
</testcase>
<testcase name="Accessibility › focus management during streaming" classname="accessibility.spec.ts" time="15.339">
<system-out>
<![CDATA[
[[ATTACHMENT|accessibility-Accessibilit-535d6-management-during-streaming-chromium/test-finished-1.png]]

[[ATTACHMENT|accessibility-Accessibilit-535d6-management-during-streaming-chromium/video.webm]]

[[ATTACHMENT|accessibility-Accessibilit-535d6-management-during-streaming-chromium/trace.zip]]
]]>
</system-out>
</testcase>
<testcase name="Accessibility › skip links work correctly" classname="accessibility.spec.ts" time="6.419">
<system-out>
<![CDATA[
[[ATTACHMENT|accessibility-Accessibility-skip-links-work-correctly-chromium/test-finished-1.png]]

[[ATTACHMENT|accessibility-Accessibility-skip-links-work-correctly-chromium/video.webm]]

[[ATTACHMENT|accessibility-Accessibility-skip-links-work-correctly-chromium/trace.zip]]
]]>
</system-out>
</testcase>
<testcase name="Accessibility › responsive design maintains accessibility" classname="accessibility.spec.ts" time="57.178">
<failure message="accessibility.spec.ts:200:7 responsive design maintains accessibility" type="FAILURE">
<![CDATA[  [chromium] › accessibility.spec.ts:200:7 › Accessibility › responsive design maintains accessibility 

    Error: expect(locator).toBeVisible() failed

    Locator:  getByRole('link', { name: /Chat/i }).first()
    Expected: visible
    Received: <element(s) not found>
    Timeout:  10000ms

    Call log:
      - Expect "toBeVisible" with timeout 10000ms
      - waiting for getByRole('link', { name: /Chat/i }).first()


      218 |       // Navigation should be accessible
      219 |       const chatLink = page.getByRole('link', { name: /Chat/i }).first();
    > 220 |       await expect(chatLink).toBeVisible();
          |                              ^
      221 |     }
      222 |   });
      223 | });
        at /Users/stephenboyett/Desktop/Github/cannasol-technologies/steves-mom/tests/e2e/accessibility.spec.ts:220:30

    attachment #1: screenshot (image/png) ──────────────────────────────────────────────────────────
    ../test-results/accessibility-Accessibilit-532a3-ign-maintains-accessibility-chromium/test-failed-1.png
    ────────────────────────────────────────────────────────────────────────────────────────────────

    attachment #2: video (video/webm) ──────────────────────────────────────────────────────────────
    ../test-results/accessibility-Accessibilit-532a3-ign-maintains-accessibility-chromium/video.webm
    ────────────────────────────────────────────────────────────────────────────────────────────────

    Error Context: ../test-results/accessibility-Accessibilit-532a3-ign-maintains-accessibility-chromium/error-context.md

    attachment #4: trace (application/zip) ─────────────────────────────────────────────────────────
    ../test-results/accessibility-Accessibilit-532a3-ign-maintains-accessibility-chromium/trace.zip
    Usage:

        npx playwright show-trace ../test-results/accessibility-Accessibilit-532a3-ign-maintains-accessibility-chromium/trace.zip

    ────────────────────────────────────────────────────────────────────────────────────────────────

    Retry #1 ───────────────────────────────────────────────────────────────────────────────────────

    Error: expect(locator).toBeVisible() failed

    Locator:  getByRole('link', { name: /Chat/i }).first()
    Expected: visible
    Received: <element(s) not found>
    Timeout:  10000ms

    Call log:
      - Expect "toBeVisible" with timeout 10000ms
      - waiting for getByRole('link', { name: /Chat/i }).first()


      218 |       // Navigation should be accessible
      219 |       const chatLink = page.getByRole('link', { name: /Chat/i }).first();
    > 220 |       await expect(chatLink).toBeVisible();
          |                              ^
      221 |     }
      222 |   });
      223 | });
        at /Users/stephenboyett/Desktop/Github/cannasol-technologies/steves-mom/tests/e2e/accessibility.spec.ts:220:30

    attachment #1: screenshot (image/png) ──────────────────────────────────────────────────────────
    ../test-results/accessibility-Accessibilit-532a3-ign-maintains-accessibility-chromium-retry1/test-failed-1.png
    ────────────────────────────────────────────────────────────────────────────────────────────────

    attachment #2: video (video/webm) ──────────────────────────────────────────────────────────────
    ../test-results/accessibility-Accessibilit-532a3-ign-maintains-accessibility-chromium-retry1/video.webm
    ────────────────────────────────────────────────────────────────────────────────────────────────

    Error Context: ../test-results/accessibility-Accessibilit-532a3-ign-maintains-accessibility-chromium-retry1/error-context.md

    attachment #4: trace (application/zip) ─────────────────────────────────────────────────────────
    ../test-results/accessibility-Accessibilit-532a3-ign-maintains-accessibility-chromium-retry1/trace.zip
    Usage:

        npx playwright show-trace ../test-results/accessibility-Accessibilit-532a3-ign-maintains-accessibility-chromium-retry1/trace.zip

    ────────────────────────────────────────────────────────────────────────────────────────────────
]]>
</failure>
<system-out>
<![CDATA[
[[ATTACHMENT|accessibility-Accessibilit-532a3-ign-maintains-accessibility-chromium/test-failed-1.png]]

[[ATTACHMENT|accessibility-Accessibilit-532a3-ign-maintains-accessibility-chromium/video.webm]]

[[ATTACHMENT|accessibility-Accessibilit-532a3-ign-maintains-accessibility-chromium/error-context.md]]

[[ATTACHMENT|accessibility-Accessibilit-532a3-ign-maintains-accessibility-chromium/trace.zip]]

[[ATTACHMENT|accessibility-Accessibilit-532a3-ign-maintains-accessibility-chromium-retry1/test-failed-1.png]]

[[ATTACHMENT|accessibility-Accessibilit-532a3-ign-maintains-accessibility-chromium-retry1/video.webm]]

[[ATTACHMENT|accessibility-Accessibilit-532a3-ign-maintains-accessibility-chromium-retry1/error-context.md]]

[[ATTACHMENT|accessibility-Accessibilit-532a3-ign-maintains-accessibility-chromium-retry1/trace.zip]]
]]>
</system-out>
</testcase>
</testsuite>
<testsuite name="admin.spec.ts" timestamp="2025-09-04T15:29:25.187Z" hostname="chromium" tests="6" failures="0" skipped="0" time="47.69" errors="0">
<testcase name="Admin Page Functionality › renders admin page with all sections" classname="admin.spec.ts" time="9.192">
<system-out>
<![CDATA[
[[ATTACHMENT|admin-Admin-Page-Functiona-64731-dmin-page-with-all-sections-chromium/test-finished-1.png]]

[[ATTACHMENT|admin-Admin-Page-Functiona-64731-dmin-page-with-all-sections-chromium/video.webm]]

[[ATTACHMENT|admin-Admin-Page-Functiona-64731-dmin-page-with-all-sections-chromium/trace.zip]]
]]>
</system-out>
</testcase>
<testcase name="Admin Page Functionality › feature toggles work correctly" classname="admin.spec.ts" time="11.422">
<system-out>
<![CDATA[
[[ATTACHMENT|admin-Admin-Page-Functiona-2976b-ture-toggles-work-correctly-chromium/test-finished-1.png]]

[[ATTACHMENT|admin-Admin-Page-Functiona-2976b-ture-toggles-work-correctly-chromium/video.webm]]

[[ATTACHMENT|admin-Admin-Page-Functiona-2976b-ture-toggles-work-correctly-chromium/trace.zip]]
]]>
</system-out>
</testcase>
<testcase name="Admin Page Functionality › system status indicators are visible" classname="admin.spec.ts" time="3.045">
<system-out>
<![CDATA[
[[ATTACHMENT|admin-Admin-Page-Functiona-1bccf-atus-indicators-are-visible-chromium/test-finished-1.png]]

[[ATTACHMENT|admin-Admin-Page-Functiona-1bccf-atus-indicators-are-visible-chromium/video.webm]]

[[ATTACHMENT|admin-Admin-Page-Functiona-1bccf-atus-indicators-are-visible-chromium/trace.zip]]
]]>
</system-out>
</testcase>
<testcase name="Admin Page Functionality › quick action buttons are clickable" classname="admin.spec.ts" time="3.186">
<system-out>
<![CDATA[
[[ATTACHMENT|admin-Admin-Page-Functiona-1e3b0-ction-buttons-are-clickable-chromium/test-finished-1.png]]

[[ATTACHMENT|admin-Admin-Page-Functiona-1e3b0-ction-buttons-are-clickable-chromium/video.webm]]

[[ATTACHMENT|admin-Admin-Page-Functiona-1e3b0-ction-buttons-are-clickable-chromium/trace.zip]]
]]>
</system-out>
</testcase>
<testcase name="Admin Page Functionality › performance metrics display placeholder values" classname="admin.spec.ts" time="1.342">
<system-out>
<![CDATA[
[[ATTACHMENT|admin-Admin-Page-Functiona-30c56--display-placeholder-values-chromium/test-finished-1.png]]

[[ATTACHMENT|admin-Admin-Page-Functiona-30c56--display-placeholder-values-chromium/video.webm]]

[[ATTACHMENT|admin-Admin-Page-Functiona-30c56--display-placeholder-values-chromium/trace.zip]]
]]>
</system-out>
</testcase>
<testcase name="Admin Page Functionality › admin page is responsive" classname="admin.spec.ts" time="19.503">
<system-out>
<![CDATA[
[[ATTACHMENT|admin-Admin-Page-Functionality-admin-page-is-responsive-chromium/test-finished-1.png]]

[[ATTACHMENT|admin-Admin-Page-Functionality-admin-page-is-responsive-chromium/video.webm]]

[[ATTACHMENT|admin-Admin-Page-Functionality-admin-page-is-responsive-chromium/trace.zip]]
]]>
</system-out>
</testcase>
</testsuite>
<testsuite name="chat.spec.ts" timestamp="2025-09-04T15:29:25.187Z" hostname="chromium" tests="1" failures="0" skipped="0" time="37.534" errors="0">
<testcase name="Chat E2E › send a message and receive streamed assistant response" classname="chat.spec.ts" time="37.534">
<system-out>
<![CDATA[
[[ATTACHMENT|chat-Chat-E2E-send-a-messa-ef5c6-streamed-assistant-response-chromium/test-finished-1.png]]

[[ATTACHMENT|chat-Chat-E2E-send-a-messa-ef5c6-streamed-assistant-response-chromium/video.webm]]

[[ATTACHMENT|chat-Chat-E2E-send-a-messa-ef5c6-streamed-assistant-response-chromium/trace.zip]]
]]>
</system-out>
</testcase>
</testsuite>
<testsuite name="error-handling.spec.ts" timestamp="2025-09-04T15:29:25.187Z" hostname="chromium" tests="9" failures="3" skipped="0" time="563.958" errors="0">
<testcase name="Error Handling › handles chat API errors gracefully" classname="error-handling.spec.ts" time="40.267">
<failure message="error-handling.spec.ts:8:7 handles chat API errors gracefully" type="FAILURE">
<![CDATA[  [chromium] › error-handling.spec.ts:8:7 › Error Handling › handles chat API errors gracefully ────

    Error: expect.toBeVisible: Error: strict mode violation: getByText(/error/i) resolved to 3 elements:
        1) <span class="font-medium">Live updates error: WebSocket error</span> aka getByText('Live updates error: WebSocket')
        2) <div class="whitespace-pre-wrap leading-relaxed text-gray-800 dark:text-gray-200">{"type":"overlay","data":{"errors":true,"warnings…</div> aka getByText('{"type":"overlay","data":{"')
        3) <div class="whitespace-pre-wrap leading-relaxed text-white">This will cause an error</div> aka getByText('This will cause an error')

    Call log:
      - Expect "toBeVisible" with timeout 10000ms
      - waiting for getByText(/error/i)


      24 |
      25 |     // Should show error message or toast
    > 26 |     await expect(page.getByText(/error/i)).toBeVisible({ timeout: 10000 });
         |                                            ^
      27 |
      28 |     // Input should be re-enabled after error
      29 |     await expect(input).toBeEnabled();
        at /Users/stephenboyett/Desktop/Github/cannasol-technologies/steves-mom/tests/e2e/error-handling.spec.ts:26:44

    attachment #1: screenshot (image/png) ──────────────────────────────────────────────────────────
    ../test-results/error-handling-Error-Handl-dc875--chat-API-errors-gracefully-chromium/test-failed-1.png
    ────────────────────────────────────────────────────────────────────────────────────────────────

    attachment #2: video (video/webm) ──────────────────────────────────────────────────────────────
    ../test-results/error-handling-Error-Handl-dc875--chat-API-errors-gracefully-chromium/video.webm
    ────────────────────────────────────────────────────────────────────────────────────────────────

    Error Context: ../test-results/error-handling-Error-Handl-dc875--chat-API-errors-gracefully-chromium/error-context.md

    attachment #4: trace (application/zip) ─────────────────────────────────────────────────────────
    ../test-results/error-handling-Error-Handl-dc875--chat-API-errors-gracefully-chromium/trace.zip
    Usage:

        npx playwright show-trace ../test-results/error-handling-Error-Handl-dc875--chat-API-errors-gracefully-chromium/trace.zip

    ────────────────────────────────────────────────────────────────────────────────────────────────

    Retry #1 ───────────────────────────────────────────────────────────────────────────────────────

    Error: expect.toBeVisible: Error: strict mode violation: getByText(/error/i) resolved to 3 elements:
        1) <span class="font-medium">Live updates error: WebSocket error</span> aka getByText('Live updates error: WebSocket')
        2) <div class="whitespace-pre-wrap leading-relaxed text-gray-800 dark:text-gray-200">{"type":"overlay","data":{"errors":true,"warnings…</div> aka getByText('{"type":"overlay","data":{"')
        3) <div class="whitespace-pre-wrap leading-relaxed text-white">This will cause an error</div> aka getByText('This will cause an error')

    Call log:
      - Expect "toBeVisible" with timeout 10000ms
      - waiting for getByText(/error/i)


      24 |
      25 |     // Should show error message or toast
    > 26 |     await expect(page.getByText(/error/i)).toBeVisible({ timeout: 10000 });
         |                                            ^
      27 |
      28 |     // Input should be re-enabled after error
      29 |     await expect(input).toBeEnabled();
        at /Users/stephenboyett/Desktop/Github/cannasol-technologies/steves-mom/tests/e2e/error-handling.spec.ts:26:44

    attachment #1: screenshot (image/png) ──────────────────────────────────────────────────────────
    ../test-results/error-handling-Error-Handl-dc875--chat-API-errors-gracefully-chromium-retry1/test-failed-1.png
    ────────────────────────────────────────────────────────────────────────────────────────────────

    attachment #2: video (video/webm) ──────────────────────────────────────────────────────────────
    ../test-results/error-handling-Error-Handl-dc875--chat-API-errors-gracefully-chromium-retry1/video.webm
    ────────────────────────────────────────────────────────────────────────────────────────────────

    Error Context: ../test-results/error-handling-Error-Handl-dc875--chat-API-errors-gracefully-chromium-retry1/error-context.md

    attachment #4: trace (application/zip) ─────────────────────────────────────────────────────────
    ../test-results/error-handling-Error-Handl-dc875--chat-API-errors-gracefully-chromium-retry1/trace.zip
    Usage:

        npx playwright show-trace ../test-results/error-handling-Error-Handl-dc875--chat-API-errors-gracefully-chromium-retry1/trace.zip

    ────────────────────────────────────────────────────────────────────────────────────────────────
]]>
</failure>
<system-out>
<![CDATA[
[[ATTACHMENT|error-handling-Error-Handl-dc875--chat-API-errors-gracefully-chromium/test-failed-1.png]]

[[ATTACHMENT|error-handling-Error-Handl-dc875--chat-API-errors-gracefully-chromium/video.webm]]

[[ATTACHMENT|error-handling-Error-Handl-dc875--chat-API-errors-gracefully-chromium/error-context.md]]

[[ATTACHMENT|error-handling-Error-Handl-dc875--chat-API-errors-gracefully-chromium/trace.zip]]

[[ATTACHMENT|error-handling-Error-Handl-dc875--chat-API-errors-gracefully-chromium-retry1/test-failed-1.png]]

[[ATTACHMENT|error-handling-Error-Handl-dc875--chat-API-errors-gracefully-chromium-retry1/video.webm]]

[[ATTACHMENT|error-handling-Error-Handl-dc875--chat-API-errors-gracefully-chromium-retry1/error-context.md]]

[[ATTACHMENT|error-handling-Error-Handl-dc875--chat-API-errors-gracefully-chromium-retry1/trace.zip]]
]]>
</system-out>
</testcase>
<testcase name="Error Handling › handles network errors" classname="error-handling.spec.ts" time="96.888">
<system-out>
<![CDATA[
[[ATTACHMENT|error-handling-Error-Handling-handles-network-errors-chromium/test-finished-1.png]]

[[ATTACHMENT|error-handling-Error-Handling-handles-network-errors-chromium/video.webm]]

[[ATTACHMENT|error-handling-Error-Handling-handles-network-errors-chromium/trace.zip]]
]]>
</system-out>
</testcase>
<testcase name="Error Handling › handles health check failures" classname="error-handling.spec.ts" time="14.512">
<system-out>
<![CDATA[
[[ATTACHMENT|error-handling-Error-Handling-handles-health-check-failures-chromium/test-finished-1.png]]

[[ATTACHMENT|error-handling-Error-Handling-handles-health-check-failures-chromium/video.webm]]

[[ATTACHMENT|error-handling-Error-Handling-handles-health-check-failures-chromium/trace.zip]]
]]>
</system-out>
</testcase>
<testcase name="Error Handling › handles malformed API responses" classname="error-handling.spec.ts" time="228.813">
<failure message="error-handling.spec.ts:67:7 handles malformed API responses" type="FAILURE">
<![CDATA[  [chromium] › error-handling.spec.ts:67:7 › Error Handling › handles malformed API responses ──────

    Error: expect(locator).toBeEnabled() failed

    Locator:  getByPlaceholder('Ask anything…')
    Expected: enabled
    Received: disabled
    Timeout:  10000ms

    Call log:
      - Expect "toBeEnabled" with timeout 10000ms
      - waiting for getByPlaceholder('Ask anything…')
        13 × locator resolved to <textarea disabled aria-busy="true" aria-describedby="chat-input-hint" placeholder="Ask anything… (Shift+Enter newline • Cmd/Ctrl+Enter send • Esc cancel)" class="flex-1 p-3 sm:p-4 outline-none bg-transparent min-h-[44px] max-h-[20rem] resize-none text-gray-900 dark:text-gray-100 placeholder:text-gray-400 dark:placeholder:text-gray-500 transition-colors duration-150"></textarea>
           - unexpected value "disabled"


      80 |
      81 |     // Should handle parsing error gracefully
    > 82 |     await expect(input).toBeEnabled({ timeout: 10000 });
         |                         ^
      83 |   });
      84 |
      85 |   test('handles slow API responses with timeout', async ({ page }) => {
        at /Users/stephenboyett/Desktop/Github/cannasol-technologies/steves-mom/tests/e2e/error-handling.spec.ts:82:25

    attachment #1: screenshot (image/png) ──────────────────────────────────────────────────────────
    ../test-results/error-handling-Error-Handl-6daee-les-malformed-API-responses-chromium/test-failed-1.png
    ────────────────────────────────────────────────────────────────────────────────────────────────

    attachment #2: video (video/webm) ──────────────────────────────────────────────────────────────
    ../test-results/error-handling-Error-Handl-6daee-les-malformed-API-responses-chromium/video.webm
    ────────────────────────────────────────────────────────────────────────────────────────────────

    Error Context: ../test-results/error-handling-Error-Handl-6daee-les-malformed-API-responses-chromium/error-context.md

    attachment #4: trace (application/zip) ─────────────────────────────────────────────────────────
    ../test-results/error-handling-Error-Handl-6daee-les-malformed-API-responses-chromium/trace.zip
    Usage:

        npx playwright show-trace ../test-results/error-handling-Error-Handl-6daee-les-malformed-API-responses-chromium/trace.zip

    ────────────────────────────────────────────────────────────────────────────────────────────────

    Retry #1 ───────────────────────────────────────────────────────────────────────────────────────

    Error: expect(locator).toBeEnabled() failed

    Locator:  getByPlaceholder('Ask anything…')
    Expected: enabled
    Received: disabled
    Timeout:  10000ms

    Call log:
      - Expect "toBeEnabled" with timeout 10000ms
      - waiting for getByPlaceholder('Ask anything…')
        12 × locator resolved to <textarea disabled aria-busy="true" aria-describedby="chat-input-hint" placeholder="Ask anything… (Shift+Enter newline • Cmd/Ctrl+Enter send • Esc cancel)" class="flex-1 p-3 sm:p-4 outline-none bg-transparent min-h-[44px] max-h-[20rem] resize-none text-gray-900 dark:text-gray-100 placeholder:text-gray-400 dark:placeholder:text-gray-500 transition-colors duration-150"></textarea>
           - unexpected value "disabled"


      80 |
      81 |     // Should handle parsing error gracefully
    > 82 |     await expect(input).toBeEnabled({ timeout: 10000 });
         |                         ^
      83 |   });
      84 |
      85 |   test('handles slow API responses with timeout', async ({ page }) => {
        at /Users/stephenboyett/Desktop/Github/cannasol-technologies/steves-mom/tests/e2e/error-handling.spec.ts:82:25

    Tearing down "context" exceeded the test timeout of 120000ms.

    Error: End of central directory record signature not found. Either not a zip file, or file is truncated.

    attachment #1: screenshot (image/png) ──────────────────────────────────────────────────────────
    ../test-results/error-handling-Error-Handl-6daee-les-malformed-API-responses-chromium-retry1/test-failed-1.png
    ────────────────────────────────────────────────────────────────────────────────────────────────

    Error Context: ../test-results/error-handling-Error-Handl-6daee-les-malformed-API-responses-chromium-retry1/error-context.md
]]>
</failure>
<system-out>
<![CDATA[
[[ATTACHMENT|error-handling-Error-Handl-6daee-les-malformed-API-responses-chromium/test-failed-1.png]]

[[ATTACHMENT|error-handling-Error-Handl-6daee-les-malformed-API-responses-chromium/video.webm]]

[[ATTACHMENT|error-handling-Error-Handl-6daee-les-malformed-API-responses-chromium/error-context.md]]

[[ATTACHMENT|error-handling-Error-Handl-6daee-les-malformed-API-responses-chromium/trace.zip]]

[[ATTACHMENT|error-handling-Error-Handl-6daee-les-malformed-API-responses-chromium-retry1/test-failed-1.png]]

[[ATTACHMENT|error-handling-Error-Handl-6daee-les-malformed-API-responses-chromium-retry1/error-context.md]]
]]>
</system-out>
</testcase>
<testcase name="Error Handling › handles slow API responses with timeout" classname="error-handling.spec.ts" time="86.879">
<system-out>
<![CDATA[
[[ATTACHMENT|error-handling-Error-Handl-7609f--API-responses-with-timeout-chromium/test-finished-1.png]]

[[ATTACHMENT|error-handling-Error-Handl-7609f--API-responses-with-timeout-chromium/video.webm]]

[[ATTACHMENT|error-handling-Error-Handl-7609f--API-responses-with-timeout-chromium/trace.zip]]
]]>
</system-out>
</testcase>
<testcase name="Error Handling › handles WebSocket connection errors" classname="error-handling.spec.ts" time="87.341">
<system-out>
<![CDATA[
[[ATTACHMENT|error-handling-Error-Handl-97ca8-WebSocket-connection-errors-chromium/test-finished-1.png]]

[[ATTACHMENT|error-handling-Error-Handl-97ca8-WebSocket-connection-errors-chromium/video.webm]]

[[ATTACHMENT|error-handling-Error-Handl-97ca8-WebSocket-connection-errors-chromium/trace.zip]]
]]>
</system-out>
</testcase>
<testcase name="Error Handling › shows retry functionality after errors" classname="error-handling.spec.ts" time="5.123">
<failure message="error-handling.spec.ts:132:7 shows retry functionality after errors" type="FAILURE">
<![CDATA[  [chromium] › error-handling.spec.ts:132:7 › Error Handling › shows retry functionality after errors 

    Error: expect.toBeVisible: Error: strict mode violation: getByText(/error/i) resolved to 2 elements:
        1) <span class="font-medium">Live updates error: WebSocket error</span> aka getByText('Live updates error: WebSocket')
        2) <div class="whitespace-pre-wrap leading-relaxed text-gray-800 dark:text-gray-200">{"type":"overlay","data":{"errors":true,"warnings…</div> aka getByText('{"type":"overlay","data":{"')

    Call log:
      - Expect "toBeVisible" with timeout 10000ms
      - waiting for getByText(/error/i)


      156 |
      157 |     // Should show error first
    > 158 |     await expect(page.getByText(/error/i)).toBeVisible({ timeout: 10000 });
          |                                            ^
      159 |
      160 |     // Look for retry button and click it
      161 |     const retryButton = page.getByRole('button', { name: /retry/i });
        at /Users/stephenboyett/Desktop/Github/cannasol-technologies/steves-mom/tests/e2e/error-handling.spec.ts:158:44

    attachment #1: screenshot (image/png) ──────────────────────────────────────────────────────────
    ../test-results/error-handling-Error-Handl-1403c--functionality-after-errors-chromium/test-failed-1.png
    ────────────────────────────────────────────────────────────────────────────────────────────────

    attachment #2: video (video/webm) ──────────────────────────────────────────────────────────────
    ../test-results/error-handling-Error-Handl-1403c--functionality-after-errors-chromium/video.webm
    ────────────────────────────────────────────────────────────────────────────────────────────────

    Error Context: ../test-results/error-handling-Error-Handl-1403c--functionality-after-errors-chromium/error-context.md

    attachment #4: trace (application/zip) ─────────────────────────────────────────────────────────
    ../test-results/error-handling-Error-Handl-1403c--functionality-after-errors-chromium/trace.zip
    Usage:

        npx playwright show-trace ../test-results/error-handling-Error-Handl-1403c--functionality-after-errors-chromium/trace.zip

    ────────────────────────────────────────────────────────────────────────────────────────────────

    Retry #1 ───────────────────────────────────────────────────────────────────────────────────────

    Error: expect.toBeVisible: Error: strict mode violation: getByText(/error/i) resolved to 2 elements:
        1) <span class="font-medium">Live updates error: WebSocket error</span> aka getByText('Live updates error: WebSocket')
        2) <div class="whitespace-pre-wrap leading-relaxed text-gray-800 dark:text-gray-200">{"type":"overlay","data":{"errors":true,"warnings…</div> aka getByText('{"type":"overlay","data":{"')

    Call log:
      - Expect "toBeVisible" with timeout 10000ms
      - waiting for getByText(/error/i)


      156 |
      157 |     // Should show error first
    > 158 |     await expect(page.getByText(/error/i)).toBeVisible({ timeout: 10000 });
          |                                            ^
      159 |
      160 |     // Look for retry button and click it
      161 |     const retryButton = page.getByRole('button', { name: /retry/i });
        at /Users/stephenboyett/Desktop/Github/cannasol-technologies/steves-mom/tests/e2e/error-handling.spec.ts:158:44

    attachment #1: screenshot (image/png) ──────────────────────────────────────────────────────────
    ../test-results/error-handling-Error-Handl-1403c--functionality-after-errors-chromium-retry1/test-failed-1.png
    ────────────────────────────────────────────────────────────────────────────────────────────────

    attachment #2: video (video/webm) ──────────────────────────────────────────────────────────────
    ../test-results/error-handling-Error-Handl-1403c--functionality-after-errors-chromium-retry1/video.webm
    ────────────────────────────────────────────────────────────────────────────────────────────────

    Error Context: ../test-results/error-handling-Error-Handl-1403c--functionality-after-errors-chromium-retry1/error-context.md

    attachment #4: trace (application/zip) ─────────────────────────────────────────────────────────
    ../test-results/error-handling-Error-Handl-1403c--functionality-after-errors-chromium-retry1/trace.zip
    Usage:

        npx playwright show-trace ../test-results/error-handling-Error-Handl-1403c--functionality-after-errors-chromium-retry1/trace.zip

    ────────────────────────────────────────────────────────────────────────────────────────────────
]]>
</failure>
<system-out>
<![CDATA[
[[ATTACHMENT|error-handling-Error-Handl-1403c--functionality-after-errors-chromium/test-failed-1.png]]

[[ATTACHMENT|error-handling-Error-Handl-1403c--functionality-after-errors-chromium/video.webm]]

[[ATTACHMENT|error-handling-Error-Handl-1403c--functionality-after-errors-chromium/error-context.md]]

[[ATTACHMENT|error-handling-Error-Handl-1403c--functionality-after-errors-chromium/trace.zip]]

[[ATTACHMENT|error-handling-Error-Handl-1403c--functionality-after-errors-chromium-retry1/test-failed-1.png]]

[[ATTACHMENT|error-handling-Error-Handl-1403c--functionality-after-errors-chromium-retry1/video.webm]]

[[ATTACHMENT|error-handling-Error-Handl-1403c--functionality-after-errors-chromium-retry1/error-context.md]]

[[ATTACHMENT|error-handling-Error-Handl-1403c--functionality-after-errors-chromium-retry1/trace.zip]]
]]>
</system-out>
</testcase>
<testcase name="Error Handling › handles empty or invalid input gracefully" classname="error-handling.spec.ts" time="1.401">
<system-out>
<![CDATA[
[[ATTACHMENT|error-handling-Error-Handl-fb169-or-invalid-input-gracefully-chromium/test-finished-1.png]]

[[ATTACHMENT|error-handling-Error-Handl-fb169-or-invalid-input-gracefully-chromium/video.webm]]

[[ATTACHMENT|error-handling-Error-Handl-fb169-or-invalid-input-gracefully-chromium/trace.zip]]
]]>
</system-out>
</testcase>
<testcase name="Error Handling › handles browser back/forward navigation errors" classname="error-handling.spec.ts" time="2.734">
<system-out>
<![CDATA[
[[ATTACHMENT|error-handling-Error-Handl-0b102-k-forward-navigation-errors-chromium/test-finished-1.png]]

[[ATTACHMENT|error-handling-Error-Handl-0b102-k-forward-navigation-errors-chromium/video.webm]]

[[ATTACHMENT|error-handling-Error-Handl-0b102-k-forward-navigation-errors-chromium/trace.zip]]
]]>
</system-out>
</testcase>
</testsuite>
<testsuite name="model-selection.spec.ts" timestamp="2025-09-04T15:29:25.187Z" hostname="chromium" tests="7" failures="3" skipped="0" time="709.191" errors="0">
<testcase name="Model Selection › displays model selector with default options" classname="model-selection.spec.ts" time="177.248">
<failure message="model-selection.spec.ts:27:7 displays model selector with default options" type="FAILURE">
<![CDATA[  [chromium] › model-selection.spec.ts:27:7 › Model Selection › displays model selector with default options 

    Error: expect(locator).toBeVisible() failed

    Locator:  getByRole('option', { name: /grok-3-mini \(proxy\)/i })
    Expected: visible
    Received: hidden
    Timeout:  10000ms

    Call log:
      - Expect "toBeVisible" with timeout 10000ms
      - waiting for getByRole('option', { name: /grok-3-mini \(proxy\)/i })
        13 × locator resolved to <option value="grok-3-mini (proxy)">grok-3-mini (proxy)</option>
           - unexpected value "hidden"


      32 |     // Check default options are available
      33 |     await modelSelector.click();
    > 34 |     await expect(page.getByRole('option', { name: /grok-3-mini \(proxy\)/i })).toBeVisible();
         |                                                                                ^
      35 |     await expect(page.getByRole('option', { name: /gpt-4o-mini \(AOAI\)/i })).toBeVisible();
      36 |     await expect(page.getByRole('option', { name: /local \(llama3\.1:8b\)/i })).toBeVisible();
      37 |   });
        at /Users/stephenboyett/Desktop/Github/cannasol-technologies/steves-mom/tests/e2e/model-selection.spec.ts:34:80

    Tearing down "context" exceeded the test timeout of 120000ms.

    Error: browserContext.close: Target page, context or browser has been closed

    attachment #1: screenshot (image/png) ──────────────────────────────────────────────────────────
    ../test-results/model-selection-Model-Sele-135c8-lector-with-default-options-chromium/test-failed-1.png
    ────────────────────────────────────────────────────────────────────────────────────────────────

    Error Context: ../test-results/model-selection-Model-Sele-135c8-lector-with-default-options-chromium/error-context.md

    attachment #3: trace (application/zip) ─────────────────────────────────────────────────────────
    ../test-results/model-selection-Model-Sele-135c8-lector-with-default-options-chromium/trace.zip
    Usage:

        npx playwright show-trace ../test-results/model-selection-Model-Sele-135c8-lector-with-default-options-chromium/trace.zip

    ────────────────────────────────────────────────────────────────────────────────────────────────

    Retry #1 ───────────────────────────────────────────────────────────────────────────────────────

    Error: expect(locator).toBeVisible() failed

    Locator:  getByRole('option', { name: /grok-3-mini \(proxy\)/i })
    Expected: visible
    Received: hidden
    Timeout:  10000ms

    Call log:
      - Expect "toBeVisible" with timeout 10000ms
      - waiting for getByRole('option', { name: /grok-3-mini \(proxy\)/i })
        13 × locator resolved to <option value="grok-3-mini (proxy)">grok-3-mini (proxy)</option>
           - unexpected value "hidden"


      32 |     // Check default options are available
      33 |     await modelSelector.click();
    > 34 |     await expect(page.getByRole('option', { name: /grok-3-mini \(proxy\)/i })).toBeVisible();
         |                                                                                ^
      35 |     await expect(page.getByRole('option', { name: /gpt-4o-mini \(AOAI\)/i })).toBeVisible();
      36 |     await expect(page.getByRole('option', { name: /local \(llama3\.1:8b\)/i })).toBeVisible();
      37 |   });
        at /Users/stephenboyett/Desktop/Github/cannasol-technologies/steves-mom/tests/e2e/model-selection.spec.ts:34:80

    attachment #1: screenshot (image/png) ──────────────────────────────────────────────────────────
    ../test-results/model-selection-Model-Sele-135c8-lector-with-default-options-chromium-retry1/test-failed-1.png
    ────────────────────────────────────────────────────────────────────────────────────────────────

    attachment #2: video (video/webm) ──────────────────────────────────────────────────────────────
    ../test-results/model-selection-Model-Sele-135c8-lector-with-default-options-chromium-retry1/video.webm
    ────────────────────────────────────────────────────────────────────────────────────────────────

    Error Context: ../test-results/model-selection-Model-Sele-135c8-lector-with-default-options-chromium-retry1/error-context.md

    attachment #4: trace (application/zip) ─────────────────────────────────────────────────────────
    ../test-results/model-selection-Model-Sele-135c8-lector-with-default-options-chromium-retry1/trace.zip
    Usage:

        npx playwright show-trace ../test-results/model-selection-Model-Sele-135c8-lector-with-default-options-chromium-retry1/trace.zip

    ────────────────────────────────────────────────────────────────────────────────────────────────
]]>
</failure>
<system-out>
<![CDATA[
[[ATTACHMENT|model-selection-Model-Sele-135c8-lector-with-default-options-chromium/test-failed-1.png]]

[[ATTACHMENT|model-selection-Model-Sele-135c8-lector-with-default-options-chromium/error-context.md]]

[[ATTACHMENT|model-selection-Model-Sele-135c8-lector-with-default-options-chromium/trace.zip]]

[[ATTACHMENT|model-selection-Model-Sele-135c8-lector-with-default-options-chromium-retry1/test-failed-1.png]]

[[ATTACHMENT|model-selection-Model-Sele-135c8-lector-with-default-options-chromium-retry1/video.webm]]

[[ATTACHMENT|model-selection-Model-Sele-135c8-lector-with-default-options-chromium-retry1/error-context.md]]

[[ATTACHMENT|model-selection-Model-Sele-135c8-lector-with-default-options-chromium-retry1/trace.zip]]
]]>
</system-out>
</testcase>
<testcase name="Model Selection › changes model selection" classname="model-selection.spec.ts" time="5.903">
<system-out>
<![CDATA[
[[ATTACHMENT|model-selection-Model-Selection-changes-model-selection-chromium/test-finished-1.png]]

[[ATTACHMENT|model-selection-Model-Selection-changes-model-selection-chromium/video.webm]]

[[ATTACHMENT|model-selection-Model-Selection-changes-model-selection-chromium/trace.zip]]
]]>
</system-out>
</testcase>
<testcase name="Model Selection › model selection persists during chat session" classname="model-selection.spec.ts" time="177.285">
<system-out>
<![CDATA[
[[ATTACHMENT|model-selection-Model-Sele-27ee8-ersists-during-chat-session-chromium/test-finished-1.png]]

[[ATTACHMENT|model-selection-Model-Sele-27ee8-ersists-during-chat-session-chromium/trace.zip]]

[[ATTACHMENT|model-selection-Model-Sele-27ee8-ersists-during-chat-session-chromium-retry1/test-finished-1.png]]

[[ATTACHMENT|model-selection-Model-Sele-27ee8-ersists-during-chat-session-chromium-retry1/video.webm]]

[[ATTACHMENT|model-selection-Model-Sele-27ee8-ersists-during-chat-session-chromium-retry1/trace.zip]]
]]>
</system-out>
</testcase>
<testcase name="Model Selection › model selector is accessible" classname="model-selection.spec.ts" time="6.501">
<system-out>
<![CDATA[
[[ATTACHMENT|model-selection-Model-Selection-model-selector-is-accessible-chromium/test-finished-1.png]]

[[ATTACHMENT|model-selection-Model-Selection-model-selector-is-accessible-chromium/video.webm]]

[[ATTACHMENT|model-selection-Model-Selection-model-selector-is-accessible-chromium/trace.zip]]
]]>
</system-out>
</testcase>
<testcase name="Model Selection › model selector visual styling" classname="model-selection.spec.ts" time="168.678">
<failure message="model-selection.spec.ts:88:7 model selector visual styling" type="FAILURE">
<![CDATA[  [chromium] › model-selection.spec.ts:88:7 › Model Selection › model selector visual styling ──────

    Error: expect(locator).toBeVisible() failed

    Locator:  locator('span').filter({ hasText: 'AI' }).first()
    Expected: visible
    Received: hidden
    Timeout:  10000ms

    Call log:
      - Expect "toBeVisible" with timeout 10000ms
      - waiting for locator('span').filter({ hasText: 'AI' }).first()
        10 × locator resolved to <span class="sr-only">Open main menu</span>
           - unexpected value "hidden"


      93 |     // Should have AI icon
      94 |     const aiIcon = page.locator('span').filter({ hasText: 'AI' }).first();
    > 95 |     await expect(aiIcon).toBeVisible();
         |                          ^
      96 |     
      97 |     // Should have chevron icon
      98 |     const chevron = page.locator('svg[viewBox="0 0 20 20"]');
        at /Users/stephenboyett/Desktop/Github/cannasol-technologies/steves-mom/tests/e2e/model-selection.spec.ts:95:26

    Tearing down "context" exceeded the test timeout of 120000ms.

    Error: browserContext.close: Target page, context or browser has been closed

    attachment #1: screenshot (image/png) ──────────────────────────────────────────────────────────
    ../test-results/model-selection-Model-Sele-0ee8a-del-selector-visual-styling-chromium/test-failed-1.png
    ────────────────────────────────────────────────────────────────────────────────────────────────

    Error Context: ../test-results/model-selection-Model-Sele-0ee8a-del-selector-visual-styling-chromium/error-context.md

    attachment #3: trace (application/zip) ─────────────────────────────────────────────────────────
    ../test-results/model-selection-Model-Sele-0ee8a-del-selector-visual-styling-chromium/trace.zip
    Usage:

        npx playwright show-trace ../test-results/model-selection-Model-Sele-0ee8a-del-selector-visual-styling-chromium/trace.zip

    ────────────────────────────────────────────────────────────────────────────────────────────────

    Retry #1 ───────────────────────────────────────────────────────────────────────────────────────

    Error: expect(locator).toBeVisible() failed

    Locator:  locator('span').filter({ hasText: 'AI' }).first()
    Expected: visible
    Received: hidden
    Timeout:  10000ms

    Call log:
      - Expect "toBeVisible" with timeout 10000ms
      - waiting for locator('span').filter({ hasText: 'AI' }).first()
        12 × locator resolved to <span class="sr-only">Open main menu</span>
           - unexpected value "hidden"


      93 |     // Should have AI icon
      94 |     const aiIcon = page.locator('span').filter({ hasText: 'AI' }).first();
    > 95 |     await expect(aiIcon).toBeVisible();
         |                          ^
      96 |     
      97 |     // Should have chevron icon
      98 |     const chevron = page.locator('svg[viewBox="0 0 20 20"]');
        at /Users/stephenboyett/Desktop/Github/cannasol-technologies/steves-mom/tests/e2e/model-selection.spec.ts:95:26

    attachment #1: screenshot (image/png) ──────────────────────────────────────────────────────────
    ../test-results/model-selection-Model-Sele-0ee8a-del-selector-visual-styling-chromium-retry1/test-failed-1.png
    ────────────────────────────────────────────────────────────────────────────────────────────────

    attachment #2: video (video/webm) ──────────────────────────────────────────────────────────────
    ../test-results/model-selection-Model-Sele-0ee8a-del-selector-visual-styling-chromium-retry1/video.webm
    ────────────────────────────────────────────────────────────────────────────────────────────────

    Error Context: ../test-results/model-selection-Model-Sele-0ee8a-del-selector-visual-styling-chromium-retry1/error-context.md

    attachment #4: trace (application/zip) ─────────────────────────────────────────────────────────
    ../test-results/model-selection-Model-Sele-0ee8a-del-selector-visual-styling-chromium-retry1/trace.zip
    Usage:

        npx playwright show-trace ../test-results/model-selection-Model-Sele-0ee8a-del-selector-visual-styling-chromium-retry1/trace.zip

    ────────────────────────────────────────────────────────────────────────────────────────────────
]]>
</failure>
<system-out>
<![CDATA[
[[ATTACHMENT|model-selection-Model-Sele-0ee8a-del-selector-visual-styling-chromium/test-failed-1.png]]

[[ATTACHMENT|model-selection-Model-Sele-0ee8a-del-selector-visual-styling-chromium/error-context.md]]

[[ATTACHMENT|model-selection-Model-Sele-0ee8a-del-selector-visual-styling-chromium/trace.zip]]

[[ATTACHMENT|model-selection-Model-Sele-0ee8a-del-selector-visual-styling-chromium-retry1/test-failed-1.png]]

[[ATTACHMENT|model-selection-Model-Sele-0ee8a-del-selector-visual-styling-chromium-retry1/video.webm]]

[...]
]]>
</failure>
<system-out>
<![CDATA[
[[ATTACHMENT|tasks-Task-Analytics-Page-displays-correct-analytics-data-chromium/test-failed-1.png]]

[[ATTACHMENT|tasks-Task-Analytics-Page-displays-correct-analytics-data-chromium/video.webm]]

[[ATTACHMENT|tasks-Task-Analytics-Page-displays-correct-analytics-data-chromium/error-context.md]]

[[ATTACHMENT|tasks-Task-Analytics-Page-displays-correct-analytics-data-chromium/trace.zip]]

[[ATTACHMENT|tasks-Task-Analytics-Page-displays-correct-analytics-data-chromium-retry1/test-failed-1.png]]

[[ATTACHMENT|tasks-Task-Analytics-Page-displays-correct-analytics-data-chromium-retry1/video.webm]]

[[ATTACHMENT|tasks-Task-Analytics-Page-displays-correct-analytics-data-chromium-retry1/error-context.md]]

[[ATTACHMENT|tasks-Task-Analytics-Page-displays-correct-analytics-data-chromium-retry1/trace.zip]]
]]>
</system-out>
</testcase>
<testcase name="Task Analytics Page › analytics page is responsive" classname="tasks.spec.ts" time="22.322">
<failure message="tasks.spec.ts:70:7 analytics page is responsive" type="FAILURE">
<![CDATA[  [chromium] › tasks.spec.ts:70:7 › Task Analytics Page › analytics page is responsive ─────────────

    Error: expect(locator).toBeVisible() failed

    Locator:  getByRole('heading', { name: /Task Analytics/i })
    Expected: visible
    Received: <element(s) not found>
    Timeout:  10000ms

    Call log:
      - Expect "toBeVisible" with timeout 10000ms
      - waiting for getByRole('heading', { name: /Task Analytics/i })


      72 |     
      73 |     // Wait for content to load
    > 74 |     await expect(page.getByRole('heading', { name: /Task Analytics/i })).toBeVisible();
         |                                                                          ^
      75 |     
      76 |     // Test different viewport sizes
      77 |     await page.setViewportSize({ width: 1200, height: 800 });
        at /Users/stephenboyett/Desktop/Github/cannasol-technologies/steves-mom/tests/e2e/tasks.spec.ts:74:74

    attachment #1: screenshot (image/png) ──────────────────────────────────────────────────────────
    ../test-results/tasks-Task-Analytics-Page-analytics-page-is-responsive-chromium/test-failed-1.png
    ────────────────────────────────────────────────────────────────────────────────────────────────

    attachment #2: video (video/webm) ──────────────────────────────────────────────────────────────
    ../test-results/tasks-Task-Analytics-Page-analytics-page-is-responsive-chromium/video.webm
    ────────────────────────────────────────────────────────────────────────────────────────────────

    Error Context: ../test-results/tasks-Task-Analytics-Page-analytics-page-is-responsive-chromium/error-context.md

    attachment #4: trace (application/zip) ─────────────────────────────────────────────────────────
    ../test-results/tasks-Task-Analytics-Page-analytics-page-is-responsive-chromium/trace.zip
    Usage:

        npx playwright show-trace ../test-results/tasks-Task-Analytics-Page-analytics-page-is-responsive-chromium/trace.zip

    ────────────────────────────────────────────────────────────────────────────────────────────────

    Retry #1 ───────────────────────────────────────────────────────────────────────────────────────

    Error: expect(locator).toBeVisible() failed

    Locator:  getByRole('heading', { name: /Task Analytics/i })
    Expected: visible
    Received: <element(s) not found>
    Timeout:  10000ms

    Call log:
      - Expect "toBeVisible" with timeout 10000ms
      - waiting for getByRole('heading', { name: /Task Analytics/i })


      72 |     
      73 |     // Wait for content to load
    > 74 |     await expect(page.getByRole('heading', { name: /Task Analytics/i })).toBeVisible();
         |                                                                          ^
      75 |     
      76 |     // Test different viewport sizes
      77 |     await page.setViewportSize({ width: 1200, height: 800 });
        at /Users/stephenboyett/Desktop/Github/cannasol-technologies/steves-mom/tests/e2e/tasks.spec.ts:74:74

    attachment #1: screenshot (image/png) ──────────────────────────────────────────────────────────
    ../test-results/tasks-Task-Analytics-Page-analytics-page-is-responsive-chromium-retry1/test-failed-1.png
    ────────────────────────────────────────────────────────────────────────────────────────────────

    attachment #2: video (video/webm) ──────────────────────────────────────────────────────────────
    ../test-results/tasks-Task-Analytics-Page-analytics-page-is-responsive-chromium-retry1/video.webm
    ────────────────────────────────────────────────────────────────────────────────────────────────

    Error Context: ../test-results/tasks-Task-Analytics-Page-analytics-page-is-responsive-chromium-retry1/error-context.md

    attachment #4: trace (application/zip) ─────────────────────────────────────────────────────────
    ../test-results/tasks-Task-Analytics-Page-analytics-page-is-responsive-chromium-retry1/trace.zip
    Usage:

        npx playwright show-trace ../test-results/tasks-Task-Analytics-Page-analytics-page-is-responsive-chromium-retry1/trace.zip

    ────────────────────────────────────────────────────────────────────────────────────────────────
]]>
</failure>
<system-out>
<![CDATA[
[[ATTACHMENT|tasks-Task-Analytics-Page-analytics-page-is-responsive-chromium/test-failed-1.png]]

[[ATTACHMENT|tasks-Task-Analytics-Page-analytics-page-is-responsive-chromium/video.webm]]

[[ATTACHMENT|tasks-Task-Analytics-Page-analytics-page-is-responsive-chromium/error-context.md]]

[[ATTACHMENT|tasks-Task-Analytics-Page-analytics-page-is-responsive-chromium/trace.zip]]

[[ATTACHMENT|tasks-Task-Analytics-Page-analytics-page-is-responsive-chromium-retry1/test-failed-1.png]]

[[ATTACHMENT|tasks-Task-Analytics-Page-analytics-page-is-responsive-chromium-retry1/video.webm]]

[[ATTACHMENT|tasks-Task-Analytics-Page-analytics-page-is-responsive-chromium-retry1/error-context.md]]

[[ATTACHMENT|tasks-Task-Analytics-Page-analytics-page-is-responsive-chromium-retry1/trace.zip]]
]]>
</system-out>
</testcase>
<testcase name="Task Analytics Page › refreshes data when navigating back to page" classname="tasks.spec.ts" time="26.477">
<failure message="tasks.spec.ts:87:7 refreshes data when navigating back to page" type="FAILURE">
<![CDATA[  [chromium] › tasks.spec.ts:87:7 › Task Analytics Page › refreshes data when navigating back to page 

    Error: expect(locator).toBeVisible() failed

    Locator:  getByText('101')
    Expected: visible
    Received: <element(s) not found>
    Timeout:  10000ms

    Call log:
      - Expect "toBeVisible" with timeout 10000ms
      - waiting for getByText('101')


      105 |     // First visit
      106 |     await page.goto('/tasks');
    > 107 |     await expect(page.getByText('101')).toBeVisible(); // 100 + 1 from first request
          |                                         ^
      108 |     
      109 |     // Navigate away
      110 |     await page.goto('/chat');
        at /Users/stephenboyett/Desktop/Github/cannasol-technologies/steves-mom/tests/e2e/tasks.spec.ts:107:41

    attachment #1: screenshot (image/png) ──────────────────────────────────────────────────────────
    ../test-results/tasks-Task-Analytics-Page--faa70-hen-navigating-back-to-page-chromium/test-failed-1.png
    ────────────────────────────────────────────────────────────────────────────────────────────────

    attachment #2: video (video/webm) ──────────────────────────────────────────────────────────────
    ../test-results/tasks-Task-Analytics-Page--faa70-hen-navigating-back-to-page-chromium/video.webm
    ────────────────────────────────────────────────────────────────────────────────────────────────

    Error Context: ../test-results/tasks-Task-Analytics-Page--faa70-hen-navigating-back-to-page-chromium/error-context.md

    attachment #4: trace (application/zip) ─────────────────────────────────────────────────────────
    ../test-results/tasks-Task-Analytics-Page--faa70-hen-navigating-back-to-page-chromium/trace.zip
    Usage:

        npx playwright show-trace ../test-results/tasks-Task-Analytics-Page--faa70-hen-navigating-back-to-page-chromium/trace.zip

    ────────────────────────────────────────────────────────────────────────────────────────────────

    Retry #1 ───────────────────────────────────────────────────────────────────────────────────────

    Error: expect(locator).toBeVisible() failed

    Locator:  getByText('101')
    Expected: visible
    Received: <element(s) not found>
    Timeout:  10000ms

    Call log:
      - Expect "toBeVisible" with timeout 10000ms
      - waiting for getByText('101')


      105 |     // First visit
      106 |     await page.goto('/tasks');
    > 107 |     await expect(page.getByText('101')).toBeVisible(); // 100 + 1 from first request
          |                                         ^
      108 |     
      109 |     // Navigate away
      110 |     await page.goto('/chat');
        at /Users/stephenboyett/Desktop/Github/cannasol-technologies/steves-mom/tests/e2e/tasks.spec.ts:107:41

    attachment #1: screenshot (image/png) ──────────────────────────────────────────────────────────
    ../test-results/tasks-Task-Analytics-Page--faa70-hen-navigating-back-to-page-chromium-retry1/test-failed-1.png
    ────────────────────────────────────────────────────────────────────────────────────────────────

    attachment #2: video (video/webm) ──────────────────────────────────────────────────────────────
    ../test-results/tasks-Task-Analytics-Page--faa70-hen-navigating-back-to-page-chromium-retry1/video.webm
    ────────────────────────────────────────────────────────────────────────────────────────────────

    Error Context: ../test-results/tasks-Task-Analytics-Page--faa70-hen-navigating-back-to-page-chromium-retry1/error-context.md

    attachment #4: trace (application/zip) ─────────────────────────────────────────────────────────
    ../test-results/tasks-Task-Analytics-Page--faa70-hen-navigating-back-to-page-chromium-retry1/trace.zip
    Usage:

        npx playwright show-trace ../test-results/tasks-Task-Analytics-Page--faa70-hen-navigating-back-to-page-chromium-retry1/trace.zip

    ────────────────────────────────────────────────────────────────────────────────────────────────
]]>
</failure>
<system-out>
<![CDATA[
[[ATTACHMENT|tasks-Task-Analytics-Page--faa70-hen-navigating-back-to-page-chromium/test-failed-1.png]]

[[ATTACHMENT|tasks-Task-Analytics-Page--faa70-hen-navigating-back-to-page-chromium/video.webm]]

[[ATTACHMENT|tasks-Task-Analytics-Page--faa70-hen-navigating-back-to-page-chromium/error-context.md]]

[[ATTACHMENT|tasks-Task-Analytics-Page--faa70-hen-navigating-back-to-page-chromium/trace.zip]]

[[ATTACHMENT|tasks-Task-Analytics-Page--faa70-hen-navigating-back-to-page-chromium-retry1/test-failed-1.png]]

[[ATTACHMENT|tasks-Task-Analytics-Page--faa70-hen-navigating-back-to-page-chromium-retry1/video.webm]]

[[ATTACHMENT|tasks-Task-Analytics-Page--faa70-hen-navigating-back-to-page-chromium-retry1/error-context.md]]

[[ATTACHMENT|tasks-Task-Analytics-Page--faa70-hen-navigating-back-to-page-chromium-retry1/trace.zip]]
]]>
</system-out>
</testcase>
</testsuite>
<testsuite name="theme.spec.ts" timestamp="2025-09-04T15:29:25.187Z" hostname="chromium" tests="6" failures="1" skipped="0" time="55.847" errors="0">
<testcase name="Theme Switching › toggles between light and dark themes" classname="theme.spec.ts" time="2.022">
<system-out>
<![CDATA[
[[ATTACHMENT|theme-Theme-Switching-toggles-between-light-and-dark-themes-chromium/test-finished-1.png]]

[[ATTACHMENT|theme-Theme-Switching-toggles-between-light-and-dark-themes-chromium/video.webm]]

[[ATTACHMENT|theme-Theme-Switching-toggles-between-light-and-dark-themes-chromium/trace.zip]]
]]>
</system-out>
</testcase>
<testcase name="Theme Switching › persists theme preference in localStorage" classname="theme.spec.ts" time="1.332">
<system-out>
<![CDATA[
[[ATTACHMENT|theme-Theme-Switching-pers-d2538--preference-in-localStorage-chromium/test-finished-1.png]]

[[ATTACHMENT|theme-Theme-Switching-pers-d2538--preference-in-localStorage-chromium/video.webm]]

[[ATTACHMENT|theme-Theme-Switching-pers-d2538--preference-in-localStorage-chromium/trace.zip]]
]]>
</system-out>
</testcase>
<testcase name="Theme Switching › theme persists across page navigation" classname="theme.spec.ts" time="34.114">
<failure message="theme.spec.ts:49:7 theme persists across page navigation" type="FAILURE">
<![CDATA[  [chromium] › theme.spec.ts:49:7 › Theme Switching › theme persists across page navigation ────────

    Error: expect(page).toHaveURL(expected) failed

    Expected string: "http://localhost:6969/chat"
    Received string: "http://localhost:6969/"
    Timeout: 10000ms

    Call log:
      - Expect "toHaveURL" with timeout 10000ms
        13 × unexpected value "http://localhost:6969/"


      67 |     // Navigate back to chat
      68 |     await page.getByRole('link', { name: /Chat/i }).first().click();
    > 69 |     await expect(page).toHaveURL('/chat');
         |                        ^
      70 |     await expect(html).toHaveClass(/light/);
      71 |   });
      72 |
        at /Users/stephenboyett/Desktop/Github/cannasol-technologies/steves-mom/tests/e2e/theme.spec.ts:69:24

    attachment #1: screenshot (image/png) ──────────────────────────────────────────────────────────
    ../test-results/theme-Theme-Switching-theme-persists-across-page-navigation-chromium/test-failed-1.png
    ────────────────────────────────────────────────────────────────────────────────────────────────

    attachment #2: video (video/webm) ──────────────────────────────────────────────────────────────
    ../test-results/theme-Theme-Switching-theme-persists-across-page-navigation-chromium/video.webm
    ────────────────────────────────────────────────────────────────────────────────────────────────

    Error Context: ../test-results/theme-Theme-Switching-theme-persists-across-page-navigation-chromium/error-context.md

    attachment #4: trace (application/zip) ─────────────────────────────────────────────────────────
    ../test-results/theme-Theme-Switching-theme-persists-across-page-navigation-chromium/trace.zip
    Usage:

        npx playwright show-trace ../test-results/theme-Theme-Switching-theme-persists-across-page-navigation-chromium/trace.zip

    ────────────────────────────────────────────────────────────────────────────────────────────────

    Retry #1 ───────────────────────────────────────────────────────────────────────────────────────

    Error: expect(page).toHaveURL(expected) failed

    Expected string: "http://localhost:6969/chat"
    Received string: "http://localhost:6969/"
    Timeout: 10000ms

    Call log:
      - Expect "toHaveURL" with timeout 10000ms
        13 × unexpected value "http://localhost:6969/"


      67 |     // Navigate back to chat
      68 |     await page.getByRole('link', { name: /Chat/i }).first().click();
    > 69 |     await expect(page).toHaveURL('/chat');
         |                        ^
      70 |     await expect(html).toHaveClass(/light/);
      71 |   });
      72 |
        at /Users/stephenboyett/Desktop/Github/cannasol-technologies/steves-mom/tests/e2e/theme.spec.ts:69:24

    attachment #1: screenshot (image/png) ──────────────────────────────────────────────────────────
    ../test-results/theme-Theme-Switching-theme-persists-across-page-navigation-chromium-retry1/test-failed-1.png
    ────────────────────────────────────────────────────────────────────────────────────────────────

    attachment #2: video (video/webm) ──────────────────────────────────────────────────────────────
    ../test-results/theme-Theme-Switching-theme-persists-across-page-navigation-chromium-retry1/video.webm
    ────────────────────────────────────────────────────────────────────────────────────────────────

    Error Context: ../test-results/theme-Theme-Switching-theme-persists-across-page-navigation-chromium-retry1/error-context.md

    attachment #4: trace (application/zip) ─────────────────────────────────────────────────────────
    ../test-results/theme-Theme-Switching-theme-persists-across-page-navigation-chromium-retry1/trace.zip
    Usage:

        npx playwright show-trace ../test-results/theme-Theme-Switching-theme-persists-across-page-navigation-chromium-retry1/trace.zip

    ────────────────────────────────────────────────────────────────────────────────────────────────
]]>
</failure>
<system-out>
<![CDATA[
[[ATTACHMENT|theme-Theme-Switching-theme-persists-across-page-navigation-chromium/test-failed-1.png]]

[[ATTACHMENT|theme-Theme-Switching-theme-persists-across-page-navigation-chromium/video.webm]]

[[ATTACHMENT|theme-Theme-Switching-theme-persists-across-page-navigation-chromium/error-context.md]]

[[ATTACHMENT|theme-Theme-Switching-theme-persists-across-page-navigation-chromium/trace.zip]]

[[ATTACHMENT|theme-Theme-Switching-theme-persists-across-page-navigation-chromium-retry1/test-failed-1.png]]

[[ATTACHMENT|theme-Theme-Switching-theme-persists-across-page-navigation-chromium-retry1/video.webm]]

[[ATTACHMENT|theme-Theme-Switching-theme-persists-across-page-navigation-chromium-retry1/error-context.md]]

[[ATTACHMENT|theme-Theme-Switching-theme-persists-across-page-navigation-chromium-retry1/trace.zip]]
]]>
</system-out>
</testcase>
<testcase name="Theme Switching › theme affects visual appearance" classname="theme.spec.ts" time="2.578">
<system-out>
<![CDATA[
[[ATTACHMENT|theme-Theme-Switching-theme-affects-visual-appearance-chromium/test-finished-1.png]]

[[ATTACHMENT|theme-Theme-Switching-theme-affects-visual-appearance-chromium/video.webm]]

[[ATTACHMENT|theme-Theme-Switching-theme-affects-visual-appearance-chromium/trace.zip]]
]]>
</system-out>
</testcase>
<testcase name="Theme Switching › theme toggle is accessible" classname="theme.spec.ts" time="8.038">
<system-out>
<![CDATA[
[[ATTACHMENT|theme-Theme-Switching-theme-toggle-is-accessible-chromium/test-finished-1.png]]

[[ATTACHMENT|theme-Theme-Switching-theme-toggle-is-accessible-chromium/video.webm]]

[[ATTACHMENT|theme-Theme-Switching-theme-toggle-is-accessible-chromium/trace.zip]]
]]>
</system-out>
</testcase>
<testcase name="Theme Switching › handles localStorage errors gracefully" classname="theme.spec.ts" time="7.763">
<system-out>
<![CDATA[
[[ATTACHMENT|theme-Theme-Switching-handles-localStorage-errors-gracefully-chromium/test-finished-1.png]]

[[ATTACHMENT|theme-Theme-Switching-handles-localStorage-errors-gracefully-chromium/video.webm]]

[[ATTACHMENT|theme-Theme-Switching-handles-localStorage-errors-gracefully-chromium/trace.zip]]
]]>
</system-out>
</testcase>
</testsuite>
<testsuite name="user-journey.spec.ts" timestamp="2025-09-04T15:29:25.187Z" hostname="chromium" tests="2" failures="0" skipped="0" time="63.324" errors="0">
<testcase name="Complete User Journey › complete user workflow from landing to task completion" classname="user-journey.spec.ts" time="45.076">
<system-out>
<![CDATA[
[[ATTACHMENT|user-journey-Complete-User-1707e--landing-to-task-completion-chromium/test-finished-1.png]]

[[ATTACHMENT|user-journey-Complete-User-1707e--landing-to-task-completion-chromium/video.webm]]

[[ATTACHMENT|user-journey-Complete-User-1707e--landing-to-task-completion-chromium/trace.zip]]
]]>
</system-out>
</testcase>
<testcase name="Complete User Journey › handles complete workflow with WebSocket updates" classname="user-journey.spec.ts" time="18.248">
<system-out>
<![CDATA[
[[ATTACHMENT|user-journey-Complete-User-9fc5e-flow-with-WebSocket-updates-chromium/test-finished-1.png]]

[[ATTACHMENT|user-journey-Complete-User-9fc5e-flow-with-WebSocket-updates-chromium/video.webm]]

[[ATTACHMENT|user-journey-Complete-User-9fc5e-flow-with-WebSocket-updates-chromium/trace.zip]]
]]>
</system-out>
</testcase>
</testsuite>
</testsuites>